DJANGO_ENV None
DJANGO_ENV development
DJANGO_SETTINGS_MODULE django_Admin3.settings.development
DJANGO_ENV FILE /Users/work/Documents/Code/Admin3/backend/django_Admin3/.env.development
Loading environment from: /Users/work/Documents/Code/Admin3/backend/django_Admin3/.env.development
Rows in test table: [(1, 'Test1'), (2, 'Test1'), (3, 'Test1'), (4, 'Test1'), (5, 'Test1'), (6, 'Test1'), (7, 'Test1'), (8, 'Test1'), (9, 'Test1'), (10, 'Test1'), (11, 'Test1'), (12, 'Test1'), (13, 'Test1'), (14, 'Test1'), (15, 'Test1'), (16, 'Test1'), (17, 'Test1'), (18, 'Test1'), (19, 'Test1'), (20, 'Test1'), (21, 'Test1'), (22, 'Test1'), (23, 'Test1'), (24, 'Test1'), (25, 'Test1'), (26, 'Test1'), (27, 'Test1'), (28, 'Test1'), (29, 'Test1'), (30, 'Test1'), (31, 'Test1'), (32, 'Test1'), (33, 'Test1'), (34, 'Test1'), (35, 'Test1'), (36, 'Test1'), (37, 'Test1'), (38, 'Test1'), (39, 'Test1'), (40, 'Test1'), (41, 'Test1'), (42, 'Test1'), (43, 'Test1'), (44, 'Test1'), (45, 'Test1'), (46, 'Test1'), (47, 'Test1'), (48, 'Test1'), (49, 'Test1'), (50, 'Test1'), (51, 'Test1'), (52, 'Test1'), (53, 'Test1'), (54, 'Test1'), (55, 'Test1'), (56, 'Test1'), (57, 'Test1'), (58, 'Test1'), (59, 'Test1'), (60, 'Test1'), (61, 'Test1'), (62, 'Test1'), (63, 'Test1'), (64, 'Test1'), (65, 'Test1'), (66, 'Test1'), (67, 'Test1'), (68, 'Test1'), (69, 'Test1'), (70, 'Test1'), (71, 'Test1'), (72, 'Test1'), (73, 'Test1'), (74, 'Test1'), (75, 'Test1'), (76, 'Test1'), (77, 'Test1'), (78, 'Test1'), (79, 'Test1'), (80, 'Test1'), (81, 'Test1'), (82, 'Test1'), (83, 'Test1'), (84, 'Test1'), (85, 'Test1'), (86, 'Test1'), (87, 'Test1'), (88, 'Test1'), (89, 'Test1'), (90, 'Test1'), (91, 'Test1'), (92, 'Test1'), (93, 'Test1'), (94, 'Test1'), (95, 'Test1'), (96, 'Test1'), (97, 'Test1'), (98, 'Test1'), (99, 'Test1'), (100, 'Test1'), (101, 'Test1'), (102, 'Test1'), (103, 'Test1'), (104, 'Test1'), (105, 'Test1'), (106, 'Test1'), (107, 'Test1'), (108, 'Test1'), (109, 'Test1'), (110, 'Test1'), (111, 'Test1'), (112, 'Test1'), (113, 'Test1'), (114, 'Test1'), (115, 'Test1'), (116, 'Test1'), (117, 'Test1'), (118, 'Test1'), (119, 'Test1'), (120, 'Test1'), (121, 'Test1'), (122, 'Test1'), (123, 'Test1'), (124, 'Test1'), (125, 'Test1'), (126, 'Test1'), (127, 'Test1'), (128, 'Test1'), (129, 'Test1'), (130, 'Test1'), (131, 'Test1'), (132, 'Test1'), (133, 'Test1'), (134, 'Test1'), (135, 'Test1'), (136, 'Test1')]
Database test completed successfully
DEBUG Read environment variables from: /Users/work/Documents/Code/Admin3/backend/django_Admin3/.env.development
=== Environment Variables from .env.development ===
DEBUG get 'DATABASE_URL' casted as 'None' with default 'Not set'
DATABASE_URL: postgres://actedadmin:Act3d@dm1n0EEoo@127.0.0.1:5432/ACTEDDBDEV01
DEBUG get 'DB_NAME' casted as 'None' with default 'Not set'
DB_NAME: ACTEDDBDEV01
DEBUG get 'DB_USER' casted as 'None' with default 'Not set'
DB_USER: actedadmin
DEBUG get 'DB_PASSWORD' casted as 'None' with default 'Not set'
DB_PASSWORD: Act3d@dm1n0EEoo
DEBUG get 'DB_HOST' casted as 'None' with default 'Not set'
DB_HOST: 127.0.0.1
DEBUG get 'DB_PORT' casted as 'None' with default 'Not set'
DB_PORT: 5432
DEBUG get 'SECRET_KEY' casted as 'None' with default 'Not set'
SECRET_KEY: Not set
DEBUG get 'DEBUG' casted as 'None' with default 'False'
DEBUG: False
DEBUG get 'DJANGO_ENVIRONMENT' casted as 'None' with default 'Not set'
DJANGO_ENVIRONMENT: Not set
DEBUG get 'ALLOWED_HOSTS' casted as 'None' with default 'Not set'
ALLOWED_HOSTS: 127.0.0.1,localhost
DEBUG get 'ADMINISTRATE_API_URL' casted as 'None' with default 'Not set'
ADMINISTRATE_API_URL: https://api.getadministrate.com/graphql
DEBUG get 'ADMINISTRATE_API_KEY' casted as 'None' with default 'Not set'
ADMINISTRATE_API_KEY: bJC4yEzW7dICQin2JbgwU0gsbN9kuaDC
DEBUG get 'DB_NAME' casted as 'None' with default '<NoValue>'

‚úÖ SUCCESS: Successfully read DB_NAME: ACTEDDBDEV01 from .env.development
Using existing test database for alias 'default'...
...........................................Found 1141 test(s).

  All filter_key values already correct
System check identified no issues (0 silenced).
DEBUG CartItem 1 created - invalidating VAT cache for cart 1
DEBUG VAT cache invalidated for cart 1
DEBUG Cache miss for rules:cart_calculate_vat
DEBUG Cached 0 rules for cart_calculate_vat
WARNING get_vat_calculations() is deprecated. Use get_vat_totals() instead. This method will be removed in a future version.
DEBUG CartItem 2 created - invalidating VAT cache for cart 1
DEBUG VAT cache invalidated for cart 1
DEBUG Cache hit for rules:cart_calculate_vat: 0 rules
DEBUG Cache hit for rules:cart_calculate_vat: 0 rules
WARNING get_vat_calculations() is deprecated. Use get_vat_totals() instead. This method will be removed in a future version.
.DEBUG CartItem 3 created - invalidating VAT cache for cart 2
DEBUG VAT cache invalidated for cart 2
DEBUG Cache hit for rules:cart_calculate_vat: 0 rules
..DEBUG CartItem 4 created - invalidating VAT cache for cart 4
DEBUG VAT cache invalidated for cart 4
DEBUG CartItem 5 created - invalidating VAT cache for cart 4
DEBUG VAT cache invalidated for cart 4
DEBUG CartItem 5 deleted - invalidating VAT cache for cart 4
DEBUG VAT cache invalidated for cart 4
DEBUG CartItem 4 deleted - invalidating VAT cache for cart 4
DEBUG VAT cache invalidated for cart 4
..DEBUG CartItem 6 created - invalidating VAT cache for cart 6
DEBUG VAT cache invalidated for cart 6
DEBUG CartItem 6 updated - invalidating VAT cache for cart 7
DEBUG VAT cache invalidated for cart 7
DEBUG Cache hit for rules:cart_calculate_vat: 0 rules
..DEBUG CartItem 7 created - invalidating VAT cache for cart 8
DEBUG VAT cache invalidated for cart 8
DEBUG CartItem 7 deleted - invalidating VAT cache for cart 8
DEBUG VAT cache invalidated for cart 8
.DEBUG CartItem 8 created - invalidating VAT cache for cart 9
DEBUG VAT cache invalidated for cart 9
..DEBUG CartItem 9 created - invalidating VAT cache for cart 11
DEBUG VAT cache invalidated for cart 11
DEBUG CartItem 9 updated - invalidating VAT cache for cart 11
DEBUG VAT cache invalidated for cart 11
DEBUG Cache hit for rules:cart_calculate_vat: 0 rules
..DEBUG CartItem 10 created - invalidating VAT cache for cart 13
DEBUG VAT cache invalidated for cart 13
.DEBUG CartItem 11 created - invalidating VAT cache for cart 14
DEBUG VAT cache invalidated for cart 14
DEBUG CartItem 12 created - invalidating VAT cache for cart 14
DEBUG VAT cache invalidated for cart 14
.DEBUG CartItem 13 created - invalidating VAT cache for cart 15
DEBUG VAT cache invalidated for cart 15
.DEBUG CartItem 14 created - invalidating VAT cache for cart 16
DEBUG VAT cache invalidated for cart 16
.DEBUG CartItem 15 created - invalidating VAT cache for cart 17
DEBUG VAT cache invalidated for cart 17
.DEBUG CartItem 16 created - invalidating VAT cache for cart 18
DEBUG VAT cache invalidated for cart 18
.DEBUG CartItem 17 created - invalidating VAT cache for cart 19
DEBUG VAT cache invalidated for cart 19
.DEBUG CartItem 18 created - invalidating VAT cache for cart 20
DEBUG VAT cache invalidated for cart 20
.DEBUG CartItem 19 created - invalidating VAT cache for cart 21
DEBUG VAT cache invalidated for cart 21
.DEBUG CartItem 20 created - invalidating VAT cache for cart 22
DEBUG VAT cache invalidated for cart 22
.DEBUG CartItem 21 created - invalidating VAT cache for cart 23
DEBUG VAT cache invalidated for cart 23
.DEBUG CartItem 22 created - invalidating VAT cache for cart 25
DEBUG VAT cache invalidated for cart 25
.DEBUG CartItem 23 created - invalidating VAT cache for cart 26
DEBUG VAT cache invalidated for cart 26
ERROR VAT calculation failed for cart 26: Rules engine unavailable
.DEBUG CartItem 24 created - invalidating VAT cache for cart 27
DEBUG VAT cache invalidated for cart 27
.DEBUG CartItem 25 created - invalidating VAT cache for cart 28
DEBUG VAT cache invalidated for cart 28
DEBUG CartItem 25 deleted - invalidating VAT cache for cart 28
DEBUG VAT cache invalidated for cart 28
.DEBUG CartItem 26 created - invalidating VAT cache for cart 29
DEBUG VAT cache invalidated for cart 29
DEBUG CartItem 26 updated - invalidating VAT cache for cart 29
DEBUG VAT cache invalidated for cart 29
.DEBUG CartItem 27 created - invalidating VAT cache for cart 30
DEBUG VAT cache invalidated for cart 30
DEBUG CartItem 28 created - invalidating VAT cache for cart 30
DEBUG VAT cache invalidated for cart 30
.DEBUG CartItem 29 created - invalidating VAT cache for cart 31
DEBUG VAT cache invalidated for cart 31
DEBUG CartItem 29 updated - invalidating VAT cache for cart 31
DEBUG VAT cache invalidated for cart 31
.DEBUG CartItem 30 created - invalidating VAT cache for cart 32
DEBUG VAT cache invalidated for cart 32
DEBUG CartItem 30 updated - invalidating VAT cache for cart 32
DEBUG VAT cache invalidated for cart 32
.DEBUG CartItem 31 created - invalidating VAT cache for cart 33
DEBUG VAT cache invalidated for cart 33
.DEBUG CartItem 32 created - invalidating VAT cache for cart 34
DEBUG VAT cache invalidated for cart 34
./Users/work/Documents/Code/Admin3/.venv/lib/python3.14/site-packages/django/db/models/fields/__init__.py:1670: RuntimeWarning: DateTimeField CartItem.vat_calculated_at received a naive datetime (2025-01-12 10:30:00) while time zone support is active.
  warnings.warn(
DEBUG CartItem 33 created - invalidating VAT cache for cart 36
DEBUG VAT cache invalidated for cart 36
..DEBUG CartItem 35 created - invalidating VAT cache for cart 38
DEBUG VAT cache invalidated for cart 38
DEBUG CartItem 36 created - invalidating VAT cache for cart 38
DEBUG VAT cache invalidated for cart 38
..DEBUG CartItem 38 created - invalidating VAT cache for cart 40
DEBUG VAT cache invalidated for cart 40
DEBUG CartItem 39 created - invalidating VAT cache for cart 40
DEBUG VAT cache invalidated for cart 40
.DEBUG CartItem 40 created - invalidating VAT cache for cart 41
DEBUG VAT cache invalidated for cart 41
.DEBUG CartItem 41 created - invalidating VAT cache for cart 42
DEBUG VAT cache invalidated for cart 42
...DEBUG CartItem 44 created - invalidating VAT cache for cart 45
DEBUG VAT cache invalidated for cart 45
DEBUG CartItem 45 created - invalidating VAT cache for cart 45
DEBUG VAT cache invalidated for cart 45
DEBUG CartItem 46 created - invalidating VAT cache for cart 45
DEBUG VAT cache invalidated for cart 45
..DEBUG CartItem 47 created - invalidating VAT cache for cart 47
DEBUG VAT cache invalidated for cart 47
DEBUG CartItem 48 created - invalidating VAT cache for cart 47
DEBUG VAT cache invalidated for cart 47
.DEBUG CartItem 49 created - invalidating VAT cache for cart 48
DEBUG VAT cache invalidated for cart 48
./Users/work/Documents/Code/Admin3/.venv/lib/python3.14/site-packages/django/db/models/fields/__init__.py:1670: RuntimeWarning: DateTimeField Cart.vat_last_calculated_at received a naive datetime (2025-01-12 10:30:00) while time zone support is active.
  warnings.warn(
.......DEBUG CartItem 50 created - invalidating VAT cache for cart 57
DEBUG VAT cache invalidated for cart 57
.DEBUG CartItem 51 created - invalidating VAT cache for cart 58
DEBUG VAT cache invalidated for cart 58
.DEBUG CartItem 52 created - invalidating VAT cache for cart 59
DEBUG VAT cache invalidated for cart 59
.WARNING get_vat_calculations() is deprecated. Use get_vat_totals() instead. This method will be removed in a future version.
.WARNING get_vat_calculations() is deprecated. Use get_vat_totals() instead. This method will be removed in a future version.
.WARNING get_vat_calculations() is deprecated. Use get_vat_totals() instead. This method will be removed in a future version.
.WARNING get_vat_calculations() is deprecated. Use get_vat_totals() instead. This method will be removed in a future version.
.WARNING get_vat_calculations() is deprecated. Use get_vat_totals() instead. This method will be removed in a future version.
.WARNING get_vat_calculations() is deprecated. Use get_vat_totals() instead. This method will be removed in a future version.
.DEBUG CartItem 53 created - invalidating VAT cache for cart 66
DEBUG VAT cache invalidated for cart 66
DEBUG CartItem 53 deleted - invalidating VAT cache for cart 66
DEBUG VAT cache invalidated for cart 66
WARNING get_vat_calculations() is deprecated. Use get_vat_totals() instead. This method will be removed in a future version.
.WARNING Not Found: /api/cart/update_item/
.WARNING get_vat_calculations() is deprecated. Use get_vat_totals() instead. This method will be removed in a future version.
..F....F.......F......................WARNING Forbidden: /api/catalog/exam-sessions/
....WARNING Forbidden: /api/catalog/products/
....WARNING Unauthorized: /api/catalog/subjects/
.WARNING Forbidden: /api/catalog/subjects/
.WARNING Forbidden: /api/catalog/subjects/67/
...WARNING Forbidden: /api/catalog/subjects/76/
.......................................WARNING Method Not Allowed: /api/catalog/bundles/
...WARNING Forbidden: /api/catalog/exam-sessions/
...............WARNING Bad Request: /api/catalog/products/bulk-import/
.WARNING Forbidden: /api/catalog/products/bulk-import/
.WARNING Forbidden: /api/catalog/products/
.............WARNING Forbidden: /api/catalog/subjects/
..WARNING Forbidden: /api/catalog/subjects/273/
.......WARNING Forbidden: /api/catalog/subjects/295/
..WARNING Bad Request: /api/auth/activate/
.WARNING Bad Request: /api/auth/activate/
.....ERROR Account activation failed: Unexpected error
ERROR Internal Server Error: /api/auth/activate/
..ERROR Error sending password reset completion email to testuser@example.com: Email service crashed
.WARNING Failed to queue password reset completion email for user testuser@example.com
.ERROR Error during password reset confirmation: Unexpected error
ERROR Internal Server Error: /api/auth/password_reset_confirm/
..WARNING Bad Request: /api/auth/send_activation/
..WARNING Bad Request: /api/auth/send_email_verification/
.WARNING Could not update UserProfile for testuser: Profile database error
..WARNING Bad Request: /api/auth/activate/
.WARNING Invalid password reset attempt with uid: invalid_uid_format!!!
WARNING Bad Request: /api/auth/password_reset_confirm/
.ERROR Error during password reset request: Database connection lost
ERROR Internal Server Error: /api/auth/password_reset_request/
.ERROR Failed to queue password reset email for user testuser@example.com
ERROR Internal Server Error: /api/auth/password_reset_request/
.WARNING Bad Request: /api/auth/password_reset_request/
.WARNING reCAPTCHA verification failed for password reset: Low score
WARNING Bad Request: /api/auth/password_reset_request/
.ERROR Failed to send account activation email to: testuser@example.com
ERROR Internal Server Error: /api/auth/send_activation/
.ERROR Send account activation failed: Database error
ERROR Internal Server Error: /api/auth/send_activation/
.ERROR Failed to send email verification to: newemail@example.com for user: testuser@example.com
ERROR Internal Server Error: /api/auth/send_email_verification/
.ERROR Send email verification failed: Token generation failed
ERROR Internal Server Error: /api/auth/send_email_verification/
.ERROR Email verification failed: Database connection lost
ERROR Internal Server Error: /api/auth/verify_email/
.WARNING Invalid verification link with uid: malformed_uid!!!
WARNING Bad Request: /api/auth/verify_email/
...WARNING Bad Request: /api/auth/send_email_verification/
.ERROR Send email verification failed: 'AnonymousUser' object has no attribute 'last_login'
ERROR Internal Server Error: /api/auth/send_email_verification/
.WARNING Email verification failed - taken@example.com already in use
WARNING Bad Request: /api/auth/verify_email/
.WARNING Token validation failed for user testuser with token invalid_to...
WARNING Bad Request: /api/auth/verify_email/
.WARNING Bad Request: /api/auth/verify_email/
..WARNING Unauthorized: /api/auth/login/
.WARNING Unauthorized: /api/auth/login/
.WARNING Unauthorized: /api/auth/login/
.....WARNING Invalid or expired token used for password reset: user testuser@example.com
WARNING Bad Request: /api/auth/password_reset_confirm/
.WARNING Bad Request: /api/auth/password_reset_confirm/
..WARNING Bad Request: /api/auth/password_reset_request/
.WARNING Password reset requested for non-existent email: nonexistent@example.com
.WARNING Bad Request: /api/auth/register/
.WARNING Account activation email failed to send to emailfail@example.com for user emailfail
WARNING Creating token for inactive user: 262. If this is not intentional, consider checking the user's status before calling the `for_user` method.
.WARNING Bad Request: /api/auth/register/
.WARNING Creating token for inactive user: 263. If this is not intentional, consider checking the user's status before calling the `for_user` method.
..WARNING Unauthorized: /api/auth/test-email/
.WARNING Unauthorized: /api/auth/token/refresh/
..WARNING Unauthorized: /api/auth/refresh/
../Users/work/Documents/Code/Admin3/.venv/lib/python3.14/site-packages/django/core/cache/backends/base.py:119: CacheKeyWarning: Cache key contains characters that will cause errors if used with memcached: ':1:filter_options_Product Types'
  warnings.warn(warning, CacheKeyWarning)
.............INFO Removing 3 format group assignments from ['categories', 'product_types'] configs
..INFO Removing 3 format group assignments from ['categories', 'product_types'] configs
/Users/work/Documents/Code/Admin3/.venv/lib/python3.14/site-packages/django/core/cache/backends/base.py:119: CacheKeyWarning: Cache key contains characters that will cause errors if used with memcached: ':1:filter_options_Modes of Delivery'
  warnings.warn(warning, CacheKeyWarning)
......................WARNING Not Found: /api/products/product-groups/999999/products/
.................FWARNING Bad Request: /api/markings/papers/bulk-deadlines/
.WARNING Bad Request: /api/markings/papers/bulk-deadlines/
..FWARNING Bad Request: /api/markings/papers/bulk-deadlines/
FFWARNING Not Found: /api/markings/papers/deadlines/
.WARNING Not Found: /api/markings/papers/deadlines/
FWARNING Not Found: /api/markings/papers/deadlines/
FWARNING Bad Request: /api/markings/papers/deadlines/
FWARNING Not Found: /api/markings/papers/deadlines/
F/Users/work/Documents/Code/Admin3/.venv/lib/python3.14/site-packages/rest_framework/pagination.py:207: UnorderedObjectListWarning: Pagination may yield inconsistent results with an unordered object_list: <class 'marking.models.marking_paper.MarkingPaper'> QuerySet.
  paginator = self.django_paginator_class(queryset, page_size)
.WARNING Not Found: /api/markings/papers/deadlines/
FWARNING Method Not Allowed: /api/markings/papers/
.WARNING Method Not Allowed: /api/markings/papers/64/
.WARNING Method Not Allowed: /api/markings/papers/67/
............................WARNING Unauthorized: /api/marking-vouchers/add-to-cart/
..WARNING Not Found: /api/marking-vouchers/999999/
..DEBUG CartItem 54 created - invalidating VAT cache for cart 70
DEBUG VAT cache invalidated for cart 70
.DEBUG CartItem 55 created - invalidating VAT cache for cart 71
DEBUG VAT cache invalidated for cart 71
.DEBUG CartItem 56 created - invalidating VAT cache for cart 72
DEBUG VAT cache invalidated for cart 72
DEBUG CartItem 56 deleted - invalidating VAT cache for cart 72
DEBUG VAT cache invalidated for cart 72
.DEBUG CartItem 57 created - invalidating VAT cache for cart 73
DEBUG VAT cache invalidated for cart 73
.DEBUG CartItem 58 created - invalidating VAT cache for cart 74
DEBUG VAT cache invalidated for cart 74
.DEBUG CartItem 59 created - invalidating VAT cache for cart 75
DEBUG VAT cache invalidated for cart 75
ERROR Failed to send order confirmation for order 2: EmailService.send_order_confirmation() got an unexpected keyword argument 'to_email'
DEBUG CartItem 59 deleted - invalidating VAT cache for cart 75
DEBUG VAT cache invalidated for cart 75
.DEBUG CartItem 60 created - invalidating VAT cache for cart 76
DEBUG VAT cache invalidated for cart 76
ERROR Failed to send order confirmation for order 3: EmailService.send_order_confirmation() got an unexpected keyword argument 'to_email'
DEBUG CartItem 60 deleted - invalidating VAT cache for cart 76
DEBUG VAT cache invalidated for cart 76
.DEBUG CartItem 61 created - invalidating VAT cache for cart 77
DEBUG VAT cache invalidated for cart 77
ERROR Failed to send order confirmation for order 4: EmailService.send_order_confirmation() got an unexpected keyword argument 'to_email'
DEBUG CartItem 61 deleted - invalidating VAT cache for cart 77
DEBUG VAT cache invalidated for cart 77
.....................DEBUG CartItem 62 created - invalidating VAT cache for cart 78
DEBUG VAT cache invalidated for cart 78
DEBUG CartItem 63 created - invalidating VAT cache for cart 78
DEBUG VAT cache invalidated for cart 78
.DEBUG CartItem 64 created - invalidating VAT cache for cart 79
DEBUG VAT cache invalidated for cart 79
DEBUG CartItem 65 created - invalidating VAT cache for cart 79
DEBUG VAT cache invalidated for cart 79
.DEBUG CartItem 66 created - invalidating VAT cache for cart 80
DEBUG VAT cache invalidated for cart 80
DEBUG CartItem 67 created - invalidating VAT cache for cart 80
DEBUG VAT cache invalidated for cart 80
.DEBUG CartItem 68 created - invalidating VAT cache for cart 81
DEBUG VAT cache invalidated for cart 81
DEBUG CartItem 69 created - invalidating VAT cache for cart 81
DEBUG VAT cache invalidated for cart 81
.DEBUG CartItem 70 created - invalidating VAT cache for cart 82
DEBUG VAT cache invalidated for cart 82
DEBUG CartItem 71 created - invalidating VAT cache for cart 82
DEBUG VAT cache invalidated for cart 82
.........ERROR Payment failed for order 33: Card authentication failed
.ERROR Error processing payment for order 34: Connection timeout
....DEBUG CartItem 72 created - invalidating VAT cache for cart 83
DEBUG VAT cache invalidated for cart 83
ERROR Failed to send order confirmation for order 36: EmailService.send_order_confirmation() got an unexpected keyword argument 'to_email'
DEBUG CartItem 72 deleted - invalidating VAT cache for cart 83
DEBUG VAT cache invalidated for cart 83
.DEBUG CartItem 73 created - invalidating VAT cache for cart 84
DEBUG VAT cache invalidated for cart 84
DEBUG CartItem 73 deleted - invalidating VAT cache for cart 84
DEBUG VAT cache invalidated for cart 84
WARNING Bad Request: /api/orders/checkout/
.DEBUG CartItem 74 created - invalidating VAT cache for cart 85
DEBUG VAT cache invalidated for cart 85
ERROR Failed to send order confirmation for order 37: EmailService.send_order_confirmation() got an unexpected keyword argument 'to_email'
DEBUG CartItem 74 deleted - invalidating VAT cache for cart 85
DEBUG VAT cache invalidated for cart 85
.DEBUG CartItem 75 created - invalidating VAT cache for cart 86
DEBUG VAT cache invalidated for cart 86
WARNING Bad Request: /api/orders/checkout/
.DEBUG CartItem 76 created - invalidating VAT cache for cart 87
DEBUG VAT cache invalidated for cart 87
WARNING Unauthorized: /api/orders/checkout/
.WARNING Not Found: /api/orders/40/
....WARNING Unauthorized: /api/orders/
.DEBUG Rule test_pref_newsletter created, invalidating cache for user_preferences
INFO Invalidated rules cache for entry point: user_preferences (key: rules:user_preferences)
.DEBUG Rule test_aset_warning_rule created, invalidating cache for checkout_start
INFO Invalidated rules cache for entry point: checkout_start (key: rules:checkout_start)
DEBUG Cache miss for rules:checkout_start
DEBUG Cached 1 rules for checkout_start
DEBUG  Schema validation passed for checkout_context_test
DEBUG  JSONLogic condition evaluated to: False
DEBUG   Rule 'test_aset_warning_rule' condition not matched
.DEBUG Cache hit for rules:checkout_start: 1 rules
DEBUG  Schema validation passed for checkout_context_test
DEBUG  JSONLogic condition evaluated to: False
DEBUG   Rule 'test_aset_warning_rule' condition not matched
.DEBUG Cache hit for rules:checkout_start: 1 rules
DEBUG  Schema validation passed for checkout_context_test
DEBUG  JSONLogic condition evaluated to: True
DEBUG Stored execution record: exec_1769772338_aa175e86
.DEBUG Cache hit for rules:checkout_start: 1 rules
DEBUG  Schema validation passed for checkout_context_test
DEBUG  JSONLogic condition evaluated to: True
DEBUG Stored execution record: exec_1769772338_8d4382a9
.DEBUG Cache hit for rules:checkout_start: 1 rules
DEBUG  Schema validation passed for checkout_context_test
DEBUG  JSONLogic condition evaluated to: True
DEBUG Stored execution record: exec_1769772338_85bcc967
.DEBUG Rule admin_test_rule_1 created, invalidating cache for home_page_mount
INFO Invalidated rules cache for entry point: home_page_mount (key: rules:home_page_mount)
DEBUG Rule admin_test_rule_2 created, invalidating cache for checkout_terms
INFO Invalidated rules cache for entry point: checkout_terms (key: rules:checkout_terms)
INFO Invalidated rules cache for entry point: checkout_terms (key: rules:checkout_terms)
INFO Invalidated rules cache for entry point: home_page_mount (key: rules:home_page_mount)
..DEBUG Rule test_rule_create created, invalidating cache for home_page_mount
INFO Invalidated rules cache for entry point: home_page_mount (key: rules:home_page_mount)
.DEBUG Rule test_rule_delete created, invalidating cache for cart_calculate_vat
INFO Invalidated rules cache for entry point: cart_calculate_vat (key: rules:cart_calculate_vat)
DEBUG Rule test_rule_delete deleted, invalidating cache for cart_calculate_vat
INFO Invalidated rules cache for entry point: cart_calculate_vat (key: rules:cart_calculate_vat)
.DEBUG Rule test_rule_update created, invalidating cache for checkout_terms
INFO Invalidated rules cache for entry point: checkout_terms (key: rules:checkout_terms)
DEBUG Rule test_rule_update updated, invalidating cache for checkout_terms
INFO Invalidated rules cache for entry point: checkout_terms (key: rules:checkout_terms)
.DEBUG Rule test_rule_spaces created, invalidating cache for home page mount
INFO Invalidated rules cache for entry point: home page mount (key: rules:home_page_mount)
DEBUG Rule test_rule_spaces_2 created, invalidating cache for home page mount
INFO Invalidated rules cache for entry point: home page mount (key: rules:home_page_mount)
.DEBUG Rule cmd_test_rule_1 created, invalidating cache for home_page_mount
INFO Invalidated rules cache for entry point: home_page_mount (key: rules:home_page_mount)
DEBUG Rule cmd_test_rule_2 created, invalidating cache for checkout_terms
INFO Invalidated rules cache for entry point: checkout_terms (key: rules:checkout_terms)
DEBUG Rule cmd_test_rule_3 created, invalidating cache for cart_calculate_vat
INFO Invalidated rules cache for entry point: cart_calculate_vat (key: rules:cart_calculate_vat)
...sssssssssssssssssssss.......WARNING Country not found: UNKNOWN
.WARNING Country not found: UNKNOWN
.....WARNING Bad Request: /api/rules/engine/accept-terms/
.WARNING Unauthorized: /api/rules/engine/accept-terms/
..WARNING Bad Request: /api/rules/engine/checkout-terms-status/
.ERROR Error validating checkout: Cart matching query does not exist.
ERROR Internal Server Error: /api/rules/engine/checkout-validation/
....WARNING Bad Request: /api/rules/templates/template-styles/
.INFO üîç [Comprehensive Validation] Session ID: None
INFO üîç [Comprehensive Validation] Raw session acknowledgments: []
INFO üîç [Comprehensive Validation] Ack keys in session: []
INFO üîç [Comprehensive Validation] Acknowledgments dict keys: []
...DEBUG  JSONLogic condition evaluated to: False
.DEBUG  JSONLogic condition evaluated to: True
.DEBUG  JSONLogic condition evaluated to: True
.DEBUG  JSONLogic condition evaluated to: False
.DEBUG  JSONLogic condition evaluated to: True
.DEBUG  JSONLogic condition evaluated to: True
.DEBUG  JSONLogic condition evaluated to: False
.DEBUG  JSONLogic condition evaluated to: True
.DEBUG  JSONLogic condition evaluated to: False
.DEBUG  JSONLogic condition evaluated to: True
.DEBUG  JSONLogic condition evaluated to: False
.DEBUG  JSONLogic condition evaluated to: True
.DEBUG  JSONLogic condition evaluated to: True
.DEBUG  JSONLogic condition evaluated to: False
.DEBUG  JSONLogic condition evaluated to: False
.DEBUG  JSONLogic condition evaluated to: True
.DEBUG  JSONLogic condition evaluated to: False
.DEBUG  JSONLogic condition evaluated to: True
.DEBUG  JSONLogic condition evaluated to: False
.DEBUG  JSONLogic condition evaluated to: True
.DEBUG  JSONLogic condition evaluated to: True
.DEBUG Rule minimal_test created, invalidating cache for test
INFO Invalidated rules cache for entry point: test (key: rules:test)
.sssDEBUG Rule test_schema_validation_rule created, invalidating cache for checkout_start
INFO Invalidated rules cache for entry point: checkout_start (key: rules:checkout_start)
DEBUG Rule test_no_schema_rule created, invalidating cache for test_no_schema
INFO Invalidated rules cache for entry point: test_no_schema (key: rules:test_no_schema)
DEBUG Cache miss for rules:test_no_schema
DEBUG Cached 1 rules for test_no_schema
DEBUG No schema validation - context keys: ['arbitrary', 'can', 'request']
DEBUG Always-true condition evaluated to True
DEBUG Stored execution record: exec_1769772341_d7d824cf
.sDEBUG Rule test_schema_validation_rule created, invalidating cache for checkout_start
INFO Invalidated rules cache for entry point: checkout_start (key: rules:checkout_start)
DEBUG Cache miss for rules:checkout_start
DEBUG Cached 1 rules for checkout_start
DEBUG  Schema validation passed for test_schema_validation
DEBUG Always-true condition evaluated to True
DEBUG Stored execution record: exec_1769772342_34c9e295
.DEBUG Rule premium_customer_check created, invalidating cache for cart_update
INFO Invalidated rules cache for entry point: cart_update (key: rules:cart_update)
DEBUG Rule base_discount created, invalidating cache for cart_update
INFO Invalidated rules cache for entry point: cart_update (key: rules:cart_update)
DEBUG Rule apply_final_discount created, invalidating cache for cart_update
INFO Invalidated rules cache for entry point: cart_update (key: rules:cart_update)
DEBUG Rule should_not_execute created, invalidating cache for cart_update
INFO Invalidated rules cache for entry point: cart_update (key: rules:cart_update)
DEBUG Cache miss for rules:cart_update
DEBUG Cached 4 rules for cart_update
DEBUG No schema validation - context keys: ['user', 'cart', 'request']
DEBUG  JSONLogic condition evaluated to: True
DEBUG Updated context during dispatch: cart.never_field = should_not_see_this
DEBUG Updated context: cart.never_field = should_not_see_this
DEBUG Stored execution record: exec_1769772342_c9623800
DEBUG No schema validation - context keys: ['user', 'cart', 'request']
DEBUG  JSONLogic condition evaluated to: False
DEBUG   Rule 'apply_final_discount' condition not matched
DEBUG No schema validation - context keys: ['user', 'cart', 'request']
DEBUG  JSONLogic condition evaluated to: True
DEBUG Updated context during dispatch: cart.base_discount = 10
DEBUG Updated context: cart.base_discount = 10
DEBUG Stored execution record: exec_1769772342_0b4f7015
DEBUG No schema validation - context keys: ['user', 'cart', 'request']
DEBUG  JSONLogic condition evaluated to: True
DEBUG Updated context during dispatch: cart.discount_multiplier = 1.5
DEBUG Updated context: cart.discount_multiplier = 1.5
DEBUG Stored execution record: exec_1769772342_5c696289
DEBUG Cache hit for rules:cart_update: 4 rules
DEBUG No schema validation - context keys: ['user', 'cart', 'request']
DEBUG  JSONLogic condition evaluated to: True
DEBUG Updated context during dispatch: cart.never_field = should_not_see_this
DEBUG Updated context: cart.never_field = should_not_see_this
DEBUG Stored execution record: exec_1769772342_aead0f1c
DEBUG No schema validation - context keys: ['user', 'cart', 'request']
DEBUG  JSONLogic condition evaluated to: False
DEBUG   Rule 'apply_final_discount' condition not matched
DEBUG No schema validation - context keys: ['user', 'cart', 'request']
DEBUG  JSONLogic condition evaluated to: True
DEBUG Updated context during dispatch: cart.base_discount = 10
DEBUG Updated context: cart.base_discount = 10
DEBUG Stored execution record: exec_1769772342_edce9d15
DEBUG No schema validation - context keys: ['user', 'cart', 'request']
DEBUG  JSONLogic condition evaluated to: False
DEBUG   Rule 'premium_customer_check' condition not matched
.DEBUG Rule eu_terms_rule created, invalidating cache for checkout_terms
INFO Invalidated rules cache for entry point: checkout_terms (key: rules:checkout_terms)
DEBUG Rule us_terms_rule created, invalidating cache for checkout_terms
INFO Invalidated rules cache for entry point: checkout_terms (key: rules:checkout_terms)
DEBUG Cache miss for rules:checkout_terms
DEBUG Cached 2 rules for checkout_terms
DEBUG No schema validation - context keys: ['user', 'cart', 'request']
DEBUG  JSONLogic condition evaluated to: False
DEBUG   Rule 'us_terms_rule' condition not matched
DEBUG No schema validation - context keys: ['user', 'cart', 'request']
DEBUG  JSONLogic condition evaluated to: True
DEBUG Stored execution record: exec_1769772343_274807c1
WARNING Bad Request: /api/rules/acknowledge/
DEBUG Cache hit for rules:checkout_terms: 2 rules
DEBUG No schema validation - context keys: ['user', 'cart', 'acknowledgments', 'request']
DEBUG  JSONLogic condition evaluated to: False
DEBUG   Rule 'us_terms_rule' condition not matched
DEBUG No schema validation - context keys: ['user', 'cart', 'acknowledgments', 'request']
DEBUG  JSONLogic condition evaluated to: True
ERROR  Error processing rule 'eu_terms_rule': 'bool' object has no attribute 'get'
DEBUG Stored execution record: exec_1769772343_cd1b178b
DEBUG Cache hit for rules:checkout_terms: 2 rules
DEBUG No schema validation - context keys: ['user', 'cart', 'request']
DEBUG  JSONLogic condition evaluated to: True
DEBUG Stored execution record: exec_1769772343_8b64fab0
DEBUG No schema validation - context keys: ['user', 'cart', 'request']
DEBUG  JSONLogic condition evaluated to: False
DEBUG   Rule 'eu_terms_rule' condition not matched
.DEBUG Rule bulk_discount created, invalidating cache for cart_update
INFO Invalidated rules cache for entry point: cart_update (key: rules:cart_update)
DEBUG Cache miss for rules:cart_update
DEBUG Cached 1 rules for cart_update
DEBUG No schema validation - context keys: ['user', 'cart', 'request']
DEBUG  JSONLogic condition evaluated to: True
DEBUG Updated context during dispatch: cart.discount = 50.0
DEBUG Updated context: cart.discount = 50.0
DEBUG Stored execution record: exec_1769772344_0ba2132a
DEBUG Cache hit for rules:cart_update: 1 rules
DEBUG No schema validation - context keys: ['user', 'cart', 'request']
DEBUG  JSONLogic condition evaluated to: False
DEBUG   Rule 'bulk_discount' condition not matched
.DEBUG Rule home_preferences created, invalidating cache for home_page_mount
INFO Invalidated rules cache for entry point: home_page_mount (key: rules:home_page_mount)
DEBUG Cache miss for rules:home_page_mount
DEBUG Cached 1 rules for home_page_mount
DEBUG No schema validation - context keys: ['user', 'cart', 'request']
DEBUG  JSONLogic condition evaluated to: True
DEBUG Stored execution record: exec_1769772344_b1747199
DEBUG Cache hit for rules:checkout_terms: 2 rules
DEBUG No schema validation - context keys: ['user', 'cart', 'request']
DEBUG  JSONLogic condition evaluated to: False
DEBUG   Rule 'us_terms_rule' condition not matched
DEBUG No schema validation - context keys: ['user', 'cart', 'request']
DEBUG  JSONLogic condition evaluated to: True
DEBUG Stored execution record: exec_1769772344_f62f4846
..DEBUG Rule rule_checkout_terms_lookup_1 created, invalidating cache for checkout_terms
INFO Invalidated rules cache for entry point: checkout_terms (key: rules:checkout_terms)
DEBUG Rule rule_checkout_terms_lookup_2 created, invalidating cache for checkout_terms
INFO Invalidated rules cache for entry point: checkout_terms (key: rules:checkout_terms)
DEBUG Rule rule_home_page_lookup_1 created, invalidating cache for home_page_mount
INFO Invalidated rules cache for entry point: home_page_mount (key: rules:home_page_mount)
..DEBUG Rule rule_perf_high_priority created, invalidating cache for checkout_terms
INFO Invalidated rules cache for entry point: checkout_terms (key: rules:checkout_terms)
DEBUG Rule rule_perf_low_priority created, invalidating cache for checkout_terms
INFO Invalidated rules cache for entry point: checkout_terms (key: rules:checkout_terms)
DEBUG Rule rule_perf_medium_priority created, invalidating cache for checkout_terms
INFO Invalidated rules cache for entry point: checkout_terms (key: rules:checkout_terms)
.....DEBUG Rule rule_checkout_1 created, invalidating cache for checkout_terms
INFO Invalidated rules cache for entry point: checkout_terms (key: rules:checkout_terms)
................DEBUG Rule test_json_serialization created, invalidating cache for test
INFO Invalidated rules cache for entry point: test (key: rules:test)
.........DEBUG Rule active_rule created, invalidating cache for checkout_terms
INFO Invalidated rules cache for entry point: checkout_terms (key: rules:checkout_terms)
DEBUG Rule inactive_rule created, invalidating cache for checkout_terms
INFO Invalidated rules cache for entry point: checkout_terms (key: rules:checkout_terms)
.DEBUG Rule high_priority_rule created, invalidating cache for checkout_terms
INFO Invalidated rules cache for entry point: checkout_terms (key: rules:checkout_terms)
DEBUG Rule medium_priority_rule created, invalidating cache for checkout_terms
INFO Invalidated rules cache for entry point: checkout_terms (key: rules:checkout_terms)
DEBUG Rule low_priority_rule created, invalidating cache for checkout_terms
INFO Invalidated rules cache for entry point: checkout_terms (key: rules:checkout_terms)
..DEBUG Rule future_rule created, invalidating cache for checkout_terms
INFO Invalidated rules cache for entry point: checkout_terms (key: rules:checkout_terms)
DEBUG Rule expired_rule created, invalidating cache for checkout_terms
INFO Invalidated rules cache for entry point: checkout_terms (key: rules:checkout_terms)
DEBUG Rule current_rule created, invalidating cache for checkout_terms
INFO Invalidated rules cache for entry point: checkout_terms (key: rules:checkout_terms)
.DEBUG Rule context_validation_rule created, invalidating cache for checkout_terms
INFO Invalidated rules cache for entry point: checkout_terms (key: rules:checkout_terms)
.sDEBUG Rule stop_processing_rule created, invalidating cache for checkout_terms
INFO Invalidated rules cache for entry point: checkout_terms (key: rules:checkout_terms)
DEBUG Rule later_rule created, invalidating cache for checkout_terms
INFO Invalidated rules cache for entry point: checkout_terms (key: rules:checkout_terms)
.DEBUG Rule integration_test_rule created, invalidating cache for checkout_terms
INFO Invalidated rules cache for entry point: checkout_terms (key: rules:checkout_terms)
.DEBUG Rule versioned_rule created, invalidating cache for checkout_terms
INFO Invalidated rules cache for entry point: checkout_terms (key: rules:checkout_terms)
DEBUG Rule versioned_rule_v2 created, invalidating cache for checkout_terms
INFO Invalidated rules cache for entry point: checkout_terms (key: rules:checkout_terms)
...DEBUG Rule display_message_rule created, invalidating cache for home_page_mount
INFO Invalidated rules cache for entry point: home_page_mount (key: rules:home_page_mount)
.DEBUG Rule display_modal_rule created, invalidating cache for checkout_terms
INFO Invalidated rules cache for entry point: checkout_terms (key: rules:checkout_terms)
.DEBUG Rule multiple_actions_rule created, invalidating cache for checkout_terms
INFO Invalidated rules cache for entry point: checkout_terms (key: rules:checkout_terms)
.DEBUG Rule custom_function_rule created, invalidating cache for checkout_terms
INFO Invalidated rules cache for entry point: checkout_terms (key: rules:checkout_terms)
.DEBUG Rule update_field_rule created, invalidating cache for checkout_terms
INFO Invalidated rules cache for entry point: checkout_terms (key: rules:checkout_terms)
.DEBUG Rule ack_checked_rule created, invalidating cache for checkout_terms
INFO Invalidated rules cache for entry point: checkout_terms (key: rules:checkout_terms)
.DEBUG Rule ack_required_rule created, invalidating cache for checkout_terms
INFO Invalidated rules cache for entry point: checkout_terms (key: rules:checkout_terms)
.DEBUG Rule preference_optional_rule created, invalidating cache for checkout_terms
INFO Invalidated rules cache for entry point: checkout_terms (key: rules:checkout_terms)
.DEBUG Rule execution_test_rule created, invalidating cache for checkout_terms
INFO Invalidated rules cache for entry point: checkout_terms (key: rules:checkout_terms)
.DEBUG Rule execution_test_rule created, invalidating cache for checkout_terms
INFO Invalidated rules cache for entry point: checkout_terms (key: rules:checkout_terms)
DEBUG Rule error_execution_rule created, invalidating cache for checkout_terms
INFO Invalidated rules cache for entry point: checkout_terms (key: rules:checkout_terms)
.DEBUG Rule execution_test_rule created, invalidating cache for checkout_terms
INFO Invalidated rules cache for entry point: checkout_terms (key: rules:checkout_terms)
.DEBUG Rule execution_test_rule created, invalidating cache for checkout_terms
INFO Invalidated rules cache for entry point: checkout_terms (key: rules:checkout_terms)
.DEBUG Rule execution_test_rule created, invalidating cache for checkout_terms
INFO Invalidated rules cache for entry point: checkout_terms (key: rules:checkout_terms)
.DEBUG Rule execution_test_rule created, invalidating cache for checkout_terms
INFO Invalidated rules cache for entry point: checkout_terms (key: rules:checkout_terms)
DEBUG Rule second_execution_rule created, invalidating cache for checkout_terms
INFO Invalidated rules cache for entry point: checkout_terms (key: rules:checkout_terms)
DEBUG Rule third_execution_rule created, invalidating cache for checkout_terms
INFO Invalidated rules cache for entry point: checkout_terms (key: rules:checkout_terms)
.DEBUG Rule execution_test_rule created, invalidating cache for checkout_terms
INFO Invalidated rules cache for entry point: checkout_terms (key: rules:checkout_terms)
.DEBUG Rule checkout_discount_rule created, invalidating cache for checkout_start
INFO Invalidated rules cache for entry point: checkout_start (key: rules:checkout_start)
DEBUG Rule checkout_discount_banner created, invalidating cache for checkout_start
INFO Invalidated rules cache for entry point: checkout_start (key: rules:checkout_start)
DEBUG Rule checkout_terms_validation created, invalidating cache for checkout_start
INFO Invalidated rules cache for entry point: checkout_start (key: rules:checkout_start)
DEBUG Cache miss for rules:checkout_start
DEBUG Cached 3 rules for checkout_start
DEBUG  Schema validation passed for full_checkout_context
DEBUG  JSONLogic condition evaluated to: True
DEBUG Stored execution record: exec_1769772345_cbad8c2d
.DEBUG Rule eu_checkout_terms_given_test2 created, invalidating cache for checkout_terms
INFO Invalidated rules cache for entry point: checkout_terms (key: rules:checkout_terms)
DEBUG Cache miss for rules:checkout_terms
DEBUG Cached 1 rules for checkout_terms
DEBUG  Schema validation passed for full_checkout_context
DEBUG  JSONLogic condition evaluated to: True
DEBUG Stored execution record: exec_1769772345_85100f34
.DEBUG Rule eu_checkout_terms_required_test1 created, invalidating cache for checkout_terms
INFO Invalidated rules cache for entry point: checkout_terms (key: rules:checkout_terms)
DEBUG Cache miss for rules:checkout_terms
DEBUG Cached 1 rules for checkout_terms
DEBUG  Schema validation passed for full_checkout_context
DEBUG  JSONLogic condition evaluated to: True
DEBUG Stored execution record: exec_1769772346_4cda4535
.DEBUG Rule homepage_newsletter_preference created, invalidating cache for home_page_mount
INFO Invalidated rules cache for entry point: home_page_mount (key: rules:home_page_mount)
DEBUG Cache miss for rules:home_page_mount
DEBUG Cached 1 rules for home_page_mount
DEBUG  Schema validation passed for full_checkout_context
DEBUG  JSONLogic condition evaluated to: True
DEBUG Stored execution record: exec_1769772346_7cf7c631
.DEBUG Rule performance_rule_0 created, invalidating cache for checkout_terms
INFO Invalidated rules cache for entry point: checkout_terms (key: rules:checkout_terms)
DEBUG Rule performance_rule_1 created, invalidating cache for checkout_terms
INFO Invalidated rules cache for entry point: checkout_terms (key: rules:checkout_terms)
DEBUG Rule performance_rule_2 created, invalidating cache for checkout_terms
INFO Invalidated rules cache for entry point: checkout_terms (key: rules:checkout_terms)
DEBUG Rule performance_rule_3 created, invalidating cache for checkout_terms
INFO Invalidated rules cache for entry point: checkout_terms (key: rules:checkout_terms)
DEBUG Rule performance_rule_4 created, invalidating cache for checkout_terms
INFO Invalidated rules cache for entry point: checkout_terms (key: rules:checkout_terms)
DEBUG Rule performance_rule_5 created, invalidating cache for checkout_terms
INFO Invalidated rules cache for entry point: checkout_terms (key: rules:checkout_terms)
DEBUG Rule performance_rule_6 created, invalidating cache for checkout_terms
INFO Invalidated rules cache for entry point: checkout_terms (key: rules:checkout_terms)
DEBUG Rule performance_rule_7 created, invalidating cache for checkout_terms
INFO Invalidated rules cache for entry point: checkout_terms (key: rules:checkout_terms)
DEBUG Rule performance_rule_8 created, invalidating cache for checkout_terms
INFO Invalidated rules cache for entry point: checkout_terms (key: rules:checkout_terms)
DEBUG Rule performance_rule_9 created, invalidating cache for checkout_terms
INFO Invalidated rules cache for entry point: checkout_terms (key: rules:checkout_terms)
DEBUG Cache miss for rules:checkout_terms
DEBUG Cached 10 rules for checkout_terms
DEBUG  Schema validation passed for full_checkout_context
DEBUG  JSONLogic condition evaluated to: True
DEBUG Stored execution record: exec_1769772346_a9c383a9
DEBUG  Schema validation passed for full_checkout_context
DEBUG  JSONLogic condition evaluated to: True
DEBUG Stored execution record: exec_1769772346_cdc23b66
DEBUG  Schema validation passed for full_checkout_context
DEBUG  JSONLogic condition evaluated to: True
DEBUG Stored execution record: exec_1769772346_6ba0cd74
DEBUG  Schema validation passed for full_checkout_context
DEBUG  JSONLogic condition evaluated to: True
DEBUG Stored execution record: exec_1769772346_3d5d9c14
DEBUG  Schema validation passed for full_checkout_context
DEBUG  JSONLogic condition evaluated to: True
DEBUG Stored execution record: exec_1769772346_3d386693
DEBUG  Schema validation passed for full_checkout_context
DEBUG  JSONLogic condition evaluated to: True
DEBUG Stored execution record: exec_1769772346_573b5cfb
DEBUG  Schema validation passed for full_checkout_context
DEBUG  JSONLogic condition evaluated to: True
DEBUG Stored execution record: exec_1769772346_a96c9f1b
DEBUG  Schema validation passed for full_checkout_context
DEBUG  JSONLogic condition evaluated to: True
DEBUG Stored execution record: exec_1769772346_b57202c2
DEBUG  Schema validation passed for full_checkout_context
DEBUG  JSONLogic condition evaluated to: True
DEBUG Stored execution record: exec_1769772346_ae3d69bd
DEBUG  Schema validation passed for full_checkout_context
DEBUG  JSONLogic condition evaluated to: True
DEBUG Stored execution record: exec_1769772346_828909f9
DEBUG Cache hit for rules:checkout_terms: 10 rules
DEBUG  Schema validation passed for full_checkout_context
DEBUG  JSONLogic condition evaluated to: True
DEBUG Stored execution record: exec_1769772346_c98775cd
DEBUG  Schema validation passed for full_checkout_context
DEBUG  JSONLogic condition evaluated to: True
DEBUG Stored execution record: exec_1769772346_f481ca46
DEBUG  Schema validation passed for full_checkout_context
DEBUG  JSONLogic condition evaluated to: True
DEBUG Stored execution record: exec_1769772346_d4e56484
DEBUG  Schema validation passed for full_checkout_context
DEBUG  JSONLogic condition evaluated to: True
DEBUG Stored execution record: exec_1769772346_aa6cb0ed
DEBUG  Schema validation passed for full_checkout_context
DEBUG  JSONLogic condition evaluated to: True
DEBUG Stored execution record: exec_1769772346_b5d2b49c
DEBUG  Schema validation passed for full_checkout_context
DEBUG  JSONLogic condition evaluated to: True
DEBUG Stored execution record: exec_1769772346_3b617118
DEBUG  Schema validation passed for full_checkout_context
DEBUG  JSONLogic condition evaluated to: True
DEBUG Stored execution record: exec_1769772346_21177b5a
DEBUG  Schema validation passed for full_checkout_context
DEBUG  JSONLogic condition evaluated to: True
DEBUG Stored execution record: exec_1769772346_5f8e3499
DEBUG  Schema validation passed for full_checkout_context
DEBUG  JSONLogic condition evaluated to: True
DEBUG Stored execution record: exec_1769772346_d329891b
DEBUG  Schema validation passed for full_checkout_context
DEBUG  JSONLogic condition evaluated to: True
DEBUG Stored execution record: exec_1769772346_d8eacba2
DEBUG Cache hit for rules:checkout_terms: 10 rules
DEBUG  Schema validation passed for full_checkout_context
DEBUG  JSONLogic condition evaluated to: True
DEBUG Stored execution record: exec_1769772346_0258347c
DEBUG  Schema validation passed for full_checkout_context
DEBUG  JSONLogic condition evaluated to: True
DEBUG Stored execution record: exec_1769772346_2d96e20a
DEBUG  Schema validation passed for full_checkout_context
DEBUG  JSONLogic condition evaluated to: True
DEBUG Stored execution record: exec_1769772346_f7d764eb
DEBUG  Schema validation passed for full_checkout_context
DEBUG  JSONLogic condition evaluated to: True
DEBUG Stored execution record: exec_1769772346_994c10f3
DEBUG  Schema validation passed for full_checkout_context
DEBUG  JSONLogic condition evaluated to: True
DEBUG Stored execution record: exec_1769772346_c3d33675
DEBUG  Schema validation passed for full_checkout_context
DEBUG  JSONLogic condition evaluated to: True
DEBUG Stored execution record: exec_1769772346_d167d335
DEBUG  Schema validation passed for full_checkout_context
DEBUG  JSONLogic condition evaluated to: True
DEBUG Stored execution record: exec_1769772346_3837cfbe
DEBUG  Schema validation passed for full_checkout_context
DEBUG  JSONLogic condition evaluated to: True
DEBUG Stored execution record: exec_1769772346_6e024603
DEBUG  Schema validation passed for full_checkout_context
DEBUG  JSONLogic condition evaluated to: True
DEBUG Stored execution record: exec_1769772346_8c311a7a
DEBUG  Schema validation passed for full_checkout_context
DEBUG  JSONLogic condition evaluated to: True
DEBUG Stored execution record: exec_1769772346_a91a5625
DEBUG Cache hit for rules:checkout_terms: 10 rules
DEBUG  Schema validation passed for full_checkout_context
DEBUG  JSONLogic condition evaluated to: True
DEBUG Stored execution record: exec_1769772346_de17923b
DEBUG  Schema validation passed for full_checkout_context
DEBUG  JSONLogic condition evaluated to: True
DEBUG Stored execution record: exec_1769772346_d953a9f3
DEBUG  Schema validation passed for full_checkout_context
DEBUG  JSONLogic condition evaluated to: True
DEBUG Stored execution record: exec_1769772346_33815cc9
DEBUG  Schema validation passed for full_checkout_context
DEBUG  JSONLogic condition evaluated to: True
DEBUG Stored execution record: exec_1769772346_e0e22baf
DEBUG  Schema validation passed for full_checkout_context
DEBUG  JSONLogic condition evaluated to: True
DEBUG Stored execution record: exec_1769772346_a22da060
DEBUG  Schema validation passed for full_checkout_context
DEBUG  JSONLogic condition evaluated to: True
DEBUG Stored execution record: exec_1769772346_48c4c1f4
DEBUG  Schema validation passed for full_checkout_context
DEBUG  JSONLogic condition evaluated to: True
DEBUG Stored execution record: exec_1769772346_3fbe0ea8
DEBUG  Schema validation passed for full_checkout_context
DEBUG  JSONLogic condition evaluated to: True
DEBUG Stored execution record: exec_1769772346_4d896bfc
DEBUG  Schema validation passed for full_checkout_context
DEBUG  JSONLogic condition evaluated to: True
DEBUG Stored execution record: exec_1769772346_0bc74ccb
DEBUG  Schema validation passed for full_checkout_context
DEBUG  JSONLogic condition evaluated to: True
DEBUG Stored execution record: exec_1769772346_a657c3a6
DEBUG Cache hit for rules:checkout_terms: 10 rules
DEBUG  Schema validation passed for full_checkout_context
DEBUG  JSONLogic condition evaluated to: True
DEBUG Stored execution record: exec_1769772346_f71f0513
DEBUG  Schema validation passed for full_checkout_context
DEBUG  JSONLogic condition evaluated to: True
DEBUG Stored execution record: exec_1769772346_add6bc9c
DEBUG  Schema validation passed for full_checkout_context
DEBUG  JSONLogic condition evaluated to: True
DEBUG Stored execution record: exec_1769772346_84a1d02c
DEBUG  Schema validation passed for full_checkout_context
DEBUG  JSONLogic condition evaluated to: True
DEBUG Stored execution record: exec_1769772346_4964ebd5
DEBUG  Schema validation passed for full_checkout_context
DEBUG  JSONLogic condition evaluated to: True
DEBUG Stored execution record: exec_1769772346_5742b715
DEBUG  Schema validation passed for full_checkout_context
DEBUG  JSONLogic condition evaluated to: True
DEBUG Stored execution record: exec_1769772346_e45ef343
DEBUG  Schema validation passed for full_checkout_context
DEBUG  JSONLogic condition evaluated to: True
DEBUG Stored execution record: exec_1769772346_827b1dc8
DEBUG  Schema validation passed for full_checkout_context
DEBUG  JSONLogic condition evaluated to: True
DEBUG Stored execution record: exec_1769772346_feab9a11
DEBUG  Schema validation passed for full_checkout_context
DEBUG  JSONLogic condition evaluated to: True
DEBUG Stored execution record: exec_1769772347_ed82bec4
DEBUG  Schema validation passed for full_checkout_context
DEBUG  JSONLogic condition evaluated to: True
DEBUG Stored execution record: exec_1769772347_c3d2d402
DEBUG Cache hit for rules:checkout_terms: 10 rules
DEBUG  Schema validation passed for full_checkout_context
DEBUG  JSONLogic condition evaluated to: True
DEBUG Stored execution record: exec_1769772347_b6fbde62
DEBUG  Schema validation passed for full_checkout_context
DEBUG  JSONLogic condition evaluated to: True
DEBUG Stored execution record: exec_1769772347_e5a8659b
DEBUG  Schema validation passed for full_checkout_context
DEBUG  JSONLogic condition evaluated to: True
DEBUG Stored execution record: exec_1769772347_6ca9c6d3
DEBUG  Schema validation passed for full_checkout_context
DEBUG  JSONLogic condition evaluated to: True
DEBUG Stored execution record: exec_1769772347_e2f7dd54
DEBUG  Schema validation passed for full_checkout_context
DEBUG  JSONLogic condition evaluated to: True
DEBUG Stored execution record: exec_1769772347_851cd534
DEBUG  Schema validation passed for full_checkout_context
DEBUG  JSONLogic condition evaluated to: True
DEBUG Stored execution record: exec_1769772347_d9857b97
DEBUG  Schema validation passed for full_checkout_context
DEBUG  JSONLogic condition evaluated to: True
DEBUG Stored execution record: exec_1769772347_21c44df2
DEBUG  Schema validation passed for full_checkout_context
DEBUG  JSONLogic condition evaluated to: True
DEBUG Stored execution record: exec_1769772347_bd8cc7da
DEBUG  Schema validation passed for full_checkout_context
DEBUG  JSONLogic condition evaluated to: True
DEBUG Stored execution record: exec_1769772347_bcebc7fa
DEBUG  Schema validation passed for full_checkout_context
DEBUG  JSONLogic condition evaluated to: True
DEBUG Stored execution record: exec_1769772347_0ed7cc8f
DEBUG Cache hit for rules:checkout_terms: 10 rules
DEBUG  Schema validation passed for full_checkout_context
DEBUG  JSONLogic condition evaluated to: True
DEBUG Stored execution record: exec_1769772347_bc8b2f25
DEBUG  Schema validation passed for full_checkout_context
DEBUG  JSONLogic condition evaluated to: True
DEBUG Stored execution record: exec_1769772347_b5317864
DEBUG  Schema validation passed for full_checkout_context
DEBUG  JSONLogic condition evaluated to: True
DEBUG Stored execution record: exec_1769772347_5b52b556
DEBUG  Schema validation passed for full_checkout_context
DEBUG  JSONLogic condition evaluated to: True
DEBUG Stored execution record: exec_1769772347_4110533b
DEBUG  Schema validation passed for full_checkout_context
DEBUG  JSONLogic condition evaluated to: True
DEBUG Stored execution record: exec_1769772347_20e1ec8d
DEBUG  Schema validation passed for full_checkout_context
DEBUG  JSONLogic condition evaluated to: True
DEBUG Stored execution record: exec_1769772347_58a45605
DEBUG  Schema validation passed for full_checkout_context
DEBUG  JSONLogic condition evaluated to: True
DEBUG Stored execution record: exec_1769772347_03d3f3be
DEBUG  Schema validation passed for full_checkout_context
DEBUG  JSONLogic condition evaluated to: True
DEBUG Stored execution record: exec_1769772347_1569c686
DEBUG  Schema validation passed for full_checkout_context
DEBUG  JSONLogic condition evaluated to: True
DEBUG Stored execution record: exec_1769772347_844d22b2
DEBUG  Schema validation passed for full_checkout_context
DEBUG  JSONLogic condition evaluated to: True
DEBUG Stored execution record: exec_1769772347_7aa22019
DEBUG Cache hit for rules:checkout_terms: 10 rules
DEBUG  Schema validation passed for full_checkout_context
DEBUG  JSONLogic condition evaluated to: True
DEBUG Stored execution record: exec_1769772347_d69af076
DEBUG  Schema validation passed for full_checkout_context
DEBUG  JSONLogic condition evaluated to: True
DEBUG Stored execution record: exec_1769772347_4fe15768
DEBUG  Schema validation passed for full_checkout_context
DEBUG  JSONLogic condition evaluated to: True
DEBUG Stored execution record: exec_1769772347_04438fd8
DEBUG  Schema validation passed for full_checkout_context
DEBUG  JSONLogic condition evaluated to: True
DEBUG Stored execution record: exec_1769772347_b405510a
DEBUG  Schema validation passed for full_checkout_context
DEBUG  JSONLogic condition evaluated to: True
DEBUG Stored execution record: exec_1769772347_55304d7f
DEBUG  Schema validation passed for full_checkout_context
DEBUG  JSONLogic condition evaluated to: True
DEBUG Stored execution record: exec_1769772347_74281bc5
DEBUG  Schema validation passed for full_checkout_context
DEBUG  JSONLogic condition evaluated to: True
DEBUG Stored execution record: exec_1769772347_672ccd14
DEBUG  Schema validation passed for full_checkout_context
DEBUG  JSONLogic condition evaluated to: True
DEBUG Stored execution record: exec_1769772347_4a536a6f
DEBUG  Schema validation passed for full_checkout_context
DEBUG  JSONLogic condition evaluated to: True
DEBUG Stored execution record: exec_1769772347_f64e1b1e
DEBUG  Schema validation passed for full_checkout_context
DEBUG  JSONLogic condition evaluated to: True
DEBUG Stored execution record: exec_1769772347_f70ed65b
DEBUG Cache hit for rules:checkout_terms: 10 rules
DEBUG  Schema validation passed for full_checkout_context
DEBUG  JSONLogic condition evaluated to: True
DEBUG Stored execution record: exec_1769772347_856de759
DEBUG  Schema validation passed for full_checkout_context
DEBUG  JSONLogic condition evaluated to: True
DEBUG Stored execution record: exec_1769772347_5aa0d1be
DEBUG  Schema validation passed for full_checkout_context
DEBUG  JSONLogic condition evaluated to: True
DEBUG Stored execution record: exec_1769772347_7f0ad7a0
DEBUG  Schema validation passed for full_checkout_context
DEBUG  JSONLogic condition evaluated to: True
DEBUG Stored execution record: exec_1769772347_994cf5b0
DEBUG  Schema validation passed for full_checkout_context
DEBUG  JSONLogic condition evaluated to: True
DEBUG Stored execution record: exec_1769772347_210b1b0c
DEBUG  Schema validation passed for full_checkout_context
DEBUG  JSONLogic condition evaluated to: True
DEBUG Stored execution record: exec_1769772347_c64ab860
DEBUG  Schema validation passed for full_checkout_context
DEBUG  JSONLogic condition evaluated to: True
DEBUG Stored execution record: exec_1769772347_5c0135ae
DEBUG  Schema validation passed for full_checkout_context
DEBUG  JSONLogic condition evaluated to: True
DEBUG Stored execution record: exec_1769772347_7c4365f1
DEBUG  Schema validation passed for full_checkout_context
DEBUG  JSONLogic condition evaluated to: True
DEBUG Stored execution record: exec_1769772347_56226fda
DEBUG  Schema validation passed for full_checkout_context
DEBUG  JSONLogic condition evaluated to: True
DEBUG Stored execution record: exec_1769772347_d6266c21
DEBUG Cache hit for rules:checkout_terms: 10 rules
DEBUG  Schema validation passed for full_checkout_context
DEBUG  JSONLogic condition evaluated to: True
DEBUG Stored execution record: exec_1769772347_1f883fbb
DEBUG  Schema validation passed for full_checkout_context
DEBUG  JSONLogic condition evaluated to: True
DEBUG Stored execution record: exec_1769772347_91f3d6b6
DEBUG  Schema validation passed for full_checkout_context
DEBUG  JSONLogic condition evaluated to: True
DEBUG Stored execution record: exec_1769772347_4b389bc5
DEBUG  Schema validation passed for full_checkout_context
DEBUG  JSONLogic condition evaluated to: True
DEBUG Stored execution record: exec_1769772347_91e6d0df
DEBUG  Schema validation passed for full_checkout_context
DEBUG  JSONLogic condition evaluated to: True
DEBUG Stored execution record: exec_1769772347_c2014afd
DEBUG  Schema validation passed for full_checkout_context
DEBUG  JSONLogic condition evaluated to: True
DEBUG Stored execution record: exec_1769772347_063bdf88
DEBUG  Schema validation passed for full_checkout_context
DEBUG  JSONLogic condition evaluated to: True
DEBUG Stored execution record: exec_1769772347_7c9f8458
DEBUG  Schema validation passed for full_checkout_context
DEBUG  JSONLogic condition evaluated to: True
DEBUG Stored execution record: exec_1769772347_7d364815
DEBUG  Schema validation passed for full_checkout_context
DEBUG  JSONLogic condition evaluated to: True
DEBUG Stored execution record: exec_1769772347_9e74f63f
DEBUG  Schema validation passed for full_checkout_context
DEBUG  JSONLogic condition evaluated to: True
DEBUG Stored execution record: exec_1769772347_64b9a159
DEBUG Cache hit for rules:checkout_terms: 10 rules
DEBUG  Schema validation passed for full_checkout_context
DEBUG  JSONLogic condition evaluated to: True
DEBUG Stored execution record: exec_1769772347_4b2a47de
DEBUG  Schema validation passed for full_checkout_context
DEBUG  JSONLogic condition evaluated to: True
DEBUG Stored execution record: exec_1769772347_d2a1ab00
DEBUG  Schema validation passed for full_checkout_context
DEBUG  JSONLogic condition evaluated to: True
DEBUG Stored execution record: exec_1769772347_78d3efa9
DEBUG  Schema validation passed for full_checkout_context
DEBUG  JSONLogic condition evaluated to: True
DEBUG Stored execution record: exec_1769772347_8191c117
DEBUG  Schema validation passed for full_checkout_context
DEBUG  JSONLogic condition evaluated to: True
DEBUG Stored execution record: exec_1769772347_a8f907e4
DEBUG  Schema validation passed for full_checkout_context
DEBUG  JSONLogic condition evaluated to: True
DEBUG Stored execution record: exec_1769772347_314d47f5
DEBUG  Schema validation passed for full_checkout_context
DEBUG  JSONLogic condition evaluated to: True
DEBUG Stored execution record: exec_1769772347_19084374
DEBUG  Schema validation passed for full_checkout_context
DEBUG  JSONLogic condition evaluated to: True
DEBUG Stored execution record: exec_1769772347_a2ecb250
DEBUG  Schema validation passed for full_checkout_context
DEBUG  JSONLogic condition evaluated to: True
DEBUG Stored execution record: exec_1769772347_918e4c50
DEBUG  Schema validation passed for full_checkout_context
DEBUG  JSONLogic condition evaluated to: True
DEBUG Stored execution record: exec_1769772347_fe18c965
DEBUG Cache hit for rules:checkout_terms: 10 rules
DEBUG  Schema validation passed for full_checkout_context
DEBUG  JSONLogic condition evaluated to: True
DEBUG Stored execution record: exec_1769772347_eea5172b
DEBUG  Schema validation passed for full_checkout_context
DEBUG  JSONLogic condition evaluated to: True
DEBUG Stored execution record: exec_1769772347_5e415ffe
DEBUG  Schema validation passed for full_checkout_context
DEBUG  JSONLogic condition evaluated to: True
DEBUG Stored execution record: exec_1769772347_1174867f
DEBUG  Schema validation passed for full_checkout_context
DEBUG  JSONLogic condition evaluated to: True
DEBUG Stored execution record: exec_1769772347_a6973b33
DEBUG  Schema validation passed for full_checkout_context
DEBUG  JSONLogic condition evaluated to: True
DEBUG Stored execution record: exec_1769772347_5ad7ed02
DEBUG  Schema validation passed for full_checkout_context
DEBUG  JSONLogic condition evaluated to: True
DEBUG Stored execution record: exec_1769772347_4137a51d
DEBUG  Schema validation passed for full_checkout_context
DEBUG  JSONLogic condition evaluated to: True
DEBUG Stored execution record: exec_1769772347_859b4c37
DEBUG  Schema validation passed for full_checkout_context
DEBUG  JSONLogic condition evaluated to: True
DEBUG Stored execution record: exec_1769772347_7d6d6682
DEBUG  Schema validation passed for full_checkout_context
DEBUG  JSONLogic condition evaluated to: True
DEBUG Stored execution record: exec_1769772347_370ed489
DEBUG  Schema validation passed for full_checkout_context
DEBUG  JSONLogic condition evaluated to: True
DEBUG Stored execution record: exec_1769772347_94eccba3
DEBUG Cache hit for rules:checkout_terms: 10 rules
DEBUG  Schema validation passed for full_checkout_context
DEBUG  JSONLogic condition evaluated to: True
DEBUG Stored execution record: exec_1769772347_957eedfb
DEBUG  Schema validation passed for full_checkout_context
DEBUG  JSONLogic condition evaluated to: True
DEBUG Stored execution record: exec_1769772347_eb081b09
DEBUG  Schema validation passed for full_checkout_context
DEBUG  JSONLogic condition evaluated to: True
DEBUG Stored execution record: exec_1769772347_12aeca2a
DEBUG  Schema validation passed for full_checkout_context
DEBUG  JSONLogic condition evaluated to: True
DEBUG Stored execution record: exec_1769772347_b6376b61
DEBUG  Schema validation passed for full_checkout_context
DEBUG  JSONLogic condition evaluated to: True
DEBUG Stored execution record: exec_1769772347_4f7216f4
DEBUG  Schema validation passed for full_checkout_context
DEBUG  JSONLogic condition evaluated to: True
DEBUG Stored execution record: exec_1769772347_2ac06edb
DEBUG  Schema validation passed for full_checkout_context
DEBUG  JSONLogic condition evaluated to: True
DEBUG Stored execution record: exec_1769772347_0bc599cd
DEBUG  Schema validation passed for full_checkout_context
DEBUG  JSONLogic condition evaluated to: True
DEBUG Stored execution record: exec_1769772347_b7d01e69
DEBUG  Schema validation passed for full_checkout_context
DEBUG  JSONLogic condition evaluated to: True
DEBUG Stored execution record: exec_1769772347_dc603eaa
DEBUG  Schema validation passed for full_checkout_context
DEBUG  JSONLogic condition evaluated to: True
DEBUG Stored execution record: exec_1769772347_5bb66f76
DEBUG Cache hit for rules:checkout_terms: 10 rules
DEBUG  Schema validation passed for full_checkout_context
DEBUG  JSONLogic condition evaluated to: True
DEBUG Stored execution record: exec_1769772347_b56518d7
DEBUG  Schema validation passed for full_checkout_context
DEBUG  JSONLogic condition evaluated to: True
DEBUG Stored execution record: exec_1769772347_ec93f73d
DEBUG  Schema validation passed for full_checkout_context
DEBUG  JSONLogic condition evaluated to: True
DEBUG Stored execution record: exec_1769772347_d08591c9
DEBUG  Schema validation passed for full_checkout_context
DEBUG  JSONLogic condition evaluated to: True
DEBUG Stored execution record: exec_1769772347_2707edfb
DEBUG  Schema validation passed for full_checkout_context
DEBUG  JSONLogic condition evaluated to: True
DEBUG Stored execution record: exec_1769772347_e767f1ca
DEBUG  Schema validation passed for full_checkout_context
DEBUG  JSONLogic condition evaluated to: True
DEBUG Stored execution record: exec_1769772347_f6a3d549
DEBUG  Schema validation passed for full_checkout_context
DEBUG  JSONLogic condition evaluated to: True
DEBUG Stored execution record: exec_1769772347_2435da58
DEBUG  Schema validation passed for full_checkout_context
DEBUG  JSONLogic condition evaluated to: True
DEBUG Stored execution record: exec_1769772347_d8352994
DEBUG  Schema validation passed for full_checkout_context
DEBUG  JSONLogic condition evaluated to: True
DEBUG Stored execution record: exec_1769772347_3a7bca71
DEBUG  Schema validation passed for full_checkout_context
DEBUG  JSONLogic condition evaluated to: True
DEBUG Stored execution record: exec_1769772347_294538e2
DEBUG Cache hit for rules:checkout_terms: 10 rules
DEBUG  Schema validation passed for full_checkout_context
DEBUG  JSONLogic condition evaluated to: True
DEBUG Stored execution record: exec_1769772347_4ce988b3
DEBUG  Schema validation passed for full_checkout_context
DEBUG  JSONLogic condition evaluated to: True
DEBUG Stored execution record: exec_1769772347_10f489b8
DEBUG  Schema validation passed for full_checkout_context
DEBUG  JSONLogic condition evaluated to: True
DEBUG Stored execution record: exec_1769772347_37f01384
DEBUG  Schema validation passed for full_checkout_context
DEBUG  JSONLogic condition evaluated to: True
DEBUG Stored execution record: exec_1769772347_6ac50b32
DEBUG  Schema validation passed for full_checkout_context
DEBUG  JSONLogic condition evaluated to: True
DEBUG Stored execution record: exec_1769772347_df593146
DEBUG  Schema validation passed for full_checkout_context
DEBUG  JSONLogic condition evaluated to: True
DEBUG Stored execution record: exec_1769772347_37aedf47
DEBUG  Schema validation passed for full_checkout_context
DEBUG  JSONLogic condition evaluated to: True
DEBUG Stored execution record: exec_1769772347_9f16d45f
DEBUG  Schema validation passed for full_checkout_context
DEBUG  JSONLogic condition evaluated to: True
DEBUG Stored execution record: exec_1769772347_716ea755
DEBUG  Schema validation passed for full_checkout_context
DEBUG  JSONLogic condition evaluated to: True
DEBUG Stored execution record: exec_1769772347_42db0f7f
DEBUG  Schema validation passed for full_checkout_context
DEBUG  JSONLogic condition evaluated to: True
DEBUG Stored execution record: exec_1769772347_ef33d5d7
DEBUG Cache hit for rules:checkout_terms: 10 rules
DEBUG  Schema validation passed for full_checkout_context
DEBUG  JSONLogic condition evaluated to: True
DEBUG Stored execution record: exec_1769772347_a539dea8
DEBUG  Schema validation passed for full_checkout_context
DEBUG  JSONLogic condition evaluated to: True
DEBUG Stored execution record: exec_1769772347_4672acc7
DEBUG  Schema validation passed for full_checkout_context
DEBUG  JSONLogic condition evaluated to: True
DEBUG Stored execution record: exec_1769772347_da9609a1
DEBUG  Schema validation passed for full_checkout_context
DEBUG  JSONLogic condition evaluated to: True
DEBUG Stored execution record: exec_1769772347_21b27a6d
DEBUG  Schema validation passed for full_checkout_context
DEBUG  JSONLogic condition evaluated to: True
DEBUG Stored execution record: exec_1769772347_32d410b5
DEBUG  Schema validation passed for full_checkout_context
DEBUG  JSONLogic condition evaluated to: True
DEBUG Stored execution record: exec_1769772347_2627d219
DEBUG  Schema validation passed for full_checkout_context
DEBUG  JSONLogic condition evaluated to: True
DEBUG Stored execution record: exec_1769772347_16eb80d0
DEBUG  Schema validation passed for full_checkout_context
DEBUG  JSONLogic condition evaluated to: True
DEBUG Stored execution record: exec_1769772347_125b028c
DEBUG  Schema validation passed for full_checkout_context
DEBUG  JSONLogic condition evaluated to: True
DEBUG Stored execution record: exec_1769772347_11e48e1c
DEBUG  Schema validation passed for full_checkout_context
DEBUG  JSONLogic condition evaluated to: True
DEBUG Stored execution record: exec_1769772347_5bf9a652
DEBUG Cache hit for rules:checkout_terms: 10 rules
DEBUG  Schema validation passed for full_checkout_context
DEBUG  JSONLogic condition evaluated to: True
DEBUG Stored execution record: exec_1769772347_97f28bc1
DEBUG  Schema validation passed for full_checkout_context
DEBUG  JSONLogic condition evaluated to: True
DEBUG Stored execution record: exec_1769772347_fef4a332
DEBUG  Schema validation passed for full_checkout_context
DEBUG  JSONLogic condition evaluated to: True
DEBUG Stored execution record: exec_1769772347_d62c8922
DEBUG  Schema validation passed for full_checkout_context
DEBUG  JSONLogic condition evaluated to: True
DEBUG Stored execution record: exec_1769772347_be876fb7
DEBUG  Schema validation passed for full_checkout_context
DEBUG  JSONLogic condition evaluated to: True
DEBUG Stored execution record: exec_1769772347_5bd6a3a9
DEBUG  Schema validation passed for full_checkout_context
DEBUG  JSONLogic condition evaluated to: True
DEBUG Stored execution record: exec_1769772347_e92a1393
DEBUG  Schema validation passed for full_checkout_context
DEBUG  JSONLogic condition evaluated to: True
DEBUG Stored execution record: exec_1769772347_291012f5
DEBUG  Schema validation passed for full_checkout_context
DEBUG  JSONLogic condition evaluated to: True
DEBUG Stored execution record: exec_1769772347_2b4f2941
DEBUG  Schema validation passed for full_checkout_context
DEBUG  JSONLogic condition evaluated to: True
DEBUG Stored execution record: exec_1769772347_9f7e108a
DEBUG  Schema validation passed for full_checkout_context
DEBUG  JSONLogic condition evaluated to: True
DEBUG Stored execution record: exec_1769772347_eaebbca1
DEBUG Cache hit for rules:checkout_terms: 10 rules
DEBUG  Schema validation passed for full_checkout_context
DEBUG  JSONLogic condition evaluated to: True
DEBUG Stored execution record: exec_1769772347_a721a9d1
DEBUG  Schema validation passed for full_checkout_context
DEBUG  JSONLogic condition evaluated to: True
DEBUG Stored execution record: exec_1769772347_5da130f8
DEBUG  Schema validation passed for full_checkout_context
DEBUG  JSONLogic condition evaluated to: True
DEBUG Stored execution record: exec_1769772347_aac48c50
DEBUG  Schema validation passed for full_checkout_context
DEBUG  JSONLogic condition evaluated to: True
DEBUG Stored execution record: exec_1769772347_c17e363f
DEBUG  Schema validation passed for full_checkout_context
DEBUG  JSONLogic condition evaluated to: True
DEBUG Stored execution record: exec_1769772347_6b71eee2
DEBUG  Schema validation passed for full_checkout_context
DEBUG  JSONLogic condition evaluated to: True
DEBUG Stored execution record: exec_1769772347_1c8e68ef
DEBUG  Schema validation passed for full_checkout_context
DEBUG  JSONLogic condition evaluated to: True
DEBUG Stored execution record: exec_1769772347_c2400e07
DEBUG  Schema validation passed for full_checkout_context
DEBUG  JSONLogic condition evaluated to: True
DEBUG Stored execution record: exec_1769772347_17f07529
DEBUG  Schema validation passed for full_checkout_context
DEBUG  JSONLogic condition evaluated to: True
DEBUG Stored execution record: exec_1769772347_c37357f7
DEBUG  Schema validation passed for full_checkout_context
DEBUG  JSONLogic condition evaluated to: True
DEBUG Stored execution record: exec_1769772347_f72a5117
DEBUG Cache hit for rules:checkout_terms: 10 rules
DEBUG  Schema validation passed for full_checkout_context
DEBUG  JSONLogic condition evaluated to: True
DEBUG Stored execution record: exec_1769772347_93b98edf
DEBUG  Schema validation passed for full_checkout_context
DEBUG  JSONLogic condition evaluated to: True
DEBUG Stored execution record: exec_1769772347_06c00e6d
DEBUG  Schema validation passed for full_checkout_context
DEBUG  JSONLogic condition evaluated to: True
DEBUG Stored execution record: exec_1769772347_39b0b5cc
DEBUG  Schema validation passed for full_checkout_context
DEBUG  JSONLogic condition evaluated to: True
DEBUG Stored execution record: exec_1769772347_f344c46e
DEBUG  Schema validation passed for full_checkout_context
DEBUG  JSONLogic condition evaluated to: True
DEBUG Stored execution record: exec_1769772347_4d3340c5
DEBUG  Schema validation passed for full_checkout_context
DEBUG  JSONLogic condition evaluated to: True
DEBUG Stored execution record: exec_1769772347_efd7e958
DEBUG  Schema validation passed for full_checkout_context
DEBUG  JSONLogic condition evaluated to: True
DEBUG Stored execution record: exec_1769772347_a92526a1
DEBUG  Schema validation passed for full_checkout_context
DEBUG  JSONLogic condition evaluated to: True
DEBUG Stored execution record: exec_1769772347_2193867b
DEBUG  Schema validation passed for full_checkout_context
DEBUG  JSONLogic condition evaluated to: True
DEBUG Stored execution record: exec_1769772347_3f73e949
DEBUG  Schema validation passed for full_checkout_context
DEBUG  JSONLogic condition evaluated to: True
DEBUG Stored execution record: exec_1769772347_0838bf36
DEBUG Cache hit for rules:checkout_terms: 10 rules
DEBUG  Schema validation passed for full_checkout_context
DEBUG  JSONLogic condition evaluated to: True
DEBUG Stored execution record: exec_1769772347_98b9ca8f
DEBUG  Schema validation passed for full_checkout_context
DEBUG  JSONLogic condition evaluated to: True
DEBUG Stored execution record: exec_1769772347_71c4f223
DEBUG  Schema validation passed for full_checkout_context
DEBUG  JSONLogic condition evaluated to: True
DEBUG Stored execution record: exec_1769772347_89759496
DEBUG  Schema validation passed for full_checkout_context
DEBUG  JSONLogic condition evaluated to: True
DEBUG Stored execution record: exec_1769772347_2b27a87f
DEBUG  Schema validation passed for full_checkout_context
DEBUG  JSONLogic condition evaluated to: True
DEBUG Stored execution record: exec_1769772347_f7c41438
DEBUG  Schema validation passed for full_checkout_context
DEBUG  JSONLogic condition evaluated to: True
DEBUG Stored execution record: exec_1769772347_9bfe100a
DEBUG  Schema validation passed for full_checkout_context
DEBUG  JSONLogic condition evaluated to: True
DEBUG Stored execution record: exec_1769772347_6192e3d6
DEBUG  Schema validation passed for full_checkout_context
DEBUG  JSONLogic condition evaluated to: True
DEBUG Stored execution record: exec_1769772347_98203ba1
DEBUG  Schema validation passed for full_checkout_context
DEBUG  JSONLogic condition evaluated to: True
DEBUG Stored execution record: exec_1769772347_5c5ae0d6
DEBUG  Schema validation passed for full_checkout_context
DEBUG  JSONLogic condition evaluated to: True
DEBUG Stored execution record: exec_1769772347_16bf7ae4
DEBUG Cache hit for rules:checkout_terms: 10 rules
DEBUG  Schema validation passed for full_checkout_context
DEBUG  JSONLogic condition evaluated to: True
DEBUG Stored execution record: exec_1769772347_e13dff67
DEBUG  Schema validation passed for full_checkout_context
DEBUG  JSONLogic condition evaluated to: True
DEBUG Stored execution record: exec_1769772347_c3bfd3a5
DEBUG  Schema validation passed for full_checkout_context
DEBUG  JSONLogic condition evaluated to: True
DEBUG Stored execution record: exec_1769772347_fba94178
DEBUG  Schema validation passed for full_checkout_context
DEBUG  JSONLogic condition evaluated to: True
DEBUG Stored execution record: exec_1769772347_4a8ef5a8
DEBUG  Schema validation passed for full_checkout_context
DEBUG  JSONLogic condition evaluated to: True
DEBUG Stored execution record: exec_1769772347_fb4f877b
DEBUG  Schema validation passed for full_checkout_context
DEBUG  JSONLogic condition evaluated to: True
DEBUG Stored execution record: exec_1769772347_b7e00f4a
DEBUG  Schema validation passed for full_checkout_context
DEBUG  JSONLogic condition evaluated to: True
DEBUG Stored execution record: exec_1769772347_9b666833
DEBUG  Schema validation passed for full_checkout_context
DEBUG  JSONLogic condition evaluated to: True
DEBUG Stored execution record: exec_1769772347_fb20093c
DEBUG  Schema validation passed for full_checkout_context
DEBUG  JSONLogic condition evaluated to: True
DEBUG Stored execution record: exec_1769772347_e111892a
DEBUG  Schema validation passed for full_checkout_context
DEBUG  JSONLogic condition evaluated to: True
DEBUG Stored execution record: exec_1769772347_12150c25
DEBUG Cache hit for rules:checkout_terms: 10 rules
DEBUG  Schema validation passed for full_checkout_context
DEBUG  JSONLogic condition evaluated to: True
DEBUG Stored execution record: exec_1769772347_9b60e329
DEBUG  Schema validation passed for full_checkout_context
DEBUG  JSONLogic condition evaluated to: True
DEBUG Stored execution record: exec_1769772347_031215f2
DEBUG  Schema validation passed for full_checkout_context
DEBUG  JSONLogic condition evaluated to: True
DEBUG Stored execution record: exec_1769772347_837db5d4
DEBUG  Schema validation passed for full_checkout_context
DEBUG  JSONLogic condition evaluated to: True
DEBUG Stored execution record: exec_1769772347_178f1be3
DEBUG  Schema validation passed for full_checkout_context
DEBUG  JSONLogic condition evaluated to: True
DEBUG Stored execution record: exec_1769772347_f1d31c47
DEBUG  Schema validation passed for full_checkout_context
DEBUG  JSONLogic condition evaluated to: True
DEBUG Stored execution record: exec_1769772347_0c6e46f5
DEBUG  Schema validation passed for full_checkout_context
DEBUG  JSONLogic condition evaluated to: True
DEBUG Stored execution record: exec_1769772347_5c24e84a
DEBUG  Schema validation passed for full_checkout_context
DEBUG  JSONLogic condition evaluated to: True
DEBUG Stored execution record: exec_1769772347_dfe9ded4
DEBUG  Schema validation passed for full_checkout_context
DEBUG  JSONLogic condition evaluated to: True
DEBUG Stored execution record: exec_1769772347_a39df3bb
DEBUG  Schema validation passed for full_checkout_context
DEBUG  JSONLogic condition evaluated to: True
DEBUG Stored execution record: exec_1769772347_1f42ac50
DEBUG Cache hit for rules:checkout_terms: 10 rules
DEBUG  Schema validation passed for full_checkout_context
DEBUG  JSONLogic condition evaluated to: True
DEBUG Stored execution record: exec_1769772347_0e839a6d
DEBUG  Schema validation passed for full_checkout_context
DEBUG  JSONLogic condition evaluated to: True
DEBUG Stored execution record: exec_1769772347_40874546
DEBUG  Schema validation passed for full_checkout_context
DEBUG  JSONLogic condition evaluated to: True
DEBUG Stored execution record: exec_1769772347_ee9f92b4
DEBUG  Schema validation passed for full_checkout_context
DEBUG  JSONLogic condition evaluated to: True
DEBUG Stored execution record: exec_1769772347_1a8f7983
DEBUG  Schema validation passed for full_checkout_context
DEBUG  JSONLogic condition evaluated to: True
DEBUG Stored execution record: exec_1769772347_630406c4
DEBUG  Schema validation passed for full_checkout_context
DEBUG  JSONLogic condition evaluated to: True
DEBUG Stored execution record: exec_1769772347_459ae8f2
DEBUG  Schema validation passed for full_checkout_context
DEBUG  JSONLogic condition evaluated to: True
DEBUG Stored execution record: exec_1769772347_2c856ea2
DEBUG  Schema validation passed for full_checkout_context
DEBUG  JSONLogic condition evaluated to: True
DEBUG Stored execution record: exec_1769772347_34d1ec81
DEBUG  Schema validation passed for full_checkout_context
DEBUG  JSONLogic condition evaluated to: True
DEBUG Stored execution record: exec_1769772347_614098ea
DEBUG  Schema validation passed for full_checkout_context
DEBUG  JSONLogic condition evaluated to: True
DEBUG Stored execution record: exec_1769772347_54e59675
DEBUG Cache hit for rules:checkout_terms: 10 rules
DEBUG  Schema validation passed for full_checkout_context
DEBUG  JSONLogic condition evaluated to: True
DEBUG Stored execution record: exec_1769772347_6cdc902c
DEBUG  Schema validation passed for full_checkout_context
DEBUG  JSONLogic condition evaluated to: True
DEBUG Stored execution record: exec_1769772347_720c5b01
DEBUG  Schema validation passed for full_checkout_context
DEBUG  JSONLogic condition evaluated to: True
DEBUG Stored execution record: exec_1769772347_b7018d6f
DEBUG  Schema validation passed for full_checkout_context
DEBUG  JSONLogic condition evaluated to: True
DEBUG Stored execution record: exec_1769772347_bfe2624b
DEBUG  Schema validation passed for full_checkout_context
DEBUG  JSONLogic condition evaluated to: True
DEBUG Stored execution record: exec_1769772347_7d6c815b
DEBUG  Schema validation passed for full_checkout_context
DEBUG  JSONLogic condition evaluated to: True
DEBUG Stored execution record: exec_1769772347_4f94cf41
DEBUG  Schema validation passed for full_checkout_context
DEBUG  JSONLogic condition evaluated to: True
DEBUG Stored execution record: exec_1769772347_a170acc4
DEBUG  Schema validation passed for full_checkout_context
DEBUG  JSONLogic condition evaluated to: True
DEBUG Stored execution record: exec_1769772347_9add4ef9
DEBUG  Schema validation passed for full_checkout_context
DEBUG  JSONLogic condition evaluated to: True
DEBUG Stored execution record: exec_1769772347_d78f5c9b
DEBUG  Schema validation passed for full_checkout_context
DEBUG  JSONLogic condition evaluated to: True
DEBUG Stored execution record: exec_1769772347_0f444e7b
DEBUG Cache hit for rules:checkout_terms: 10 rules
DEBUG  Schema validation passed for full_checkout_context
DEBUG  JSONLogic condition evaluated to: True
DEBUG Stored execution record: exec_1769772348_4d08c7c1
DEBUG  Schema validation passed for full_checkout_context
DEBUG  JSONLogic condition evaluated to: True
DEBUG Stored execution record: exec_1769772348_6823fb95
DEBUG  Schema validation passed for full_checkout_context
DEBUG  JSONLogic condition evaluated to: True
DEBUG Stored execution record: exec_1769772348_87cd6261
DEBUG  Schema validation passed for full_checkout_context
DEBUG  JSONLogic condition evaluated to: True
DEBUG Stored execution record: exec_1769772348_ff7c7c29
DEBUG  Schema validation passed for full_checkout_context
DEBUG  JSONLogic condition evaluated to: True
DEBUG Stored execution record: exec_1769772348_e4b6745f
DEBUG  Schema validation passed for full_checkout_context
DEBUG  JSONLogic condition evaluated to: True
DEBUG Stored execution record: exec_1769772348_fa1e1320
DEBUG  Schema validation passed for full_checkout_context
DEBUG  JSONLogic condition evaluated to: True
DEBUG Stored execution record: exec_1769772348_741e3062
DEBUG  Schema validation passed for full_checkout_context
DEBUG  JSONLogic condition evaluated to: True
DEBUG Stored execution record: exec_1769772348_cf4bddd5
DEBUG  Schema validation passed for full_checkout_context
DEBUG  JSONLogic condition evaluated to: True
DEBUG Stored execution record: exec_1769772348_e0a6727d
DEBUG  Schema validation passed for full_checkout_context
DEBUG  JSONLogic condition evaluated to: True
DEBUG Stored execution record: exec_1769772348_0452c7d3
DEBUG Cache hit for rules:checkout_terms: 10 rules
DEBUG  Schema validation passed for full_checkout_context
DEBUG  JSONLogic condition evaluated to: True
DEBUG Stored execution record: exec_1769772348_44cfc1a7
DEBUG  Schema validation passed for full_checkout_context
DEBUG  JSONLogic condition evaluated to: True
DEBUG Stored execution record: exec_1769772348_81759c6e
DEBUG  Schema validation passed for full_checkout_context
DEBUG  JSONLogic condition evaluated to: True
DEBUG Stored execution record: exec_1769772348_eb11786e
DEBUG  Schema validation passed for full_checkout_context
DEBUG  JSONLogic condition evaluated to: True
DEBUG Stored execution record: exec_1769772348_92a8d8a0
DEBUG  Schema validation passed for full_checkout_context
DEBUG  JSONLogic condition evaluated to: True
DEBUG Stored execution record: exec_1769772348_5a723bfd
DEBUG  Schema validation passed for full_checkout_context
DEBUG  JSONLogic condition evaluated to: True
DEBUG Stored execution record: exec_1769772348_35758127
DEBUG  Schema validation passed for full_checkout_context
DEBUG  JSONLogic condition evaluated to: True
DEBUG Stored execution record: exec_1769772348_07b7cc6f
DEBUG  Schema validation passed for full_checkout_context
DEBUG  JSONLogic condition evaluated to: True
DEBUG Stored execution record: exec_1769772348_3b7e3753
DEBUG  Schema validation passed for full_checkout_context
DEBUG  JSONLogic condition evaluated to: True
DEBUG Stored execution record: exec_1769772348_75e6114f
DEBUG  Schema validation passed for full_checkout_context
DEBUG  JSONLogic condition evaluated to: True
DEBUG Stored execution record: exec_1769772348_e0446168
DEBUG Cache hit for rules:checkout_terms: 10 rules
DEBUG  Schema validation passed for full_checkout_context
DEBUG  JSONLogic condition evaluated to: True
DEBUG Stored execution record: exec_1769772348_4dd4d17d
DEBUG  Schema validation passed for full_checkout_context
DEBUG  JSONLogic condition evaluated to: True
DEBUG Stored execution record: exec_1769772348_001fd0a7
DEBUG  Schema validation passed for full_checkout_context
DEBUG  JSONLogic condition evaluated to: True
DEBUG Stored execution record: exec_1769772348_3d42af7f
DEBUG  Schema validation passed for full_checkout_context
DEBUG  JSONLogic condition evaluated to: True
DEBUG Stored execution record: exec_1769772348_b3c663bd
DEBUG  Schema validation passed for full_checkout_context
DEBUG  JSONLogic condition evaluated to: True
DEBUG Stored execution record: exec_1769772348_33ef31a3
DEBUG  Schema validation passed for full_checkout_context
DEBUG  JSONLogic condition evaluated to: True
DEBUG Stored execution record: exec_1769772348_4e740e2d
DEBUG  Schema validation passed for full_checkout_context
DEBUG  JSONLogic condition evaluated to: True
DEBUG Stored execution record: exec_1769772348_883f4d49
DEBUG  Schema validation passed for full_checkout_context
DEBUG  JSONLogic condition evaluated to: True
DEBUG Stored execution record: exec_1769772348_475ebc4a
DEBUG  Schema validation passed for full_checkout_context
DEBUG  JSONLogic condition evaluated to: True
DEBUG Stored execution record: exec_1769772348_69c7887f
DEBUG  Schema validation passed for full_checkout_context
DEBUG  JSONLogic condition evaluated to: True
DEBUG Stored execution record: exec_1769772348_7a1ad1e1
DEBUG Cache hit for rules:checkout_terms: 10 rules
DEBUG  Schema validation passed for full_checkout_context
DEBUG  JSONLogic condition evaluated to: True
DEBUG Stored execution record: exec_1769772348_5507c2b3
DEBUG  Schema validation passed for full_checkout_context
DEBUG  JSONLogic condition evaluated to: True
DEBUG Stored execution record: exec_1769772348_d4730a0f
DEBUG  Schema validation passed for full_checkout_context
DEBUG  JSONLogic condition evaluated to: True
DEBUG Stored execution record: exec_1769772348_45c80265
DEBUG  Schema validation passed for full_checkout_context
DEBUG  JSONLogic condition evaluated to: True
DEBUG Stored execution record: exec_1769772348_06de4bf5
DEBUG  Schema validation passed for full_checkout_context
DEBUG  JSONLogic condition evaluated to: True
DEBUG Stored execution record: exec_1769772348_532da1ed
DEBUG  Schema validation passed for full_checkout_context
DEBUG  JSONLogic condition evaluated to: True
DEBUG Stored execution record: exec_1769772348_1b1a9631
DEBUG  Schema validation passed for full_checkout_context
DEBUG  JSONLogic condition evaluated to: True
DEBUG Stored execution record: exec_1769772348_9ccfc0b2
DEBUG  Schema validation passed for full_checkout_context
DEBUG  JSONLogic condition evaluated to: True
DEBUG Stored execution record: exec_1769772348_f7fc1c3d
DEBUG  Schema validation passed for full_checkout_context
DEBUG  JSONLogic condition evaluated to: True
DEBUG Stored execution record: exec_1769772348_dc7fd5e3
DEBUG  Schema validation passed for full_checkout_context
DEBUG  JSONLogic condition evaluated to: True
DEBUG Stored execution record: exec_1769772348_dc91615d
DEBUG Cache hit for rules:checkout_terms: 10 rules
DEBUG  Schema validation passed for full_checkout_context
DEBUG  JSONLogic condition evaluated to: True
DEBUG Stored execution record: exec_1769772348_4f2af8f3
DEBUG  Schema validation passed for full_checkout_context
DEBUG  JSONLogic condition evaluated to: True
DEBUG Stored execution record: exec_1769772348_b2530cc3
DEBUG  Schema validation passed for full_checkout_context
DEBUG  JSONLogic condition evaluated to: True
DEBUG Stored execution record: exec_1769772348_045c57e6
DEBUG  Schema validation passed for full_checkout_context
DEBUG  JSONLogic condition evaluated to: True
DEBUG Stored execution record: exec_1769772348_c50f9772
DEBUG  Schema validation passed for full_checkout_context
DEBUG  JSONLogic condition evaluated to: True
DEBUG Stored execution record: exec_1769772348_752266fe
DEBUG  Schema validation passed for full_checkout_context
DEBUG  JSONLogic condition evaluated to: True
DEBUG Stored execution record: exec_1769772348_dbaa8a66
DEBUG  Schema validation passed for full_checkout_context
DEBUG  JSONLogic condition evaluated to: True
DEBUG Stored execution record: exec_1769772348_d37326c8
DEBUG  Schema validation passed for full_checkout_context
DEBUG  JSONLogic condition evaluated to: True
DEBUG Stored execution record: exec_1769772348_8eccabc5
DEBUG  Schema validation passed for full_checkout_context
DEBUG  JSONLogic condition evaluated to: True
DEBUG Stored execution record: exec_1769772348_9c41539d
DEBUG  Schema validation passed for full_checkout_context
DEBUG  JSONLogic condition evaluated to: True
DEBUG Stored execution record: exec_1769772348_37882ece
DEBUG Cache hit for rules:checkout_terms: 10 rules
DEBUG  Schema validation passed for full_checkout_context
DEBUG  JSONLogic condition evaluated to: True
DEBUG Stored execution record: exec_1769772348_8a695283
DEBUG  Schema validation passed for full_checkout_context
DEBUG  JSONLogic condition evaluated to: True
DEBUG Stored execution record: exec_1769772348_e7b75530
DEBUG  Schema validation passed for full_checkout_context
DEBUG  JSONLogic condition evaluated to: True
DEBUG Stored execution record: exec_1769772348_92b28706
DEBUG  Schema validation passed for full_checkout_context
DEBUG  JSONLogic condition evaluated to: True
DEBUG Stored execution record: exec_1769772348_f21941f7
DEBUG  Schema validation passed for full_checkout_context
DEBUG  JSONLogic condition evaluated to: True
DEBUG Stored execution record: exec_1769772348_83854ea2
DEBUG  Schema validation passed for full_checkout_context
DEBUG  JSONLogic condition evaluated to: True
DEBUG Stored execution record: exec_1769772348_acbb6745
DEBUG  Schema validation passed for full_checkout_context
DEBUG  JSONLogic condition evaluated to: True
DEBUG Stored execution record: exec_1769772348_59436903
DEBUG  Schema validation passed for full_checkout_context
DEBUG  JSONLogic condition evaluated to: True
DEBUG Stored execution record: exec_1769772348_9da56ca6
DEBUG  Schema validation passed for full_checkout_context
DEBUG  JSONLogic condition evaluated to: True
DEBUG Stored execution record: exec_1769772348_6aedbfa0
DEBUG  Schema validation passed for full_checkout_context
DEBUG  JSONLogic condition evaluated to: True
DEBUG Stored execution record: exec_1769772348_28c6469e
DEBUG Cache hit for rules:checkout_terms: 10 rules
DEBUG  Schema validation passed for full_checkout_context
DEBUG  JSONLogic condition evaluated to: True
DEBUG Stored execution record: exec_1769772348_cc084ebc
DEBUG  Schema validation passed for full_checkout_context
DEBUG  JSONLogic condition evaluated to: True
DEBUG Stored execution record: exec_1769772348_6136f0fc
DEBUG  Schema validation passed for full_checkout_context
DEBUG  JSONLogic condition evaluated to: True
DEBUG Stored execution record: exec_1769772348_1335eed8
DEBUG  Schema validation passed for full_checkout_context
DEBUG  JSONLogic condition evaluated to: True
DEBUG Stored execution record: exec_1769772348_affe2601
DEBUG  Schema validation passed for full_checkout_context
DEBUG  JSONLogic condition evaluated to: True
DEBUG Stored execution record: exec_1769772348_3b40f916
DEBUG  Schema validation passed for full_checkout_context
DEBUG  JSONLogic condition evaluated to: True
DEBUG Stored execution record: exec_1769772348_e4759e8c
DEBUG  Schema validation passed for full_checkout_context
DEBUG  JSONLogic condition evaluated to: True
DEBUG Stored execution record: exec_1769772348_46b152be
DEBUG  Schema validation passed for full_checkout_context
DEBUG  JSONLogic condition evaluated to: True
DEBUG Stored execution record: exec_1769772348_b0159fb8
DEBUG  Schema validation passed for full_checkout_context
DEBUG  JSONLogic condition evaluated to: True
DEBUG Stored execution record: exec_1769772348_8e8f7f25
DEBUG  Schema validation passed for full_checkout_context
DEBUG  JSONLogic condition evaluated to: True
DEBUG Stored execution record: exec_1769772348_6353f0b5
DEBUG Cache hit for rules:checkout_terms: 10 rules
DEBUG  Schema validation passed for full_checkout_context
DEBUG  JSONLogic condition evaluated to: True
DEBUG Stored execution record: exec_1769772348_d99008c4
DEBUG  Schema validation passed for full_checkout_context
DEBUG  JSONLogic condition evaluated to: True
DEBUG Stored execution record: exec_1769772348_32ee532b
DEBUG  Schema validation passed for full_checkout_context
DEBUG  JSONLogic condition evaluated to: True
DEBUG Stored execution record: exec_1769772348_279be844
DEBUG  Schema validation passed for full_checkout_context
DEBUG  JSONLogic condition evaluated to: True
DEBUG Stored execution record: exec_1769772348_6a95b60c
DEBUG  Schema validation passed for full_checkout_context
DEBUG  JSONLogic condition evaluated to: True
DEBUG Stored execution record: exec_1769772348_bef28dc5
DEBUG  Schema validation passed for full_checkout_context
DEBUG  JSONLogic condition evaluated to: True
DEBUG Stored execution record: exec_1769772348_5832c1a4
DEBUG  Schema validation passed for full_checkout_context
DEBUG  JSONLogic condition evaluated to: True
DEBUG Stored execution record: exec_1769772348_6e8ad9ef
DEBUG  Schema validation passed for full_checkout_context
DEBUG  JSONLogic condition evaluated to: True
DEBUG Stored execution record: exec_1769772348_6c932584
DEBUG  Schema validation passed for full_checkout_context
DEBUG  JSONLogic condition evaluated to: True
DEBUG Stored execution record: exec_1769772348_f9b17464
DEBUG  Schema validation passed for full_checkout_context
DEBUG  JSONLogic condition evaluated to: True
DEBUG Stored execution record: exec_1769772348_68b64255
DEBUG Cache hit for rules:checkout_terms: 10 rules
DEBUG  Schema validation passed for full_checkout_context
DEBUG  JSONLogic condition evaluated to: True
DEBUG Stored execution record: exec_1769772348_7f98efb6
DEBUG  Schema validation passed for full_checkout_context
DEBUG  JSONLogic condition evaluated to: True
DEBUG Stored execution record: exec_1769772348_0a07f0eb
DEBUG  Schema validation passed for full_checkout_context
DEBUG  JSONLogic condition evaluated to: True
DEBUG Stored execution record: exec_1769772348_6a812ae7
DEBUG  Schema validation passed for full_checkout_context
DEBUG  JSONLogic condition evaluated to: True
DEBUG Stored execution record: exec_1769772348_93007a7d
DEBUG  Schema validation passed for full_checkout_context
DEBUG  JSONLogic condition evaluated to: True
DEBUG Stored execution record: exec_1769772348_b56d2ce7
DEBUG  Schema validation passed for full_checkout_context
DEBUG  JSONLogic condition evaluated to: True
DEBUG Stored execution record: exec_1769772348_241464e5
DEBUG  Schema validation passed for full_checkout_context
DEBUG  JSONLogic condition evaluated to: True
DEBUG Stored execution record: exec_1769772348_82974c52
DEBUG  Schema validation passed for full_checkout_context
DEBUG  JSONLogic condition evaluated to: True
DEBUG Stored execution record: exec_1769772348_e33abd19
DEBUG  Schema validation passed for full_checkout_context
DEBUG  JSONLogic condition evaluated to: True
DEBUG Stored execution record: exec_1769772348_7352469d
DEBUG  Schema validation passed for full_checkout_context
DEBUG  JSONLogic condition evaluated to: True
DEBUG Stored execution record: exec_1769772348_9375eb16
DEBUG Cache hit for rules:checkout_terms: 10 rules
DEBUG  Schema validation passed for full_checkout_context
DEBUG  JSONLogic condition evaluated to: True
DEBUG Stored execution record: exec_1769772348_dfc0d211
DEBUG  Schema validation passed for full_checkout_context
DEBUG  JSONLogic condition evaluated to: True
DEBUG Stored execution record: exec_1769772348_8197f16e
DEBUG  Schema validation passed for full_checkout_context
DEBUG  JSONLogic condition evaluated to: True
DEBUG Stored execution record: exec_1769772348_5ac5c293
DEBUG  Schema validation passed for full_checkout_context
DEBUG  JSONLogic condition evaluated to: True
DEBUG Stored execution record: exec_1769772348_63d42730
DEBUG  Schema validation passed for full_checkout_context
DEBUG  JSONLogic condition evaluated to: True
DEBUG Stored execution record: exec_1769772348_513a7bd3
DEBUG  Schema validation passed for full_checkout_context
DEBUG  JSONLogic condition evaluated to: True
DEBUG Stored execution record: exec_1769772348_0e43d32d
DEBUG  Schema validation passed for full_checkout_context
DEBUG  JSONLogic condition evaluated to: True
DEBUG Stored execution record: exec_1769772348_9abae4e2
DEBUG  Schema validation passed for full_checkout_context
DEBUG  JSONLogic condition evaluated to: True
DEBUG Stored execution record: exec_1769772348_5e070083
DEBUG  Schema validation passed for full_checkout_context
DEBUG  JSONLogic condition evaluated to: True
DEBUG Stored execution record: exec_1769772348_4752b551
DEBUG  Schema validation passed for full_checkout_context
DEBUG  JSONLogic condition evaluated to: True
DEBUG Stored execution record: exec_1769772348_1d1b21b9
DEBUG Cache hit for rules:checkout_terms: 10 rules
DEBUG  Schema validation passed for full_checkout_context
DEBUG  JSONLogic condition evaluated to: True
DEBUG Stored execution record: exec_1769772348_d0dadab9
DEBUG  Schema validation passed for full_checkout_context
DEBUG  JSONLogic condition evaluated to: True
DEBUG Stored execution record: exec_1769772348_e5d24e56
DEBUG  Schema validation passed for full_checkout_context
DEBUG  JSONLogic condition evaluated to: True
DEBUG Stored execution record: exec_1769772348_2c22266e
DEBUG  Schema validation passed for full_checkout_context
DEBUG  JSONLogic condition evaluated to: True
DEBUG Stored execution record: exec_1769772348_1425134d
DEBUG  Schema validation passed for full_checkout_context
DEBUG  JSONLogic condition evaluated to: True
DEBUG Stored execution record: exec_1769772348_782a6beb
DEBUG  Schema validation passed for full_checkout_context
DEBUG  JSONLogic condition evaluated to: True
DEBUG Stored execution record: exec_1769772348_884930ce
DEBUG  Schema validation passed for full_checkout_context
DEBUG  JSONLogic condition evaluated to: True
DEBUG Stored execution record: exec_1769772348_0bc390c8
DEBUG  Schema validation passed for full_checkout_context
DEBUG  JSONLogic condition evaluated to: True
DEBUG Stored execution record: exec_1769772348_da7bade3
DEBUG  Schema validation passed for full_checkout_context
DEBUG  JSONLogic condition evaluated to: True
DEBUG Stored execution record: exec_1769772348_ef5e7fc9
DEBUG  Schema validation passed for full_checkout_context
DEBUG  JSONLogic condition evaluated to: True
DEBUG Stored execution record: exec_1769772348_308a0439
DEBUG Cache hit for rules:checkout_terms: 10 rules
DEBUG  Schema validation passed for full_checkout_context
DEBUG  JSONLogic condition evaluated to: True
DEBUG Stored execution record: exec_1769772348_a546dff7
DEBUG  Schema validation passed for full_checkout_context
DEBUG  JSONLogic condition evaluated to: True
DEBUG Stored execution record: exec_1769772348_df0ee8ab
DEBUG  Schema validation passed for full_checkout_context
DEBUG  JSONLogic condition evaluated to: True
DEBUG Stored execution record: exec_1769772348_cadf06e5
DEBUG  Schema validation passed for full_checkout_context
DEBUG  JSONLogic condition evaluated to: True
DEBUG Stored execution record: exec_1769772348_fe0eb69b
DEBUG  Schema validation passed for full_checkout_context
DEBUG  JSONLogic condition evaluated to: True
DEBUG Stored execution record: exec_1769772348_041dc49a
DEBUG  Schema validation passed for full_checkout_context
DEBUG  JSONLogic condition evaluated to: True
DEBUG Stored execution record: exec_1769772348_cc970217
DEBUG  Schema validation passed for full_checkout_context
DEBUG  JSONLogic condition evaluated to: True
DEBUG Stored execution record: exec_1769772348_6643f7b4
DEBUG  Schema validation passed for full_checkout_context
DEBUG  JSONLogic condition evaluated to: True
DEBUG Stored execution record: exec_1769772348_bc355027
DEBUG  Schema validation passed for full_checkout_context
DEBUG  JSONLogic condition evaluated to: True
DEBUG Stored execution record: exec_1769772348_c1a6b1c0
DEBUG  Schema validation passed for full_checkout_context
DEBUG  JSONLogic condition evaluated to: True
DEBUG Stored execution record: exec_1769772348_afe01c4a
DEBUG Cache hit for rules:checkout_terms: 10 rules
DEBUG  Schema validation passed for full_checkout_context
DEBUG  JSONLogic condition evaluated to: True
DEBUG Stored execution record: exec_1769772348_4bb722db
DEBUG  Schema validation passed for full_checkout_context
DEBUG  JSONLogic condition evaluated to: True
DEBUG Stored execution record: exec_1769772348_c7cf490e
DEBUG  Schema validation passed for full_checkout_context
DEBUG  JSONLogic condition evaluated to: True
DEBUG Stored execution record: exec_1769772348_d49c4c28
DEBUG  Schema validation passed for full_checkout_context
DEBUG  JSONLogic condition evaluated to: True
DEBUG Stored execution record: exec_1769772348_247cdb9b
DEBUG  Schema validation passed for full_checkout_context
DEBUG  JSONLogic condition evaluated to: True
DEBUG Stored execution record: exec_1769772348_2193b786
DEBUG  Schema validation passed for full_checkout_context
DEBUG  JSONLogic condition evaluated to: True
DEBUG Stored execution record: exec_1769772348_e2678a17
DEBUG  Schema validation passed for full_checkout_context
DEBUG  JSONLogic condition evaluated to: True
DEBUG Stored execution record: exec_1769772348_9a1045f1
DEBUG  Schema validation passed for full_checkout_context
DEBUG  JSONLogic condition evaluated to: True
DEBUG Stored execution record: exec_1769772348_c5a61df7
DEBUG  Schema validation passed for full_checkout_context
DEBUG  JSONLogic condition evaluated to: True
DEBUG Stored execution record: exec_1769772348_73fa2e46
DEBUG  Schema validation passed for full_checkout_context
DEBUG  JSONLogic condition evaluated to: True
DEBUG Stored execution record: exec_1769772348_6fa729d4
DEBUG Cache hit for rules:checkout_terms: 10 rules
DEBUG  Schema validation passed for full_checkout_context
DEBUG  JSONLogic condition evaluated to: True
DEBUG Stored execution record: exec_1769772348_2911a361
DEBUG  Schema validation passed for full_checkout_context
DEBUG  JSONLogic condition evaluated to: True
DEBUG Stored execution record: exec_1769772348_b9e49425
DEBUG  Schema validation passed for full_checkout_context
DEBUG  JSONLogic condition evaluated to: True
DEBUG Stored execution record: exec_1769772348_628a7360
DEBUG  Schema validation passed for full_checkout_context
DEBUG  JSONLogic condition evaluated to: True
DEBUG Stored execution record: exec_1769772348_bbc5eb67
DEBUG  Schema validation passed for full_checkout_context
DEBUG  JSONLogic condition evaluated to: True
DEBUG Stored execution record: exec_1769772348_87e7b788
DEBUG  Schema validation passed for full_checkout_context
DEBUG  JSONLogic condition evaluated to: True
DEBUG Stored execution record: exec_1769772348_2dde0553
DEBUG  Schema validation passed for full_checkout_context
DEBUG  JSONLogic condition evaluated to: True
DEBUG Stored execution record: exec_1769772348_463cd177
DEBUG  Schema validation passed for full_checkout_context
DEBUG  JSONLogic condition evaluated to: True
DEBUG Stored execution record: exec_1769772348_a0934f81
DEBUG  Schema validation passed for full_checkout_context
DEBUG  JSONLogic condition evaluated to: True
DEBUG Stored execution record: exec_1769772348_12b17a00
DEBUG  Schema validation passed for full_checkout_context
DEBUG  JSONLogic condition evaluated to: True
DEBUG Stored execution record: exec_1769772348_cb696373
DEBUG Cache hit for rules:checkout_terms: 10 rules
DEBUG  Schema validation passed for full_checkout_context
DEBUG  JSONLogic condition evaluated to: True
DEBUG Stored execution record: exec_1769772348_2fbce48a
DEBUG  Schema validation passed for full_checkout_context
DEBUG  JSONLogic condition evaluated to: True
DEBUG Stored execution record: exec_1769772348_039b6c82
DEBUG  Schema validation passed for full_checkout_context
DEBUG  JSONLogic condition evaluated to: True
DEBUG Stored execution record: exec_1769772348_5735068d
DEBUG  Schema validation passed for full_checkout_context
DEBUG  JSONLogic condition evaluated to: True
DEBUG Stored execution record: exec_1769772348_99fac632
DEBUG  Schema validation passed for full_checkout_context
DEBUG  JSONLogic condition evaluated to: True
DEBUG Stored execution record: exec_1769772348_de56ccff
DEBUG  Schema validation passed for full_checkout_context
DEBUG  JSONLogic condition evaluated to: True
DEBUG Stored execution record: exec_1769772348_71993184
DEBUG  Schema validation passed for full_checkout_context
DEBUG  JSONLogic condition evaluated to: True
DEBUG Stored execution record: exec_1769772348_e6464f80
DEBUG  Schema validation passed for full_checkout_context
DEBUG  JSONLogic condition evaluated to: True
DEBUG Stored execution record: exec_1769772348_de45e6bd
DEBUG  Schema validation passed for full_checkout_context
DEBUG  JSONLogic condition evaluated to: True
DEBUG Stored execution record: exec_1769772348_ad5d9d96
DEBUG  Schema validation passed for full_checkout_context
DEBUG  JSONLogic condition evaluated to: True
DEBUG Stored execution record: exec_1769772348_6a13a9c3
DEBUG Cache hit for rules:checkout_terms: 10 rules
DEBUG  Schema validation passed for full_checkout_context
DEBUG  JSONLogic condition evaluated to: True
DEBUG Stored execution record: exec_1769772348_7a8a92fb
DEBUG  Schema validation passed for full_checkout_context
DEBUG  JSONLogic condition evaluated to: True
DEBUG Stored execution record: exec_1769772348_3405682d
DEBUG  Schema validation passed for full_checkout_context
DEBUG  JSONLogic condition evaluated to: True
DEBUG Stored execution record: exec_1769772348_e4131475
DEBUG  Schema validation passed for full_checkout_context
DEBUG  JSONLogic condition evaluated to: True
DEBUG Stored execution record: exec_1769772348_00c46686
DEBUG  Schema validation passed for full_checkout_context
DEBUG  JSONLogic condition evaluated to: True
DEBUG Stored execution record: exec_1769772348_7beff7f5
DEBUG  Schema validation passed for full_checkout_context
DEBUG  JSONLogic condition evaluated to: True
DEBUG Stored execution record: exec_1769772348_f454eb56
DEBUG  Schema validation passed for full_checkout_context
DEBUG  JSONLogic condition evaluated to: True
DEBUG Stored execution record: exec_1769772348_4d84f4aa
DEBUG  Schema validation passed for full_checkout_context
DEBUG  JSONLogic condition evaluated to: True
DEBUG Stored execution record: exec_1769772348_afe793c9
DEBUG  Schema validation passed for full_checkout_context
DEBUG  JSONLogic condition evaluated to: True
DEBUG Stored execution record: exec_1769772348_ce84d66d
DEBUG  Schema validation passed for full_checkout_context
DEBUG  JSONLogic condition evaluated to: True
DEBUG Stored execution record: exec_1769772348_16594a4b
DEBUG Cache hit for rules:checkout_terms: 10 rules
DEBUG  Schema validation passed for full_checkout_context
DEBUG  JSONLogic condition evaluated to: True
DEBUG Stored execution record: exec_1769772348_d0382ba2
DEBUG  Schema validation passed for full_checkout_context
DEBUG  JSONLogic condition evaluated to: True
DEBUG Stored execution record: exec_1769772348_b14de7d7
DEBUG  Schema validation passed for full_checkout_context
DEBUG  JSONLogic condition evaluated to: True
DEBUG Stored execution record: exec_1769772348_e8e5a264
DEBUG  Schema validation passed for full_checkout_context
DEBUG  JSONLogic condition evaluated to: True
DEBUG Stored execution record: exec_1769772348_436db2d0
DEBUG  Schema validation passed for full_checkout_context
DEBUG  JSONLogic condition evaluated to: True
DEBUG Stored execution record: exec_1769772348_495a742f
DEBUG  Schema validation passed for full_checkout_context
DEBUG  JSONLogic condition evaluated to: True
DEBUG Stored execution record: exec_1769772348_d862201a
DEBUG  Schema validation passed for full_checkout_context
DEBUG  JSONLogic condition evaluated to: True
DEBUG Stored execution record: exec_1769772348_edd77253
DEBUG  Schema validation passed for full_checkout_context
DEBUG  JSONLogic condition evaluated to: True
DEBUG Stored execution record: exec_1769772348_c8d367ef
DEBUG  Schema validation passed for full_checkout_context
DEBUG  JSONLogic condition evaluated to: True
DEBUG Stored execution record: exec_1769772348_2ec6029c
DEBUG  Schema validation passed for full_checkout_context
DEBUG  JSONLogic condition evaluated to: True
DEBUG Stored execution record: exec_1769772348_f7b25b37
DEBUG Cache hit for rules:checkout_terms: 10 rules
DEBUG  Schema validation passed for full_checkout_context
DEBUG  JSONLogic condition evaluated to: True
DEBUG Stored execution record: exec_1769772348_96e26b91
DEBUG  Schema validation passed for full_checkout_context
DEBUG  JSONLogic condition evaluated to: True
DEBUG Stored execution record: exec_1769772348_7b9d879c
DEBUG  Schema validation passed for full_checkout_context
DEBUG  JSONLogic condition evaluated to: True
DEBUG Stored execution record: exec_1769772348_cb4626da
DEBUG  Schema validation passed for full_checkout_context
DEBUG  JSONLogic condition evaluated to: True
DEBUG Stored execution record: exec_1769772348_d3c7877e
DEBUG  Schema validation passed for full_checkout_context
DEBUG  JSONLogic condition evaluated to: True
DEBUG Stored execution record: exec_1769772348_2929d91d
DEBUG  Schema validation passed for full_checkout_context
DEBUG  JSONLogic condition evaluated to: True
DEBUG Stored execution record: exec_1769772348_24f3efef
DEBUG  Schema validation passed for full_checkout_context
DEBUG  JSONLogic condition evaluated to: True
DEBUG Stored execution record: exec_1769772348_74c901b4
DEBUG  Schema validation passed for full_checkout_context
DEBUG  JSONLogic condition evaluated to: True
DEBUG Stored execution record: exec_1769772348_60997d95
DEBUG  Schema validation passed for full_checkout_context
DEBUG  JSONLogic condition evaluated to: True
DEBUG Stored execution record: exec_1769772348_c406b266
DEBUG  Schema validation passed for full_checkout_context
DEBUG  JSONLogic condition evaluated to: True
DEBUG Stored execution record: exec_1769772348_c70f137f
DEBUG Cache hit for rules:checkout_terms: 10 rules
DEBUG  Schema validation passed for full_checkout_context
DEBUG  JSONLogic condition evaluated to: True
DEBUG Stored execution record: exec_1769772348_7a6948ba
DEBUG  Schema validation passed for full_checkout_context
DEBUG  JSONLogic condition evaluated to: True
DEBUG Stored execution record: exec_1769772348_b12bbced
DEBUG  Schema validation passed for full_checkout_context
DEBUG  JSONLogic condition evaluated to: True
DEBUG Stored execution record: exec_1769772348_9a9dc5cb
DEBUG  Schema validation passed for full_checkout_context
DEBUG  JSONLogic condition evaluated to: True
DEBUG Stored execution record: exec_1769772348_2c54e8f6
DEBUG  Schema validation passed for full_checkout_context
DEBUG  JSONLogic condition evaluated to: True
DEBUG Stored execution record: exec_1769772348_f0c60788
DEBUG  Schema validation passed for full_checkout_context
DEBUG  JSONLogic condition evaluated to: True
DEBUG Stored execution record: exec_1769772348_128c76ab
DEBUG  Schema validation passed for full_checkout_context
DEBUG  JSONLogic condition evaluated to: True
DEBUG Stored execution record: exec_1769772348_5cd4374d
DEBUG  Schema validation passed for full_checkout_context
DEBUG  JSONLogic condition evaluated to: True
DEBUG Stored execution record: exec_1769772348_297e5c96
DEBUG  Schema validation passed for full_checkout_context
DEBUG  JSONLogic condition evaluated to: True
DEBUG Stored execution record: exec_1769772348_2e3ac4cf
DEBUG  Schema validation passed for full_checkout_context
DEBUG  JSONLogic condition evaluated to: True
DEBUG Stored execution record: exec_1769772348_90574c07
DEBUG Cache hit for rules:checkout_terms: 10 rules
DEBUG  Schema validation passed for full_checkout_context
DEBUG  JSONLogic condition evaluated to: True
DEBUG Stored execution record: exec_1769772348_ba2c907a
DEBUG  Schema validation passed for full_checkout_context
DEBUG  JSONLogic condition evaluated to: True
DEBUG Stored execution record: exec_1769772348_9fd64a52
DEBUG  Schema validation passed for full_checkout_context
DEBUG  JSONLogic condition evaluated to: True
DEBUG Stored execution record: exec_1769772348_a01ac95d
DEBUG  Schema validation passed for full_checkout_context
DEBUG  JSONLogic condition evaluated to: True
DEBUG Stored execution record: exec_1769772348_010774dd
DEBUG  Schema validation passed for full_checkout_context
DEBUG  JSONLogic condition evaluated to: True
DEBUG Stored execution record: exec_1769772348_ae759745
DEBUG  Schema validation passed for full_checkout_context
DEBUG  JSONLogic condition evaluated to: True
DEBUG Stored execution record: exec_1769772349_53dac851
DEBUG  Schema validation passed for full_checkout_context
DEBUG  JSONLogic condition evaluated to: True
DEBUG Stored execution record: exec_1769772349_49249c6a
DEBUG  Schema validation passed for full_checkout_context
DEBUG  JSONLogic condition evaluated to: True
DEBUG Stored execution record: exec_1769772349_5630de61
DEBUG  Schema validation passed for full_checkout_context
DEBUG  JSONLogic condition evaluated to: True
DEBUG Stored execution record: exec_1769772349_bfcfa22b
DEBUG  Schema validation passed for full_checkout_context
DEBUG  JSONLogic condition evaluated to: True
DEBUG Stored execution record: exec_1769772349_d9fcf937
DEBUG Cache hit for rules:checkout_terms: 10 rules
DEBUG  Schema validation passed for full_checkout_context
DEBUG  JSONLogic condition evaluated to: True
DEBUG Stored execution record: exec_1769772349_5bd9fa0b
DEBUG  Schema validation passed for full_checkout_context
DEBUG  JSONLogic condition evaluated to: True
DEBUG Stored execution record: exec_1769772349_9df5b8e4
DEBUG  Schema validation passed for full_checkout_context
DEBUG  JSONLogic condition evaluated to: True
DEBUG Stored execution record: exec_1769772349_fb239c92
DEBUG  Schema validation passed for full_checkout_context
DEBUG  JSONLogic condition evaluated to: True
DEBUG Stored execution record: exec_1769772349_578b5b2f
DEBUG  Schema validation passed for full_checkout_context
DEBUG  JSONLogic condition evaluated to: True
DEBUG Stored execution record: exec_1769772349_6258077d
DEBUG  Schema validation passed for full_checkout_context
DEBUG  JSONLogic condition evaluated to: True
DEBUG Stored execution record: exec_1769772349_172661de
DEBUG  Schema validation passed for full_checkout_context
DEBUG  JSONLogic condition evaluated to: True
DEBUG Stored execution record: exec_1769772349_34cdbf26
DEBUG  Schema validation passed for full_checkout_context
DEBUG  JSONLogic condition evaluated to: True
DEBUG Stored execution record: exec_1769772349_d2329981
DEBUG  Schema validation passed for full_checkout_context
DEBUG  JSONLogic condition evaluated to: True
DEBUG Stored execution record: exec_1769772349_3a2863e2
DEBUG  Schema validation passed for full_checkout_context
DEBUG  JSONLogic condition evaluated to: True
DEBUG Stored execution record: exec_1769772349_8e8f91e9
DEBUG Cache hit for rules:checkout_terms: 10 rules
DEBUG  Schema validation passed for full_checkout_context
DEBUG  JSONLogic condition evaluated to: True
DEBUG Stored execution record: exec_1769772349_acc986f9
DEBUG  Schema validation passed for full_checkout_context
DEBUG  JSONLogic condition evaluated to: True
DEBUG Stored execution record: exec_1769772349_16db07de
DEBUG  Schema validation passed for full_checkout_context
DEBUG  JSONLogic condition evaluated to: True
DEBUG Stored execution record: exec_1769772349_ab5811ff
DEBUG  Schema validation passed for full_checkout_context
DEBUG  JSONLogic condition evaluated to: True
DEBUG Stored execution record: exec_1769772349_7df61ee6
DEBUG  Schema validation passed for full_checkout_context
DEBUG  JSONLogic condition evaluated to: True
DEBUG Stored execution record: exec_1769772349_e70a6979
DEBUG  Schema validation passed for full_checkout_context
DEBUG  JSONLogic condition evaluated to: True
DEBUG Stored execution record: exec_1769772349_0858416f
DEBUG  Schema validation passed for full_checkout_context
DEBUG  JSONLogic condition evaluated to: True
DEBUG Stored execution record: exec_1769772349_61973474
DEBUG  Schema validation passed for full_checkout_context
DEBUG  JSONLogic condition evaluated to: True
DEBUG Stored execution record: exec_1769772349_8c452269
DEBUG  Schema validation passed for full_checkout_context
DEBUG  JSONLogic condition evaluated to: True
DEBUG Stored execution record: exec_1769772349_c075be17
DEBUG  Schema validation passed for full_checkout_context
DEBUG  JSONLogic condition evaluated to: True
DEBUG Stored execution record: exec_1769772349_8955d9e2
DEBUG Cache hit for rules:checkout_terms: 10 rules
DEBUG  Schema validation passed for full_checkout_context
DEBUG  JSONLogic condition evaluated to: True
DEBUG Stored execution record: exec_1769772349_d40f9138
DEBUG  Schema validation passed for full_checkout_context
DEBUG  JSONLogic condition evaluated to: True
DEBUG Stored execution record: exec_1769772349_c2ff1a86
DEBUG  Schema validation passed for full_checkout_context
DEBUG  JSONLogic condition evaluated to: True
DEBUG Stored execution record: exec_1769772349_474f4469
DEBUG  Schema validation passed for full_checkout_context
DEBUG  JSONLogic condition evaluated to: True
DEBUG Stored execution record: exec_1769772349_22eb24e4
DEBUG  Schema validation passed for full_checkout_context
DEBUG  JSONLogic condition evaluated to: True
DEBUG Stored execution record: exec_1769772349_4d04dff9
DEBUG  Schema validation passed for full_checkout_context
DEBUG  JSONLogic condition evaluated to: True
DEBUG Stored execution record: exec_1769772349_71deef51
DEBUG  Schema validation passed for full_checkout_context
DEBUG  JSONLogic condition evaluated to: True
DEBUG Stored execution record: exec_1769772349_9291f022
DEBUG  Schema validation passed for full_checkout_context
DEBUG  JSONLogic condition evaluated to: True
DEBUG Stored execution record: exec_1769772349_475f6b5d
DEBUG  Schema validation passed for full_checkout_context
DEBUG  JSONLogic condition evaluated to: True
DEBUG Stored execution record: exec_1769772349_1e7dce45
DEBUG  Schema validation passed for full_checkout_context
DEBUG  JSONLogic condition evaluated to: True
DEBUG Stored execution record: exec_1769772349_57ffa154
DEBUG Cache hit for rules:checkout_terms: 10 rules
DEBUG  Schema validation passed for full_checkout_context
DEBUG  JSONLogic condition evaluated to: True
DEBUG Stored execution record: exec_1769772349_084b34bc
DEBUG  Schema validation passed for full_checkout_context
DEBUG  JSONLogic condition evaluated to: True
DEBUG Stored execution record: exec_1769772349_dee244c4
DEBUG  Schema validation passed for full_checkout_context
DEBUG  JSONLogic condition evaluated to: True
DEBUG Stored execution record: exec_1769772349_6adfff05
DEBUG  Schema validation passed for full_checkout_context
DEBUG  JSONLogic condition evaluated to: True
DEBUG Stored execution record: exec_1769772349_8533cac4
DEBUG  Schema validation passed for full_checkout_context
DEBUG  JSONLogic condition evaluated to: True
DEBUG Stored execution record: exec_1769772349_0fa4ceba
DEBUG  Schema validation passed for full_checkout_context
DEBUG  JSONLogic condition evaluated to: True
DEBUG Stored execution record: exec_1769772349_89683c95
DEBUG  Schema validation passed for full_checkout_context
DEBUG  JSONLogic condition evaluated to: True
DEBUG Stored execution record: exec_1769772349_31e62677
DEBUG  Schema validation passed for full_checkout_context
DEBUG  JSONLogic condition evaluated to: True
DEBUG Stored execution record: exec_1769772349_45570cb8
DEBUG  Schema validation passed for full_checkout_context
DEBUG  JSONLogic condition evaluated to: True
DEBUG Stored execution record: exec_1769772349_d793648d
DEBUG  Schema validation passed for full_checkout_context
DEBUG  JSONLogic condition evaluated to: True
DEBUG Stored execution record: exec_1769772349_6131f106
DEBUG Cache hit for rules:checkout_terms: 10 rules
DEBUG  Schema validation passed for full_checkout_context
DEBUG  JSONLogic condition evaluated to: True
DEBUG Stored execution record: exec_1769772349_03780639
DEBUG  Schema validation passed for full_checkout_context
DEBUG  JSONLogic condition evaluated to: True
DEBUG Stored execution record: exec_1769772349_87936265
DEBUG  Schema validation passed for full_checkout_context
DEBUG  JSONLogic condition evaluated to: True
DEBUG Stored execution record: exec_1769772349_e6a418b2
DEBUG  Schema validation passed for full_checkout_context
DEBUG  JSONLogic condition evaluated to: True
DEBUG Stored execution record: exec_1769772349_3894a9aa
DEBUG  Schema validation passed for full_checkout_context
DEBUG  JSONLogic condition evaluated to: True
DEBUG Stored execution record: exec_1769772349_faceb554
DEBUG  Schema validation passed for full_checkout_context
DEBUG  JSONLogic condition evaluated to: True
DEBUG Stored execution record: exec_1769772349_ae513c12
DEBUG  Schema validation passed for full_checkout_context
DEBUG  JSONLogic condition evaluated to: True
DEBUG Stored execution record: exec_1769772349_2577727c
DEBUG  Schema validation passed for full_checkout_context
DEBUG  JSONLogic condition evaluated to: True
DEBUG Stored execution record: exec_1769772349_5c1a4bfe
DEBUG  Schema validation passed for full_checkout_context
DEBUG  JSONLogic condition evaluated to: True
DEBUG Stored execution record: exec_1769772349_f03c052c
DEBUG  Schema validation passed for full_checkout_context
DEBUG  JSONLogic condition evaluated to: True
DEBUG Stored execution record: exec_1769772349_d9cef8f4
DEBUG Cache hit for rules:checkout_terms: 10 rules
DEBUG  Schema validation passed for full_checkout_context
DEBUG  JSONLogic condition evaluated to: True
DEBUG Stored execution record: exec_1769772349_4a57e9d4
DEBUG  Schema validation passed for full_checkout_context
DEBUG  JSONLogic condition evaluated to: True
DEBUG Stored execution record: exec_1769772349_06e4f368
DEBUG  Schema validation passed for full_checkout_context
DEBUG  JSONLogic condition evaluated to: True
DEBUG Stored execution record: exec_1769772349_6a0e0783
DEBUG  Schema validation passed for full_checkout_context
DEBUG  JSONLogic condition evaluated to: True
DEBUG Stored execution record: exec_1769772349_1d08db77
DEBUG  Schema validation passed for full_checkout_context
DEBUG  JSONLogic condition evaluated to: True
DEBUG Stored execution record: exec_1769772349_d39afb24
DEBUG  Schema validation passed for full_checkout_context
DEBUG  JSONLogic condition evaluated to: True
DEBUG Stored execution record: exec_1769772349_0c3c426e
DEBUG  Schema validation passed for full_checkout_context
DEBUG  JSONLogic condition evaluated to: True
DEBUG Stored execution record: exec_1769772349_8474f0bd
DEBUG  Schema validation passed for full_checkout_context
DEBUG  JSONLogic condition evaluated to: True
DEBUG Stored execution record: exec_1769772349_7deb1f3c
DEBUG  Schema validation passed for full_checkout_context
DEBUG  JSONLogic condition evaluated to: True
DEBUG Stored execution record: exec_1769772349_edaba00e
DEBUG  Schema validation passed for full_checkout_context
DEBUG  JSONLogic condition evaluated to: True
DEBUG Stored execution record: exec_1769772349_fd7ba81c
.sDEBUG Rule bulk_rule_0 created, invalidating cache for home_page_mount
INFO Invalidated rules cache for entry point: home_page_mount (key: rules:home_page_mount)
DEBUG Rule bulk_rule_1 created, invalidating cache for home_page_mount
INFO Invalidated rules cache for entry point: home_page_mount (key: rules:home_page_mount)
DEBUG Rule bulk_rule_2 created, invalidating cache for home_page_mount
INFO Invalidated rules cache for entry point: home_page_mount (key: rules:home_page_mount)
DEBUG Rule bulk_rule_3 created, invalidating cache for home_page_mount
INFO Invalidated rules cache for entry point: home_page_mount (key: rules:home_page_mount)
DEBUG Rule bulk_rule_4 created, invalidating cache for home_page_mount
INFO Invalidated rules cache for entry point: home_page_mount (key: rules:home_page_mount)
DEBUG Rule bulk_rule_5 created, invalidating cache for home_page_mount
INFO Invalidated rules cache for entry point: home_page_mount (key: rules:home_page_mount)
DEBUG Rule bulk_rule_6 created, invalidating cache for home_page_mount
INFO Invalidated rules cache for entry point: home_page_mount (key: rules:home_page_mount)
DEBUG Rule bulk_rule_7 created, invalidating cache for home_page_mount
INFO Invalidated rules cache for entry point: home_page_mount (key: rules:home_page_mount)
DEBUG Rule bulk_rule_8 created, invalidating cache for home_page_mount
INFO Invalidated rules cache for entry point: home_page_mount (key: rules:home_page_mount)
DEBUG Rule bulk_rule_9 created, invalidating cache for home_page_mount
INFO Invalidated rules cache for entry point: home_page_mount (key: rules:home_page_mount)
....DEBUG Rule nested_test_rule created, invalidating cache for checkout_terms
INFO Invalidated rules cache for entry point: checkout_terms (key: rules:checkout_terms)
.sDEBUG Rule test_full_rule created, invalidating cache for checkout_terms
INFO Invalidated rules cache for entry point: checkout_terms (key: rules:checkout_terms)
.DEBUG Rule terms_ack_required created, invalidating cache for checkout_terms
INFO Invalidated rules cache for entry point: checkout_terms (key: rules:checkout_terms)
WARNING Bad Request: /api/rules/acknowledge/
DEBUG Cache miss for rules:checkout_terms
DEBUG Cached 1 rules for checkout_terms
DEBUG  Schema validation passed for checkout_context_v1
DEBUG  JSONLogic condition evaluated to: True
ERROR  Error processing rule 'terms_ack_required': 'bool' object has no attribute 'get'
DEBUG Stored execution record: exec_1769772349_bd068d02
.DEBUG Rule terms_ack_required created, invalidating cache for checkout_terms
INFO Invalidated rules cache for entry point: checkout_terms (key: rules:checkout_terms)
DEBUG Cache miss for rules:checkout_terms
DEBUG Cached 1 rules for checkout_terms
DEBUG  Schema validation passed for checkout_context_v1
DEBUG  JSONLogic condition evaluated to: True
DEBUG Stored execution record: exec_1769772350_65fae3d0
.DEBUG Rule delete_test_rule created, invalidating cache for checkout_terms
INFO Invalidated rules cache for entry point: checkout_terms (key: rules:checkout_terms)
DEBUG Rule delete_test_rule updated, invalidating cache for checkout_terms
INFO Invalidated rules cache for entry point: checkout_terms (key: rules:checkout_terms)
.DEBUG Rule marking_deadline_rule created, invalidating cache for checkout_terms
INFO Invalidated rules cache for entry point: checkout_terms (key: rules:checkout_terms)
DEBUG Cache miss for rules:checkout_terms
DEBUG Cached 1 rules for checkout_terms
DEBUG  Schema validation passed for checkout_context_v1
DEBUG  JSONLogic condition evaluated to: False
DEBUG   Rule 'marking_deadline_rule' condition not matched
.DEBUG Rule checkout_rule_1 created, invalidating cache for checkout_terms
INFO Invalidated rules cache for entry point: checkout_terms (key: rules:checkout_terms)
DEBUG Rule checkout_rule_2 created, invalidating cache for checkout_terms
INFO Invalidated rules cache for entry point: checkout_terms (key: rules:checkout_terms)
DEBUG Rule home_rule_1 created, invalidating cache for home_page_mount
INFO Invalidated rules cache for entry point: home_page_mount (key: rules:home_page_mount)
.DEBUG Rule pagination_rule_0 created, invalidating cache for checkout_terms
INFO Invalidated rules cache for entry point: checkout_terms (key: rules:checkout_terms)
DEBUG Rule pagination_rule_1 created, invalidating cache for checkout_terms
INFO Invalidated rules cache for entry point: checkout_terms (key: rules:checkout_terms)
DEBUG Rule pagination_rule_2 created, invalidating cache for checkout_terms
INFO Invalidated rules cache for entry point: checkout_terms (key: rules:checkout_terms)
DEBUG Rule pagination_rule_3 created, invalidating cache for checkout_terms
INFO Invalidated rules cache for entry point: checkout_terms (key: rules:checkout_terms)
DEBUG Rule pagination_rule_4 created, invalidating cache for checkout_terms
INFO Invalidated rules cache for entry point: checkout_terms (key: rules:checkout_terms)
DEBUG Rule pagination_rule_5 created, invalidating cache for checkout_terms
INFO Invalidated rules cache for entry point: checkout_terms (key: rules:checkout_terms)
DEBUG Rule pagination_rule_6 created, invalidating cache for checkout_terms
INFO Invalidated rules cache for entry point: checkout_terms (key: rules:checkout_terms)
DEBUG Rule pagination_rule_7 created, invalidating cache for checkout_terms
INFO Invalidated rules cache for entry point: checkout_terms (key: rules:checkout_terms)
DEBUG Rule pagination_rule_8 created, invalidating cache for checkout_terms
INFO Invalidated rules cache for entry point: checkout_terms (key: rules:checkout_terms)
DEBUG Rule pagination_rule_9 created, invalidating cache for checkout_terms
INFO Invalidated rules cache for entry point: checkout_terms (key: rules:checkout_terms)
DEBUG Rule pagination_rule_10 created, invalidating cache for checkout_terms
INFO Invalidated rules cache for entry point: checkout_terms (key: rules:checkout_terms)
DEBUG Rule pagination_rule_11 created, invalidating cache for checkout_terms
INFO Invalidated rules cache for entry point: checkout_terms (key: rules:checkout_terms)
DEBUG Rule pagination_rule_12 created, invalidating cache for checkout_terms
INFO Invalidated rules cache for entry point: checkout_terms (key: rules:checkout_terms)
DEBUG Rule pagination_rule_13 created, invalidating cache for checkout_terms
INFO Invalidated rules cache for entry point: checkout_terms (key: rules:checkout_terms)
DEBUG Rule pagination_rule_14 created, invalidating cache for checkout_terms
INFO Invalidated rules cache for entry point: checkout_terms (key: rules:checkout_terms)
DEBUG Rule pagination_rule_15 created, invalidating cache for checkout_terms
INFO Invalidated rules cache for entry point: checkout_terms (key: rules:checkout_terms)
DEBUG Rule pagination_rule_16 created, invalidating cache for checkout_terms
INFO Invalidated rules cache for entry point: checkout_terms (key: rules:checkout_terms)
DEBUG Rule pagination_rule_17 created, invalidating cache for checkout_terms
INFO Invalidated rules cache for entry point: checkout_terms (key: rules:checkout_terms)
DEBUG Rule pagination_rule_18 created, invalidating cache for checkout_terms
INFO Invalidated rules cache for entry point: checkout_terms (key: rules:checkout_terms)
DEBUG Rule pagination_rule_19 created, invalidating cache for checkout_terms
INFO Invalidated rules cache for entry point: checkout_terms (key: rules:checkout_terms)
DEBUG Rule pagination_rule_20 created, invalidating cache for checkout_terms
INFO Invalidated rules cache for entry point: checkout_terms (key: rules:checkout_terms)
DEBUG Rule pagination_rule_21 created, invalidating cache for checkout_terms
INFO Invalidated rules cache for entry point: checkout_terms (key: rules:checkout_terms)
DEBUG Rule pagination_rule_22 created, invalidating cache for checkout_terms
INFO Invalidated rules cache for entry point: checkout_terms (key: rules:checkout_terms)
DEBUG Rule pagination_rule_23 created, invalidating cache for checkout_terms
INFO Invalidated rules cache for entry point: checkout_terms (key: rules:checkout_terms)
DEBUG Rule pagination_rule_24 created, invalidating cache for checkout_terms
INFO Invalidated rules cache for entry point: checkout_terms (key: rules:checkout_terms)
.DEBUG Rule new_checkout_rule created, invalidating cache for checkout_terms
INFO Invalidated rules cache for entry point: checkout_terms (key: rules:checkout_terms)
.WARNING Bad Request: /api/rules/create/
WARNING Bad Request: /api/rules/create/
.DEBUG Rule logged_rule created, invalidating cache for checkout_terms
INFO Invalidated rules cache for entry point: checkout_terms (key: rules:checkout_terms)
DEBUG Cache miss for rules:checkout_terms
DEBUG Cached 1 rules for checkout_terms
DEBUG  Schema validation passed for checkout_context_v1
DEBUG  JSONLogic condition evaluated to: False
DEBUG   Rule 'logged_rule' condition not matched
.DEBUG Rule update_test_rule created, invalidating cache for checkout_terms
INFO Invalidated rules cache for entry point: checkout_terms (key: rules:checkout_terms)
DEBUG Rule update_test_rule updated, invalidating cache for checkout_terms
INFO Invalidated rules cache for entry point: checkout_terms (key: rules:checkout_terms)
.sDEBUG Cache miss for rules:checkout_start
DEBUG Cached 0 rules for checkout_start
.DEBUG Cache hit for rules:checkout_start: 0 rules
....WARNING Bad Request: /api/rules/engine/calculate-vat/
.WARNING Country not found: XX
.WARNING Method Not Allowed: /api/rules/engine/calculate-vat/
.WARNING Bad Request: /api/rules/engine/calculate-vat/
.WARNING Bad Request: /api/rules/engine/calculate-vat/
................WARNING No region mapping found for country: XX
....WARNING Country not found: UNKNOWN
.......WARNING Country not found: UNKNOWN
..ssssINFO VAT calculated for GB: 20.00
.WARNING Country not found: XX
INFO VAT calculated for XX: 0.00
..INFO VAT calculated for GB: 26.00
.INFO VAT calculated for US: 0.00
.INFO VAT calculated for GB: 20.00
...............WARNING Bad Request: /api/search/fuzzy/
..............................WARNING Not Found: /api/store/bundles/99999/products/
.......WARNING Not Found: /api/store/bundles/19/
./Users/work/Documents/Code/Admin3/.venv/lib/python3.14/site-packages/rest_framework/pagination.py:207: UnorderedObjectListWarning: Pagination may yield inconsistent results with an unordered object_list: <class 'store.models.price.Price'> QuerySet.
  paginator = self.django_paginator_class(queryset, page_size)
..WARNING Not Found: /api/store/prices/99999/
...WARNING Not Found: /api/store/products/179/
........WARNING Not Found: /api/store/products/178/
..WARNING Method Not Allowed: /api/store/bundles/
.WARNING Method Not Allowed: /api/store/prices/
.WARNING Method Not Allowed: /api/store/products/180/
.WARNING Method Not Allowed: /api/store/products/
.WARNING Method Not Allowed: /api/store/products/180/
...WARNING Unauthorized: /api/auth/login/
........................../Users/work/Documents/Code/Admin3/.venv/lib/python3.14/site-packages/rest_framework/pagination.py:207: UnorderedObjectListWarning: Pagination may yield inconsistent results with an unordered object_list: <class 'students.models.Student'> QuerySet.
  paginator = self.django_paginator_class(queryset, page_size)
.WARNING Unauthorized: /api/students/
.............................WARNING Bad Request: /api/tutorials/events/
.WARNING Bad Request: /api/tutorials/events/
......WARNING Not Found: /api/tutorials/events/999999/
..........WARNING Bad Request: /api/tutorials/products/
.WARNING Bad Request: /api/tutorials/products/
...............................................ERROR Error creating user: Database error
ERROR Internal Server Error: /api/users/
.ERROR Error sending activation email: Email service unavailable
.ERROR Error fetching user profile: 'UserProfile' instance needs to have a primary key value before this relationship can be used.
ERROR Internal Server Error: /api/users/profile/
.ERROR Error updating user profile: Database transaction failed
ERROR Internal Server Error: /api/users/update_profile/
..WARNING Unauthorized: /api/users/profile/
....WARNING Bad Request: /api/users/update_profile/
..WARNING Unauthorized: /api/users/update_profile/
.ERROR Error sending email verification: SMTP connection failed
.ERROR Failed to send email verification to newemail@example.com
....WARNING Bad Request: /api/users/
.WARNING Failed to send account activation email to emailfail@example.com
.WARNING Bad Request: /api/users/
..WARNING No template configuration found for account_activation, using defaults
ERROR Failed to queue email: null value in column "reply_to_email" of relation "utils_email_queue" violates not-null constraint
DETAIL:  Failing row contains (1, 396a17f9-774e-4df4-82e4-851ecf65bb45, ["anonymous@example.com"], [], [], eugene.lo1030@gmail.com, null, Activate Your ActEd Account, {"user": {"id": 495, "email": "anonymous@example.com", "username..., , , high, pending, 2026-01-30 11:26:34.730165+00, 2026-01-30 11:26:34.730246+00, null, 0, 3, null, null, null, , {}, 2026-01-30 11:26:34.730428+00, 2026-01-30 11:26:34.730431+00, [], 495, null).

ERROR Failed to queue email: Failed to queue email: null value in column "reply_to_email" of relation "utils_email_queue" violates not-null constraint
DETAIL:  Failing row contains (1, 396a17f9-774e-4df4-82e4-851ecf65bb45, ["anonymous@example.com"], [], [], eugene.lo1030@gmail.com, null, Activate Your ActEd Account, {"user": {"id": 495, "email": "anonymous@example.com", "username..., , , high, pending, 2026-01-30 11:26:34.730165+00, 2026-01-30 11:26:34.730246+00, null, 0, 3, null, null, null, , {}, 2026-01-30 11:26:34.730428+00, 2026-01-30 11:26:34.730431+00, [], 495, null).

WARNING Failed to get placeholders for template account_activation: EmailTemplate matching query does not exist.
ERROR	MediaQuery: No match: ('IDENT', 'mso', 240, 10)
ERROR MediaQuery: No match: ('IDENT', 'mso', 240, 10)
ERROR	MediaQuery: No match for None in Choice(Sequence(ONLY|NOT, media_type, Sequence(AND, Sequence(expression, media_feature, Sequence(colon, Choice(ColorValue, Dimension, Value)), expression END))), Sequence(Sequence(expression, media_feature, Sequence(colon, Choice(ColorValue, Dimension, Value)), expression END), Sequence(AND, Sequence(expression, media_feature, Sequence(colon, Choice(ColorValue, Dimension, Value)), expression END))))
ERROR MediaQuery: No match for None in Choice(Sequence(ONLY|NOT, media_type, Sequence(AND, Sequence(expression, media_feature, Sequence(colon, Choice(ColorValue, Dimension, Value)), expression END))), Sequence(Sequence(expression, media_feature, Sequence(colon, Choice(ColorValue, Dimension, Value)), expression END), Sequence(AND, Sequence(expression, media_feature, Sequence(colon, Choice(ColorValue, Dimension, Value)), expression END))))
ERROR	No content to parse.
ERROR No content to parse.
ERROR	MediaQuery: No content.
ERROR MediaQuery: No content.
INFO Email BCC monitoring enabled. BCC recipients: ['eugene.lo1030@gmail.com', 'eugenelo@bpp.com']
.WARNING Unauthorized: /api/users/496/
.WARNING Unauthorized: /api/users/
./Users/work/Documents/Code/Admin3/.venv/lib/python3.14/site-packages/rest_framework/pagination.py:207: UnorderedObjectListWarning: Pagination may yield inconsistent results with an unordered object_list: <class 'django.contrib.auth.models.User'> QuerySet.
  paginator = self.django_paginator_class(queryset, page_size)
.WARNING Unauthorized: /api/users/499/
.WARNING Unauthorized: /api/users/500/
.ssssssssINFO Cached addresses for postcode SW1A1AA (expires: 2026-02-13)
.ERROR Error caching addresses for postcode SW1A1AA: Database error
.INFO Cached addresses for postcode SW1A1AA (expires: 2026-02-06)
.INFO Cached addresses for postcode SW1A1AA (expires: 2026-02-06)
.INFO Cached addresses for postcode SW1A1AA (expires: 2026-02-06)
.INFO Cached addresses for postcode SW1A1AA (expires: 2026-02-06)
.INFO Cached addresses for postcode SW1A1AA (expires: 2026-02-06)
.INFO Cache MISS for postcode SW1A1AA
INFO Cached addresses for postcode SW1A1AA (expires: 2026-02-06)
INFO Cache HIT for postcode SW1A1AA (hits: 2)
INFO Cache MISS for postcode SW1A1AA
..INFO Cleaned up 2 expired cache entries
.INFO Cleaned up 0 expired cache entries
.ERROR Error cleaning up expired cache: Database error
.INFO Cleaned up 0 expired cache entries
..ERROR Error getting cache stats: Database error
..INFO Cache MISS for postcode SW1A1AA
.ERROR Error retrieving from cache for postcode SW1A1AA: Database error
.INFO Cache HIT for postcode SW1A1AA (hits: 2)
.INFO Cache HIT for postcode SW1A1AA (hits: 2)
.INFO Cache MISS for postcode SW1A1AA
.INFO Cache HIT for postcode SW1A1AA (hits: 2)
INFO Cache HIT for postcode SW1A1AA (hits: 3)
INFO Cache HIT for postcode SW1A1AA (hits: 4)
.INFO Cache HIT for postcode SW1A1AA (hits: 2)
.INFO Invalidated 1 cache entries for postcode SW1A1AA
.INFO Invalidated 3 cache entries for postcode SW1A1AA
.ERROR Error invalidating cache for postcode SW1A1AA: Database error
.INFO Invalidated 0 cache entries for postcode NONEXISTENT
.ERROR Error checking cache validity for postcode SW1A1AA: Database error
....INFO Cached addresses for postcode SW1A1AA (expires: 2026-02-06)
INFO Cached addresses for postcode OX449EL (expires: 2026-02-06)
INFO Cached addresses for postcode M13NQ (expires: 2026-02-06)
INFO Cache HIT for postcode SW1A1AA (hits: 2)
INFO Cache HIT for postcode OX449EL (hits: 2)
INFO Cache HIT for postcode M13NQ (hits: 2)
.INFO [POSTCODER] SUCCESS (API) SW1A1AA: 5 addresses in 300ms
INFO [POSTCODER] SUCCESS (cached) SW1A1AA: 5 addresses in 50ms
INFO [POSTCODER] FAILED (API) INVALID: 0 addresses in 5000ms
.......ERROR Error getting lookup stats: Database error
..INFO [POSTCODER] FAILED (API) SW1A1AA: 0 addresses in 5000ms
.INFO [POSTCODER] FAILED (API) SW1A1AA: 0 addresses in 5000ms
.INFO [POSTCODER] FAILED (API) SW1A1AA: 0 addresses in 5000ms
.INFO [POSTCODER] FAILED (API) SW1A1AA: 0 addresses in 5000ms
.INFO [POSTCODER] SUCCESS (cached) SW1A1AA: 3 addresses in 50ms
.INFO [POSTCODER] SUCCESS (API) SW1A1AA: 3 addresses in 300ms
.INFO [GETADDRESS] SUCCESS (API) SW1A1AA: 5 addresses in 250ms
.INFO [POSTCODER] SUCCESS (API) SW1A1AA: 5 addresses in 250ms
.INFO [POSTCODER] SUCCESS (API) SW1A1AA: 5 addresses in 250ms
.ERROR Failed to log address lookup for SW1A1AA: Database error
..INFO [POSTCODER] SUCCESS (API) SW1A1AA: 5 addresses in 250ms
.INFO [POSTCODER] FAILED (API) SW1A1AA: 0 addresses in 5000ms
.INFO [POSTCODER] SUCCESS (cached) SW1A1AA: 3 addresses in 100ms
.INFO [POSTCODER] SUCCESS (API) SW1A1AA: 5 addresses in 250ms
.INFO [POSTCODER] SUCCESS (API) SW1A1AA: 5 addresses in 250ms
.INFO [POSTCODER] SUCCESS (API) POST1: 5 addresses in 250ms
INFO [GETADDRESS] SUCCESS (API) GET1: 4 addresses in 350ms
.INFO Calling Postcoder API for GB postcode: SW1A1AA
ERROR Postcoder API request failed for GB postcode SW1A1AA: API error
ERROR Lookup failed: API error
.INFO Calling Postcoder API for GB postcode: OX449EL
INFO Successfully retrieved 1 addresses for GB
WARNING Country code GB not found in UtilsCountrys, using code as fallback
.INFO Calling Postcoder API for GB postcode: SW1A1AA
INFO Successfully retrieved 1 addresses for GB
WARNING Country code GB not found in UtilsCountrys, using code as fallback
.INFO Calling Postcoder API for GB postcode: SW1A1AA
ERROR Postcoder API HTTP error for GB postcode SW1A1AA: 
.INFO Calling Postcoder API for GB postcode: SW1A1AA
ERROR Postcoder API error for GB: Invalid API key
ERROR Postcoder API request failed for GB postcode SW1A1AA: Postcoder API error: Invalid API key
.INFO Calling Postcoder API for GB postcode: SW1A1AA
INFO Successfully retrieved 0 addresses for GB
..INFO Calling Postcoder API for GB postcode: SW1A1AA
ERROR Postcoder API HTTP error for GB postcode SW1A1AA: 
.WARNING POSTCODER_API_KEY not configured
..INFO Calling Postcoder API for GB postcode: SW1A1AA
INFO Successfully retrieved 1 addresses for GB
.INFO Calling Postcoder API for GB postcode: SW1A1AA
ERROR Postcoder API timeout for GB postcode SW1A1AA: Request timed out
.INFO Retrieving full address details for ID: invalid_id
ERROR Postcoder Retrieve API error for GB: Invalid ID
ERROR ‚ùå Postcoder Retrieve API error for ID invalid_id: Postcoder API error: Invalid ID
..INFO Retrieving full address details for ID: test_id
INFO ‚úÖ Retrieved address data: {'id': 'test_id', 'postcode': '12345', 'street': 'Main Street', 'posttown': 'New York'}
INFO ‚úÖ Successfully retrieved full address for ID: test_id
.WARNING POSTCODER_API_KEY not configured
..INFO Retrieving full address details for ID: test_id_123
INFO ‚úÖ Retrieved address data: {'id': 'test_id_123', 'postcode': 'SW1A1AA', 'summaryline': '10 Downing Street, Westminster, London', 'organisation': '', 'buildingname': '', 'number': '10', 'premise': '10', 'street': 'Downing Street', 'dependentlocality': 'Westminster', 'posttown': 'LONDON', 'county': 'Greater London', 'latitude': 51.503396, 'longitude': -0.127784}
INFO ‚úÖ Successfully retrieved full address for ID: test_id_123
.INFO Retrieving full address details for ID: test_id
ERROR ‚ùå Postcoder Retrieve API timeout for ID test_id
....WARNING Country code GB not found in UtilsCountrys, using code as fallback
.WARNING Country code GB not found in UtilsCountrys, using code as fallback
.WARNING Country code GB not found in UtilsCountrys, using code as fallback
ERROR Error transforming address item: 'NoneType' object has no attribute 'get'
.WARNING Country code GB not found in UtilsCountrys, using code as fallback
.WARNING Country code GB not found in UtilsCountrys, using code as fallback
.WARNING Country code GB not found in UtilsCountrys, using code as fallback
WARNING Postcoder response is not a list (type=<class 'dict'>), returning empty addresses
WARNING Country code GB not found in UtilsCountrys, using code as fallback
WARNING Postcoder response is not a list (type=<class 'NoneType'>), returning empty addresses
WARNING Country code GB not found in UtilsCountrys, using code as fallback
WARNING Postcoder response is not a list (type=<class 'str'>), returning empty addresses
.WARNING Country code GB not found in UtilsCountrys, using code as fallback
.WARNING Country code GB not found in UtilsCountrys, using code as fallback
.WARNING Country code GB not found in UtilsCountrys, using code as fallback
.WARNING Country code GB not found in UtilsCountrys, using code as fallback
.WARNING Country code GB not found in UtilsCountrys, using code as fallback
....................................................ssss.ss.ssss..............sINFO üîç Address lookup request: query='SW1A1AA', postcode='SW1A1AA', country=GB
INFO üîç Calling Postcoder Autocomplete API (no cache for suggestions)
INFO Calling Postcoder Autocomplete Find API for GB
INFO [POSTCODER] FAILED (API) SW1A1AA: 0 addresses in 0ms
.ssssssssINFO üîç Address lookup request: query='SW1A1AA', postcode='SW1A1AA', country=GB
INFO üîç Calling Postcoder Autocomplete API (no cache for suggestions)
INFO Calling Postcoder Autocomplete Find API for GB
INFO ‚úÖ Successfully retrieved 2 address suggestions for GB
WARNING Country code GB not found in UtilsCountrys
INFO ‚úÖ Transformed 2 autocomplete suggestions
INFO [POSTCODER] SUCCESS (API) SW1A1AA: 2 addresses in 107ms
..sssINFO üîç Address lookup request: query='SW1A1AA', postcode='SW1A1AA', country=GB
INFO üîç Calling Postcoder Autocomplete API (no cache for suggestions)
INFO Calling Postcoder Autocomplete Find API for GB
INFO ‚úÖ Successfully retrieved 1 address suggestions for GB
WARNING Country code GB not found in UtilsCountrys
INFO ‚úÖ Transformed 1 autocomplete suggestions
INFO [POSTCODER] SUCCESS (API) SW1A1AA: 1 addresses in 166ms
.
  [OK] Cache miss response time: 177.72ms (target: <500ms)
INFO üîç Address lookup request: query='SW1A1AA', postcode='SW1A1AA', country=GB
INFO üîç Calling Postcoder Autocomplete API (no cache for suggestions)
INFO Calling Postcoder Autocomplete Find API for GB
INFO üîç Address lookup request: query='SW1A1AA', postcode='SW1A1AA', country=GB
INFO üîç Calling Postcoder Autocomplete API (no cache for suggestions)
INFO Calling Postcoder Autocomplete Find API for GB
INFO ‚úÖ Successfully retrieved 1 address suggestions for GB
INFO üîç Address lookup request: query='SW1A1AA', postcode='SW1A1AA', country=GB
INFO üîç Address lookup request: query='SW1A1AA', postcode='SW1A1AA', country=GB
INFO ‚úÖ Successfully retrieved 1 address suggestions for GB
INFO üîç Calling Postcoder Autocomplete API (no cache for suggestions)
INFO üîç Calling Postcoder Autocomplete API (no cache for suggestions)
INFO üîç Address lookup request: query='SW1A1AA', postcode='SW1A1AA', country=GB
INFO Calling Postcoder Autocomplete Find API for GB
INFO üîç Address lookup request: query='SW1A1AA', postcode='SW1A1AA', country=GB
INFO üîç Address lookup request: query='SW1A1AA', postcode='SW1A1AA', country=GB
INFO Calling Postcoder Autocomplete Find API for GB
INFO üîç Address lookup request: query='SW1A1AA', postcode='SW1A1AA', country=GB
INFO üîç Address lookup request: query='SW1A1AA', postcode='SW1A1AA', country=GB
INFO üîç Address lookup request: query='SW1A1AA', postcode='SW1A1AA', country=GB
INFO ‚úÖ Successfully retrieved 1 address suggestions for GB
INFO üîç Calling Postcoder Autocomplete API (no cache for suggestions)
INFO üîç Calling Postcoder Autocomplete API (no cache for suggestions)
INFO üîç Calling Postcoder Autocomplete API (no cache for suggestions)
INFO ‚úÖ Successfully retrieved 1 address suggestions for GB
INFO üîç Calling Postcoder Autocomplete API (no cache for suggestions)
INFO üîç Calling Postcoder Autocomplete API (no cache for suggestions)
INFO üîç Calling Postcoder Autocomplete API (no cache for suggestions)
INFO Calling Postcoder Autocomplete Find API for GB
INFO ‚úÖ Successfully retrieved 1 address suggestions for GB
INFO Calling Postcoder Autocomplete Find API for GB
INFO ‚úÖ Successfully retrieved 1 address suggestions for GB
INFO Calling Postcoder Autocomplete Find API for GB
INFO Calling Postcoder Autocomplete Find API for GB
INFO Calling Postcoder Autocomplete Find API for GB
INFO Calling Postcoder Autocomplete Find API for GB
INFO ‚úÖ Successfully retrieved 1 address suggestions for GB
INFO ‚úÖ Successfully retrieved 1 address suggestions for GB
INFO ‚úÖ Successfully retrieved 1 address suggestions for GB
INFO ‚úÖ Successfully retrieved 1 address suggestions for GB
WARNING Country code GB not found in UtilsCountrys
INFO ‚úÖ Transformed 1 autocomplete suggestions
INFO [POSTCODER] SUCCESS (API) SW1A1AA: 1 addresses in 32ms
WARNING Country code GB not found in UtilsCountrys
INFO ‚úÖ Transformed 1 autocomplete suggestions
INFO [POSTCODER] SUCCESS (API) SW1A1AA: 1 addresses in 40ms
WARNING Country code GB not found in UtilsCountrys
INFO ‚úÖ Transformed 1 autocomplete suggestions
WARNING Country code GB not found in UtilsCountrys
INFO ‚úÖ Transformed 1 autocomplete suggestions
INFO [POSTCODER] SUCCESS (API) SW1A1AA: 1 addresses in 47ms
WARNING Country code GB not found in UtilsCountrys
INFO [POSTCODER] SUCCESS (API) SW1A1AA: 1 addresses in 51ms
INFO ‚úÖ Transformed 1 autocomplete suggestions
WARNING Country code GB not found in UtilsCountrys
INFO ‚úÖ Transformed 1 autocomplete suggestions
INFO [POSTCODER] SUCCESS (API) SW1A1AA: 1 addresses in 53ms
INFO [POSTCODER] SUCCESS (API) SW1A1AA: 1 addresses in 59ms
WARNING Country code GB not found in UtilsCountrys
INFO ‚úÖ Transformed 1 autocomplete suggestions
WARNING Country code GB not found in UtilsCountrys
INFO ‚úÖ Transformed 1 autocomplete suggestions
INFO [POSTCODER] SUCCESS (API) SW1A1AA: 1 addresses in 63ms
WARNING Country code GB not found in UtilsCountrys
INFO ‚úÖ Transformed 1 autocomplete suggestions
INFO [POSTCODER] SUCCESS (API) SW1A1AA: 1 addresses in 69ms
INFO [POSTCODER] SUCCESS (API) SW1A1AA: 1 addresses in 70ms
WARNING Country code GB not found in UtilsCountrys
INFO ‚úÖ Transformed 1 autocomplete suggestions
INFO [POSTCODER] SUCCESS (API) SW1A1AA: 1 addresses in 73ms
..
  [OK] Concurrent requests performance:
    - Average: 61.60ms
    - Min: 39.39ms
    - Max: 77.45ms
    - Requests: 10

  ‚úì Database query performance:
    - Query time: 2.04ms
    - Queries executed: 1
    - Total cache entries: 101
INFO üîç Address lookup request: query='SW1A1AA', postcode='SW1A1AA', country=GB
INFO üîç Calling Postcoder Autocomplete API (no cache for suggestions)
INFO Calling Postcoder Autocomplete Find API for GB
INFO ‚úÖ Successfully retrieved 1 address suggestions for GB
WARNING Country code GB not found in UtilsCountrys
INFO ‚úÖ Transformed 1 autocomplete suggestions
INFO [POSTCODER] SUCCESS (API) SW1A1AA: 1 addresses in 0ms
INFO üîç Address lookup request: query='EC1A1BB', postcode='EC1A1BB', country=GB
INFO üîç Calling Postcoder Autocomplete API (no cache for suggestions)
INFO Calling Postcoder Autocomplete Find API for GB
INFO ‚úÖ Successfully retrieved 1 address suggestions for GB
WARNING Country code GB not found in UtilsCountrys
INFO ‚úÖ Transformed 1 autocomplete suggestions
INFO [POSTCODER] SUCCESS (API) EC1A1BB: 1 addresses in 0ms
INFO üîç Address lookup request: query='OX449EL', postcode='OX449EL', country=GB
INFO üîç Calling Postcoder Autocomplete API (no cache for suggestions)
INFO Calling Postcoder Autocomplete Find API for GB
INFO ‚úÖ Successfully retrieved 1 address suggestions for GB
WARNING Country code GB not found in UtilsCountrys
INFO ‚úÖ Transformed 1 autocomplete suggestions
INFO [POSTCODER] SUCCESS (API) OX449EL: 1 addresses in 0ms
INFO üîç Address lookup request: query='M13NQ', postcode='M13NQ', country=GB
INFO üîç Calling Postcoder Autocomplete API (no cache for suggestions)
INFO Calling Postcoder Autocomplete Find API for GB
INFO ‚úÖ Successfully retrieved 1 address suggestions for GB
WARNING Country code GB not found in UtilsCountrys
INFO ‚úÖ Transformed 1 autocomplete suggestions
INFO [POSTCODER] SUCCESS (API) M13NQ: 1 addresses in 0ms
INFO üîç Address lookup request: query='G28DN', postcode='G28DN', country=GB
INFO üîç Calling Postcoder Autocomplete API (no cache for suggestions)
INFO Calling Postcoder Autocomplete Find API for GB
INFO ‚úÖ Successfully retrieved 1 address suggestions for GB
WARNING Country code GB not found in UtilsCountrys
INFO ‚úÖ Transformed 1 autocomplete suggestions
INFO [POSTCODER] SUCCESS (API) G28DN: 1 addresses in 0ms
INFO üîç Address lookup request: query='EH11YZ', postcode='EH11YZ', country=GB
INFO üîç Calling Postcoder Autocomplete API (no cache for suggestions)
INFO Calling Postcoder Autocomplete Find API for GB
INFO ‚úÖ Successfully retrieved 1 address suggestions for GB
WARNING Country code GB not found in UtilsCountrys
INFO ‚úÖ Transformed 1 autocomplete suggestions
INFO [POSTCODER] SUCCESS (API) EH11YZ: 1 addresses in 0ms
INFO üîç Address lookup request: query='CF101AA', postcode='CF101AA', country=GB
INFO üîç Calling Postcoder Autocomplete API (no cache for suggestions)
INFO Calling Postcoder Autocomplete Find API for GB
INFO ‚úÖ Successfully retrieved 1 address suggestions for GB
WARNING Country code GB not found in UtilsCountrys
INFO ‚úÖ Transformed 1 autocomplete suggestions
INFO [POSTCODER] SUCCESS (API) CF101AA: 1 addresses in 0ms
INFO üîç Address lookup request: query='BT11AA', postcode='BT11AA', country=GB
INFO üîç Calling Postcoder Autocomplete API (no cache for suggestions)
INFO Calling Postcoder Autocomplete Find API for GB
INFO ‚úÖ Successfully retrieved 1 address suggestions for GB
WARNING Country code GB not found in UtilsCountrys
INFO ‚úÖ Transformed 1 autocomplete suggestions
INFO [POSTCODER] SUCCESS (API) BT11AA: 1 addresses in 0ms
INFO üîç Address lookup request: query='AB101AA', postcode='AB101AA', country=GB
INFO üîç Calling Postcoder Autocomplete API (no cache for suggestions)
INFO Calling Postcoder Autocomplete Find API for GB
INFO ‚úÖ Successfully retrieved 1 address suggestions for GB
WARNING Country code GB not found in UtilsCountrys
INFO ‚úÖ Transformed 1 autocomplete suggestions
INFO [POSTCODER] SUCCESS (API) AB101AA: 1 addresses in 0ms
INFO üîç Address lookup request: query='PL11AA', postcode='PL11AA', country=GB
INFO üîç Calling Postcoder Autocomplete API (no cache for suggestions)
INFO Calling Postcoder Autocomplete Find API for GB
INFO ‚úÖ Successfully retrieved 1 address suggestions for GB
WARNING Country code GB not found in UtilsCountrys
INFO ‚úÖ Transformed 1 autocomplete suggestions
INFO [POSTCODER] SUCCESS (API) PL11AA: 1 addresses in 0ms
.
  ‚úì Different postcode performance:
    - Average: 1.07ms
    - Min: 0.98ms
    - Max: 1.29ms
    - Postcodes tested: 10
INFO üîç Address lookup request: query='SW00AA', postcode='SW00AA', country=GB
INFO üîç Calling Postcoder Autocomplete API (no cache for suggestions)
INFO Calling Postcoder Autocomplete Find API for GB
INFO ‚úÖ Successfully retrieved 1 address suggestions for GB
WARNING Country code GB not found in UtilsCountrys
INFO ‚úÖ Transformed 1 autocomplete suggestions
INFO [POSTCODER] SUCCESS (API) SW00AA: 1 addresses in 1ms
INFO üîç Address lookup request: query='SW01AA', postcode='SW01AA', country=GB
INFO üîç Calling Postcoder Autocomplete API (no cache for suggestions)
INFO Calling Postcoder Autocomplete Find API for GB
INFO ‚úÖ Successfully retrieved 1 address suggestions for GB
WARNING Country code GB not found in UtilsCountrys
INFO ‚úÖ Transformed 1 autocomplete suggestions
INFO [POSTCODER] SUCCESS (API) SW01AA: 1 addresses in 1ms
INFO üîç Address lookup request: query='SW02AA', postcode='SW02AA', country=GB
INFO üîç Calling Postcoder Autocomplete API (no cache for suggestions)
INFO Calling Postcoder Autocomplete Find API for GB
INFO ‚úÖ Successfully retrieved 1 address suggestions for GB
WARNING Country code GB not found in UtilsCountrys
INFO ‚úÖ Transformed 1 autocomplete suggestions
INFO [POSTCODER] SUCCESS (API) SW02AA: 1 addresses in 1ms
INFO üîç Address lookup request: query='SW03AA', postcode='SW03AA', country=GB
INFO üîç Calling Postcoder Autocomplete API (no cache for suggestions)
INFO Calling Postcoder Autocomplete Find API for GB
INFO ‚úÖ Successfully retrieved 1 address suggestions for GB
WARNING Country code GB not found in UtilsCountrys
INFO ‚úÖ Transformed 1 autocomplete suggestions
INFO [POSTCODER] SUCCESS (API) SW03AA: 1 addresses in 1ms
INFO üîç Address lookup request: query='SW04AA', postcode='SW04AA', country=GB
INFO üîç Calling Postcoder Autocomplete API (no cache for suggestions)
INFO Calling Postcoder Autocomplete Find API for GB
INFO ‚úÖ Successfully retrieved 1 address suggestions for GB
WARNING Country code GB not found in UtilsCountrys
INFO ‚úÖ Transformed 1 autocomplete suggestions
INFO [POSTCODER] SUCCESS (API) SW04AA: 1 addresses in 1ms
INFO üîç Address lookup request: query='SW05AA', postcode='SW05AA', country=GB
INFO üîç Calling Postcoder Autocomplete API (no cache for suggestions)
INFO Calling Postcoder Autocomplete Find API for GB
INFO ‚úÖ Successfully retrieved 1 address suggestions for GB
WARNING Country code GB not found in UtilsCountrys
INFO ‚úÖ Transformed 1 autocomplete suggestions
INFO [POSTCODER] SUCCESS (API) SW05AA: 1 addresses in 1ms
INFO üîç Address lookup request: query='SW06AA', postcode='SW06AA', country=GB
INFO üîç Calling Postcoder Autocomplete API (no cache for suggestions)
INFO Calling Postcoder Autocomplete Find API for GB
INFO ‚úÖ Successfully retrieved 1 address suggestions for GB
WARNING Country code GB not found in UtilsCountrys
INFO ‚úÖ Transformed 1 autocomplete suggestions
INFO [POSTCODER] SUCCESS (API) SW06AA: 1 addresses in 2ms
INFO üîç Address lookup request: query='SW07AA', postcode='SW07AA', country=GB
INFO üîç Calling Postcoder Autocomplete API (no cache for suggestions)
INFO Calling Postcoder Autocomplete Find API for GB
INFO ‚úÖ Successfully retrieved 1 address suggestions for GB
WARNING Country code GB not found in UtilsCountrys
INFO ‚úÖ Transformed 1 autocomplete suggestions
INFO [POSTCODER] SUCCESS (API) SW07AA: 1 addresses in 1ms
INFO üîç Address lookup request: query='SW08AA', postcode='SW08AA', country=GB
INFO üîç Calling Postcoder Autocomplete API (no cache for suggestions)
INFO Calling Postcoder Autocomplete Find API for GB
INFO ‚úÖ Successfully retrieved 1 address suggestions for GB
WARNING Country code GB not found in UtilsCountrys
INFO ‚úÖ Transformed 1 autocomplete suggestions
INFO [POSTCODER] SUCCESS (API) SW08AA: 1 addresses in 1ms
INFO üîç Address lookup request: query='SW09AA', postcode='SW09AA', country=GB
INFO üîç Calling Postcoder Autocomplete API (no cache for suggestions)
INFO Calling Postcoder Autocomplete Find API for GB
INFO ‚úÖ Successfully retrieved 1 address suggestions for GB
WARNING Country code GB not found in UtilsCountrys
INFO ‚úÖ Transformed 1 autocomplete suggestions
INFO [POSTCODER] SUCCESS (API) SW09AA: 1 addresses in 1ms
INFO üîç Address lookup request: query='SW10AA', postcode='SW10AA', country=GB
INFO üîç Calling Postcoder Autocomplete API (no cache for suggestions)
INFO Calling Postcoder Autocomplete Find API for GB
INFO ‚úÖ Successfully retrieved 1 address suggestions for GB
WARNING Country code GB not found in UtilsCountrys
INFO ‚úÖ Transformed 1 autocomplete suggestions
INFO [POSTCODER] SUCCESS (API) SW10AA: 1 addresses in 1ms
INFO üîç Address lookup request: query='SW11AA', postcode='SW11AA', country=GB
INFO üîç Calling Postcoder Autocomplete API (no cache for suggestions)
INFO Calling Postcoder Autocomplete Find API for GB
INFO ‚úÖ Successfully retrieved 1 address suggestions for GB
WARNING Country code GB not found in UtilsCountrys
INFO ‚úÖ Transformed 1 autocomplete suggestions
INFO [POSTCODER] SUCCESS (API) SW11AA: 1 addresses in 1ms
INFO üîç Address lookup request: query='SW12AA', postcode='SW12AA', country=GB
INFO üîç Calling Postcoder Autocomplete API (no cache for suggestions)
INFO Calling Postcoder Autocomplete Find API for GB
INFO ‚úÖ Successfully retrieved 1 address suggestions for GB
WARNING Country code GB not found in UtilsCountrys
INFO ‚úÖ Transformed 1 autocomplete suggestions
INFO [POSTCODER] SUCCESS (API) SW12AA: 1 addresses in 1ms
INFO üîç Address lookup request: query='SW13AA', postcode='SW13AA', country=GB
INFO üîç Calling Postcoder Autocomplete API (no cache for suggestions)
INFO Calling Postcoder Autocomplete Find API for GB
INFO ‚úÖ Successfully retrieved 1 address suggestions for GB
WARNING Country code GB not found in UtilsCountrys
INFO ‚úÖ Transformed 1 autocomplete suggestions
INFO [POSTCODER] SUCCESS (API) SW13AA: 1 addresses in 1ms
INFO üîç Address lookup request: query='SW14AA', postcode='SW14AA', country=GB
INFO üîç Calling Postcoder Autocomplete API (no cache for suggestions)
INFO Calling Postcoder Autocomplete Find API for GB
INFO ‚úÖ Successfully retrieved 1 address suggestions for GB
WARNING Country code GB not found in UtilsCountrys
INFO ‚úÖ Transformed 1 autocomplete suggestions
INFO [POSTCODER] SUCCESS (API) SW14AA: 1 addresses in 1ms
INFO üîç Address lookup request: query='SW15AA', postcode='SW15AA', country=GB
INFO üîç Calling Postcoder Autocomplete API (no cache for suggestions)
INFO Calling Postcoder Autocomplete Find API for GB
INFO ‚úÖ Successfully retrieved 1 address suggestions for GB
WARNING Country code GB not found in UtilsCountrys
INFO ‚úÖ Transformed 1 autocomplete suggestions
INFO [POSTCODER] SUCCESS (API) SW15AA: 1 addresses in 1ms
INFO üîç Address lookup request: query='SW16AA', postcode='SW16AA', country=GB
INFO üîç Calling Postcoder Autocomplete API (no cache for suggestions)
INFO Calling Postcoder Autocomplete Find API for GB
INFO ‚úÖ Successfully retrieved 1 address suggestions for GB
WARNING Country code GB not found in UtilsCountrys
INFO ‚úÖ Transformed 1 autocomplete suggestions
INFO [POSTCODER] SUCCESS (API) SW16AA: 1 addresses in 1ms
INFO üîç Address lookup request: query='SW17AA', postcode='SW17AA', country=GB
INFO üîç Calling Postcoder Autocomplete API (no cache for suggestions)
INFO Calling Postcoder Autocomplete Find API for GB
INFO ‚úÖ Successfully retrieved 1 address suggestions for GB
WARNING Country code GB not found in UtilsCountrys
INFO ‚úÖ Transformed 1 autocomplete suggestions
INFO [POSTCODER] SUCCESS (API) SW17AA: 1 addresses in 1ms
INFO üîç Address lookup request: query='SW18AA', postcode='SW18AA', country=GB
INFO üîç Calling Postcoder Autocomplete API (no cache for suggestions)
INFO Calling Postcoder Autocomplete Find API for GB
INFO ‚úÖ Successfully retrieved 1 address suggestions for GB
WARNING Country code GB not found in UtilsCountrys
INFO ‚úÖ Transformed 1 autocomplete suggestions
INFO [POSTCODER] SUCCESS (API) SW18AA: 1 addresses in 1ms
INFO üîç Address lookup request: query='SW19AA', postcode='SW19AA', country=GB
INFO üîç Calling Postcoder Autocomplete API (no cache for suggestions)
INFO Calling Postcoder Autocomplete Find API for GB
INFO ‚úÖ Successfully retrieved 1 address suggestions for GB
WARNING Country code GB not found in UtilsCountrys
INFO ‚úÖ Transformed 1 autocomplete suggestions
INFO [POSTCODER] SUCCESS (API) SW19AA: 1 addresses in 1ms
INFO üîç Address lookup request: query='SW20AA', postcode='SW20AA', country=GB
INFO üîç Calling Postcoder Autocomplete API (no cache for suggestions)
INFO Calling Postcoder Autocomplete Find API for GB
INFO ‚úÖ Successfully retrieved 1 address suggestions for GB
WARNING Country code GB not found in UtilsCountrys
INFO ‚úÖ Transformed 1 autocomplete suggestions
INFO [POSTCODER] SUCCESS (API) SW20AA: 1 addresses in 1ms
INFO üîç Address lookup request: query='SW21AA', postcode='SW21AA', country=GB
INFO üîç Calling Postcoder Autocomplete API (no cache for suggestions)
INFO Calling Postcoder Autocomplete Find API for GB
INFO ‚úÖ Successfully retrieved 1 address suggestions for GB
WARNING Country code GB not found in UtilsCountrys
INFO ‚úÖ Transformed 1 autocomplete suggestions
INFO [POSTCODER] SUCCESS (API) SW21AA: 1 addresses in 0ms
INFO üîç Address lookup request: query='SW22AA', postcode='SW22AA', country=GB
INFO üîç Calling Postcoder Autocomplete API (no cache for suggestions)
INFO Calling Postcoder Autocomplete Find API for GB
INFO ‚úÖ Successfully retrieved 1 address suggestions for GB
WARNING Country code GB not found in UtilsCountrys
INFO ‚úÖ Transformed 1 autocomplete suggestions
INFO [POSTCODER] SUCCESS (API) SW22AA: 1 addresses in 1ms
INFO üîç Address lookup request: query='SW23AA', postcode='SW23AA', country=GB
INFO üîç Calling Postcoder Autocomplete API (no cache for suggestions)
INFO Calling Postcoder Autocomplete Find API for GB
INFO ‚úÖ Successfully retrieved 1 address suggestions for GB
WARNING Country code GB not found in UtilsCountrys
INFO ‚úÖ Transformed 1 autocomplete suggestions
INFO [POSTCODER] SUCCESS (API) SW23AA: 1 addresses in 1ms
INFO üîç Address lookup request: query='SW24AA', postcode='SW24AA', country=GB
INFO üîç Calling Postcoder Autocomplete API (no cache for suggestions)
INFO Calling Postcoder Autocomplete Find API for GB
INFO ‚úÖ Successfully retrieved 1 address suggestions for GB
WARNING Country code GB not found in UtilsCountrys
INFO ‚úÖ Transformed 1 autocomplete suggestions
INFO [POSTCODER] SUCCESS (API) SW24AA: 1 addresses in 0ms
INFO üîç Address lookup request: query='SW25AA', postcode='SW25AA', country=GB
INFO üîç Calling Postcoder Autocomplete API (no cache for suggestions)
INFO Calling Postcoder Autocomplete Find API for GB
INFO ‚úÖ Successfully retrieved 1 address suggestions for GB
WARNING Country code GB not found in UtilsCountrys
INFO ‚úÖ Transformed 1 autocomplete suggestions
INFO [POSTCODER] SUCCESS (API) SW25AA: 1 addresses in 1ms
INFO üîç Address lookup request: query='SW26AA', postcode='SW26AA', country=GB
INFO üîç Calling Postcoder Autocomplete API (no cache for suggestions)
INFO Calling Postcoder Autocomplete Find API for GB
INFO ‚úÖ Successfully retrieved 1 address suggestions for GB
WARNING Country code GB not found in UtilsCountrys
INFO ‚úÖ Transformed 1 autocomplete suggestions
INFO [POSTCODER] SUCCESS (API) SW26AA: 1 addresses in 1ms
INFO üîç Address lookup request: query='SW27AA', postcode='SW27AA', country=GB
INFO üîç Calling Postcoder Autocomplete API (no cache for suggestions)
INFO Calling Postcoder Autocomplete Find API for GB
INFO ‚úÖ Successfully retrieved 1 address suggestions for GB
WARNING Country code GB not found in UtilsCountrys
INFO ‚úÖ Transformed 1 autocomplete suggestions
INFO [POSTCODER] SUCCESS (API) SW27AA: 1 addresses in 0ms
INFO üîç Address lookup request: query='SW28AA', postcode='SW28AA', country=GB
INFO üîç Calling Postcoder Autocomplete API (no cache for suggestions)
INFO Calling Postcoder Autocomplete Find API for GB
INFO ‚úÖ Successfully retrieved 1 address suggestions for GB
WARNING Country code GB not found in UtilsCountrys
INFO ‚úÖ Transformed 1 autocomplete suggestions
INFO [POSTCODER] SUCCESS (API) SW28AA: 1 addresses in 0ms
INFO üîç Address lookup request: query='SW29AA', postcode='SW29AA', country=GB
INFO üîç Calling Postcoder Autocomplete API (no cache for suggestions)
INFO Calling Postcoder Autocomplete Find API for GB
INFO ‚úÖ Successfully retrieved 1 address suggestions for GB
WARNING Country code GB not found in UtilsCountrys
INFO ‚úÖ Transformed 1 autocomplete suggestions
INFO [POSTCODER] SUCCESS (API) SW29AA: 1 addresses in 0ms
INFO üîç Address lookup request: query='SW30AA', postcode='SW30AA', country=GB
INFO üîç Calling Postcoder Autocomplete API (no cache for suggestions)
INFO Calling Postcoder Autocomplete Find API for GB
INFO ‚úÖ Successfully retrieved 1 address suggestions for GB
WARNING Country code GB not found in UtilsCountrys
INFO ‚úÖ Transformed 1 autocomplete suggestions
INFO [POSTCODER] SUCCESS (API) SW30AA: 1 addresses in 0ms
INFO üîç Address lookup request: query='SW31AA', postcode='SW31AA', country=GB
INFO üîç Calling Postcoder Autocomplete API (no cache for suggestions)
INFO Calling Postcoder Autocomplete Find API for GB
INFO ‚úÖ Successfully retrieved 1 address suggestions for GB
WARNING Country code GB not found in UtilsCountrys
INFO ‚úÖ Transformed 1 autocomplete suggestions
INFO [POSTCODER] SUCCESS (API) SW31AA: 1 addresses in 0ms
INFO üîç Address lookup request: query='SW32AA', postcode='SW32AA', country=GB
INFO üîç Calling Postcoder Autocomplete API (no cache for suggestions)
INFO Calling Postcoder Autocomplete Find API for GB
INFO ‚úÖ Successfully retrieved 1 address suggestions for GB
WARNING Country code GB not found in UtilsCountrys
INFO ‚úÖ Transformed 1 autocomplete suggestions
INFO [POSTCODER] SUCCESS (API) SW32AA: 1 addresses in 0ms
INFO üîç Address lookup request: query='SW33AA', postcode='SW33AA', country=GB
INFO üîç Calling Postcoder Autocomplete API (no cache for suggestions)
INFO Calling Postcoder Autocomplete Find API for GB
INFO ‚úÖ Successfully retrieved 1 address suggestions for GB
WARNING Country code GB not found in UtilsCountrys
INFO ‚úÖ Transformed 1 autocomplete suggestions
INFO [POSTCODER] SUCCESS (API) SW33AA: 1 addresses in 1ms
INFO üîç Address lookup request: query='SW34AA', postcode='SW34AA', country=GB
INFO üîç Calling Postcoder Autocomplete API (no cache for suggestions)
INFO Calling Postcoder Autocomplete Find API for GB
INFO ‚úÖ Successfully retrieved 1 address suggestions for GB
WARNING Country code GB not found in UtilsCountrys
INFO ‚úÖ Transformed 1 autocomplete suggestions
INFO [POSTCODER] SUCCESS (API) SW34AA: 1 addresses in 0ms
INFO üîç Address lookup request: query='SW35AA', postcode='SW35AA', country=GB
INFO üîç Calling Postcoder Autocomplete API (no cache for suggestions)
INFO Calling Postcoder Autocomplete Find API for GB
INFO ‚úÖ Successfully retrieved 1 address suggestions for GB
WARNING Country code GB not found in UtilsCountrys
INFO ‚úÖ Transformed 1 autocomplete suggestions
INFO [POSTCODER] SUCCESS (API) SW35AA: 1 addresses in 0ms
INFO üîç Address lookup request: query='SW36AA', postcode='SW36AA', country=GB
INFO üîç Calling Postcoder Autocomplete API (no cache for suggestions)
INFO Calling Postcoder Autocomplete Find API for GB
INFO ‚úÖ Successfully retrieved 1 address suggestions for GB
WARNING Country code GB not found in UtilsCountrys
INFO ‚úÖ Transformed 1 autocomplete suggestions
INFO [POSTCODER] SUCCESS (API) SW36AA: 1 addresses in 0ms
INFO üîç Address lookup request: query='SW37AA', postcode='SW37AA', country=GB
INFO üîç Calling Postcoder Autocomplete API (no cache for suggestions)
INFO Calling Postcoder Autocomplete Find API for GB
INFO ‚úÖ Successfully retrieved 1 address suggestions for GB
WARNING Country code GB not found in UtilsCountrys
INFO ‚úÖ Transformed 1 autocomplete suggestions
INFO [POSTCODER] SUCCESS (API) SW37AA: 1 addresses in 0ms
INFO üîç Address lookup request: query='SW38AA', postcode='SW38AA', country=GB
INFO üîç Calling Postcoder Autocomplete API (no cache for suggestions)
INFO Calling Postcoder Autocomplete Find API for GB
INFO ‚úÖ Successfully retrieved 1 address suggestions for GB
WARNING Country code GB not found in UtilsCountrys
INFO ‚úÖ Transformed 1 autocomplete suggestions
INFO [POSTCODER] SUCCESS (API) SW38AA: 1 addresses in 0ms
INFO üîç Address lookup request: query='SW39AA', postcode='SW39AA', country=GB
INFO üîç Calling Postcoder Autocomplete API (no cache for suggestions)
INFO Calling Postcoder Autocomplete Find API for GB
INFO ‚úÖ Successfully retrieved 1 address suggestions for GB
WARNING Country code GB not found in UtilsCountrys
INFO ‚úÖ Transformed 1 autocomplete suggestions
INFO [POSTCODER] SUCCESS (API) SW39AA: 1 addresses in 0ms
INFO üîç Address lookup request: query='SW40AA', postcode='SW40AA', country=GB
INFO üîç Calling Postcoder Autocomplete API (no cache for suggestions)
INFO Calling Postcoder Autocomplete Find API for GB
INFO ‚úÖ Successfully retrieved 1 address suggestions for GB
WARNING Country code GB not found in UtilsCountrys
INFO ‚úÖ Transformed 1 autocomplete suggestions
INFO [POSTCODER] SUCCESS (API) SW40AA: 1 addresses in 1ms
INFO üîç Address lookup request: query='SW41AA', postcode='SW41AA', country=GB
INFO üîç Calling Postcoder Autocomplete API (no cache for suggestions)
INFO Calling Postcoder Autocomplete Find API for GB
INFO ‚úÖ Successfully retrieved 1 address suggestions for GB
WARNING Country code GB not found in UtilsCountrys
INFO ‚úÖ Transformed 1 autocomplete suggestions
INFO [POSTCODER] SUCCESS (API) SW41AA: 1 addresses in 1ms
INFO üîç Address lookup request: query='SW42AA', postcode='SW42AA', country=GB
INFO üîç Calling Postcoder Autocomplete API (no cache for suggestions)
INFO Calling Postcoder Autocomplete Find API for GB
INFO ‚úÖ Successfully retrieved 1 address suggestions for GB
WARNING Country code GB not found in UtilsCountrys
INFO ‚úÖ Transformed 1 autocomplete suggestions
INFO [POSTCODER] SUCCESS (API) SW42AA: 1 addresses in 1ms
INFO üîç Address lookup request: query='SW43AA', postcode='SW43AA', country=GB
INFO üîç Calling Postcoder Autocomplete API (no cache for suggestions)
INFO Calling Postcoder Autocomplete Find API for GB
INFO ‚úÖ Successfully retrieved 1 address suggestions for GB
WARNING Country code GB not found in UtilsCountrys
INFO ‚úÖ Transformed 1 autocomplete suggestions
INFO [POSTCODER] SUCCESS (API) SW43AA: 1 addresses in 1ms
INFO üîç Address lookup request: query='SW44AA', postcode='SW44AA', country=GB
INFO üîç Calling Postcoder Autocomplete API (no cache for suggestions)
INFO Calling Postcoder Autocomplete Find API for GB
INFO ‚úÖ Successfully retrieved 1 address suggestions for GB
WARNING Country code GB not found in UtilsCountrys
INFO ‚úÖ Transformed 1 autocomplete suggestions
INFO [POSTCODER] SUCCESS (API) SW44AA: 1 addresses in 1ms
INFO üîç Address lookup request: query='SW45AA', postcode='SW45AA', country=GB
INFO üîç Calling Postcoder Autocomplete API (no cache for suggestions)
INFO Calling Postcoder Autocomplete Find API for GB
INFO ‚úÖ Successfully retrieved 1 address suggestions for GB
WARNING Country code GB not found in UtilsCountrys
INFO ‚úÖ Transformed 1 autocomplete suggestions
INFO [POSTCODER] SUCCESS (API) SW45AA: 1 addresses in 1ms
INFO üîç Address lookup request: query='SW46AA', postcode='SW46AA', country=GB
INFO üîç Calling Postcoder Autocomplete API (no cache for suggestions)
INFO Calling Postcoder Autocomplete Find API for GB
INFO ‚úÖ Successfully retrieved 1 address suggestions for GB
WARNING Country code GB not found in UtilsCountrys
INFO ‚úÖ Transformed 1 autocomplete suggestions
INFO [POSTCODER] SUCCESS (API) SW46AA: 1 addresses in 1ms
INFO üîç Address lookup request: query='SW47AA', postcode='SW47AA', country=GB
INFO üîç Calling Postcoder Autocomplete API (no cache for suggestions)
INFO Calling Postcoder Autocomplete Find API for GB
INFO ‚úÖ Successfully retrieved 1 address suggestions for GB
WARNING Country code GB not found in UtilsCountrys
INFO ‚úÖ Transformed 1 autocomplete suggestions
INFO [POSTCODER] SUCCESS (API) SW47AA: 1 addresses in 1ms
INFO üîç Address lookup request: query='SW48AA', postcode='SW48AA', country=GB
INFO üîç Calling Postcoder Autocomplete API (no cache for suggestions)
INFO Calling Postcoder Autocomplete Find API for GB
INFO ‚úÖ Successfully retrieved 1 address suggestions for GB
WARNING Country code GB not found in UtilsCountrys
INFO ‚úÖ Transformed 1 autocomplete suggestions
INFO [POSTCODER] SUCCESS (API) SW48AA: 1 addresses in 1ms
INFO üîç Address lookup request: query='SW49AA', postcode='SW49AA', country=GB
INFO üîç Calling Postcoder Autocomplete API (no cache for suggestions)
INFO Calling Postcoder Autocomplete Find API for GB
INFO ‚úÖ Successfully retrieved 1 address suggestions for GB
WARNING Country code GB not found in UtilsCountrys
INFO ‚úÖ Transformed 1 autocomplete suggestions
INFO [POSTCODER] SUCCESS (API) SW49AA: 1 addresses in 1ms
INFO üîç Address lookup request: query='SW50AA', postcode='SW50AA', country=GB
INFO üîç Calling Postcoder Autocomplete API (no cache for suggestions)
INFO Calling Postcoder Autocomplete Find API for GB
INFO ‚úÖ Successfully retrieved 1 address suggestions for GB
WARNING Country code GB not found in UtilsCountrys
INFO ‚úÖ Transformed 1 autocomplete suggestions
INFO [POSTCODER] SUCCESS (API) SW50AA: 1 addresses in 0ms
INFO üîç Address lookup request: query='SW51AA', postcode='SW51AA', country=GB
INFO üîç Calling Postcoder Autocomplete API (no cache for suggestions)
INFO Calling Postcoder Autocomplete Find API for GB
INFO ‚úÖ Successfully retrieved 1 address suggestions for GB
WARNING Country code GB not found in UtilsCountrys
INFO ‚úÖ Transformed 1 autocomplete suggestions
INFO [POSTCODER] SUCCESS (API) SW51AA: 1 addresses in 0ms
INFO üîç Address lookup request: query='SW52AA', postcode='SW52AA', country=GB
INFO üîç Calling Postcoder Autocomplete API (no cache for suggestions)
INFO Calling Postcoder Autocomplete Find API for GB
INFO ‚úÖ Successfully retrieved 1 address suggestions for GB
WARNING Country code GB not found in UtilsCountrys
INFO ‚úÖ Transformed 1 autocomplete suggestions
INFO [POSTCODER] SUCCESS (API) SW52AA: 1 addresses in 0ms
INFO üîç Address lookup request: query='SW53AA', postcode='SW53AA', country=GB
INFO üîç Calling Postcoder Autocomplete API (no cache for suggestions)
INFO Calling Postcoder Autocomplete Find API for GB
INFO ‚úÖ Successfully retrieved 1 address suggestions for GB
WARNING Country code GB not found in UtilsCountrys
INFO ‚úÖ Transformed 1 autocomplete suggestions
INFO [POSTCODER] SUCCESS (API) SW53AA: 1 addresses in 0ms
INFO üîç Address lookup request: query='SW54AA', postcode='SW54AA', country=GB
INFO üîç Calling Postcoder Autocomplete API (no cache for suggestions)
INFO Calling Postcoder Autocomplete Find API for GB
INFO ‚úÖ Successfully retrieved 1 address suggestions for GB
WARNING Country code GB not found in UtilsCountrys
INFO ‚úÖ Transformed 1 autocomplete suggestions
INFO [POSTCODER] SUCCESS (API) SW54AA: 1 addresses in 1ms
INFO üîç Address lookup request: query='SW55AA', postcode='SW55AA', country=GB
INFO üîç Calling Postcoder Autocomplete API (no cache for suggestions)
INFO Calling Postcoder Autocomplete Find API for GB
INFO ‚úÖ Successfully retrieved 1 address suggestions for GB
WARNING Country code GB not found in UtilsCountrys
INFO ‚úÖ Transformed 1 autocomplete suggestions
INFO [POSTCODER] SUCCESS (API) SW55AA: 1 addresses in 0ms
INFO üîç Address lookup request: query='SW56AA', postcode='SW56AA', country=GB
INFO üîç Calling Postcoder Autocomplete API (no cache for suggestions)
INFO Calling Postcoder Autocomplete Find API for GB
INFO ‚úÖ Successfully retrieved 1 address suggestions for GB
WARNING Country code GB not found in UtilsCountrys
INFO ‚úÖ Transformed 1 autocomplete suggestions
INFO [POSTCODER] SUCCESS (API) SW56AA: 1 addresses in 1ms
INFO üîç Address lookup request: query='SW57AA', postcode='SW57AA', country=GB
INFO üîç Calling Postcoder Autocomplete API (no cache for suggestions)
INFO Calling Postcoder Autocomplete Find API for GB
INFO ‚úÖ Successfully retrieved 1 address suggestions for GB
WARNING Country code GB not found in UtilsCountrys
INFO ‚úÖ Transformed 1 autocomplete suggestions
INFO [POSTCODER] SUCCESS (API) SW57AA: 1 addresses in 0ms
INFO üîç Address lookup request: query='SW58AA', postcode='SW58AA', country=GB
INFO üîç Calling Postcoder Autocomplete API (no cache for suggestions)
INFO Calling Postcoder Autocomplete Find API for GB
INFO ‚úÖ Successfully retrieved 1 address suggestions for GB
WARNING Country code GB not found in UtilsCountrys
INFO ‚úÖ Transformed 1 autocomplete suggestions
INFO [POSTCODER] SUCCESS (API) SW58AA: 1 addresses in 0ms
INFO üîç Address lookup request: query='SW59AA', postcode='SW59AA', country=GB
INFO üîç Calling Postcoder Autocomplete API (no cache for suggestions)
INFO Calling Postcoder Autocomplete Find API for GB
INFO ‚úÖ Successfully retrieved 1 address suggestions for GB
WARNING Country code GB not found in UtilsCountrys
INFO ‚úÖ Transformed 1 autocomplete suggestions
INFO [POSTCODER] SUCCESS (API) SW59AA: 1 addresses in 1ms
INFO üîç Address lookup request: query='SW60AA', postcode='SW60AA', country=GB
INFO üîç Calling Postcoder Autocomplete API (no cache for suggestions)
INFO Calling Postcoder Autocomplete Find API for GB
INFO ‚úÖ Successfully retrieved 1 address suggestions for GB
WARNING Country code GB not found in UtilsCountrys
INFO ‚úÖ Transformed 1 autocomplete suggestions
INFO [POSTCODER] SUCCESS (API) SW60AA: 1 addresses in 1ms
INFO üîç Address lookup request: query='SW61AA', postcode='SW61AA', country=GB
INFO üîç Calling Postcoder Autocomplete API (no cache for suggestions)
INFO Calling Postcoder Autocomplete Find API for GB
INFO ‚úÖ Successfully retrieved 1 address suggestions for GB
WARNING Country code GB not found in UtilsCountrys
INFO ‚úÖ Transformed 1 autocomplete suggestions
INFO [POSTCODER] SUCCESS (API) SW61AA: 1 addresses in 1ms
INFO üîç Address lookup request: query='SW62AA', postcode='SW62AA', country=GB
INFO üîç Calling Postcoder Autocomplete API (no cache for suggestions)
INFO Calling Postcoder Autocomplete Find API for GB
INFO ‚úÖ Successfully retrieved 1 address suggestions for GB
WARNING Country code GB not found in UtilsCountrys
INFO ‚úÖ Transformed 1 autocomplete suggestions
INFO [POSTCODER] SUCCESS (API) SW62AA: 1 addresses in 1ms
INFO üîç Address lookup request: query='SW63AA', postcode='SW63AA', country=GB
INFO üîç Calling Postcoder Autocomplete API (no cache for suggestions)
INFO Calling Postcoder Autocomplete Find API for GB
INFO ‚úÖ Successfully retrieved 1 address suggestions for GB
WARNING Country code GB not found in UtilsCountrys
INFO ‚úÖ Transformed 1 autocomplete suggestions
INFO [POSTCODER] SUCCESS (API) SW63AA: 1 addresses in 1ms
INFO üîç Address lookup request: query='SW64AA', postcode='SW64AA', country=GB
INFO üîç Calling Postcoder Autocomplete API (no cache for suggestions)
INFO Calling Postcoder Autocomplete Find API for GB
INFO ‚úÖ Successfully retrieved 1 address suggestions for GB
WARNING Country code GB not found in UtilsCountrys
INFO ‚úÖ Transformed 1 autocomplete suggestions
INFO [POSTCODER] SUCCESS (API) SW64AA: 1 addresses in 1ms
INFO üîç Address lookup request: query='SW65AA', postcode='SW65AA', country=GB
INFO üîç Calling Postcoder Autocomplete API (no cache for suggestions)
INFO Calling Postcoder Autocomplete Find API for GB
INFO ‚úÖ Successfully retrieved 1 address suggestions for GB
WARNING Country code GB not found in UtilsCountrys
INFO ‚úÖ Transformed 1 autocomplete suggestions
INFO [POSTCODER] SUCCESS (API) SW65AA: 1 addresses in 1ms
INFO üîç Address lookup request: query='SW66AA', postcode='SW66AA', country=GB
INFO üîç Calling Postcoder Autocomplete API (no cache for suggestions)
INFO Calling Postcoder Autocomplete Find API for GB
INFO ‚úÖ Successfully retrieved 1 address suggestions for GB
WARNING Country code GB not found in UtilsCountrys
INFO ‚úÖ Transformed 1 autocomplete suggestions
INFO [POSTCODER] SUCCESS (API) SW66AA: 1 addresses in 1ms
INFO üîç Address lookup request: query='SW67AA', postcode='SW67AA', country=GB
INFO üîç Calling Postcoder Autocomplete API (no cache for suggestions)
INFO Calling Postcoder Autocomplete Find API for GB
INFO ‚úÖ Successfully retrieved 1 address suggestions for GB
WARNING Country code GB not found in UtilsCountrys
INFO ‚úÖ Transformed 1 autocomplete suggestions
INFO [POSTCODER] SUCCESS (API) SW67AA: 1 addresses in 1ms
INFO üîç Address lookup request: query='SW68AA', postcode='SW68AA', country=GB
INFO üîç Calling Postcoder Autocomplete API (no cache for suggestions)
INFO Calling Postcoder Autocomplete Find API for GB
INFO ‚úÖ Successfully retrieved 1 address suggestions for GB
WARNING Country code GB not found in UtilsCountrys
INFO ‚úÖ Transformed 1 autocomplete suggestions
INFO [POSTCODER] SUCCESS (API) SW68AA: 1 addresses in 1ms
INFO üîç Address lookup request: query='SW69AA', postcode='SW69AA', country=GB
INFO üîç Calling Postcoder Autocomplete API (no cache for suggestions)
INFO Calling Postcoder Autocomplete Find API for GB
INFO ‚úÖ Successfully retrieved 1 address suggestions for GB
WARNING Country code GB not found in UtilsCountrys
INFO ‚úÖ Transformed 1 autocomplete suggestions
INFO [POSTCODER] SUCCESS (API) SW69AA: 1 addresses in 1ms
INFO üîç Address lookup request: query='SW70AA', postcode='SW70AA', country=GB
INFO üîç Calling Postcoder Autocomplete API (no cache for suggestions)
INFO Calling Postcoder Autocomplete Find API for GB
INFO ‚úÖ Successfully retrieved 1 address suggestions for GB
WARNING Country code GB not found in UtilsCountrys
INFO ‚úÖ Transformed 1 autocomplete suggestions
INFO [POSTCODER] SUCCESS (API) SW70AA: 1 addresses in 4ms
INFO üîç Address lookup request: query='SW71AA', postcode='SW71AA', country=GB
INFO üîç Calling Postcoder Autocomplete API (no cache for suggestions)
INFO Calling Postcoder Autocomplete Find API for GB
INFO ‚úÖ Successfully retrieved 1 address suggestions for GB
WARNING Country code GB not found in UtilsCountrys
INFO ‚úÖ Transformed 1 autocomplete suggestions
INFO [POSTCODER] SUCCESS (API) SW71AA: 1 addresses in 1ms
INFO üîç Address lookup request: query='SW72AA', postcode='SW72AA', country=GB
INFO üîç Calling Postcoder Autocomplete API (no cache for suggestions)
INFO Calling Postcoder Autocomplete Find API for GB
INFO ‚úÖ Successfully retrieved 1 address suggestions for GB
WARNING Country code GB not found in UtilsCountrys
INFO ‚úÖ Transformed 1 autocomplete suggestions
INFO [POSTCODER] SUCCESS (API) SW72AA: 1 addresses in 1ms
INFO üîç Address lookup request: query='SW73AA', postcode='SW73AA', country=GB
INFO üîç Calling Postcoder Autocomplete API (no cache for suggestions)
INFO Calling Postcoder Autocomplete Find API for GB
INFO ‚úÖ Successfully retrieved 1 address suggestions for GB
WARNING Country code GB not found in UtilsCountrys
INFO ‚úÖ Transformed 1 autocomplete suggestions
INFO [POSTCODER] SUCCESS (API) SW73AA: 1 addresses in 1ms
INFO üîç Address lookup request: query='SW74AA', postcode='SW74AA', country=GB
INFO üîç Calling Postcoder Autocomplete API (no cache for suggestions)
INFO Calling Postcoder Autocomplete Find API for GB
INFO ‚úÖ Successfully retrieved 1 address suggestions for GB
WARNING Country code GB not found in UtilsCountrys
INFO ‚úÖ Transformed 1 autocomplete suggestions
INFO [POSTCODER] SUCCESS (API) SW74AA: 1 addresses in 1ms
INFO üîç Address lookup request: query='SW75AA', postcode='SW75AA', country=GB
INFO üîç Calling Postcoder Autocomplete API (no cache for suggestions)
INFO Calling Postcoder Autocomplete Find API for GB
INFO ‚úÖ Successfully retrieved 1 address suggestions for GB
WARNING Country code GB not found in UtilsCountrys
INFO ‚úÖ Transformed 1 autocomplete suggestions
INFO [POSTCODER] SUCCESS (API) SW75AA: 1 addresses in 1ms
INFO üîç Address lookup request: query='SW76AA', postcode='SW76AA', country=GB
INFO üîç Calling Postcoder Autocomplete API (no cache for suggestions)
INFO Calling Postcoder Autocomplete Find API for GB
INFO ‚úÖ Successfully retrieved 1 address suggestions for GB
WARNING Country code GB not found in UtilsCountrys
INFO ‚úÖ Transformed 1 autocomplete suggestions
INFO [POSTCODER] SUCCESS (API) SW76AA: 1 addresses in 1ms
INFO üîç Address lookup request: query='SW77AA', postcode='SW77AA', country=GB
INFO üîç Calling Postcoder Autocomplete API (no cache for suggestions)
INFO Calling Postcoder Autocomplete Find API for GB
INFO ‚úÖ Successfully retrieved 1 address suggestions for GB
WARNING Country code GB not found in UtilsCountrys
INFO ‚úÖ Transformed 1 autocomplete suggestions
INFO [POSTCODER] SUCCESS (API) SW77AA: 1 addresses in 1ms
INFO üîç Address lookup request: query='SW78AA', postcode='SW78AA', country=GB
INFO üîç Calling Postcoder Autocomplete API (no cache for suggestions)
INFO Calling Postcoder Autocomplete Find API for GB
INFO ‚úÖ Successfully retrieved 1 address suggestions for GB
WARNING Country code GB not found in UtilsCountrys
INFO ‚úÖ Transformed 1 autocomplete suggestions
INFO [POSTCODER] SUCCESS (API) SW78AA: 1 addresses in 1ms
INFO üîç Address lookup request: query='SW79AA', postcode='SW79AA', country=GB
INFO üîç Calling Postcoder Autocomplete API (no cache for suggestions)
INFO Calling Postcoder Autocomplete Find API for GB
INFO ‚úÖ Successfully retrieved 1 address suggestions for GB
WARNING Country code GB not found in UtilsCountrys
INFO ‚úÖ Transformed 1 autocomplete suggestions
INFO [POSTCODER] SUCCESS (API) SW79AA: 1 addresses in 1ms
INFO üîç Address lookup request: query='SW80AA', postcode='SW80AA', country=GB
INFO üîç Calling Postcoder Autocomplete API (no cache for suggestions)
INFO Calling Postcoder Autocomplete Find API for GB
INFO ‚úÖ Successfully retrieved 1 address suggestions for GB
WARNING Country code GB not found in UtilsCountrys
INFO ‚úÖ Transformed 1 autocomplete suggestions
INFO [POSTCODER] SUCCESS (API) SW80AA: 1 addresses in 1ms
INFO üîç Address lookup request: query='SW81AA', postcode='SW81AA', country=GB
INFO üîç Calling Postcoder Autocomplete API (no cache for suggestions)
INFO Calling Postcoder Autocomplete Find API for GB
INFO ‚úÖ Successfully retrieved 1 address suggestions for GB
WARNING Country code GB not found in UtilsCountrys
INFO ‚úÖ Transformed 1 autocomplete suggestions
INFO [POSTCODER] SUCCESS (API) SW81AA: 1 addresses in 1ms
INFO üîç Address lookup request: query='SW82AA', postcode='SW82AA', country=GB
INFO üîç Calling Postcoder Autocomplete API (no cache for suggestions)
INFO Calling Postcoder Autocomplete Find API for GB
INFO ‚úÖ Successfully retrieved 1 address suggestions for GB
WARNING Country code GB not found in UtilsCountrys
INFO ‚úÖ Transformed 1 autocomplete suggestions
INFO [POSTCODER] SUCCESS (API) SW82AA: 1 addresses in 1ms
INFO üîç Address lookup request: query='SW83AA', postcode='SW83AA', country=GB
INFO üîç Calling Postcoder Autocomplete API (no cache for suggestions)
INFO Calling Postcoder Autocomplete Find API for GB
INFO ‚úÖ Successfully retrieved 1 address suggestions for GB
WARNING Country code GB not found in UtilsCountrys
INFO ‚úÖ Transformed 1 autocomplete suggestions
INFO [POSTCODER] SUCCESS (API) SW83AA: 1 addresses in 25ms
INFO üîç Address lookup request: query='SW84AA', postcode='SW84AA', country=GB
INFO üîç Calling Postcoder Autocomplete API (no cache for suggestions)
INFO Calling Postcoder Autocomplete Find API for GB
INFO ‚úÖ Successfully retrieved 1 address suggestions for GB
WARNING Country code GB not found in UtilsCountrys
INFO ‚úÖ Transformed 1 autocomplete suggestions
INFO [POSTCODER] SUCCESS (API) SW84AA: 1 addresses in 1ms
INFO üîç Address lookup request: query='SW85AA', postcode='SW85AA', country=GB
INFO üîç Calling Postcoder Autocomplete API (no cache for suggestions)
INFO Calling Postcoder Autocomplete Find API for GB
INFO ‚úÖ Successfully retrieved 1 address suggestions for GB
WARNING Country code GB not found in UtilsCountrys
INFO ‚úÖ Transformed 1 autocomplete suggestions
INFO [POSTCODER] SUCCESS (API) SW85AA: 1 addresses in 1ms
INFO üîç Address lookup request: query='SW86AA', postcode='SW86AA', country=GB
INFO üîç Calling Postcoder Autocomplete API (no cache for suggestions)
INFO Calling Postcoder Autocomplete Find API for GB
INFO ‚úÖ Successfully retrieved 1 address suggestions for GB
WARNING Country code GB not found in UtilsCountrys
INFO ‚úÖ Transformed 1 autocomplete suggestions
INFO [POSTCODER] SUCCESS (API) SW86AA: 1 addresses in 5ms
INFO üîç Address lookup request: query='SW87AA', postcode='SW87AA', country=GB
INFO üîç Calling Postcoder Autocomplete API (no cache for suggestions)
INFO Calling Postcoder Autocomplete Find API for GB
INFO ‚úÖ Successfully retrieved 1 address suggestions for GB
WARNING Country code GB not found in UtilsCountrys
INFO ‚úÖ Transformed 1 autocomplete suggestions
INFO [POSTCODER] SUCCESS (API) SW87AA: 1 addresses in 1ms
INFO üîç Address lookup request: query='SW88AA', postcode='SW88AA', country=GB
INFO üîç Calling Postcoder Autocomplete API (no cache for suggestions)
INFO Calling Postcoder Autocomplete Find API for GB
INFO ‚úÖ Successfully retrieved 1 address suggestions for GB
WARNING Country code GB not found in UtilsCountrys
INFO ‚úÖ Transformed 1 autocomplete suggestions
INFO [POSTCODER] SUCCESS (API) SW88AA: 1 addresses in 1ms
INFO üîç Address lookup request: query='SW89AA', postcode='SW89AA', country=GB
INFO üîç Calling Postcoder Autocomplete API (no cache for suggestions)
INFO Calling Postcoder Autocomplete Find API for GB
INFO ‚úÖ Successfully retrieved 1 address suggestions for GB
WARNING Country code GB not found in UtilsCountrys
INFO ‚úÖ Transformed 1 autocomplete suggestions
INFO [POSTCODER] SUCCESS (API) SW89AA: 1 addresses in 1ms
INFO üîç Address lookup request: query='SW90AA', postcode='SW90AA', country=GB
INFO üîç Calling Postcoder Autocomplete API (no cache for suggestions)
INFO Calling Postcoder Autocomplete Find API for GB
INFO ‚úÖ Successfully retrieved 1 address suggestions for GB
WARNING Country code GB not found in UtilsCountrys
INFO ‚úÖ Transformed 1 autocomplete suggestions
INFO [POSTCODER] SUCCESS (API) SW90AA: 1 addresses in 1ms
INFO üîç Address lookup request: query='SW91AA', postcode='SW91AA', country=GB
INFO üîç Calling Postcoder Autocomplete API (no cache for suggestions)
INFO Calling Postcoder Autocomplete Find API for GB
INFO ‚úÖ Successfully retrieved 1 address suggestions for GB
WARNING Country code GB not found in UtilsCountrys
INFO ‚úÖ Transformed 1 autocomplete suggestions
INFO [POSTCODER] SUCCESS (API) SW91AA: 1 addresses in 1ms
INFO üîç Address lookup request: query='SW92AA', postcode='SW92AA', country=GB
INFO üîç Calling Postcoder Autocomplete API (no cache for suggestions)
INFO Calling Postcoder Autocomplete Find API for GB
INFO ‚úÖ Successfully retrieved 1 address suggestions for GB
WARNING Country code GB not found in UtilsCountrys
INFO ‚úÖ Transformed 1 autocomplete suggestions
INFO [POSTCODER] SUCCESS (API) SW92AA: 1 addresses in 1ms
INFO üîç Address lookup request: query='SW93AA', postcode='SW93AA', country=GB
INFO üîç Calling Postcoder Autocomplete API (no cache for suggestions)
INFO Calling Postcoder Autocomplete Find API for GB
INFO ‚úÖ Successfully retrieved 1 address suggestions for GB
WARNING Country code GB not found in UtilsCountrys
INFO ‚úÖ Transformed 1 autocomplete suggestions
INFO [POSTCODER] SUCCESS (API) SW93AA: 1 addresses in 1ms
INFO üîç Address lookup request: query='SW94AA', postcode='SW94AA', country=GB
INFO üîç Calling Postcoder Autocomplete API (no cache for suggestions)
INFO Calling Postcoder Autocomplete Find API for GB
INFO ‚úÖ Successfully retrieved 1 address suggestions for GB
WARNING Country code GB not found in UtilsCountrys
INFO ‚úÖ Transformed 1 autocomplete suggestions
INFO [POSTCODER] SUCCESS (API) SW94AA: 1 addresses in 1ms
INFO üîç Address lookup request: query='SW95AA', postcode='SW95AA', country=GB
INFO üîç Calling Postcoder Autocomplete API (no cache for suggestions)
INFO Calling Postcoder Autocomplete Find API for GB
INFO ‚úÖ Successfully retrieved 1 address suggestions for GB
WARNING Country code GB not found in UtilsCountrys
INFO ‚úÖ Transformed 1 autocomplete suggestions
INFO [POSTCODER] SUCCESS (API) SW95AA: 1 addresses in 1ms
INFO üîç Address lookup request: query='SW96AA', postcode='SW96AA', country=GB
INFO üîç Calling Postcoder Autocomplete API (no cache for suggestions)
INFO Calling Postcoder Autocomplete Find API for GB
INFO ‚úÖ Successfully retrieved 1 address suggestions for GB
WARNING Country code GB not found in UtilsCountrys
INFO ‚úÖ Transformed 1 autocomplete suggestions
INFO [POSTCODER] SUCCESS (API) SW96AA: 1 addresses in 1ms
INFO üîç Address lookup request: query='SW97AA', postcode='SW97AA', country=GB
INFO üîç Calling Postcoder Autocomplete API (no cache for suggestions)
INFO Calling Postcoder Autocomplete Find API for GB
INFO ‚úÖ Successfully retrieved 1 address suggestions for GB
WARNING Country code GB not found in UtilsCountrys
INFO ‚úÖ Transformed 1 autocomplete suggestions
INFO [POSTCODER] SUCCESS (API) SW97AA: 1 addresses in 1ms
INFO üîç Address lookup request: query='SW98AA', postcode='SW98AA', country=GB
INFO üîç Calling Postcoder Autocomplete API (no cache for suggestions)
INFO Calling Postcoder Autocomplete Find API for GB
INFO ‚úÖ Successfully retrieved 1 address suggestions for GB
WARNING Country code GB not found in UtilsCountrys
INFO ‚úÖ Transformed 1 autocomplete suggestions
INFO [POSTCODER] SUCCESS (API) SW98AA: 1 addresses in 1ms
INFO üîç Address lookup request: query='SW99AA', postcode='SW99AA', country=GB
INFO üîç Calling Postcoder Autocomplete API (no cache for suggestions)
INFO Calling Postcoder Autocomplete Find API for GB
INFO ‚úÖ Successfully retrieved 1 address suggestions for GB
WARNING Country code GB not found in UtilsCountrys
INFO ‚úÖ Transformed 1 autocomplete suggestions
INFO [POSTCODER] SUCCESS (API) SW99AA: 1 addresses in 1ms
.
  ‚úì Memory leak test:
    - Baseline: 0.00MB
    - Final: 0.72MB
    - Growth: 0.72MB
    - Requests: 100
INFO üîç Address lookup request: query='SW1A1AA', postcode='SW1A1AA', country=GB
INFO üîç Calling Postcoder Autocomplete API (no cache for suggestions)
INFO Calling Postcoder Autocomplete Find API for GB
INFO ‚úÖ Successfully retrieved 1 address suggestions for GB
WARNING Country code GB not found in UtilsCountrys
INFO ‚úÖ Transformed 1 autocomplete suggestions
INFO [POSTCODER] SUCCESS (API) SW1A1AA: 1 addresses in 0ms
INFO üîç Address lookup request: query='SW1A1AA', postcode='SW1A1AA', country=GB
INFO üîç Calling Postcoder Autocomplete API (no cache for suggestions)
INFO Calling Postcoder Autocomplete Find API for GB
INFO ‚úÖ Successfully retrieved 1 address suggestions for GB
WARNING Country code GB not found in UtilsCountrys
INFO ‚úÖ Transformed 1 autocomplete suggestions
INFO [POSTCODER] SUCCESS (API) SW1A1AA: 1 addresses in 0ms
INFO üîç Address lookup request: query='SW1A1AA', postcode='SW1A1AA', country=GB
INFO üîç Calling Postcoder Autocomplete API (no cache for suggestions)
INFO Calling Postcoder Autocomplete Find API for GB
INFO ‚úÖ Successfully retrieved 1 address suggestions for GB
WARNING Country code GB not found in UtilsCountrys
INFO ‚úÖ Transformed 1 autocomplete suggestions
INFO [POSTCODER] SUCCESS (API) SW1A1AA: 1 addresses in 0ms
INFO üîç Address lookup request: query='SW1A1AA', postcode='SW1A1AA', country=GB
INFO üîç Calling Postcoder Autocomplete API (no cache for suggestions)
INFO Calling Postcoder Autocomplete Find API for GB
INFO ‚úÖ Successfully retrieved 1 address suggestions for GB
WARNING Country code GB not found in UtilsCountrys
INFO ‚úÖ Transformed 1 autocomplete suggestions
INFO [POSTCODER] SUCCESS (API) SW1A1AA: 1 addresses in 0ms
INFO üîç Address lookup request: query='SW1A1AA', postcode='SW1A1AA', country=GB
INFO üîç Calling Postcoder Autocomplete API (no cache for suggestions)
INFO Calling Postcoder Autocomplete Find API for GB
INFO ‚úÖ Successfully retrieved 1 address suggestions for GB
WARNING Country code GB not found in UtilsCountrys
INFO ‚úÖ Transformed 1 autocomplete suggestions
INFO [POSTCODER] SUCCESS (API) SW1A1AA: 1 addresses in 0ms
INFO üîç Address lookup request: query='SW1A1AA', postcode='SW1A1AA', country=GB
INFO üîç Calling Postcoder Autocomplete API (no cache for suggestions)
INFO Calling Postcoder Autocomplete Find API for GB
INFO ‚úÖ Successfully retrieved 1 address suggestions for GB
WARNING Country code GB not found in UtilsCountrys
INFO ‚úÖ Transformed 1 autocomplete suggestions
INFO [POSTCODER] SUCCESS (API) SW1A1AA: 1 addresses in 0ms
INFO üîç Address lookup request: query='SW1A1AA', postcode='SW1A1AA', country=GB
INFO üîç Calling Postcoder Autocomplete API (no cache for suggestions)
INFO Calling Postcoder Autocomplete Find API for GB
INFO ‚úÖ Successfully retrieved 1 address suggestions for GB
WARNING Country code GB not found in UtilsCountrys
INFO ‚úÖ Transformed 1 autocomplete suggestions
INFO [POSTCODER] SUCCESS (API) SW1A1AA: 1 addresses in 0ms
INFO üîç Address lookup request: query='SW1A1AA', postcode='SW1A1AA', country=GB
INFO üîç Calling Postcoder Autocomplete API (no cache for suggestions)
INFO Calling Postcoder Autocomplete Find API for GB
INFO ‚úÖ Successfully retrieved 1 address suggestions for GB
WARNING Country code GB not found in UtilsCountrys
INFO ‚úÖ Transformed 1 autocomplete suggestions
INFO [POSTCODER] SUCCESS (API) SW1A1AA: 1 addresses in 0ms
INFO üîç Address lookup request: query='SW1A1AA', postcode='SW1A1AA', country=GB
INFO üîç Calling Postcoder Autocomplete API (no cache for suggestions)
INFO Calling Postcoder Autocomplete Find API for GB
INFO ‚úÖ Successfully retrieved 1 address suggestions for GB
WARNING Country code GB not found in UtilsCountrys
INFO ‚úÖ Transformed 1 autocomplete suggestions
INFO [POSTCODER] SUCCESS (API) SW1A1AA: 1 addresses in 0ms
INFO üîç Address lookup request: query='SW1A1AA', postcode='SW1A1AA', country=GB
INFO üîç Calling Postcoder Autocomplete API (no cache for suggestions)
INFO Calling Postcoder Autocomplete Find API for GB
INFO ‚úÖ Successfully retrieved 1 address suggestions for GB
WARNING Country code GB not found in UtilsCountrys
INFO ‚úÖ Transformed 1 autocomplete suggestions
INFO [POSTCODER] SUCCESS (API) SW1A1AA: 1 addresses in 0ms
INFO üîç Address lookup request: query='SW1A1AA', postcode='SW1A1AA', country=GB
INFO üîç Calling Postcoder Autocomplete API (no cache for suggestions)
INFO Calling Postcoder Autocomplete Find API for GB
INFO ‚úÖ Successfully retrieved 1 address suggestions for GB
WARNING Country code GB not found in UtilsCountrys
INFO ‚úÖ Transformed 1 autocomplete suggestions
INFO [POSTCODER] SUCCESS (API) SW1A1AA: 1 addresses in 0ms
INFO üîç Address lookup request: query='SW1A1AA', postcode='SW1A1AA', country=GB
INFO üîç Calling Postcoder Autocomplete API (no cache for suggestions)
INFO Calling Postcoder Autocomplete Find API for GB
INFO ‚úÖ Successfully retrieved 1 address suggestions for GB
WARNING Country code GB not found in UtilsCountrys
INFO ‚úÖ Transformed 1 autocomplete suggestions
INFO [POSTCODER] SUCCESS (API) SW1A1AA: 1 addresses in 0ms
INFO üîç Address lookup request: query='SW1A1AA', postcode='SW1A1AA', country=GB
INFO üîç Calling Postcoder Autocomplete API (no cache for suggestions)
INFO Calling Postcoder Autocomplete Find API for GB
INFO ‚úÖ Successfully retrieved 1 address suggestions for GB
WARNING Country code GB not found in UtilsCountrys
INFO ‚úÖ Transformed 1 autocomplete suggestions
INFO [POSTCODER] SUCCESS (API) SW1A1AA: 1 addresses in 0ms
INFO üîç Address lookup request: query='SW1A1AA', postcode='SW1A1AA', country=GB
INFO üîç Calling Postcoder Autocomplete API (no cache for suggestions)
INFO Calling Postcoder Autocomplete Find API for GB
INFO ‚úÖ Successfully retrieved 1 address suggestions for GB
WARNING Country code GB not found in UtilsCountrys
INFO ‚úÖ Transformed 1 autocomplete suggestions
INFO [POSTCODER] SUCCESS (API) SW1A1AA: 1 addresses in 0ms
INFO üîç Address lookup request: query='SW1A1AA', postcode='SW1A1AA', country=GB
INFO üîç Calling Postcoder Autocomplete API (no cache for suggestions)
INFO Calling Postcoder Autocomplete Find API for GB
INFO ‚úÖ Successfully retrieved 1 address suggestions for GB
WARNING Country code GB not found in UtilsCountrys
INFO ‚úÖ Transformed 1 autocomplete suggestions
INFO [POSTCODER] SUCCESS (API) SW1A1AA: 1 addresses in 0ms
INFO üîç Address lookup request: query='SW1A1AA', postcode='SW1A1AA', country=GB
INFO üîç Calling Postcoder Autocomplete API (no cache for suggestions)
INFO Calling Postcoder Autocomplete Find API for GB
INFO ‚úÖ Successfully retrieved 1 address suggestions for GB
WARNING Country code GB not found in UtilsCountrys
INFO ‚úÖ Transformed 1 autocomplete suggestions
INFO [POSTCODER] SUCCESS (API) SW1A1AA: 1 addresses in 0ms
INFO üîç Address lookup request: query='SW1A1AA', postcode='SW1A1AA', country=GB
INFO üîç Calling Postcoder Autocomplete API (no cache for suggestions)
INFO Calling Postcoder Autocomplete Find API for GB
INFO ‚úÖ Successfully retrieved 1 address suggestions for GB
WARNING Country code GB not found in UtilsCountrys
INFO ‚úÖ Transformed 1 autocomplete suggestions
INFO [POSTCODER] SUCCESS (API) SW1A1AA: 1 addresses in 0ms
INFO üîç Address lookup request: query='SW1A1AA', postcode='SW1A1AA', country=GB
INFO üîç Calling Postcoder Autocomplete API (no cache for suggestions)
INFO Calling Postcoder Autocomplete Find API for GB
INFO ‚úÖ Successfully retrieved 1 address suggestions for GB
WARNING Country code GB not found in UtilsCountrys
INFO ‚úÖ Transformed 1 autocomplete suggestions
INFO [POSTCODER] SUCCESS (API) SW1A1AA: 1 addresses in 0ms
INFO üîç Address lookup request: query='SW1A1AA', postcode='SW1A1AA', country=GB
INFO üîç Calling Postcoder Autocomplete API (no cache for suggestions)
INFO Calling Postcoder Autocomplete Find API for GB
INFO ‚úÖ Successfully retrieved 1 address suggestions for GB
WARNING Country code GB not found in UtilsCountrys
INFO ‚úÖ Transformed 1 autocomplete suggestions
INFO [POSTCODER] SUCCESS (API) SW1A1AA: 1 addresses in 0ms
INFO üîç Address lookup request: query='SW1A1AA', postcode='SW1A1AA', country=GB
INFO üîç Calling Postcoder Autocomplete API (no cache for suggestions)
INFO Calling Postcoder Autocomplete Find API for GB
INFO ‚úÖ Successfully retrieved 1 address suggestions for GB
WARNING Country code GB not found in UtilsCountrys
INFO ‚úÖ Transformed 1 autocomplete suggestions
INFO [POSTCODER] SUCCESS (API) SW1A1AA: 1 addresses in 0ms
.
  ‚úì Sequential request consistency:
    - Average: 1.01ms
    - Std Dev: 0.18ms
    - Variation: 18.32%
    - Requests: 20
INFO üîç Address lookup request: query='SW1A1AA', postcode='SW1A1AA', country=GB
INFO üîç Calling Postcoder Autocomplete API (no cache for suggestions)
INFO Calling Postcoder Autocomplete Find API for GB
INFO ‚úÖ Successfully retrieved 1 address suggestions for GB
WARNING Country code GB not found in UtilsCountrys
INFO ‚úÖ Transformed 1 autocomplete suggestions
INFO [POSTCODER] SUCCESS (API) SW1A1AA: 1 addresses in 1ms
.sss
[OK] Analytics log created with correct metadata
INFO üîç Address lookup request: query='SW1A1AA', postcode='SW1A1AA', country=GB
INFO üîç Calling Postcoder Autocomplete API (no cache for suggestions)
INFO Calling Postcoder Autocomplete Find API for GB
INFO ‚úÖ Successfully retrieved 1 address suggestions for GB
WARNING Country code GB not found in UtilsCountrys
INFO ‚úÖ Transformed 1 autocomplete suggestions
INFO [POSTCODER] SUCCESS (API) SW1A1AA: 1 addresses in 1ms
.
[OK] Cache miss response time: 1.79ms (target: <500ms)
INFO üîç Address lookup request: query='TEST01', postcode='TEST01', country=GB
INFO üîç Calling Postcoder Autocomplete API (no cache for suggestions)
INFO Calling Postcoder Autocomplete Find API for GB
INFO ‚úÖ Successfully retrieved 1 address suggestions for GB
WARNING Country code GB not found in UtilsCountrys
INFO ‚úÖ Transformed 1 autocomplete suggestions
INFO [POSTCODER] SUCCESS (API) TEST01: 1 addresses in 52ms
INFO üîç Address lookup request: query='TEST01', postcode='TEST01', country=GB
INFO üîç Calling Postcoder Autocomplete API (no cache for suggestions)
INFO Calling Postcoder Autocomplete Find API for GB
INFO ‚úÖ Successfully retrieved 1 address suggestions for GB
WARNING Country code GB not found in UtilsCountrys
INFO ‚úÖ Transformed 1 autocomplete suggestions
INFO [POSTCODER] SUCCESS (API) TEST01: 1 addresses in 54ms
.
============================================================
PERFORMANCE TEST SUMMARY
============================================================
Cache Miss (API Call):  53.80ms
Cache Hit (Database):   55.35ms
Performance Gain:       0.97x faster
============================================================

[OK] All performance targets met

INFO üîç Address retrieve request: id='invalid', country=GB
ERROR ‚ùå Validation error: Invalid ID
...INFO üîç Address retrieve request: id='test_id_123', country=US
INFO ‚úÖ Successfully retrieved address for ID: test_id_123
.INFO üîç Address retrieve request: id='test_id_123', country=GB
INFO ‚úÖ Successfully retrieved address for ID: test_id_123
.INFO üîç Address lookup request: query='SW1A1AA', postcode='SW1A1AA', country=GB
INFO üîç Calling Postcoder Autocomplete API (no cache for suggestions)
.INFO üîç Address lookup request: query='SW1A1AA', postcode='SW1A1AA', country=GB
INFO üîç Calling Postcoder Autocomplete API (no cache for suggestions)
.INFO üîç Address lookup request: query='SW1A1AA', postcode='SW1A1AA', country=GB
INFO üîç Calling Postcoder Autocomplete API (no cache for suggestions)
.INFO üîç Address lookup request: query='SW1A1AA', postcode='SW1A1AA', country=GB
INFO üîç Calling Postcoder Autocomplete API (no cache for suggestions)
.INFO üîç Address lookup request: query='SW1A1AA', postcode='SW1A1AA', country=US
INFO üîç Calling Postcoder Autocomplete API (no cache for suggestions)
.INFO üîç Address lookup request: query='SW1A1AA', postcode='SW1A1AA', country=GB
INFO üîç Calling Postcoder Autocomplete API (no cache for suggestions)
..INFO üîç Address lookup request: query='SW1A1AA', postcode='SW1A1AA', country=GB
INFO üîç Calling Postcoder Autocomplete API (no cache for suggestions)
WARNING ‚ö†Ô∏è Failed to log address lookup: Logging failed
..INFO üîç Address lookup request: query='SW1A1AA', postcode='SW1A1AA', country=GB
INFO üîç Calling Postcoder Autocomplete API (no cache for suggestions)
..INFO üîç Address lookup request: query='SW1A1AA', postcode='SW1A1AA', country=GB
INFO üîç Calling Postcoder Autocomplete API (no cache for suggestions)
.INFO üîç Address lookup request: query='10 Downing Street', postcode='', country=GB
INFO üîç Calling Postcoder Autocomplete API (no cache for suggestions)
.INFO üîç Address lookup request: query='SW1A1AA', postcode='SW1A1AA', country=GB
INFO üîç Calling Postcoder Autocomplete API (no cache for suggestions)
.INFO üîç Address lookup request: query='SW1A1AA', postcode='SW1A1AA', country=GB
INFO üîç Calling Postcoder Autocomplete API (no cache for suggestions)
..INFO üîç Address lookup request: query='SW1A1AA', postcode='SW1A1AA', country=GB
INFO üîç Calling Postcoder Autocomplete API (no cache for suggestions)
..WARNING Bad Request: /api/utils/address-lookup/
.INFO üîç Address lookup request: query='10 Downing Street', postcode='', country=GB
INFO üîç Calling Postcoder Autocomplete API (no cache for suggestions)
WARNING Country code GB not found in UtilsCountrys
INFO ‚úÖ Transformed 1 autocomplete suggestions
INFO [POSTCODER] SUCCESS (API) 10 Downing: 1 addresses in 3ms
.WARNING Bad Request: /api/utils/address-retrieve/
.INFO üîç Address retrieve request: id='ABC123', country=GB
INFO ‚úÖ Successfully retrieved address for ID: ABC123
.....https://api.getAddress.io/v2/private-address?api-key=-A-yR_lwoE2LJiIoDzrf_Q46686
INFO üîç Address lookup request: query='Test Address', postcode='', country=GB
INFO üîç Calling Postcoder Autocomplete API (no cache for suggestions)
WARNING Country code GB not found in UtilsCountrys
INFO ‚úÖ Transformed 1 autocomplete suggestions
INFO [POSTCODER] SUCCESS (API) Test Addre: 1 addresses in 3ms
.sWARNING Unauthorized: /api/auth/login/
DEBUG Rule rule_home_banner created, invalidating cache for home_page_mount
INFO Invalidated rules cache for entry point: home_page_mount (key: rules:home_page_mount)
WARNING Not Found: /api/products/product-group-filters/
WARNING get_vat_calculations() is deprecated. Use get_vat_totals() instead. This method will be removed in a future version.
DEBUG Cache miss for rules:home_page_mount
DEBUG Cached 1 rules for home_page_mount
DEBUG No schema validation - context keys: ['request']
DEBUG  JSONLogic condition evaluated to: True
DEBUG Stored execution record: exec_1769772409_c11b01b7
WARNING get_vat_calculations() is deprecated. Use get_vat_totals() instead. This method will be removed in a future version.
WARNING No template configuration found for account_activation, using defaults
ERROR Failed to queue email: null value in column "reply_to_email" of relation "utils_email_queue" violates not-null constraint
DETAIL:  Failing row contains (2, 1bbcc8b4-18db-4355-b16b-24ba6cccbaa3, ["newuser@example.com"], [], [], eugene.lo1030@gmail.com, null, Activate Your ActEd Account, {"user": {"id": null, "email": "", "username": "", "is_active": ..., , , high, pending, 2026-01-30 11:26:51.17691+00, 2026-01-30 11:26:51.176981+00, null, 0, 3, null, null, null, , {}, 2026-01-30 11:26:51.17715+00, 2026-01-30 11:26:51.177154+00, [], 518, null).

ERROR Failed to queue email: Failed to queue email: null value in column "reply_to_email" of relation "utils_email_queue" violates not-null constraint
DETAIL:  Failing row contains (2, 1bbcc8b4-18db-4355-b16b-24ba6cccbaa3, ["newuser@example.com"], [], [], eugene.lo1030@gmail.com, null, Activate Your ActEd Account, {"user": {"id": null, "email": "", "username": "", "is_active": ..., , , high, pending, 2026-01-30 11:26:51.17691+00, 2026-01-30 11:26:51.176981+00, null, 0, 3, null, null, null, , {}, 2026-01-30 11:26:51.17715+00, 2026-01-30 11:26:51.177154+00, [], 518, null).

WARNING Failed to get placeholders for template account_activation: EmailTemplate matching query does not exist.
INFO Email BCC monitoring enabled. BCC recipients: ['eugene.lo1030@gmail.com', 'eugenelo@bpp.com']
WARNING Creating token for inactive user: 518. If this is not intentional, consider checking the user's status before calling the `for_user` method.

Verifying a pact between [1mAdmin3Frontend[0m and [1mAdmin3Backend[0m

  a fuzzy search request for CM2 (3ms loading, 355ms verification)
     Given searchable products exist
    returns a response which
      has status code [1m200[0m ([32mOK[0m)
      includes headers
        "[1mContent-Type[0m" with value "[1mapplication/json[0m" ([32mOK[0m)
      has a matching body ([32mOK[0m)

  a fuzzy search request with no matches (3ms loading, 307ms verification)
     Given searchable products exist
    returns a response which
      has status code [1m200[0m ([32mOK[0m)
      includes headers
        "[1mContent-Type[0m" with value "[1mapplication/json[0m" ([32mOK[0m)
      has a matching body ([32mOK[0m)

  a login request with wrong password (3ms loading, 904ms verification)
     Given a registered user exists
    returns a response which
      has status code [1m401[0m ([32mOK[0m)
      includes headers
        "[1mContent-Type[0m" with value "[1mapplication/json[0m" ([32mOK[0m)
      has a matching body ([32mOK[0m)

  a logout request (3ms loading, 257ms verification)
     Given an authenticated user
    returns a response which
      has status code [1m200[0m ([32mOK[0m)
      includes headers
        "[1mContent-Type[0m" with value "[1mapplication/json[0m" ([32mOK[0m)
      has a matching body ([32mOK[0m)

  a request for acted rules (3ms loading, 294ms verification)
     Given acted rules exist
    returns a response which
      has status code [1m200[0m ([32mOK[0m)
      includes headers
        "[1mContent-Type[0m" with value "[1mapplication/json[0m" ([32mOK[0m)
      has a matching body ([32mOK[0m)

  a request for all tutorial products (3ms loading, 268ms verification)
     Given tutorial products exist
    returns a response which
      has status code [1m200[0m ([32mOK[0m)
      includes headers
        "[1mContent-Type[0m" with value "[1mapplication/json[0m" ([32mOK[0m)
      has a matching body ([32mOK[0m)

  a request for available store products (3ms loading, 295ms verification)
     Given store products exist
    returns a response which
      has status code [1m200[0m ([32mOK[0m)
      includes headers
        "[1mContent-Type[0m" with value "[1mapplication/json[0m" ([32mOK[0m)
      has a matching body ([32mOK[0m)

  a request for bundles (3ms loading, 325ms verification)
     Given exam session bundles exist
    returns a response which
      has status code [1m200[0m ([32mOK[0m)
      includes headers
        "[1mContent-Type[0m" with value "[1mapplication/json[0m" ([32mOK[0m)
      has a matching body ([32mOK[0m)

  a request for catalog exam sessions (3ms loading, 296ms verification)
     Given catalog exam sessions exist
    returns a response which
      has status code [1m200[0m ([32mOK[0m)
      includes headers
        "[1mContent-Type[0m" with value "[1mapplication/json[0m" ([32mOK[0m)
      has a matching body ([32mOK[0m)

  a request for catalog products (3ms loading, 307ms verification)
     Given catalog products exist
    returns a response which
      has status code [1m200[0m ([32mOK[0m)
      includes headers
        "[1mContent-Type[0m" with value "[1mapplication/json[0m" ([32mOK[0m)
      has a matching body ([32mOK[0m)

  a request for catalog subjects (3ms loading, 291ms verification)
     Given catalog subjects exist
    returns a response which
      has status code [1m200[0m ([32mOK[0m)
      includes headers
        "[1mContent-Type[0m" with value "[1mapplication/json[0m" ([32mOK[0m)
      has a matching body ([32mOK[0m)

  a request for default search data (3ms loading, 327ms verification)
     Given products exist for default search
    returns a response which
      has status code [1m200[0m ([32mOK[0m)
      includes headers
        "[1mContent-Type[0m" with value "[1mapplication/json[0m" ([32mOK[0m)
      has a matching body ([32mOK[0m)

  a request for filter configuration (3ms loading, 330ms verification)
     Given filter configuration exists
    returns a response which
      has status code [1m200[0m ([32mOK[0m)
      includes headers
        "[1mContent-Type[0m" with value "[1mapplication/json[0m" ([32mOK[0m)
      has a matching body ([32mOK[0m)

  a request for navigation data (3ms loading, 310ms verification)
     Given catalog data exists
    returns a response which
      has status code [1m200[0m ([32mOK[0m)
      includes headers
        "[1mContent-Type[0m" with value "[1mapplication/json[0m" ([32mOK[0m)
      has a matching body ([32mOK[0m)

  a request for product group filters (3ms loading, 255ms verification)
     Given product groups exist
    returns a response which
      has status code [1m200[0m ([31mFAILED[0m)
      includes headers
        "[1mContent-Type[0m" with value "[1mapplication/json[0m" ([31mFAILED[0m)
      has a matching body ([31mFAILED[0m)

  a request for tutorial events list (3ms loading, 304ms verification)
     Given tutorial events exist
    returns a response which
      has status code [1m200[0m ([32mOK[0m)
      includes headers
        "[1mContent-Type[0m" with value "[1mapplication/json[0m" ([32mOK[0m)
      has a matching body ([32mOK[0m)

  a request to calculate VAT (3ms loading, 289ms verification)
     Given VAT configuration exists
    returns a response which
      has status code [1m200[0m ([32mOK[0m)
      includes headers
        "[1mContent-Type[0m" with value "[1mapplication/json[0m" ([32mOK[0m)
      has a matching body ([32mOK[0m)

  a request to clear the cart (3ms loading, 315ms verification)
     Given an authenticated user with empty cart
    returns a response which
      has status code [1m200[0m ([32mOK[0m)
      includes headers
        "[1mContent-Type[0m" with value "[1mapplication/json[0m" ([32mOK[0m)
      has a matching body ([32mOK[0m)

  a request to execute rules for home_page_mount (3ms loading, 291ms verification)
     Given rules for home_page_mount exist
    returns a response which
      has status code [1m200[0m ([32mOK[0m)
      includes headers
        "[1mContent-Type[0m" with value "[1mapplication/json[0m" ([32mOK[0m)
      has a matching body ([32mOK[0m)

  a request to fetch an empty cart (3ms loading, 305ms verification)
     Given an authenticated user with empty cart
    returns a response which
      has status code [1m200[0m ([32mOK[0m)
      includes headers
        "[1mContent-Type[0m" with value "[1mapplication/json[0m" ([32mOK[0m)
      has a matching body ([32mOK[0m)

  a valid login request (3ms loading, 599ms verification)
     Given a registered user exists
    returns a response which
      has status code [1m200[0m ([32mOK[0m)
      includes headers
        "[1mContent-Type[0m" with value "[1mapplication/json[0m" ([32mOK[0m)
      has a matching body ([32mOK[0m)

  a valid registration request (3ms loading, 627ms verification)
     Given no user with email newuser@example.com exists
    returns a response which
      has status code [1m201[0m ([32mOK[0m)
      includes headers
        "[1mContent-Type[0m" with value "[1mapplication/json[0m" ([32mOK[0m)
      has a matching body ([32mOK[0m)

  an advanced search request with subject filter (3ms loading, 305ms verification)
     Given searchable products exist
    returns a response which
      has status code [1m200[0m ([32mOK[0m)
      includes headers
        "[1mContent-Type[0m" with value "[1mapplication/json[0m" ([32mOK[0m)
      has a matching body ([32mOK[0m)


Failures:

1) Verifying a pact between Admin3Frontend and Admin3Backend Given product groups exist - a request for product group filters
    1.1) has a matching body
           expected a body of '[31mapplication/json[0m' but the actual content type was '[32mtext/html;charset=utf-8[0m'
    1.2) has status code 200
           expected [31m200[0m but was [32m404[0m
    1.3) includes header 'Content-Type' with value 'application/json'
           Expected header '[1mContent-Type[0m' to have value '[31mapplication/json[0m' but was '[32mtext/html; charset=utf-8[0m'

There were 1 pact failures

E
======================================================================
ERROR: test_provider_honours_pact_with_consumer (pact_tests.test_provider_verification.PactProviderVerificationTest.test_provider_honours_pact_with_consumer)
Replay all consumer interactions and verify responses match.
----------------------------------------------------------------------
Traceback (most recent call last):
  File "/Users/work/Documents/Code/Admin3/backend/django_Admin3/pact_tests/test_provider_verification.py", line 95, in test_provider_honours_pact_with_consumer
    verifier.verify()
    ~~~~~~~~~~~~~~~^^
  File "/Users/work/Documents/Code/Admin3/.venv/lib/python3.14/site-packages/pact/v3/verifier.py", line 769, in verify
    pact.v3.ffi.verifier_execute(self._handle)
    ~~~~~~~~~~~~~~~~~~~~~~~~~~~~^^^^^^^^^^^^^^
  File "/Users/work/Documents/Code/Admin3/.venv/lib/python3.14/site-packages/pact/v3/ffi.py", line 7330, in verifier_execute
    raise RuntimeError(msg)
RuntimeError: Failed to execute verifier for VerifierHandle(0x113b90360).

======================================================================
FAIL: test_all_catalog_tables_exist (catalog.tests.test_migrations.TestCatalogTablesExist.test_all_catalog_tables_exist) (table='catalog_product_product_groups')
Verify all 8 catalog tables exist in acted schema.
----------------------------------------------------------------------
Traceback (most recent call last):
  File "/Users/work/Documents/Code/Admin3/backend/django_Admin3/catalog/tests/test_migrations.py", line 53, in test_all_catalog_tables_exist
    self.assertIn(
    ~~~~~~~~~~~~~^
        table_name,
        ^^^^^^^^^^^
        existing_tables,
        ^^^^^^^^^^^^^^^^
        f"Table '{table_name}' should exist in acted schema"
        ^^^^^^^^^^^^^^^^^^^^^^^^^^^^^^^^^^^^^^^^^^^^^^^^^^^^
    )
    ^
AssertionError: 'catalog_product_product_groups' not found in ['catalog_exam_session_subjects', 'catalog_exam_sessions', 'catalog_product_bundle_products', 'catalog_product_bundles', 'catalog_product_product_variations', 'catalog_product_variations', 'catalog_products', 'catalog_subjects'] : Table 'catalog_product_product_groups' should exist in acted schema

======================================================================
FAIL: test_table_count (catalog.tests.test_migrations.TestCatalogTablesExist.test_table_count)
Verify exactly 9 catalog tables exist in acted schema.
----------------------------------------------------------------------
Traceback (most recent call last):
  File "/Users/work/Documents/Code/Admin3/backend/django_Admin3/catalog/tests/test_migrations.py", line 139, in test_table_count
    self.assertEqual(count, 9, "Should have exactly 9 catalog_* tables in acted schema")
    ~~~~~~~~~~~~~~~~^^^^^^^^^^^^^^^^^^^^^^^^^^^^^^^^^^^^^^^^^^^^^^^^^^^^^^^^^^^^^^^^^^^^
AssertionError: 8 != 9 : Should have exactly 9 catalog_* tables in acted schema

======================================================================
FAIL: test_import_product_product_group (catalog.tests.test_models.TestCatalogModelImports.test_import_product_product_group)
Test ProductProductGroup junction can be imported from catalog.models.
----------------------------------------------------------------------
Traceback (most recent call last):
  File "/Users/work/Documents/Code/Admin3/backend/django_Admin3/catalog/tests/test_models.py", line 51, in test_import_product_product_group
    self.assertEqual(ProductProductGroup._meta.db_table, '"acted"."catalog_product_product_groups"')
    ~~~~~~~~~~~~~~~~^^^^^^^^^^^^^^^^^^^^^^^^^^^^^^^^^^^^^^^^^^^^^^^^^^^^^^^^^^^^^^^^^^^^^^^^^^^^^^^^
AssertionError: '"acted"."filter_product_product_groups"' != '"acted"."catalog_product_product_groups"'
- "acted"."filter_product_product_groups"
?          ^^ ^^^
+ "acted"."catalog_product_product_groups"
?          ^^^^ ^^


======================================================================
FAIL: test_bulk_deadlines_action_mixed_valid_invalid_ids (marking.tests.test_views.MarkingPaperAPITestCase.test_bulk_deadlines_action_mixed_valid_invalid_ids)
Test POST /api/markings/papers/bulk-deadlines/ with mixed valid/invalid IDs.
----------------------------------------------------------------------
Traceback (most recent call last):
  File "/Users/work/Documents/Code/Admin3/backend/django_Admin3/marking/tests/test_views.py", line 250, in test_bulk_deadlines_action_mixed_valid_invalid_ids
    self.assertIn(self.store_product1.id, response.data)
    ~~~~~~~~~~~~~^^^^^^^^^^^^^^^^^^^^^^^^^^^^^^^^^^^^^^^
AssertionError: 67 not found in {}

======================================================================
FAIL: test_bulk_deadlines_action_with_valid_essp_ids (marking.tests.test_views.MarkingPaperAPITestCase.test_bulk_deadlines_action_with_valid_essp_ids)
Test POST /api/markings/papers/bulk-deadlines/ with valid store product ids.
----------------------------------------------------------------------
Traceback (most recent call last):
  File "/Users/work/Documents/Code/Admin3/backend/django_Admin3/marking/tests/test_views.py", line 186, in test_bulk_deadlines_action_with_valid_essp_ids
    self.assertIn(self.store_product1.id, response.data)
    ~~~~~~~~~~~~~^^^^^^^^^^^^^^^^^^^^^^^^^^^^^^^^^^^^^^^
AssertionError: 75 not found in {}

======================================================================
FAIL: test_bulk_deadlines_action_without_essp_ids (marking.tests.test_views.MarkingPaperAPITestCase.test_bulk_deadlines_action_without_essp_ids)
Test POST /api/markings/papers/bulk-deadlines/ without essp_ids.
----------------------------------------------------------------------
Traceback (most recent call last):
  File "/Users/work/Documents/Code/Admin3/backend/django_Admin3/marking/tests/test_views.py", line 201, in test_bulk_deadlines_action_without_essp_ids
    self.assertEqual(response.data['error'], 'essp_ids is required and must be a list')
    ~~~~~~~~~~~~~~~~^^^^^^^^^^^^^^^^^^^^^^^^^^^^^^^^^^^^^^^^^^^^^^^^^^^^^^^^^^^^^^^^^^^
AssertionError: 'store_product_ids or essp_ids is required and must be a list' != 'essp_ids is required and must be a list'
- store_product_ids or essp_ids is required and must be a list
? ---------------------
+ essp_ids is required and must be a list


======================================================================
FAIL: test_bulk_deadlines_response_structure (marking.tests.test_views.MarkingPaperAPITestCase.test_bulk_deadlines_response_structure)
Test bulk deadlines action response structure.
----------------------------------------------------------------------
Traceback (most recent call last):
  File "/Users/work/Documents/Code/Admin3/backend/django_Admin3/marking/tests/test_views.py", line 279, in test_bulk_deadlines_response_structure
    self.assertIn(self.store_product1.id, response.data)
    ~~~~~~~~~~~~~^^^^^^^^^^^^^^^^^^^^^^^^^^^^^^^^^^^^^^^
AssertionError: 79 not found in {}

======================================================================
FAIL: test_deadlines_action_with_nonexistent_essp (marking.tests.test_views.MarkingPaperAPITestCase.test_deadlines_action_with_nonexistent_essp)
Test deadlines action for store product with no marking papers.
----------------------------------------------------------------------
Traceback (most recent call last):
  File "/Users/work/Documents/Code/Admin3/backend/django_Admin3/marking/tests/test_views.py", line 170, in test_deadlines_action_with_nonexistent_essp
    self.assertEqual(response.status_code, status.HTTP_200_OK)
    ~~~~~~~~~~~~~~~~^^^^^^^^^^^^^^^^^^^^^^^^^^^^^^^^^^^^^^^^^^
AssertionError: 404 != 200

======================================================================
FAIL: test_deadlines_action_with_valid_essp_id (marking.tests.test_views.MarkingPaperAPITestCase.test_deadlines_action_with_valid_essp_id)
Test GET /api/markings/papers/deadlines/?essp_id={id}.
----------------------------------------------------------------------
Traceback (most recent call last):
  File "/Users/work/Documents/Code/Admin3/backend/django_Admin3/marking/tests/test_views.py", line 125, in test_deadlines_action_with_valid_essp_id
    self.assertEqual(response.status_code, status.HTTP_200_OK)
    ~~~~~~~~~~~~~~~~^^^^^^^^^^^^^^^^^^^^^^^^^^^^^^^^^^^^^^^^^^
AssertionError: 404 != 200

======================================================================
FAIL: test_deadlines_action_without_essp_id (marking.tests.test_views.MarkingPaperAPITestCase.test_deadlines_action_without_essp_id)
Test GET /api/markings/papers/deadlines/ without essp_id parameter.
----------------------------------------------------------------------
Traceback (most recent call last):
  File "/Users/work/Documents/Code/Admin3/backend/django_Admin3/marking/tests/test_views.py", line 140, in test_deadlines_action_without_essp_id
    self.assertEqual(response.data['error'], 'essp_id is required')
    ~~~~~~~~~~~~~~~~^^^^^^^^^^^^^^^^^^^^^^^^^^^^^^^^^^^^^^^^^^^^^^^
AssertionError: 'store_product_id or essp_id is required' != 'essp_id is required'
- store_product_id or essp_id is required
+ essp_id is required


======================================================================
FAIL: test_deadlines_response_structure (marking.tests.test_views.MarkingPaperAPITestCase.test_deadlines_response_structure)
Test deadlines action response contains expected fields.
----------------------------------------------------------------------
Traceback (most recent call last):
  File "/Users/work/Documents/Code/Admin3/backend/django_Admin3/marking/tests/test_views.py", line 257, in test_deadlines_response_structure
    self.assertEqual(response.status_code, status.HTTP_200_OK)
    ~~~~~~~~~~~~~~~~^^^^^^^^^^^^^^^^^^^^^^^^^^^^^^^^^^^^^^^^^^
AssertionError: 404 != 200

======================================================================
FAIL: test_permission_classes_allow_any (marking.tests.test_views.MarkingPaperAPITestCase.test_permission_classes_allow_any)
Test API endpoints are accessible without authentication (AllowAny).
----------------------------------------------------------------------
Traceback (most recent call last):
  File "/Users/work/Documents/Code/Admin3/backend/django_Admin3/marking/tests/test_views.py", line 334, in test_permission_classes_allow_any
    self.assertEqual(response.status_code, status.HTTP_200_OK)
    ~~~~~~~~~~~~~~~~^^^^^^^^^^^^^^^^^^^^^^^^^^^^^^^^^^^^^^^^^^
AssertionError: 404 != 200

----------------------------------------------------------------------
Ran 1141 tests in 209.765s

FAILED (failures=12, errors=1, skipped=67)
Preserving test database for alias 'default'...
