DJANGO_ENV None
DJANGO_ENV development
DJANGO_SETTINGS_MODULE django_Admin3.settings.development
DJANGO_ENV FILE /Users/work/Documents/Code/Admin3/backend/django_Admin3/.env.development
Loading environment from: /Users/work/Documents/Code/Admin3/backend/django_Admin3/.env.development
Rows in test table: [(1, 'Test1'), (2, 'Test1'), (3, 'Test1'), (4, 'Test1'), (5, 'Test1'), (6, 'Test1'), (7, 'Test1'), (8, 'Test1'), (9, 'Test1'), (10, 'Test1'), (11, 'Test1'), (12, 'Test1'), (13, 'Test1'), (14, 'Test1'), (15, 'Test1'), (16, 'Test1'), (17, 'Test1'), (18, 'Test1'), (19, 'Test1'), (20, 'Test1'), (21, 'Test1'), (22, 'Test1'), (23, 'Test1'), (24, 'Test1'), (25, 'Test1'), (26, 'Test1'), (27, 'Test1'), (28, 'Test1'), (29, 'Test1'), (30, 'Test1'), (31, 'Test1'), (32, 'Test1'), (33, 'Test1'), (34, 'Test1'), (35, 'Test1'), (36, 'Test1'), (37, 'Test1'), (38, 'Test1'), (39, 'Test1'), (40, 'Test1'), (41, 'Test1'), (42, 'Test1'), (43, 'Test1'), (44, 'Test1'), (45, 'Test1'), (46, 'Test1'), (47, 'Test1'), (48, 'Test1'), (49, 'Test1'), (50, 'Test1'), (51, 'Test1'), (52, 'Test1'), (53, 'Test1'), (54, 'Test1'), (55, 'Test1'), (56, 'Test1'), (57, 'Test1'), (58, 'Test1'), (59, 'Test1'), (60, 'Test1'), (61, 'Test1'), (62, 'Test1'), (63, 'Test1'), (64, 'Test1'), (65, 'Test1'), (66, 'Test1'), (67, 'Test1'), (68, 'Test1'), (69, 'Test1'), (70, 'Test1'), (71, 'Test1'), (72, 'Test1'), (73, 'Test1'), (74, 'Test1'), (75, 'Test1'), (76, 'Test1'), (77, 'Test1'), (78, 'Test1'), (79, 'Test1'), (80, 'Test1'), (81, 'Test1'), (82, 'Test1'), (83, 'Test1'), (84, 'Test1'), (85, 'Test1'), (86, 'Test1'), (87, 'Test1'), (88, 'Test1'), (89, 'Test1'), (90, 'Test1'), (91, 'Test1'), (92, 'Test1'), (93, 'Test1'), (94, 'Test1'), (95, 'Test1'), (96, 'Test1')]
Database test completed successfully
DEBUG Read environment variables from: /Users/work/Documents/Code/Admin3/backend/django_Admin3/.env.development
=== Environment Variables from .env.development ===
DEBUG get 'DATABASE_URL' casted as 'None' with default 'Not set'
DATABASE_URL: postgres://actedadmin:Act3d@dm1n0EEoo@127.0.0.1:5432/ACTEDDBDEV01
DEBUG get 'DB_NAME' casted as 'None' with default 'Not set'
DB_NAME: ACTEDDBDEV01
DEBUG get 'DB_USER' casted as 'None' with default 'Not set'
DB_USER: actedadmin
DEBUG get 'DB_PASSWORD' casted as 'None' with default 'Not set'
DB_PASSWORD: Act3d@dm1n0EEoo
DEBUG get 'DB_HOST' casted as 'None' with default 'Not set'
DB_HOST: 127.0.0.1
DEBUG get 'DB_PORT' casted as 'None' with default 'Not set'
DB_PORT: 5432
DEBUG get 'SECRET_KEY' casted as 'None' with default 'Not set'
SECRET_KEY: Not set
DEBUG get 'DEBUG' casted as 'None' with default 'False'
DEBUG: False
DEBUG get 'DJANGO_ENVIRONMENT' casted as 'None' with default 'Not set'
DJANGO_ENVIRONMENT: Not set
DEBUG get 'ALLOWED_HOSTS' casted as 'None' with default 'Not set'
ALLOWED_HOSTS: 127.0.0.1,localhost
DEBUG get 'ADMINISTRATE_API_URL' casted as 'None' with default 'Not set'
ADMINISTRATE_API_URL: https://api.getadministrate.com/graphql
DEBUG get 'ADMINISTRATE_API_KEY' casted as 'None' with default 'Not set'
ADMINISTRATE_API_KEY: bJC4yEzW7dICQin2JbgwU0gsbN9kuaDC
DEBUG get 'DB_NAME' casted as 'None' with default '<NoValue>'

✅ SUCCESS: Successfully read DB_NAME: ACTEDDBDEV01 from .env.development
Creating test database for alias 'default'...
Got an error creating the test database: database "test_ACTEDDBDEV01" already exists

Found 1100 test(s).
Type 'yes' if you would like to try deleting the test database 'test_ACTEDDBDEV01', or 'no' to cancel: Destroying old test database for alias 'default'...
...........................................System check identified no issues (0 silenced).
WARNING get_vat_calculations() is deprecated. Use get_vat_totals() instead. This method will be removed in a future version.
.WARNING get_vat_calculations() is deprecated. Use get_vat_totals() instead. This method will be removed in a future version.
.WARNING get_vat_calculations() is deprecated. Use get_vat_totals() instead. This method will be removed in a future version.
.WARNING get_vat_calculations() is deprecated. Use get_vat_totals() instead. This method will be removed in a future version.
.DEBUG CartItem 1 created - invalidating VAT cache for cart 5
DEBUG VAT cache invalidated for cart 5
.DEBUG CartItem 2 created - invalidating VAT cache for cart 6
DEBUG VAT cache invalidated for cart 6
WARNING get_vat_calculations() is deprecated. Use get_vat_totals() instead. This method will be removed in a future version.
.DEBUG CartItem 3 created - invalidating VAT cache for cart 7
DEBUG VAT cache invalidated for cart 7
DEBUG CartItem 3 deleted - invalidating VAT cache for cart 7
DEBUG VAT cache invalidated for cart 7
.DEBUG CartItem 4 created - invalidating VAT cache for cart 8
DEBUG VAT cache invalidated for cart 8
DEBUG CartItem 5 created - invalidating VAT cache for cart 8
DEBUG VAT cache invalidated for cart 8
DEBUG CartItem 4 deleted - invalidating VAT cache for cart 8
DEBUG VAT cache invalidated for cart 8
INFO Executing VAT calculation for cart 8 at entry point 'cart_calculate_vat'
WARNING No variation type found for cart item 5, using default: Digital
DEBUG Processing cart item 5
DEBUG Cache miss for rules:cart_calculate_vat
DEBUG Cached 0 rules for cart_calculate_vat
INFO Stored VAT result in cart 8
DEBUG Audit for cart 8 captured via ActedRuleExecution
INFO VAT calculation successful for cart 8: UNKNOWN
WARNING get_vat_calculations() is deprecated. Use get_vat_totals() instead. This method will be removed in a future version.
.DEBUG CartItem 6 created - invalidating VAT cache for cart 9
DEBUG VAT cache invalidated for cart 9
DEBUG CartItem 6 updated - invalidating VAT cache for cart 9
DEBUG VAT cache invalidated for cart 9
.DEBUG CartItem 7 created - invalidating VAT cache for cart 10
DEBUG VAT cache invalidated for cart 10
DEBUG CartItem 7 updated - invalidating VAT cache for cart 10
DEBUG VAT cache invalidated for cart 10
INFO Executing VAT calculation for cart 10 at entry point 'cart_calculate_vat'
WARNING No variation type found for cart item 7, using default: Digital
DEBUG Processing cart item 7
DEBUG Cache hit for rules:cart_calculate_vat: 0 rules
INFO Stored VAT result in cart 10
DEBUG Audit for cart 10 captured via ActedRuleExecution
INFO VAT calculation successful for cart 10: UNKNOWN
WARNING get_vat_calculations() is deprecated. Use get_vat_totals() instead. This method will be removed in a future version.
.INFO VAT calculation successful for cart 11: ZA
WARNING get_vat_calculations() is deprecated. Use get_vat_totals() instead. This method will be removed in a future version.
.INFO VAT calculation successful for cart 12: UK
WARNING get_vat_calculations() is deprecated. Use get_vat_totals() instead. This method will be removed in a future version.
.INFO VAT calculation successful for cart 13: None
WARNING get_vat_calculations() is deprecated. Use get_vat_totals() instead. This method will be removed in a future version.
.INFO VAT calculation successful for cart 14: None
WARNING get_vat_calculations() is deprecated. Use get_vat_totals() instead. This method will be removed in a future version.
.ERROR VAT calculation failed for cart 15: Rules engine unavailable
WARNING get_vat_calculations() is deprecated. Use get_vat_totals() instead. This method will be removed in a future version.
.DEBUG CartItem 8 created - invalidating VAT cache for cart 16
DEBUG VAT cache invalidated for cart 16
INFO Executing VAT calculation for cart 16 at entry point 'cart_calculate_vat'
DEBUG Using variationType from metadata: Printed → Printed
DEBUG Processing cart item 8
DEBUG Cache hit for rules:cart_calculate_vat: 0 rules
INFO Stored VAT result in cart 16
DEBUG Audit for cart 16 captured via ActedRuleExecution
INFO VAT calculation successful for cart 16: UNKNOWN
WARNING get_vat_calculations() is deprecated. Use get_vat_totals() instead. This method will be removed in a future version.
DEBUG CartItem 9 created - invalidating VAT cache for cart 16
DEBUG VAT cache invalidated for cart 16
INFO Executing VAT calculation for cart 16 at entry point 'cart_calculate_vat'
DEBUG Using variationType from metadata: Printed → Printed
DEBUG Processing cart item 8
DEBUG Cache hit for rules:cart_calculate_vat: 0 rules
DEBUG Using variationType from metadata: Printed → Printed
DEBUG Processing cart item 9
DEBUG Cache hit for rules:cart_calculate_vat: 0 rules
INFO Stored VAT result in cart 16
DEBUG Audit for cart 16 captured via ActedRuleExecution
INFO VAT calculation successful for cart 16: UNKNOWN
WARNING get_vat_calculations() is deprecated. Use get_vat_totals() instead. This method will be removed in a future version.
.DEBUG CartItem 10 created - invalidating VAT cache for cart 17
DEBUG VAT cache invalidated for cart 17
.DEBUG CartItem 11 created - invalidating VAT cache for cart 18
DEBUG VAT cache invalidated for cart 18
.DEBUG CartItem 12 created - invalidating VAT cache for cart 19
DEBUG VAT cache invalidated for cart 19
.WARNING get_vat_calculations() is deprecated. Use get_vat_totals() instead. This method will be removed in a future version.
.WARNING get_vat_calculations() is deprecated. Use get_vat_totals() instead. This method will be removed in a future version.
.WARNING get_vat_calculations() is deprecated. Use get_vat_totals() instead. This method will be removed in a future version.
.WARNING get_vat_calculations() is deprecated. Use get_vat_totals() instead. This method will be removed in a future version.
.WARNING get_vat_calculations() is deprecated. Use get_vat_totals() instead. This method will be removed in a future version.
WARNING get_vat_calculations() is deprecated. Use get_vat_totals() instead. This method will be removed in a future version.
WARNING get_vat_calculations() is deprecated. Use get_vat_totals() instead. This method will be removed in a future version.
WARNING get_vat_calculations() is deprecated. Use get_vat_totals() instead. This method will be removed in a future version.
.DEBUG CartItem 13 created - invalidating VAT cache for cart 28
DEBUG VAT cache invalidated for cart 28
DEBUG CartItem 14 created - invalidating VAT cache for cart 28
DEBUG VAT cache invalidated for cart 28
WARNING get_vat_calculations() is deprecated. Use get_vat_totals() instead. This method will be removed in a future version.
.DEBUG CartItem 15 created - invalidating VAT cache for cart 29
DEBUG VAT cache invalidated for cart 29
.DEBUG CartItem 16 created - invalidating VAT cache for cart 30
DEBUG VAT cache invalidated for cart 30
DEBUG CartItem 16 deleted - invalidating VAT cache for cart 30
DEBUG VAT cache invalidated for cart 30
.DEBUG CartItem 17 created - invalidating VAT cache for cart 31
DEBUG VAT cache invalidated for cart 31
DEBUG CartItem 17 updated - invalidating VAT cache for cart 31
DEBUG VAT cache invalidated for cart 31
.DEBUG CartItem 18 created - invalidating VAT cache for cart 32
DEBUG VAT cache invalidated for cart 32
DEBUG CartItem 19 created - invalidating VAT cache for cart 32
DEBUG VAT cache invalidated for cart 32
.DEBUG CartItem 20 created - invalidating VAT cache for cart 33
DEBUG VAT cache invalidated for cart 33
DEBUG CartItem 20 updated - invalidating VAT cache for cart 33
DEBUG VAT cache invalidated for cart 33
.DEBUG CartItem 21 created - invalidating VAT cache for cart 34
DEBUG VAT cache invalidated for cart 34
DEBUG CartItem 21 updated - invalidating VAT cache for cart 34
DEBUG VAT cache invalidated for cart 34
.DEBUG CartItem 22 created - invalidating VAT cache for cart 35
DEBUG VAT cache invalidated for cart 35
.DEBUG CartItem 23 created - invalidating VAT cache for cart 36
DEBUG VAT cache invalidated for cart 36
.DEBUG CartItem 24 created - invalidating VAT cache for cart 38
DEBUG VAT cache invalidated for cart 38
..DEBUG CartItem 25 created - invalidating VAT cache for cart 40
DEBUG VAT cache invalidated for cart 40
..DEBUG CartItem 26 created - invalidating VAT cache for cart 42
DEBUG VAT cache invalidated for cart 42
DEBUG CartItem 27 created - invalidating VAT cache for cart 42
DEBUG VAT cache invalidated for cart 42
...DEBUG CartItem 28 created - invalidating VAT cache for cart 45
DEBUG VAT cache invalidated for cart 45
.DEBUG CartItem 29 created - invalidating VAT cache for cart 46
DEBUG VAT cache invalidated for cart 46
WARNING Country not found: XX
.DEBUG CartItem 30 created - invalidating VAT cache for cart 47
DEBUG VAT cache invalidated for cart 47
.DEBUG CartItem 31 created - invalidating VAT cache for cart 48
DEBUG VAT cache invalidated for cart 48
DEBUG CartItem 31 updated - invalidating VAT cache for cart 48
DEBUG VAT cache invalidated for cart 48
.DEBUG CartItem 32 created - invalidating VAT cache for cart 49
DEBUG VAT cache invalidated for cart 49
ERROR VAT calculation failed for cart 49: Rules engine connection failed
.DEBUG CartItem 33 created - invalidating VAT cache for cart 50
DEBUG VAT cache invalidated for cart 50
DEBUG CartItem 34 created - invalidating VAT cache for cart 50
DEBUG VAT cache invalidated for cart 50
DEBUG CartItem 33 deleted - invalidating VAT cache for cart 50
DEBUG VAT cache invalidated for cart 50
.DEBUG CartItem 35 created - invalidating VAT cache for cart 51
DEBUG VAT cache invalidated for cart 51
DEBUG CartItem 35 updated - invalidating VAT cache for cart 51
DEBUG VAT cache invalidated for cart 51
.DEBUG CartItem 36 created - invalidating VAT cache for cart 52
DEBUG VAT cache invalidated for cart 52
.DEBUG CartItem 37 created - invalidating VAT cache for cart 53
DEBUG VAT cache invalidated for cart 53
DEBUG CartItem 38 created - invalidating VAT cache for cart 53
DEBUG VAT cache invalidated for cart 53
.DEBUG CartItem 39 created - invalidating VAT cache for cart 54
DEBUG VAT cache invalidated for cart 54
..DEBUG CartItem 40 created - invalidating VAT cache for cart 56
DEBUG VAT cache invalidated for cart 56
ERROR VAT calculation failed for cart 56: Rules engine error
.DEBUG CartItem 41 created - invalidating VAT cache for cart 57
DEBUG VAT cache invalidated for cart 57
DEBUG CartItem 42 created - invalidating VAT cache for cart 57
DEBUG VAT cache invalidated for cart 57
.DEBUG CartItem 43 created - invalidating VAT cache for cart 58
DEBUG VAT cache invalidated for cart 58
.DEBUG CartItem 44 created - invalidating VAT cache for cart 59
DEBUG VAT cache invalidated for cart 59
..DEBUG CartItem 45 created - invalidating VAT cache for cart 61
DEBUG VAT cache invalidated for cart 61
ERROR VAT calculation failed for cart 61: Rules engine connection failed
.DEBUG CartItem 46 created - invalidating VAT cache for cart 62
DEBUG VAT cache invalidated for cart 62
.DEBUG CartItem 47 created - invalidating VAT cache for cart 63
DEBUG VAT cache invalidated for cart 63
INFO VAT calculation successful for cart 63: UK
.INFO VAT calculation successful for cart 64: UK
.DEBUG CartItem 48 created - invalidating VAT cache for cart 65
DEBUG VAT cache invalidated for cart 65
DEBUG CartItem 49 created - invalidating VAT cache for cart 65
DEBUG VAT cache invalidated for cart 65
INFO VAT calculation successful for cart 65: UK
.DEBUG CartItem 50 created - invalidating VAT cache for cart 66
DEBUG VAT cache invalidated for cart 66
INFO VAT calculation successful for cart 66: UK
.DEBUG CartItem 51 created - invalidating VAT cache for cart 67
DEBUG VAT cache invalidated for cart 67
ERROR VAT calculation failed for cart 67: Rules Engine connection failed
.DEBUG CartItem 52 created - invalidating VAT cache for cart 68
DEBUG VAT cache invalidated for cart 68
INFO VAT calculation successful for cart 68: UK
WARNING get_vat_calculations() is deprecated. Use get_vat_totals() instead. This method will be removed in a future version.
.DEBUG CartItem 53 created - invalidating VAT cache for cart 69
DEBUG VAT cache invalidated for cart 69
DEBUG CartItem 53 updated - invalidating VAT cache for cart 69
DEBUG VAT cache invalidated for cart 69
INFO Executing VAT calculation for cart 69 at entry point 'cart_calculate_vat'
WARNING No variation type found for cart item 53, using default: Digital
DEBUG Processing cart item 53
INFO Stored VAT result in cart 69
DEBUG Audit for cart 69 captured via ActedRuleExecution
INFO VAT calculation successful for cart 69: UNKNOWN
WARNING get_vat_calculations() is deprecated. Use get_vat_totals() instead. This method will be removed in a future version.
DEBUG CartItem 53 updated - invalidating VAT cache for cart 69
DEBUG VAT cache invalidated for cart 69
INFO Executing VAT calculation for cart 69 at entry point 'cart_calculate_vat'
WARNING No variation type found for cart item 53, using default: Digital
DEBUG Processing cart item 53
INFO Stored VAT result in cart 69
DEBUG Audit for cart 69 captured via ActedRuleExecution
INFO VAT calculation successful for cart 69: UNKNOWN
WARNING get_vat_calculations() is deprecated. Use get_vat_totals() instead. This method will be removed in a future version.
DEBUG CartItem 53 updated - invalidating VAT cache for cart 69
DEBUG VAT cache invalidated for cart 69
INFO Executing VAT calculation for cart 69 at entry point 'cart_calculate_vat'
WARNING No variation type found for cart item 53, using default: Digital
DEBUG Processing cart item 53
INFO Stored VAT result in cart 69
DEBUG Audit for cart 69 captured via ActedRuleExecution
INFO VAT calculation successful for cart 69: UNKNOWN
WARNING get_vat_calculations() is deprecated. Use get_vat_totals() instead. This method will be removed in a future version.
DEBUG CartItem 53 updated - invalidating VAT cache for cart 69
DEBUG VAT cache invalidated for cart 69
INFO Executing VAT calculation for cart 69 at entry point 'cart_calculate_vat'
WARNING No variation type found for cart item 53, using default: Digital
DEBUG Processing cart item 53
INFO Stored VAT result in cart 69
DEBUG Audit for cart 69 captured via ActedRuleExecution
INFO VAT calculation successful for cart 69: UNKNOWN
WARNING get_vat_calculations() is deprecated. Use get_vat_totals() instead. This method will be removed in a future version.
.WARNING get_vat_calculations() is deprecated. Use get_vat_totals() instead. This method will be removed in a future version.
.DEBUG CartItem 54 created - invalidating VAT cache for cart 71
DEBUG VAT cache invalidated for cart 71
WARNING get_vat_calculations() is deprecated. Use get_vat_totals() instead. This method will be removed in a future version.
.DEBUG CartItem 55 created - invalidating VAT cache for cart 72
DEBUG VAT cache invalidated for cart 72
DEBUG CartItem 56 created - invalidating VAT cache for cart 72
DEBUG VAT cache invalidated for cart 72
WARNING get_vat_calculations() is deprecated. Use get_vat_totals() instead. This method will be removed in a future version.
.DEBUG CartItem 57 created - invalidating VAT cache for cart 73
DEBUG VAT cache invalidated for cart 73
WARNING get_vat_calculations() is deprecated. Use get_vat_totals() instead. This method will be removed in a future version.
.DEBUG CartItem 58 created - invalidating VAT cache for cart 74
DEBUG VAT cache invalidated for cart 74
WARNING get_vat_calculations() is deprecated. Use get_vat_totals() instead. This method will be removed in a future version.
.DEBUG CartItem 59 created - invalidating VAT cache for cart 75
DEBUG VAT cache invalidated for cart 75
WARNING get_vat_calculations() is deprecated. Use get_vat_totals() instead. This method will be removed in a future version.
.DEBUG CartItem 60 created - invalidating VAT cache for cart 76
DEBUG VAT cache invalidated for cart 76
DEBUG CartItem 60 deleted - invalidating VAT cache for cart 76
DEBUG VAT cache invalidated for cart 76
.DEBUG CartItem 61 created - invalidating VAT cache for cart 77
DEBUG VAT cache invalidated for cart 77
DEBUG CartItem 61 updated - invalidating VAT cache for cart 77
DEBUG VAT cache invalidated for cart 77
.DEBUG CartItem 62 created - invalidating VAT cache for cart 78
DEBUG VAT cache invalidated for cart 78
ERROR VAT calculation failed for cart 78: Rules Engine connection failed
WARNING get_vat_calculations() is deprecated. Use get_vat_totals() instead. This method will be removed in a future version.
.DEBUG CartItem 63 created - invalidating VAT cache for cart 79
DEBUG VAT cache invalidated for cart 79
INFO Executing VAT calculation for cart 79 at entry point 'cart_calculate_vat'
WARNING No variation type found for cart item 63, using default: Digital
DEBUG Processing cart item 63
DEBUG Cache hit for rules:cart_calculate_vat: 0 rules
INFO Stored VAT result in cart 79
DEBUG Audit for cart 79 captured via ActedRuleExecution
INFO VAT calculation successful for cart 79: UNKNOWN
WARNING get_vat_calculations() is deprecated. Use get_vat_totals() instead. This method will be removed in a future version.
.DEBUG CartItem 64 created - invalidating VAT cache for cart 80
DEBUG VAT cache invalidated for cart 80
WARNING get_vat_calculations() is deprecated. Use get_vat_totals() instead. This method will be removed in a future version.
.DEBUG CartItem 65 created - invalidating VAT cache for cart 81
DEBUG VAT cache invalidated for cart 81
WARNING get_vat_calculations() is deprecated. Use get_vat_totals() instead. This method will be removed in a future version.
.DEBUG CartItem 66 created - invalidating VAT cache for cart 82
DEBUG VAT cache invalidated for cart 82
WARNING get_vat_calculations() is deprecated. Use get_vat_totals() instead. This method will be removed in a future version.
DEBUG CartItem 66 deleted - invalidating VAT cache for cart 82
DEBUG VAT cache invalidated for cart 82
DEBUG CartItem 67 created - invalidating VAT cache for cart 83
DEBUG VAT cache invalidated for cart 83
WARNING get_vat_calculations() is deprecated. Use get_vat_totals() instead. This method will be removed in a future version.
.DEBUG CartItem 68 created - invalidating VAT cache for cart 84
DEBUG VAT cache invalidated for cart 84
INFO VAT calculation successful for cart 84: None
WARNING get_vat_calculations() is deprecated. Use get_vat_totals() instead. This method will be removed in a future version.
.DEBUG CartItem 69 created - invalidating VAT cache for cart 85
DEBUG VAT cache invalidated for cart 85
INFO VAT calculation successful for cart 85: None
WARNING get_vat_calculations() is deprecated. Use get_vat_totals() instead. This method will be removed in a future version.
.DEBUG CartItem 70 created - invalidating VAT cache for cart 86
DEBUG VAT cache invalidated for cart 86
DEBUG CartItem 71 created - invalidating VAT cache for cart 86
DEBUG VAT cache invalidated for cart 86
WARNING get_vat_calculations() is deprecated. Use get_vat_totals() instead. This method will be removed in a future version.
.DEBUG CartItem 72 created - invalidating VAT cache for cart 87
DEBUG VAT cache invalidated for cart 87
DEBUG CartItem 73 created - invalidating VAT cache for cart 87
DEBUG VAT cache invalidated for cart 87
DEBUG CartItem 72 deleted - invalidating VAT cache for cart 87
DEBUG VAT cache invalidated for cart 87
WARNING get_vat_calculations() is deprecated. Use get_vat_totals() instead. This method will be removed in a future version.
.DEBUG CartItem 74 created - invalidating VAT cache for cart 88
DEBUG VAT cache invalidated for cart 88
DEBUG CartItem 74 updated - invalidating VAT cache for cart 88
DEBUG VAT cache invalidated for cart 88
WARNING get_vat_calculations() is deprecated. Use get_vat_totals() instead. This method will be removed in a future version.
./Users/work/Documents/Code/Admin3/.venv/lib/python3.13/site-packages/django/db/models/fields/__init__.py:1671: RuntimeWarning: DateTimeField CartItem.vat_calculated_at received a naive datetime (2025-01-12 10:30:00) while time zone support is active.
  warnings.warn(
DEBUG CartItem 75 created - invalidating VAT cache for cart 89
DEBUG VAT cache invalidated for cart 89
..DEBUG CartItem 77 created - invalidating VAT cache for cart 91
DEBUG VAT cache invalidated for cart 91
DEBUG CartItem 78 created - invalidating VAT cache for cart 91
DEBUG VAT cache invalidated for cart 91
..DEBUG CartItem 80 created - invalidating VAT cache for cart 93
DEBUG VAT cache invalidated for cart 93
DEBUG CartItem 81 created - invalidating VAT cache for cart 93
DEBUG VAT cache invalidated for cart 93
.DEBUG CartItem 82 created - invalidating VAT cache for cart 94
DEBUG VAT cache invalidated for cart 94
.DEBUG CartItem 83 created - invalidating VAT cache for cart 95
DEBUG VAT cache invalidated for cart 95
...DEBUG CartItem 86 created - invalidating VAT cache for cart 98
DEBUG VAT cache invalidated for cart 98
DEBUG CartItem 87 created - invalidating VAT cache for cart 98
DEBUG VAT cache invalidated for cart 98
DEBUG CartItem 88 created - invalidating VAT cache for cart 98
DEBUG VAT cache invalidated for cart 98
..DEBUG CartItem 89 created - invalidating VAT cache for cart 100
DEBUG VAT cache invalidated for cart 100
DEBUG CartItem 90 created - invalidating VAT cache for cart 100
DEBUG VAT cache invalidated for cart 100
.DEBUG CartItem 91 created - invalidating VAT cache for cart 101
DEBUG VAT cache invalidated for cart 101
./Users/work/Documents/Code/Admin3/.venv/lib/python3.13/site-packages/django/db/models/fields/__init__.py:1671: RuntimeWarning: DateTimeField Cart.vat_last_calculated_at received a naive datetime (2025-01-12 10:30:00) while time zone support is active.
  warnings.warn(
.......DEBUG CartItem 92 created - invalidating VAT cache for cart 110
DEBUG VAT cache invalidated for cart 110
DEBUG CartItem 93 created - invalidating VAT cache for cart 110
DEBUG VAT cache invalidated for cart 110
.DEBUG CartItem 94 created - invalidating VAT cache for cart 111
DEBUG VAT cache invalidated for cart 111
DEBUG CartItem 95 created - invalidating VAT cache for cart 111
DEBUG VAT cache invalidated for cart 111
.DEBUG CartItem 97 created - invalidating VAT cache for cart 112
DEBUG VAT cache invalidated for cart 112
DEBUG CartItem 98 created - invalidating VAT cache for cart 112
DEBUG VAT cache invalidated for cart 112
.DEBUG CartItem 100 created - invalidating VAT cache for cart 113
DEBUG VAT cache invalidated for cart 113
DEBUG CartItem 101 created - invalidating VAT cache for cart 113
DEBUG VAT cache invalidated for cart 113
DEBUG CartItem 100 updated - invalidating VAT cache for cart 113
DEBUG VAT cache invalidated for cart 113
.DEBUG CartItem 102 created - invalidating VAT cache for cart 114
DEBUG VAT cache invalidated for cart 114
.DEBUG CartItem 103 created - invalidating VAT cache for cart 115
DEBUG VAT cache invalidated for cart 115
DEBUG CartItem 104 created - invalidating VAT cache for cart 115
DEBUG VAT cache invalidated for cart 115
DEBUG CartItem 105 created - invalidating VAT cache for cart 115
DEBUG VAT cache invalidated for cart 115
.DEBUG CartItem 108 created - invalidating VAT cache for cart 116
DEBUG VAT cache invalidated for cart 116
DEBUG CartItem 109 created - invalidating VAT cache for cart 116
DEBUG VAT cache invalidated for cart 116
DEBUG CartItem 110 created - invalidating VAT cache for cart 116
DEBUG VAT cache invalidated for cart 116
DEBUG CartItem 111 created - invalidating VAT cache for cart 116
DEBUG VAT cache invalidated for cart 116
DEBUG CartItem 112 created - invalidating VAT cache for cart 116
DEBUG VAT cache invalidated for cart 116
.DEBUG CartItem 113 created - invalidating VAT cache for cart 117
DEBUG VAT cache invalidated for cart 117
DEBUG CartItem 113 updated - invalidating VAT cache for cart 117
DEBUG VAT cache invalidated for cart 117
..........DEBUG Rule test_order_pref_rule created, invalidating cache for checkout_preference
INFO Invalidated rules cache for entry point: checkout_preference (key: rules:checkout_preference)
.DEBUG Rule test_order_pref_rule created, invalidating cache for checkout_preference
INFO Invalidated rules cache for entry point: checkout_preference (key: rules:checkout_preference)
DEBUG Rule test_checkbox_order_rule created, invalidating cache for checkout_preference
INFO Invalidated rules cache for entry point: checkout_preference (key: rules:checkout_preference)
DEBUG Rule test_text_order_rule created, invalidating cache for checkout_preference
INFO Invalidated rules cache for entry point: checkout_preference (key: rules:checkout_preference)
.DEBUG Rule test_order_pref_rule created, invalidating cache for checkout_preference
INFO Invalidated rules cache for entry point: checkout_preference (key: rules:checkout_preference)
DEBUG Rule test_modal_order_rule created, invalidating cache for checkout_preference
INFO Invalidated rules cache for entry point: checkout_preference (key: rules:checkout_preference)
.DEBUG Rule test_order_pref_rule created, invalidating cache for checkout_preference
INFO Invalidated rules cache for entry point: checkout_preference (key: rules:checkout_preference)
DEBUG Rule test_not_submitted_rule created, invalidating cache for checkout_preference
INFO Invalidated rules cache for entry point: checkout_preference (key: rules:checkout_preference)
.DEBUG Rule test_order_pref_rule created, invalidating cache for checkout_preference
INFO Invalidated rules cache for entry point: checkout_preference (key: rules:checkout_preference)
.DEBUG Rule test_order_pref_rule created, invalidating cache for checkout_preference
INFO Invalidated rules cache for entry point: checkout_preference (key: rules:checkout_preference)
DEBUG Rule test_comm_rule created, invalidating cache for checkout_preference
INFO Invalidated rules cache for entry point: checkout_preference (key: rules:checkout_preference)
DEBUG Rule test_delivery_rule created, invalidating cache for checkout_preference
INFO Invalidated rules cache for entry point: checkout_preference (key: rules:checkout_preference)
DEBUG Rule test_custom_rule created, invalidating cache for checkout_preference
INFO Invalidated rules cache for entry point: checkout_preference (key: rules:checkout_preference)
.DEBUG Rule test_order_pref_rule created, invalidating cache for checkout_preference
INFO Invalidated rules cache for entry point: checkout_preference (key: rules:checkout_preference)
.DEBUG Rule test_order_pref_rule created, invalidating cache for checkout_preference
INFO Invalidated rules cache for entry point: checkout_preference (key: rules:checkout_preference)
.DEBUG CartItem 114 created - invalidating VAT cache for cart 118
DEBUG VAT cache invalidated for cart 118
DEBUG Cache miss for rules:checkout_payment
DEBUG Cached 0 rules for checkout_payment
INFO Executing VAT calculation for cart 118 at entry point 'cart_calculate_vat'
DEBUG Using variation type from product: Printed → Printed
DEBUG Processing cart item 114
DEBUG Cache hit for rules:cart_calculate_vat: 0 rules
INFO Stored VAT result in cart 118
DEBUG Audit for cart 118 captured via ActedRuleExecution
WARNING Failed to create T&C acceptance record for order 18: 'RuleEngine' object has no attribute 'evaluate_rules'
WARNING Bad Request: /api/cart/checkout/
.DEBUG CartItem 115 created - invalidating VAT cache for cart 119
DEBUG VAT cache invalidated for cart 119
DEBUG Cache hit for rules:checkout_payment: 0 rules
INFO Executing VAT calculation for cart 119 at entry point 'cart_calculate_vat'
DEBUG Using variation type from product: Printed → Printed
DEBUG Processing cart item 115
DEBUG Cache hit for rules:cart_calculate_vat: 0 rules
INFO Stored VAT result in cart 119
DEBUG Audit for cart 119 captured via ActedRuleExecution
WARNING Failed to create T&C acceptance record for order 19: 'RuleEngine' object has no attribute 'evaluate_rules'
DEBUG CartItem 115 deleted - invalidating VAT cache for cart 119
DEBUG VAT cache invalidated for cart 119
WARNING No template configuration found for order_confirmation, using defaults
ERROR Failed to queue email: null value in column "reply_to_email" of relation "utils_email_queue" violates not-null constraint
DETAIL:  Failing row contains (1, f92c960c-ece5-4447-b33a-d513de9f80ee, ["test@example.com"], [], [], "ActEd Sales" <eugene.lo1030@gmail.com>, null, Order Confirmation - #ORD-000019, {"items": [{"name": "Test Product", "metadata": {}, "quantity": ..., , , high, pending, 2026-01-22 15:54:11.062079+00, 2026-01-22 15:54:11.06216+00, null, 0, 3, null, null, null, , {}, 2026-01-22 15:54:11.06231+00, 2026-01-22 15:54:11.062313+00, [], 131, null).

ERROR Failed to queue email: Failed to queue email: null value in column "reply_to_email" of relation "utils_email_queue" violates not-null constraint
DETAIL:  Failing row contains (1, f92c960c-ece5-4447-b33a-d513de9f80ee, ["test@example.com"], [], [], "ActEd Sales" <eugene.lo1030@gmail.com>, null, Order Confirmation - #ORD-000019, {"items": [{"name": "Test Product", "metadata": {}, "quantity": ..., , , high, pending, 2026-01-22 15:54:11.062079+00, 2026-01-22 15:54:11.06216+00, null, 0, 3, null, null, null, , {}, 2026-01-22 15:54:11.06231+00, 2026-01-22 15:54:11.062313+00, [], 131, null).

WARNING Failed to get placeholders for template order_confirmation: EmailTemplate matching query does not exist.
WARNING Placeholder configuration not found for: TUTORIAL_CONTENT
ERROR	MediaQuery: No match: ('IDENT', 'mso', 240, 10)
ERROR MediaQuery: No match: ('IDENT', 'mso', 240, 10)
ERROR	MediaQuery: No match for None in Choice(Sequence(ONLY|NOT, media_type, Sequence(AND, Sequence(expression, media_feature, Sequence(colon, Choice(ColorValue, Dimension, Value)), expression END))), Sequence(Sequence(expression, media_feature, Sequence(colon, Choice(ColorValue, Dimension, Value)), expression END), Sequence(AND, Sequence(expression, media_feature, Sequence(colon, Choice(ColorValue, Dimension, Value)), expression END))))
ERROR MediaQuery: No match for None in Choice(Sequence(ONLY|NOT, media_type, Sequence(AND, Sequence(expression, media_feature, Sequence(colon, Choice(ColorValue, Dimension, Value)), expression END))), Sequence(Sequence(expression, media_feature, Sequence(colon, Choice(ColorValue, Dimension, Value)), expression END), Sequence(AND, Sequence(expression, media_feature, Sequence(colon, Choice(ColorValue, Dimension, Value)), expression END))))
ERROR	No content to parse.
ERROR No content to parse.
ERROR	MediaQuery: No content.
ERROR MediaQuery: No content.
ERROR	Property: No ":" after name found: \n\t\t\t\t\t\t\t [1:105: \n\t\t\t\t\t\t\t]
ERROR Property: No ":" after name found: \n\t\t\t\t\t\t\t [1:105: \n\t\t\t\t\t\t\t]
ERROR	Property: No property value found: \n\t\t\t\t\t\t\t [1:105: \n\t\t\t\t\t\t\t]
ERROR Property: No property value found: \n\t\t\t\t\t\t\t [1:105: \n\t\t\t\t\t\t\t]
ERROR	CSSStyleDeclaration: Syntax Error in Property: \n\t\t\t\t\t\t\t
ERROR CSSStyleDeclaration: Syntax Error in Property: \n\t\t\t\t\t\t\t
ERROR	Property: No ":" after name found: \n\t\t\t\t\t\t\t [1:140: \n\t\t\t\t\t\t\t]
ERROR Property: No ":" after name found: \n\t\t\t\t\t\t\t [1:140: \n\t\t\t\t\t\t\t]
ERROR	Property: No property value found: \n\t\t\t\t\t\t\t [1:140: \n\t\t\t\t\t\t\t]
ERROR Property: No property value found: \n\t\t\t\t\t\t\t [1:140: \n\t\t\t\t\t\t\t]
ERROR	CSSStyleDeclaration: Syntax Error in Property: \n\t\t\t\t\t\t\t
ERROR CSSStyleDeclaration: Syntax Error in Property: \n\t\t\t\t\t\t\t
ERROR	Property: No ":" after name found: \n\t\t\t\t\t\t\t [1:138: \n\t\t\t\t\t\t\t]
ERROR Property: No ":" after name found: \n\t\t\t\t\t\t\t [1:138: \n\t\t\t\t\t\t\t]
ERROR	Property: No property value found: \n\t\t\t\t\t\t\t [1:138: \n\t\t\t\t\t\t\t]
ERROR Property: No property value found: \n\t\t\t\t\t\t\t [1:138: \n\t\t\t\t\t\t\t]
ERROR	CSSStyleDeclaration: Syntax Error in Property: \n\t\t\t\t\t\t\t
ERROR CSSStyleDeclaration: Syntax Error in Property: \n\t\t\t\t\t\t\t
INFO Email BCC monitoring enabled. BCC recipients: ['eugene.lo1030@gmail.com', 'eugenelo@bpp.com']
.DEBUG CartItem 116 created - invalidating VAT cache for cart 120
DEBUG VAT cache invalidated for cart 120
DEBUG CartItem 116 deleted - invalidating VAT cache for cart 120
DEBUG VAT cache invalidated for cart 120
WARNING Bad Request: /api/cart/checkout/
.DEBUG CartItem 117 created - invalidating VAT cache for cart 121
DEBUG VAT cache invalidated for cart 121
DEBUG Cache hit for rules:checkout_payment: 0 rules
INFO Executing VAT calculation for cart 121 at entry point 'cart_calculate_vat'
DEBUG Using variation type from product: Printed → Printed
DEBUG Processing cart item 117
DEBUG Cache hit for rules:cart_calculate_vat: 0 rules
INFO Stored VAT result in cart 121
DEBUG Audit for cart 121 captured via ActedRuleExecution
WARNING Failed to create T&C acceptance record for order 20: 'RuleEngine' object has no attribute 'evaluate_rules'
DEBUG CartItem 117 deleted - invalidating VAT cache for cart 121
DEBUG VAT cache invalidated for cart 121
WARNING No template configuration found for order_confirmation, using defaults
ERROR Failed to queue email: null value in column "reply_to_email" of relation "utils_email_queue" violates not-null constraint
DETAIL:  Failing row contains (2, 4decc967-33c7-4059-8b6b-b0185a3b5edc, ["test@example.com"], [], [], "ActEd Sales" <eugene.lo1030@gmail.com>, null, Order Confirmation - #ORD-000020, {"items": [{"name": "Test Product", "metadata": {}, "quantity": ..., , , high, pending, 2026-01-22 15:54:11.716906+00, 2026-01-22 15:54:11.716961+00, null, 0, 3, null, null, null, , {}, 2026-01-22 15:54:11.71708+00, 2026-01-22 15:54:11.717082+00, [], 133, null).

ERROR Failed to queue email: Failed to queue email: null value in column "reply_to_email" of relation "utils_email_queue" violates not-null constraint
DETAIL:  Failing row contains (2, 4decc967-33c7-4059-8b6b-b0185a3b5edc, ["test@example.com"], [], [], "ActEd Sales" <eugene.lo1030@gmail.com>, null, Order Confirmation - #ORD-000020, {"items": [{"name": "Test Product", "metadata": {}, "quantity": ..., , , high, pending, 2026-01-22 15:54:11.716906+00, 2026-01-22 15:54:11.716961+00, null, 0, 3, null, null, null, , {}, 2026-01-22 15:54:11.71708+00, 2026-01-22 15:54:11.717082+00, [], 133, null).

WARNING Failed to get placeholders for template order_confirmation: EmailTemplate matching query does not exist.
WARNING Placeholder configuration not found for: TUTORIAL_CONTENT
INFO Email BCC monitoring enabled. BCC recipients: ['eugene.lo1030@gmail.com', 'eugenelo@bpp.com']
.DEBUG CartItem 118 created - invalidating VAT cache for cart 122
DEBUG VAT cache invalidated for cart 122
WARNING Bad Request: /api/cart/checkout/
.DEBUG CartItem 119 created - invalidating VAT cache for cart 123
DEBUG VAT cache invalidated for cart 123
.DEBUG CartItem 120 created - invalidating VAT cache for cart 124
DEBUG VAT cache invalidated for cart 124
.DEBUG CartItem 121 created - invalidating VAT cache for cart 125
DEBUG VAT cache invalidated for cart 125
.DEBUG CartItem 122 created - invalidating VAT cache for cart 126
DEBUG VAT cache invalidated for cart 126
.WARNING get_vat_calculations() is deprecated. Use get_vat_totals() instead. This method will be removed in a future version.
.WARNING get_vat_calculations() is deprecated. Use get_vat_totals() instead. This method will be removed in a future version.
.WARNING get_vat_calculations() is deprecated. Use get_vat_totals() instead. This method will be removed in a future version.
.WARNING get_vat_calculations() is deprecated. Use get_vat_totals() instead. This method will be removed in a future version.
.WARNING get_vat_calculations() is deprecated. Use get_vat_totals() instead. This method will be removed in a future version.
.WARNING get_vat_calculations() is deprecated. Use get_vat_totals() instead. This method will be removed in a future version.
.DEBUG CartItem 123 created - invalidating VAT cache for cart 133
DEBUG VAT cache invalidated for cart 133
WARNING get_vat_calculations() is deprecated. Use get_vat_totals() instead. This method will be removed in a future version.
.DEBUG CartItem 124 created - invalidating VAT cache for cart 134
DEBUG VAT cache invalidated for cart 134
WARNING get_vat_calculations() is deprecated. Use get_vat_totals() instead. This method will be removed in a future version.
.DEBUG CartItem 125 created - invalidating VAT cache for cart 135
DEBUG VAT cache invalidated for cart 135
DEBUG CartItem 126 created - invalidating VAT cache for cart 135
DEBUG VAT cache invalidated for cart 135
WARNING get_vat_calculations() is deprecated. Use get_vat_totals() instead. This method will be removed in a future version.
.WARNING get_vat_calculations() is deprecated. Use get_vat_totals() instead. This method will be removed in a future version.
.WARNING get_vat_calculations() is deprecated. Use get_vat_totals() instead. This method will be removed in a future version.
.DEBUG CartItem 127 created - invalidating VAT cache for cart 138
DEBUG VAT cache invalidated for cart 138
DEBUG CartItem 128 created - invalidating VAT cache for cart 138
DEBUG VAT cache invalidated for cart 138
WARNING get_vat_calculations() is deprecated. Use get_vat_totals() instead. This method will be removed in a future version.
.DEBUG CartItem 129 created - invalidating VAT cache for cart 139
DEBUG VAT cache invalidated for cart 139
WARNING get_vat_calculations() is deprecated. Use get_vat_totals() instead. This method will be removed in a future version.
.DEBUG CartItem 130 created - invalidating VAT cache for cart 140
DEBUG VAT cache invalidated for cart 140
WARNING get_vat_calculations() is deprecated. Use get_vat_totals() instead. This method will be removed in a future version.
.DEBUG CartItem 131 created - invalidating VAT cache for cart 141
DEBUG VAT cache invalidated for cart 141
WARNING get_vat_calculations() is deprecated. Use get_vat_totals() instead. This method will be removed in a future version.
DEBUG CartItem 131 deleted - invalidating VAT cache for cart 141
DEBUG VAT cache invalidated for cart 141
DEBUG CartItem 132 created - invalidating VAT cache for cart 141
DEBUG VAT cache invalidated for cart 141
WARNING get_vat_calculations() is deprecated. Use get_vat_totals() instead. This method will be removed in a future version.
DEBUG CartItem 132 deleted - invalidating VAT cache for cart 141
DEBUG VAT cache invalidated for cart 141
DEBUG CartItem 133 created - invalidating VAT cache for cart 141
DEBUG VAT cache invalidated for cart 141
WARNING get_vat_calculations() is deprecated. Use get_vat_totals() instead. This method will be removed in a future version.
DEBUG CartItem 133 deleted - invalidating VAT cache for cart 141
DEBUG VAT cache invalidated for cart 141
DEBUG CartItem 134 created - invalidating VAT cache for cart 141
DEBUG VAT cache invalidated for cart 141
WARNING get_vat_calculations() is deprecated. Use get_vat_totals() instead. This method will be removed in a future version.
DEBUG CartItem 134 deleted - invalidating VAT cache for cart 141
DEBUG VAT cache invalidated for cart 141
DEBUG CartItem 135 created - invalidating VAT cache for cart 141
DEBUG VAT cache invalidated for cart 141
WARNING get_vat_calculations() is deprecated. Use get_vat_totals() instead. This method will be removed in a future version.
DEBUG CartItem 135 deleted - invalidating VAT cache for cart 141
DEBUG VAT cache invalidated for cart 141
.DEBUG CartItem 136 created - invalidating VAT cache for cart 142
DEBUG VAT cache invalidated for cart 142
DEBUG CartItem 136 deleted - invalidating VAT cache for cart 142
DEBUG VAT cache invalidated for cart 142
.DEBUG CartItem 137 created - invalidating VAT cache for cart 143
DEBUG VAT cache invalidated for cart 143
.DEBUG CartItem 138 created - invalidating VAT cache for cart 144
DEBUG VAT cache invalidated for cart 144
DEBUG CartItem 138 updated - invalidating VAT cache for cart 144
DEBUG VAT cache invalidated for cart 144
.DEBUG CartItem 139 created - invalidating VAT cache for cart 145
DEBUG VAT cache invalidated for cart 145
.DEBUG CartItem 140 created - invalidating VAT cache for cart 146
DEBUG VAT cache invalidated for cart 146
.DEBUG CartItem 141 created - invalidating VAT cache for cart 148
DEBUG VAT cache invalidated for cart 148
DEBUG CartItem 141 deleted - invalidating VAT cache for cart 148
DEBUG VAT cache invalidated for cart 148
.DEBUG CartItem 142 created - invalidating VAT cache for cart 149
DEBUG VAT cache invalidated for cart 149
DEBUG CartItem 143 created - invalidating VAT cache for cart 149
DEBUG VAT cache invalidated for cart 149
INFO Executing VAT calculation for cart 149 at entry point 'cart_calculate_vat'
WARNING No variation type found for cart item 142, using default: Digital
DEBUG Processing cart item 142
WARNING No variation type found for cart item 143, using default: Digital
DEBUG Processing cart item 143
INFO Stored VAT result in cart 149
DEBUG Audit for cart 149 captured via ActedRuleExecution
.DEBUG CartItem 144 created - invalidating VAT cache for cart 150
DEBUG VAT cache invalidated for cart 150
INFO Executing VAT calculation for cart 150 at entry point 'cart_calculate_vat'
WARNING No variation type found for cart item 144, using default: Digital
DEBUG Processing cart item 144
INFO Stored VAT result in cart 150
DEBUG Audit for cart 150 captured via ActedRuleExecution
.DEBUG CartItem 145 created - invalidating VAT cache for cart 151
DEBUG VAT cache invalidated for cart 151
INFO Executing VAT calculation for cart 151 at entry point 'cart_calculate_vat'
WARNING No variation type found for cart item 145, using default: Digital
DEBUG Processing cart item 145
INFO Stored VAT result in cart 151
DEBUG Audit for cart 151 captured via ActedRuleExecution
.DEBUG CartItem 146 created - invalidating VAT cache for cart 152
DEBUG VAT cache invalidated for cart 152
DEBUG CartItem 147 created - invalidating VAT cache for cart 152
DEBUG VAT cache invalidated for cart 152
WARNING No variation type found for cart item 146, using default: Digital
WARNING No variation type found for cart item 147, using default: Digital
.DEBUG CartItem 148 created - invalidating VAT cache for cart 153
DEBUG VAT cache invalidated for cart 153
WARNING No variation type found for cart item 148, using default: Digital
.DEBUG CartItem 149 created - invalidating VAT cache for cart 154
DEBUG VAT cache invalidated for cart 154
INFO Executing VAT calculation for cart 154 at entry point 'cart_calculate_vat'
WARNING No variation type found for cart item 149, using default: Digital
DEBUG Processing cart item 149
INFO Stored VAT result in cart 154
DEBUG Audit for cart 154 captured via ActedRuleExecution
.DEBUG CartItem 150 created - invalidating VAT cache for cart 155
DEBUG VAT cache invalidated for cart 155
INFO Executing VAT calculation for cart 155 at entry point 'cart_calculate_vat'
WARNING No variation type found for cart item 150, using default: Digital
DEBUG Processing cart item 150
INFO Stored VAT result in cart 155
DEBUG Audit for cart 155 captured via ActedRuleExecution
.DEBUG CartItem 151 created - invalidating VAT cache for cart 156
DEBUG VAT cache invalidated for cart 156
INFO Executing VAT calculation for cart 156 at entry point 'cart_calculate_vat'
WARNING No variation type found for cart item 151, using default: Digital
DEBUG Processing cart item 151
INFO Stored VAT result in cart 156
DEBUG Audit for cart 156 captured via ActedRuleExecution
.DEBUG CartItem 152 created - invalidating VAT cache for cart 157
DEBUG VAT cache invalidated for cart 157
INFO Executing VAT calculation for cart 157 at entry point 'cart_calculate_vat'
WARNING No variation type found for cart item 152, using default: Digital
DEBUG Processing cart item 152
INFO Stored VAT result in cart 157
DEBUG Audit for cart 157 captured via ActedRuleExecution
.DEBUG CartItem 153 created - invalidating VAT cache for cart 158
DEBUG VAT cache invalidated for cart 158
INFO Executing VAT calculation for cart 158 at entry point 'cart_calculate_vat'
WARNING No variation type found for cart item 153, using default: Digital
DEBUG Processing cart item 153
ERROR VAT calculation failed for cart 158: Rules Engine connection failed
.DEBUG CartItem 154 created - invalidating VAT cache for cart 159
DEBUG VAT cache invalidated for cart 159
INFO Executing VAT calculation for cart 159 at entry point 'cart_calculate_vat'
WARNING No variation type found for cart item 154, using default: Digital
DEBUG Processing cart item 154
INFO Stored VAT result in cart 159
DEBUG Audit for cart 159 captured via ActedRuleExecution
...........................................................WARNING Forbidden: /api/catalog/exam-sessions/
....WARNING Forbidden: /api/catalog/products/
....WARNING Unauthorized: /api/catalog/subjects/
.WARNING Forbidden: /api/catalog/subjects/
.WARNING Forbidden: /api/catalog/subjects/49/
...WARNING Forbidden: /api/catalog/subjects/58/
.......................................WARNING Method Not Allowed: /api/catalog/bundles/
...WARNING Forbidden: /api/catalog/exam-sessions/
...............WARNING Forbidden: /api/catalog/products/
............WARNING Forbidden: /api/catalog/subjects/
..WARNING Forbidden: /api/catalog/subjects/246/
.......WARNING Forbidden: /api/catalog/subjects/268/
..WARNING Bad Request: /api/auth/activate/
.WARNING Bad Request: /api/auth/activate/
.....ERROR Account activation failed: Unexpected error
ERROR Internal Server Error: /api/auth/activate/
..ERROR Error sending password reset completion email to testuser@example.com: Email service crashed
.WARNING Failed to queue password reset completion email for user testuser@example.com
.ERROR Error during password reset confirmation: Unexpected error
ERROR Internal Server Error: /api/auth/password_reset_confirm/
..WARNING Bad Request: /api/auth/send_activation/
..WARNING Bad Request: /api/auth/send_email_verification/
.WARNING Could not update UserProfile for testuser: Profile database error
..WARNING Bad Request: /api/auth/activate/
.WARNING Invalid password reset attempt with uid: invalid_uid_format!!!
WARNING Bad Request: /api/auth/password_reset_confirm/
.ERROR Error during password reset request: Database connection lost
ERROR Internal Server Error: /api/auth/password_reset_request/
.ERROR Failed to queue password reset email for user testuser@example.com
ERROR Internal Server Error: /api/auth/password_reset_request/
.WARNING Bad Request: /api/auth/password_reset_request/
.WARNING reCAPTCHA verification failed for password reset: Low score
WARNING Bad Request: /api/auth/password_reset_request/
.ERROR Failed to send account activation email to: testuser@example.com
ERROR Internal Server Error: /api/auth/send_activation/
.ERROR Send account activation failed: Database error
ERROR Internal Server Error: /api/auth/send_activation/
.ERROR Failed to send email verification to: newemail@example.com for user: testuser@example.com
ERROR Internal Server Error: /api/auth/send_email_verification/
.ERROR Send email verification failed: Token generation failed
ERROR Internal Server Error: /api/auth/send_email_verification/
.ERROR Email verification failed: Database connection lost
ERROR Internal Server Error: /api/auth/verify_email/
.WARNING Invalid verification link with uid: malformed_uid!!!
WARNING Bad Request: /api/auth/verify_email/
...WARNING Bad Request: /api/auth/send_email_verification/
.ERROR Send email verification failed: 'AnonymousUser' object has no attribute 'last_login'
ERROR Internal Server Error: /api/auth/send_email_verification/
.WARNING Email verification failed - taken@example.com already in use
WARNING Bad Request: /api/auth/verify_email/
.WARNING Token validation failed for user testuser with token invalid_to...
WARNING Bad Request: /api/auth/verify_email/
.WARNING Bad Request: /api/auth/verify_email/
..WARNING Unauthorized: /api/auth/login/
.WARNING Unauthorized: /api/auth/login/
.WARNING Unauthorized: /api/auth/login/
.....WARNING Invalid or expired token used for password reset: user testuser@example.com
WARNING Bad Request: /api/auth/password_reset_confirm/
.WARNING Bad Request: /api/auth/password_reset_confirm/
..WARNING Bad Request: /api/auth/password_reset_request/
.WARNING Password reset requested for non-existent email: nonexistent@example.com
.WARNING Bad Request: /api/auth/register/
.WARNING Account activation email failed to send to emailfail@example.com for user emailfail
.WARNING Bad Request: /api/auth/register/
..WARNING Unauthorized: /api/auth/refresh/
...............................WARNING Bad Request: /api/markings/papers/bulk-deadlines/
.WARNING Bad Request: /api/markings/papers/bulk-deadlines/
...WARNING Bad Request: /api/markings/papers/bulk-deadlines/
..WARNING Not Found: /api/markings/papers/deadlines/
...WARNING Bad Request: /api/markings/papers/deadlines/
../Users/work/Documents/Code/Admin3/.venv/lib/python3.13/site-packages/rest_framework/pagination.py:207: UnorderedObjectListWarning: Pagination may yield inconsistent results with an unordered object_list: <class 'marking.models.marking_paper.MarkingPaper'> QuerySet.
  paginator = self.django_paginator_class(queryset, page_size)
..WARNING Method Not Allowed: /api/markings/papers/
.WARNING Method Not Allowed: /api/markings/papers/64/
.WARNING Method Not Allowed: /api/markings/papers/67/
...........................DEBUG Rule test_pref_newsletter created, invalidating cache for user_preferences
INFO Invalidated rules cache for entry point: user_preferences (key: rules:user_preferences)
.DEBUG Rule test_aset_warning_rule created, invalidating cache for checkout_start
INFO Invalidated rules cache for entry point: checkout_start (key: rules:checkout_start)
DEBUG Cache miss for rules:checkout_start
DEBUG Cached 1 rules for checkout_start
DEBUG  Schema validation passed for checkout_context_test
DEBUG  JSONLogic condition evaluated to: False
DEBUG   Rule 'test_aset_warning_rule' condition not matched
.DEBUG Cache hit for rules:checkout_start: 1 rules
DEBUG  Schema validation passed for checkout_context_test
DEBUG  JSONLogic condition evaluated to: False
DEBUG   Rule 'test_aset_warning_rule' condition not matched
.DEBUG Cache hit for rules:checkout_start: 1 rules
DEBUG  Schema validation passed for checkout_context_test
DEBUG  JSONLogic condition evaluated to: True
DEBUG Stored execution record: exec_1769097313_7f47c28f
.DEBUG Cache hit for rules:checkout_start: 1 rules
DEBUG  Schema validation passed for checkout_context_test
DEBUG  JSONLogic condition evaluated to: True
DEBUG Stored execution record: exec_1769097313_c9c390b7
.DEBUG Cache hit for rules:checkout_start: 1 rules
DEBUG  Schema validation passed for checkout_context_test
DEBUG  JSONLogic condition evaluated to: True
DEBUG Stored execution record: exec_1769097313_119c6447
.DEBUG Rule admin_test_rule_1 created, invalidating cache for home_page_mount
INFO Invalidated rules cache for entry point: home_page_mount (key: rules:home_page_mount)
DEBUG Rule admin_test_rule_2 created, invalidating cache for checkout_terms
INFO Invalidated rules cache for entry point: checkout_terms (key: rules:checkout_terms)
INFO Invalidated rules cache for entry point: home_page_mount (key: rules:home_page_mount)
INFO Invalidated rules cache for entry point: checkout_terms (key: rules:checkout_terms)
..DEBUG Rule test_rule_create created, invalidating cache for home_page_mount
INFO Invalidated rules cache for entry point: home_page_mount (key: rules:home_page_mount)
.DEBUG Rule test_rule_delete created, invalidating cache for cart_calculate_vat
INFO Invalidated rules cache for entry point: cart_calculate_vat (key: rules:cart_calculate_vat)
DEBUG Rule test_rule_delete deleted, invalidating cache for cart_calculate_vat
INFO Invalidated rules cache for entry point: cart_calculate_vat (key: rules:cart_calculate_vat)
.DEBUG Rule test_rule_update created, invalidating cache for checkout_terms
INFO Invalidated rules cache for entry point: checkout_terms (key: rules:checkout_terms)
DEBUG Rule test_rule_update updated, invalidating cache for checkout_terms
INFO Invalidated rules cache for entry point: checkout_terms (key: rules:checkout_terms)
.DEBUG Rule test_rule_spaces created, invalidating cache for home page mount
INFO Invalidated rules cache for entry point: home page mount (key: rules:home_page_mount)
DEBUG Rule test_rule_spaces_2 created, invalidating cache for home page mount
INFO Invalidated rules cache for entry point: home page mount (key: rules:home_page_mount)
.DEBUG Rule cmd_test_rule_1 created, invalidating cache for home_page_mount
INFO Invalidated rules cache for entry point: home_page_mount (key: rules:home_page_mount)
DEBUG Rule cmd_test_rule_2 created, invalidating cache for checkout_terms
INFO Invalidated rules cache for entry point: checkout_terms (key: rules:checkout_terms)
DEBUG Rule cmd_test_rule_3 created, invalidating cache for cart_calculate_vat
INFO Invalidated rules cache for entry point: cart_calculate_vat (key: rules:cart_calculate_vat)
...sssssssssssssssssssss.......WARNING Country not found: UNKNOWN
.WARNING Country not found: UNKNOWN
.......DEBUG  JSONLogic condition evaluated to: False
.DEBUG  JSONLogic condition evaluated to: True
.DEBUG  JSONLogic condition evaluated to: True
.DEBUG  JSONLogic condition evaluated to: False
.DEBUG  JSONLogic condition evaluated to: True
.DEBUG  JSONLogic condition evaluated to: True
.DEBUG  JSONLogic condition evaluated to: False
.DEBUG  JSONLogic condition evaluated to: True
.DEBUG  JSONLogic condition evaluated to: False
.DEBUG  JSONLogic condition evaluated to: True
.DEBUG  JSONLogic condition evaluated to: False
.DEBUG  JSONLogic condition evaluated to: True
.DEBUG  JSONLogic condition evaluated to: True
.DEBUG  JSONLogic condition evaluated to: False
.DEBUG  JSONLogic condition evaluated to: False
.DEBUG  JSONLogic condition evaluated to: True
.DEBUG  JSONLogic condition evaluated to: False
.DEBUG  JSONLogic condition evaluated to: True
.DEBUG  JSONLogic condition evaluated to: False
.DEBUG  JSONLogic condition evaluated to: True
.DEBUG  JSONLogic condition evaluated to: True
.DEBUG Rule minimal_test created, invalidating cache for test
INFO Invalidated rules cache for entry point: test (key: rules:test)
.sssDEBUG Rule test_schema_validation_rule created, invalidating cache for checkout_start
INFO Invalidated rules cache for entry point: checkout_start (key: rules:checkout_start)
DEBUG Rule test_no_schema_rule created, invalidating cache for test_no_schema
INFO Invalidated rules cache for entry point: test_no_schema (key: rules:test_no_schema)
DEBUG Cache miss for rules:test_no_schema
DEBUG Cached 1 rules for test_no_schema
DEBUG No schema validation - context keys: ['arbitrary', 'can', 'request']
DEBUG Always-true condition evaluated to True
DEBUG Stored execution record: exec_1769097314_d3089ef3
.sDEBUG Rule test_schema_validation_rule created, invalidating cache for checkout_start
INFO Invalidated rules cache for entry point: checkout_start (key: rules:checkout_start)
DEBUG Cache miss for rules:checkout_start
DEBUG Cached 1 rules for checkout_start
DEBUG  Schema validation passed for test_schema_validation
DEBUG Always-true condition evaluated to True
DEBUG Stored execution record: exec_1769097314_4932c106
.DEBUG Rule premium_customer_check created, invalidating cache for cart_update
INFO Invalidated rules cache for entry point: cart_update (key: rules:cart_update)
DEBUG Rule base_discount created, invalidating cache for cart_update
INFO Invalidated rules cache for entry point: cart_update (key: rules:cart_update)
DEBUG Rule apply_final_discount created, invalidating cache for cart_update
INFO Invalidated rules cache for entry point: cart_update (key: rules:cart_update)
DEBUG Rule should_not_execute created, invalidating cache for cart_update
INFO Invalidated rules cache for entry point: cart_update (key: rules:cart_update)
DEBUG Cache miss for rules:cart_update
DEBUG Cached 4 rules for cart_update
DEBUG No schema validation - context keys: ['user', 'cart', 'request']
DEBUG  JSONLogic condition evaluated to: True
DEBUG Updated context during dispatch: cart.never_field = should_not_see_this
DEBUG Updated context: cart.never_field = should_not_see_this
DEBUG Stored execution record: exec_1769097315_f5d55119
DEBUG No schema validation - context keys: ['user', 'cart', 'request']
DEBUG  JSONLogic condition evaluated to: False
DEBUG   Rule 'apply_final_discount' condition not matched
DEBUG No schema validation - context keys: ['user', 'cart', 'request']
DEBUG  JSONLogic condition evaluated to: True
DEBUG Updated context during dispatch: cart.base_discount = 10
DEBUG Updated context: cart.base_discount = 10
DEBUG Stored execution record: exec_1769097315_2fb9726e
DEBUG No schema validation - context keys: ['user', 'cart', 'request']
DEBUG  JSONLogic condition evaluated to: True
DEBUG Updated context during dispatch: cart.discount_multiplier = 1.5
DEBUG Updated context: cart.discount_multiplier = 1.5
DEBUG Stored execution record: exec_1769097315_50158907
DEBUG Cache hit for rules:cart_update: 4 rules
DEBUG No schema validation - context keys: ['user', 'cart', 'request']
DEBUG  JSONLogic condition evaluated to: True
DEBUG Updated context during dispatch: cart.never_field = should_not_see_this
DEBUG Updated context: cart.never_field = should_not_see_this
DEBUG Stored execution record: exec_1769097315_5d0f0417
DEBUG No schema validation - context keys: ['user', 'cart', 'request']
DEBUG  JSONLogic condition evaluated to: False
DEBUG   Rule 'apply_final_discount' condition not matched
DEBUG No schema validation - context keys: ['user', 'cart', 'request']
DEBUG  JSONLogic condition evaluated to: True
DEBUG Updated context during dispatch: cart.base_discount = 10
DEBUG Updated context: cart.base_discount = 10
DEBUG Stored execution record: exec_1769097315_3b357add
DEBUG No schema validation - context keys: ['user', 'cart', 'request']
DEBUG  JSONLogic condition evaluated to: False
DEBUG   Rule 'premium_customer_check' condition not matched
.DEBUG Rule eu_terms_rule created, invalidating cache for checkout_terms
INFO Invalidated rules cache for entry point: checkout_terms (key: rules:checkout_terms)
DEBUG Rule us_terms_rule created, invalidating cache for checkout_terms
INFO Invalidated rules cache for entry point: checkout_terms (key: rules:checkout_terms)
DEBUG Cache miss for rules:checkout_terms
DEBUG Cached 2 rules for checkout_terms
DEBUG No schema validation - context keys: ['user', 'cart', 'request']
DEBUG  JSONLogic condition evaluated to: False
DEBUG   Rule 'us_terms_rule' condition not matched
DEBUG No schema validation - context keys: ['user', 'cart', 'request']
DEBUG  JSONLogic condition evaluated to: True
DEBUG Stored execution record: exec_1769097315_a3fa1f69
WARNING Bad Request: /api/rules/acknowledge/
DEBUG Cache hit for rules:checkout_terms: 2 rules
DEBUG No schema validation - context keys: ['user', 'cart', 'acknowledgments', 'request']
DEBUG  JSONLogic condition evaluated to: False
DEBUG   Rule 'us_terms_rule' condition not matched
DEBUG No schema validation - context keys: ['user', 'cart', 'acknowledgments', 'request']
DEBUG  JSONLogic condition evaluated to: True
ERROR  Error processing rule 'eu_terms_rule': 'bool' object has no attribute 'get'
DEBUG Stored execution record: exec_1769097315_af3ffe84
DEBUG Cache hit for rules:checkout_terms: 2 rules
DEBUG No schema validation - context keys: ['user', 'cart', 'request']
DEBUG  JSONLogic condition evaluated to: True
DEBUG Stored execution record: exec_1769097315_f9d4e6cc
DEBUG No schema validation - context keys: ['user', 'cart', 'request']
DEBUG  JSONLogic condition evaluated to: False
DEBUG   Rule 'eu_terms_rule' condition not matched
.DEBUG Rule bulk_discount created, invalidating cache for cart_update
INFO Invalidated rules cache for entry point: cart_update (key: rules:cart_update)
DEBUG Cache miss for rules:cart_update
DEBUG Cached 1 rules for cart_update
DEBUG No schema validation - context keys: ['user', 'cart', 'request']
DEBUG  JSONLogic condition evaluated to: True
DEBUG Updated context during dispatch: cart.discount = 50.0
DEBUG Updated context: cart.discount = 50.0
DEBUG Stored execution record: exec_1769097316_b931cf8a
DEBUG Cache hit for rules:cart_update: 1 rules
DEBUG No schema validation - context keys: ['user', 'cart', 'request']
DEBUG  JSONLogic condition evaluated to: False
DEBUG   Rule 'bulk_discount' condition not matched
.DEBUG Rule home_preferences created, invalidating cache for home_page_mount
INFO Invalidated rules cache for entry point: home_page_mount (key: rules:home_page_mount)
DEBUG Cache miss for rules:home_page_mount
DEBUG Cached 1 rules for home_page_mount
DEBUG No schema validation - context keys: ['user', 'cart', 'request']
DEBUG  JSONLogic condition evaluated to: True
DEBUG Stored execution record: exec_1769097316_4a93a34b
DEBUG Cache hit for rules:checkout_terms: 2 rules
DEBUG No schema validation - context keys: ['user', 'cart', 'request']
DEBUG  JSONLogic condition evaluated to: False
DEBUG   Rule 'us_terms_rule' condition not matched
DEBUG No schema validation - context keys: ['user', 'cart', 'request']
DEBUG  JSONLogic condition evaluated to: True
DEBUG Stored execution record: exec_1769097316_6a6f62dd
..DEBUG Rule rule_checkout_terms_lookup_1 created, invalidating cache for checkout_terms
INFO Invalidated rules cache for entry point: checkout_terms (key: rules:checkout_terms)
DEBUG Rule rule_checkout_terms_lookup_2 created, invalidating cache for checkout_terms
INFO Invalidated rules cache for entry point: checkout_terms (key: rules:checkout_terms)
DEBUG Rule rule_home_page_lookup_1 created, invalidating cache for home_page_mount
INFO Invalidated rules cache for entry point: home_page_mount (key: rules:home_page_mount)
..DEBUG Rule rule_perf_high_priority created, invalidating cache for checkout_terms
INFO Invalidated rules cache for entry point: checkout_terms (key: rules:checkout_terms)
DEBUG Rule rule_perf_low_priority created, invalidating cache for checkout_terms
INFO Invalidated rules cache for entry point: checkout_terms (key: rules:checkout_terms)
DEBUG Rule rule_perf_medium_priority created, invalidating cache for checkout_terms
INFO Invalidated rules cache for entry point: checkout_terms (key: rules:checkout_terms)
.....DEBUG Rule rule_checkout_1 created, invalidating cache for checkout_terms
INFO Invalidated rules cache for entry point: checkout_terms (key: rules:checkout_terms)
................DEBUG Rule test_json_serialization created, invalidating cache for test
INFO Invalidated rules cache for entry point: test (key: rules:test)
.........DEBUG Rule active_rule created, invalidating cache for checkout_terms
INFO Invalidated rules cache for entry point: checkout_terms (key: rules:checkout_terms)
DEBUG Rule inactive_rule created, invalidating cache for checkout_terms
INFO Invalidated rules cache for entry point: checkout_terms (key: rules:checkout_terms)
.DEBUG Rule high_priority_rule created, invalidating cache for checkout_terms
INFO Invalidated rules cache for entry point: checkout_terms (key: rules:checkout_terms)
DEBUG Rule medium_priority_rule created, invalidating cache for checkout_terms
INFO Invalidated rules cache for entry point: checkout_terms (key: rules:checkout_terms)
DEBUG Rule low_priority_rule created, invalidating cache for checkout_terms
INFO Invalidated rules cache for entry point: checkout_terms (key: rules:checkout_terms)
..DEBUG Rule future_rule created, invalidating cache for checkout_terms
INFO Invalidated rules cache for entry point: checkout_terms (key: rules:checkout_terms)
DEBUG Rule expired_rule created, invalidating cache for checkout_terms
INFO Invalidated rules cache for entry point: checkout_terms (key: rules:checkout_terms)
DEBUG Rule current_rule created, invalidating cache for checkout_terms
INFO Invalidated rules cache for entry point: checkout_terms (key: rules:checkout_terms)
.DEBUG Rule context_validation_rule created, invalidating cache for checkout_terms
INFO Invalidated rules cache for entry point: checkout_terms (key: rules:checkout_terms)
.sDEBUG Rule stop_processing_rule created, invalidating cache for checkout_terms
INFO Invalidated rules cache for entry point: checkout_terms (key: rules:checkout_terms)
DEBUG Rule later_rule created, invalidating cache for checkout_terms
INFO Invalidated rules cache for entry point: checkout_terms (key: rules:checkout_terms)
.DEBUG Rule integration_test_rule created, invalidating cache for checkout_terms
INFO Invalidated rules cache for entry point: checkout_terms (key: rules:checkout_terms)
.DEBUG Rule versioned_rule created, invalidating cache for checkout_terms
INFO Invalidated rules cache for entry point: checkout_terms (key: rules:checkout_terms)
DEBUG Rule versioned_rule_v2 created, invalidating cache for checkout_terms
INFO Invalidated rules cache for entry point: checkout_terms (key: rules:checkout_terms)
...DEBUG Rule display_message_rule created, invalidating cache for home_page_mount
INFO Invalidated rules cache for entry point: home_page_mount (key: rules:home_page_mount)
.DEBUG Rule display_modal_rule created, invalidating cache for checkout_terms
INFO Invalidated rules cache for entry point: checkout_terms (key: rules:checkout_terms)
.DEBUG Rule multiple_actions_rule created, invalidating cache for checkout_terms
INFO Invalidated rules cache for entry point: checkout_terms (key: rules:checkout_terms)
.DEBUG Rule custom_function_rule created, invalidating cache for checkout_terms
INFO Invalidated rules cache for entry point: checkout_terms (key: rules:checkout_terms)
.DEBUG Rule update_field_rule created, invalidating cache for checkout_terms
INFO Invalidated rules cache for entry point: checkout_terms (key: rules:checkout_terms)
.DEBUG Rule ack_checked_rule created, invalidating cache for checkout_terms
INFO Invalidated rules cache for entry point: checkout_terms (key: rules:checkout_terms)
.DEBUG Rule ack_required_rule created, invalidating cache for checkout_terms
INFO Invalidated rules cache for entry point: checkout_terms (key: rules:checkout_terms)
.DEBUG Rule preference_optional_rule created, invalidating cache for checkout_terms
INFO Invalidated rules cache for entry point: checkout_terms (key: rules:checkout_terms)
.DEBUG Rule execution_test_rule created, invalidating cache for checkout_terms
INFO Invalidated rules cache for entry point: checkout_terms (key: rules:checkout_terms)
.DEBUG Rule execution_test_rule created, invalidating cache for checkout_terms
INFO Invalidated rules cache for entry point: checkout_terms (key: rules:checkout_terms)
DEBUG Rule error_execution_rule created, invalidating cache for checkout_terms
INFO Invalidated rules cache for entry point: checkout_terms (key: rules:checkout_terms)
.DEBUG Rule execution_test_rule created, invalidating cache for checkout_terms
INFO Invalidated rules cache for entry point: checkout_terms (key: rules:checkout_terms)
.DEBUG Rule execution_test_rule created, invalidating cache for checkout_terms
INFO Invalidated rules cache for entry point: checkout_terms (key: rules:checkout_terms)
.DEBUG Rule execution_test_rule created, invalidating cache for checkout_terms
INFO Invalidated rules cache for entry point: checkout_terms (key: rules:checkout_terms)
.DEBUG Rule execution_test_rule created, invalidating cache for checkout_terms
INFO Invalidated rules cache for entry point: checkout_terms (key: rules:checkout_terms)
DEBUG Rule second_execution_rule created, invalidating cache for checkout_terms
INFO Invalidated rules cache for entry point: checkout_terms (key: rules:checkout_terms)
DEBUG Rule third_execution_rule created, invalidating cache for checkout_terms
INFO Invalidated rules cache for entry point: checkout_terms (key: rules:checkout_terms)
.DEBUG Rule execution_test_rule created, invalidating cache for checkout_terms
INFO Invalidated rules cache for entry point: checkout_terms (key: rules:checkout_terms)
.DEBUG Rule checkout_discount_rule created, invalidating cache for checkout_start
INFO Invalidated rules cache for entry point: checkout_start (key: rules:checkout_start)
DEBUG Rule checkout_discount_banner created, invalidating cache for checkout_start
INFO Invalidated rules cache for entry point: checkout_start (key: rules:checkout_start)
DEBUG Rule checkout_terms_validation created, invalidating cache for checkout_start
INFO Invalidated rules cache for entry point: checkout_start (key: rules:checkout_start)
DEBUG Cache miss for rules:checkout_start
DEBUG Cached 3 rules for checkout_start
DEBUG  Schema validation passed for full_checkout_context
DEBUG  JSONLogic condition evaluated to: True
DEBUG Stored execution record: exec_1769097317_da45cfcc
.DEBUG Rule eu_checkout_terms_given_test2 created, invalidating cache for checkout_terms
INFO Invalidated rules cache for entry point: checkout_terms (key: rules:checkout_terms)
DEBUG Cache miss for rules:checkout_terms
DEBUG Cached 1 rules for checkout_terms
DEBUG  Schema validation passed for full_checkout_context
DEBUG  JSONLogic condition evaluated to: True
DEBUG Stored execution record: exec_1769097317_c6a07644
.DEBUG Rule eu_checkout_terms_required_test1 created, invalidating cache for checkout_terms
INFO Invalidated rules cache for entry point: checkout_terms (key: rules:checkout_terms)
DEBUG Cache miss for rules:checkout_terms
DEBUG Cached 1 rules for checkout_terms
DEBUG  Schema validation passed for full_checkout_context
DEBUG  JSONLogic condition evaluated to: True
DEBUG Stored execution record: exec_1769097318_a987aba2
.DEBUG Rule homepage_newsletter_preference created, invalidating cache for home_page_mount
INFO Invalidated rules cache for entry point: home_page_mount (key: rules:home_page_mount)
DEBUG Cache miss for rules:home_page_mount
DEBUG Cached 1 rules for home_page_mount
DEBUG  Schema validation passed for full_checkout_context
DEBUG  JSONLogic condition evaluated to: True
DEBUG Stored execution record: exec_1769097318_f51c0963
.DEBUG Rule performance_rule_0 created, invalidating cache for checkout_terms
INFO Invalidated rules cache for entry point: checkout_terms (key: rules:checkout_terms)
DEBUG Rule performance_rule_1 created, invalidating cache for checkout_terms
INFO Invalidated rules cache for entry point: checkout_terms (key: rules:checkout_terms)
DEBUG Rule performance_rule_2 created, invalidating cache for checkout_terms
INFO Invalidated rules cache for entry point: checkout_terms (key: rules:checkout_terms)
DEBUG Rule performance_rule_3 created, invalidating cache for checkout_terms
INFO Invalidated rules cache for entry point: checkout_terms (key: rules:checkout_terms)
DEBUG Rule performance_rule_4 created, invalidating cache for checkout_terms
INFO Invalidated rules cache for entry point: checkout_terms (key: rules:checkout_terms)
DEBUG Rule performance_rule_5 created, invalidating cache for checkout_terms
INFO Invalidated rules cache for entry point: checkout_terms (key: rules:checkout_terms)
DEBUG Rule performance_rule_6 created, invalidating cache for checkout_terms
INFO Invalidated rules cache for entry point: checkout_terms (key: rules:checkout_terms)
DEBUG Rule performance_rule_7 created, invalidating cache for checkout_terms
INFO Invalidated rules cache for entry point: checkout_terms (key: rules:checkout_terms)
DEBUG Rule performance_rule_8 created, invalidating cache for checkout_terms
INFO Invalidated rules cache for entry point: checkout_terms (key: rules:checkout_terms)
DEBUG Rule performance_rule_9 created, invalidating cache for checkout_terms
INFO Invalidated rules cache for entry point: checkout_terms (key: rules:checkout_terms)
DEBUG Cache miss for rules:checkout_terms
DEBUG Cached 10 rules for checkout_terms
DEBUG  Schema validation passed for full_checkout_context
DEBUG  JSONLogic condition evaluated to: True
DEBUG Stored execution record: exec_1769097318_25065275
DEBUG  Schema validation passed for full_checkout_context
DEBUG  JSONLogic condition evaluated to: True
DEBUG Stored execution record: exec_1769097318_6e1692c6
DEBUG  Schema validation passed for full_checkout_context
DEBUG  JSONLogic condition evaluated to: True
DEBUG Stored execution record: exec_1769097318_06480474
DEBUG  Schema validation passed for full_checkout_context
DEBUG  JSONLogic condition evaluated to: True
DEBUG Stored execution record: exec_1769097318_a70173c1
DEBUG  Schema validation passed for full_checkout_context
DEBUG  JSONLogic condition evaluated to: True
DEBUG Stored execution record: exec_1769097318_fcd9bd4b
DEBUG  Schema validation passed for full_checkout_context
DEBUG  JSONLogic condition evaluated to: True
DEBUG Stored execution record: exec_1769097318_118f41ba
DEBUG  Schema validation passed for full_checkout_context
DEBUG  JSONLogic condition evaluated to: True
DEBUG Stored execution record: exec_1769097318_9866a6d9
DEBUG  Schema validation passed for full_checkout_context
DEBUG  JSONLogic condition evaluated to: True
DEBUG Stored execution record: exec_1769097318_ecce4149
DEBUG  Schema validation passed for full_checkout_context
DEBUG  JSONLogic condition evaluated to: True
DEBUG Stored execution record: exec_1769097318_5aff801a
DEBUG  Schema validation passed for full_checkout_context
DEBUG  JSONLogic condition evaluated to: True
DEBUG Stored execution record: exec_1769097318_8dae4be7
DEBUG Cache hit for rules:checkout_terms: 10 rules
DEBUG  Schema validation passed for full_checkout_context
DEBUG  JSONLogic condition evaluated to: True
DEBUG Stored execution record: exec_1769097318_fcb66c3f
DEBUG  Schema validation passed for full_checkout_context
DEBUG  JSONLogic condition evaluated to: True
DEBUG Stored execution record: exec_1769097318_b32708d8
DEBUG  Schema validation passed for full_checkout_context
DEBUG  JSONLogic condition evaluated to: True
DEBUG Stored execution record: exec_1769097318_e967493c
DEBUG  Schema validation passed for full_checkout_context
DEBUG  JSONLogic condition evaluated to: True
DEBUG Stored execution record: exec_1769097318_89546495
DEBUG  Schema validation passed for full_checkout_context
DEBUG  JSONLogic condition evaluated to: True
DEBUG Stored execution record: exec_1769097318_9d633821
DEBUG  Schema validation passed for full_checkout_context
DEBUG  JSONLogic condition evaluated to: True
DEBUG Stored execution record: exec_1769097318_38c783f4
DEBUG  Schema validation passed for full_checkout_context
DEBUG  JSONLogic condition evaluated to: True
DEBUG Stored execution record: exec_1769097318_e4ddce2c
DEBUG  Schema validation passed for full_checkout_context
DEBUG  JSONLogic condition evaluated to: True
DEBUG Stored execution record: exec_1769097318_db657ba0
DEBUG  Schema validation passed for full_checkout_context
DEBUG  JSONLogic condition evaluated to: True
DEBUG Stored execution record: exec_1769097318_8de4f727
DEBUG  Schema validation passed for full_checkout_context
DEBUG  JSONLogic condition evaluated to: True
DEBUG Stored execution record: exec_1769097318_433d3ab1
DEBUG Cache hit for rules:checkout_terms: 10 rules
DEBUG  Schema validation passed for full_checkout_context
DEBUG  JSONLogic condition evaluated to: True
DEBUG Stored execution record: exec_1769097318_7aa2ecf2
DEBUG  Schema validation passed for full_checkout_context
DEBUG  JSONLogic condition evaluated to: True
DEBUG Stored execution record: exec_1769097318_6fcd6d43
DEBUG  Schema validation passed for full_checkout_context
DEBUG  JSONLogic condition evaluated to: True
DEBUG Stored execution record: exec_1769097318_a96237d3
DEBUG  Schema validation passed for full_checkout_context
DEBUG  JSONLogic condition evaluated to: True
DEBUG Stored execution record: exec_1769097318_b10e4c8d
DEBUG  Schema validation passed for full_checkout_context
DEBUG  JSONLogic condition evaluated to: True
DEBUG Stored execution record: exec_1769097318_37ae8d08
DEBUG  Schema validation passed for full_checkout_context
DEBUG  JSONLogic condition evaluated to: True
DEBUG Stored execution record: exec_1769097318_dc84359e
DEBUG  Schema validation passed for full_checkout_context
DEBUG  JSONLogic condition evaluated to: True
DEBUG Stored execution record: exec_1769097318_57d7543a
DEBUG  Schema validation passed for full_checkout_context
DEBUG  JSONLogic condition evaluated to: True
DEBUG Stored execution record: exec_1769097318_2dc63348
DEBUG  Schema validation passed for full_checkout_context
DEBUG  JSONLogic condition evaluated to: True
DEBUG Stored execution record: exec_1769097318_f337fd6b
DEBUG  Schema validation passed for full_checkout_context
DEBUG  JSONLogic condition evaluated to: True
DEBUG Stored execution record: exec_1769097318_7e19c412
DEBUG Cache hit for rules:checkout_terms: 10 rules
DEBUG  Schema validation passed for full_checkout_context
DEBUG  JSONLogic condition evaluated to: True
DEBUG Stored execution record: exec_1769097318_71513440
DEBUG  Schema validation passed for full_checkout_context
DEBUG  JSONLogic condition evaluated to: True
DEBUG Stored execution record: exec_1769097318_6e610c5c
DEBUG  Schema validation passed for full_checkout_context
DEBUG  JSONLogic condition evaluated to: True
DEBUG Stored execution record: exec_1769097318_d0a2e86e
DEBUG  Schema validation passed for full_checkout_context
DEBUG  JSONLogic condition evaluated to: True
DEBUG Stored execution record: exec_1769097318_8dc0beed
DEBUG  Schema validation passed for full_checkout_context
DEBUG  JSONLogic condition evaluated to: True
DEBUG Stored execution record: exec_1769097318_a3af66ca
DEBUG  Schema validation passed for full_checkout_context
DEBUG  JSONLogic condition evaluated to: True
DEBUG Stored execution record: exec_1769097318_eca589ab
DEBUG  Schema validation passed for full_checkout_context
DEBUG  JSONLogic condition evaluated to: True
DEBUG Stored execution record: exec_1769097318_90fa0167
DEBUG  Schema validation passed for full_checkout_context
DEBUG  JSONLogic condition evaluated to: True
DEBUG Stored execution record: exec_1769097318_abee0c49
DEBUG  Schema validation passed for full_checkout_context
DEBUG  JSONLogic condition evaluated to: True
DEBUG Stored execution record: exec_1769097318_88faaccd
DEBUG  Schema validation passed for full_checkout_context
DEBUG  JSONLogic condition evaluated to: True
DEBUG Stored execution record: exec_1769097318_12d80bc4
DEBUG Cache hit for rules:checkout_terms: 10 rules
DEBUG  Schema validation passed for full_checkout_context
DEBUG  JSONLogic condition evaluated to: True
DEBUG Stored execution record: exec_1769097318_4344d74b
DEBUG  Schema validation passed for full_checkout_context
DEBUG  JSONLogic condition evaluated to: True
DEBUG Stored execution record: exec_1769097318_cf313e86
DEBUG  Schema validation passed for full_checkout_context
DEBUG  JSONLogic condition evaluated to: True
DEBUG Stored execution record: exec_1769097318_823a11f1
DEBUG  Schema validation passed for full_checkout_context
DEBUG  JSONLogic condition evaluated to: True
DEBUG Stored execution record: exec_1769097318_0d3d4084
DEBUG  Schema validation passed for full_checkout_context
DEBUG  JSONLogic condition evaluated to: True
DEBUG Stored execution record: exec_1769097318_cd6c35a6
DEBUG  Schema validation passed for full_checkout_context
DEBUG  JSONLogic condition evaluated to: True
DEBUG Stored execution record: exec_1769097318_d6aeea09
DEBUG  Schema validation passed for full_checkout_context
DEBUG  JSONLogic condition evaluated to: True
DEBUG Stored execution record: exec_1769097318_aa8b850a
DEBUG  Schema validation passed for full_checkout_context
DEBUG  JSONLogic condition evaluated to: True
DEBUG Stored execution record: exec_1769097318_69041b14
DEBUG  Schema validation passed for full_checkout_context
DEBUG  JSONLogic condition evaluated to: True
DEBUG Stored execution record: exec_1769097318_236d4c3d
DEBUG  Schema validation passed for full_checkout_context
DEBUG  JSONLogic condition evaluated to: True
DEBUG Stored execution record: exec_1769097318_30d7ce1d
DEBUG Cache hit for rules:checkout_terms: 10 rules
DEBUG  Schema validation passed for full_checkout_context
DEBUG  JSONLogic condition evaluated to: True
DEBUG Stored execution record: exec_1769097318_ced32ae0
DEBUG  Schema validation passed for full_checkout_context
DEBUG  JSONLogic condition evaluated to: True
DEBUG Stored execution record: exec_1769097318_ae305fb8
DEBUG  Schema validation passed for full_checkout_context
DEBUG  JSONLogic condition evaluated to: True
DEBUG Stored execution record: exec_1769097318_07e41cdc
DEBUG  Schema validation passed for full_checkout_context
DEBUG  JSONLogic condition evaluated to: True
DEBUG Stored execution record: exec_1769097318_2f3a4234
DEBUG  Schema validation passed for full_checkout_context
DEBUG  JSONLogic condition evaluated to: True
DEBUG Stored execution record: exec_1769097318_dc6e1b95
DEBUG  Schema validation passed for full_checkout_context
DEBUG  JSONLogic condition evaluated to: True
DEBUG Stored execution record: exec_1769097318_19abe93b
DEBUG  Schema validation passed for full_checkout_context
DEBUG  JSONLogic condition evaluated to: True
DEBUG Stored execution record: exec_1769097318_1953870d
DEBUG  Schema validation passed for full_checkout_context
DEBUG  JSONLogic condition evaluated to: True
DEBUG Stored execution record: exec_1769097318_4c729a90
DEBUG  Schema validation passed for full_checkout_context
DEBUG  JSONLogic condition evaluated to: True
DEBUG Stored execution record: exec_1769097318_7f64c9f7
DEBUG  Schema validation passed for full_checkout_context
DEBUG  JSONLogic condition evaluated to: True
DEBUG Stored execution record: exec_1769097318_89702155
DEBUG Cache hit for rules:checkout_terms: 10 rules
DEBUG  Schema validation passed for full_checkout_context
DEBUG  JSONLogic condition evaluated to: True
DEBUG Stored execution record: exec_1769097318_7e46ce5d
DEBUG  Schema validation passed for full_checkout_context
DEBUG  JSONLogic condition evaluated to: True
DEBUG Stored execution record: exec_1769097318_d5cd55d6
DEBUG  Schema validation passed for full_checkout_context
DEBUG  JSONLogic condition evaluated to: True
DEBUG Stored execution record: exec_1769097318_d26c12bf
DEBUG  Schema validation passed for full_checkout_context
DEBUG  JSONLogic condition evaluated to: True
DEBUG Stored execution record: exec_1769097318_079b4658
DEBUG  Schema validation passed for full_checkout_context
DEBUG  JSONLogic condition evaluated to: True
DEBUG Stored execution record: exec_1769097318_142ad262
DEBUG  Schema validation passed for full_checkout_context
DEBUG  JSONLogic condition evaluated to: True
DEBUG Stored execution record: exec_1769097318_137463a7
DEBUG  Schema validation passed for full_checkout_context
DEBUG  JSONLogic condition evaluated to: True
DEBUG Stored execution record: exec_1769097318_ab272eec
DEBUG  Schema validation passed for full_checkout_context
DEBUG  JSONLogic condition evaluated to: True
DEBUG Stored execution record: exec_1769097318_0642bb7c
DEBUG  Schema validation passed for full_checkout_context
DEBUG  JSONLogic condition evaluated to: True
DEBUG Stored execution record: exec_1769097318_00fd0b62
DEBUG  Schema validation passed for full_checkout_context
DEBUG  JSONLogic condition evaluated to: True
DEBUG Stored execution record: exec_1769097318_2c35fdcb
DEBUG Cache hit for rules:checkout_terms: 10 rules
DEBUG  Schema validation passed for full_checkout_context
DEBUG  JSONLogic condition evaluated to: True
DEBUG Stored execution record: exec_1769097318_f062c69f
DEBUG  Schema validation passed for full_checkout_context
DEBUG  JSONLogic condition evaluated to: True
DEBUG Stored execution record: exec_1769097318_d7cf1900
DEBUG  Schema validation passed for full_checkout_context
DEBUG  JSONLogic condition evaluated to: True
DEBUG Stored execution record: exec_1769097318_c51480d7
DEBUG  Schema validation passed for full_checkout_context
DEBUG  JSONLogic condition evaluated to: True
DEBUG Stored execution record: exec_1769097319_12de2051
DEBUG  Schema validation passed for full_checkout_context
DEBUG  JSONLogic condition evaluated to: True
DEBUG Stored execution record: exec_1769097319_a16f8c5c
DEBUG  Schema validation passed for full_checkout_context
DEBUG  JSONLogic condition evaluated to: True
DEBUG Stored execution record: exec_1769097319_cbf629eb
DEBUG  Schema validation passed for full_checkout_context
DEBUG  JSONLogic condition evaluated to: True
DEBUG Stored execution record: exec_1769097319_60940fa3
DEBUG  Schema validation passed for full_checkout_context
DEBUG  JSONLogic condition evaluated to: True
DEBUG Stored execution record: exec_1769097319_737a7ae1
DEBUG  Schema validation passed for full_checkout_context
DEBUG  JSONLogic condition evaluated to: True
DEBUG Stored execution record: exec_1769097319_852bd995
DEBUG  Schema validation passed for full_checkout_context
DEBUG  JSONLogic condition evaluated to: True
DEBUG Stored execution record: exec_1769097319_a9adadae
DEBUG Cache hit for rules:checkout_terms: 10 rules
DEBUG  Schema validation passed for full_checkout_context
DEBUG  JSONLogic condition evaluated to: True
DEBUG Stored execution record: exec_1769097319_da65a374
DEBUG  Schema validation passed for full_checkout_context
DEBUG  JSONLogic condition evaluated to: True
DEBUG Stored execution record: exec_1769097319_675666da
DEBUG  Schema validation passed for full_checkout_context
DEBUG  JSONLogic condition evaluated to: True
DEBUG Stored execution record: exec_1769097319_222c2b4f
DEBUG  Schema validation passed for full_checkout_context
DEBUG  JSONLogic condition evaluated to: True
DEBUG Stored execution record: exec_1769097319_6fa7a72d
DEBUG  Schema validation passed for full_checkout_context
DEBUG  JSONLogic condition evaluated to: True
DEBUG Stored execution record: exec_1769097319_0c81d9b8
DEBUG  Schema validation passed for full_checkout_context
DEBUG  JSONLogic condition evaluated to: True
DEBUG Stored execution record: exec_1769097319_0195b241
DEBUG  Schema validation passed for full_checkout_context
DEBUG  JSONLogic condition evaluated to: True
DEBUG Stored execution record: exec_1769097319_f5146f06
DEBUG  Schema validation passed for full_checkout_context
DEBUG  JSONLogic condition evaluated to: True
DEBUG Stored execution record: exec_1769097319_f34d20f9
DEBUG  Schema validation passed for full_checkout_context
DEBUG  JSONLogic condition evaluated to: True
DEBUG Stored execution record: exec_1769097319_dc43e7a1
DEBUG  Schema validation passed for full_checkout_context
DEBUG  JSONLogic condition evaluated to: True
DEBUG Stored execution record: exec_1769097319_2c5aedea
DEBUG Cache hit for rules:checkout_terms: 10 rules
DEBUG  Schema validation passed for full_checkout_context
DEBUG  JSONLogic condition evaluated to: True
DEBUG Stored execution record: exec_1769097319_6fdc8986
DEBUG  Schema validation passed for full_checkout_context
DEBUG  JSONLogic condition evaluated to: True
DEBUG Stored execution record: exec_1769097319_8239e2e8
DEBUG  Schema validation passed for full_checkout_context
DEBUG  JSONLogic condition evaluated to: True
DEBUG Stored execution record: exec_1769097319_9061ff2c
DEBUG  Schema validation passed for full_checkout_context
DEBUG  JSONLogic condition evaluated to: True
DEBUG Stored execution record: exec_1769097319_03ce5f04
DEBUG  Schema validation passed for full_checkout_context
DEBUG  JSONLogic condition evaluated to: True
DEBUG Stored execution record: exec_1769097319_82265e38
DEBUG  Schema validation passed for full_checkout_context
DEBUG  JSONLogic condition evaluated to: True
DEBUG Stored execution record: exec_1769097319_f1b5ece4
DEBUG  Schema validation passed for full_checkout_context
DEBUG  JSONLogic condition evaluated to: True
DEBUG Stored execution record: exec_1769097319_5c2c6efe
DEBUG  Schema validation passed for full_checkout_context
DEBUG  JSONLogic condition evaluated to: True
DEBUG Stored execution record: exec_1769097319_91bf6a6b
DEBUG  Schema validation passed for full_checkout_context
DEBUG  JSONLogic condition evaluated to: True
DEBUG Stored execution record: exec_1769097319_75d73112
DEBUG  Schema validation passed for full_checkout_context
DEBUG  JSONLogic condition evaluated to: True
DEBUG Stored execution record: exec_1769097319_d7ef2fa9
DEBUG Cache hit for rules:checkout_terms: 10 rules
DEBUG  Schema validation passed for full_checkout_context
DEBUG  JSONLogic condition evaluated to: True
DEBUG Stored execution record: exec_1769097319_726f9770
DEBUG  Schema validation passed for full_checkout_context
DEBUG  JSONLogic condition evaluated to: True
DEBUG Stored execution record: exec_1769097319_2f0fff09
DEBUG  Schema validation passed for full_checkout_context
DEBUG  JSONLogic condition evaluated to: True
DEBUG Stored execution record: exec_1769097319_f568e3b9
DEBUG  Schema validation passed for full_checkout_context
DEBUG  JSONLogic condition evaluated to: True
DEBUG Stored execution record: exec_1769097319_d568c9ab
DEBUG  Schema validation passed for full_checkout_context
DEBUG  JSONLogic condition evaluated to: True
DEBUG Stored execution record: exec_1769097319_48398049
DEBUG  Schema validation passed for full_checkout_context
DEBUG  JSONLogic condition evaluated to: True
DEBUG Stored execution record: exec_1769097319_70930578
DEBUG  Schema validation passed for full_checkout_context
DEBUG  JSONLogic condition evaluated to: True
DEBUG Stored execution record: exec_1769097319_6bdd5e8d
DEBUG  Schema validation passed for full_checkout_context
DEBUG  JSONLogic condition evaluated to: True
DEBUG Stored execution record: exec_1769097319_e083ddca
DEBUG  Schema validation passed for full_checkout_context
DEBUG  JSONLogic condition evaluated to: True
DEBUG Stored execution record: exec_1769097319_563bed01
DEBUG  Schema validation passed for full_checkout_context
DEBUG  JSONLogic condition evaluated to: True
DEBUG Stored execution record: exec_1769097319_8214450b
DEBUG Cache hit for rules:checkout_terms: 10 rules
DEBUG  Schema validation passed for full_checkout_context
DEBUG  JSONLogic condition evaluated to: True
DEBUG Stored execution record: exec_1769097319_2d879013
DEBUG  Schema validation passed for full_checkout_context
DEBUG  JSONLogic condition evaluated to: True
DEBUG Stored execution record: exec_1769097319_b147281e
DEBUG  Schema validation passed for full_checkout_context
DEBUG  JSONLogic condition evaluated to: True
DEBUG Stored execution record: exec_1769097319_28d39208
DEBUG  Schema validation passed for full_checkout_context
DEBUG  JSONLogic condition evaluated to: True
DEBUG Stored execution record: exec_1769097319_38abfcd6
DEBUG  Schema validation passed for full_checkout_context
DEBUG  JSONLogic condition evaluated to: True
DEBUG Stored execution record: exec_1769097319_5878f3f1
DEBUG  Schema validation passed for full_checkout_context
DEBUG  JSONLogic condition evaluated to: True
DEBUG Stored execution record: exec_1769097319_fdcee85c
DEBUG  Schema validation passed for full_checkout_context
DEBUG  JSONLogic condition evaluated to: True
DEBUG Stored execution record: exec_1769097319_e0606a0c
DEBUG  Schema validation passed for full_checkout_context
DEBUG  JSONLogic condition evaluated to: True
DEBUG Stored execution record: exec_1769097319_ebe50779
DEBUG  Schema validation passed for full_checkout_context
DEBUG  JSONLogic condition evaluated to: True
DEBUG Stored execution record: exec_1769097319_e520d5ec
DEBUG  Schema validation passed for full_checkout_context
DEBUG  JSONLogic condition evaluated to: True
DEBUG Stored execution record: exec_1769097319_960d82ec
DEBUG Cache hit for rules:checkout_terms: 10 rules
DEBUG  Schema validation passed for full_checkout_context
DEBUG  JSONLogic condition evaluated to: True
DEBUG Stored execution record: exec_1769097319_2a846ea5
DEBUG  Schema validation passed for full_checkout_context
DEBUG  JSONLogic condition evaluated to: True
DEBUG Stored execution record: exec_1769097319_f220e56a
DEBUG  Schema validation passed for full_checkout_context
DEBUG  JSONLogic condition evaluated to: True
DEBUG Stored execution record: exec_1769097319_9496459f
DEBUG  Schema validation passed for full_checkout_context
DEBUG  JSONLogic condition evaluated to: True
DEBUG Stored execution record: exec_1769097319_686bf6a5
DEBUG  Schema validation passed for full_checkout_context
DEBUG  JSONLogic condition evaluated to: True
DEBUG Stored execution record: exec_1769097319_507fd88c
DEBUG  Schema validation passed for full_checkout_context
DEBUG  JSONLogic condition evaluated to: True
DEBUG Stored execution record: exec_1769097319_494f70c5
DEBUG  Schema validation passed for full_checkout_context
DEBUG  JSONLogic condition evaluated to: True
DEBUG Stored execution record: exec_1769097319_598df232
DEBUG  Schema validation passed for full_checkout_context
DEBUG  JSONLogic condition evaluated to: True
DEBUG Stored execution record: exec_1769097319_2ad8b621
DEBUG  Schema validation passed for full_checkout_context
DEBUG  JSONLogic condition evaluated to: True
DEBUG Stored execution record: exec_1769097319_38898966
DEBUG  Schema validation passed for full_checkout_context
DEBUG  JSONLogic condition evaluated to: True
DEBUG Stored execution record: exec_1769097319_aabf95be
DEBUG Cache hit for rules:checkout_terms: 10 rules
DEBUG  Schema validation passed for full_checkout_context
DEBUG  JSONLogic condition evaluated to: True
DEBUG Stored execution record: exec_1769097319_6a684f4d
DEBUG  Schema validation passed for full_checkout_context
DEBUG  JSONLogic condition evaluated to: True
DEBUG Stored execution record: exec_1769097319_c6e9cfbc
DEBUG  Schema validation passed for full_checkout_context
DEBUG  JSONLogic condition evaluated to: True
DEBUG Stored execution record: exec_1769097319_2c25e227
DEBUG  Schema validation passed for full_checkout_context
DEBUG  JSONLogic condition evaluated to: True
DEBUG Stored execution record: exec_1769097319_81204b58
DEBUG  Schema validation passed for full_checkout_context
DEBUG  JSONLogic condition evaluated to: True
DEBUG Stored execution record: exec_1769097319_afddbd82
DEBUG  Schema validation passed for full_checkout_context
DEBUG  JSONLogic condition evaluated to: True
DEBUG Stored execution record: exec_1769097319_c338ebcb
DEBUG  Schema validation passed for full_checkout_context
DEBUG  JSONLogic condition evaluated to: True
DEBUG Stored execution record: exec_1769097319_153fe295
DEBUG  Schema validation passed for full_checkout_context
DEBUG  JSONLogic condition evaluated to: True
DEBUG Stored execution record: exec_1769097319_3b92f91d
DEBUG  Schema validation passed for full_checkout_context
DEBUG  JSONLogic condition evaluated to: True
DEBUG Stored execution record: exec_1769097319_86ab5ac2
DEBUG  Schema validation passed for full_checkout_context
DEBUG  JSONLogic condition evaluated to: True
DEBUG Stored execution record: exec_1769097319_fe4b6bb3
DEBUG Cache hit for rules:checkout_terms: 10 rules
DEBUG  Schema validation passed for full_checkout_context
DEBUG  JSONLogic condition evaluated to: True
DEBUG Stored execution record: exec_1769097319_1775f3bf
DEBUG  Schema validation passed for full_checkout_context
DEBUG  JSONLogic condition evaluated to: True
DEBUG Stored execution record: exec_1769097319_75389d5f
DEBUG  Schema validation passed for full_checkout_context
DEBUG  JSONLogic condition evaluated to: True
DEBUG Stored execution record: exec_1769097319_91750f97
DEBUG  Schema validation passed for full_checkout_context
DEBUG  JSONLogic condition evaluated to: True
DEBUG Stored execution record: exec_1769097319_6e0e8954
DEBUG  Schema validation passed for full_checkout_context
DEBUG  JSONLogic condition evaluated to: True
DEBUG Stored execution record: exec_1769097319_0afe4fd3
DEBUG  Schema validation passed for full_checkout_context
DEBUG  JSONLogic condition evaluated to: True
DEBUG Stored execution record: exec_1769097319_74e92ae9
DEBUG  Schema validation passed for full_checkout_context
DEBUG  JSONLogic condition evaluated to: True
DEBUG Stored execution record: exec_1769097319_7334661f
DEBUG  Schema validation passed for full_checkout_context
DEBUG  JSONLogic condition evaluated to: True
DEBUG Stored execution record: exec_1769097319_70f0b8b8
DEBUG  Schema validation passed for full_checkout_context
DEBUG  JSONLogic condition evaluated to: True
DEBUG Stored execution record: exec_1769097319_c2227f11
DEBUG  Schema validation passed for full_checkout_context
DEBUG  JSONLogic condition evaluated to: True
DEBUG Stored execution record: exec_1769097319_77854e48
DEBUG Cache hit for rules:checkout_terms: 10 rules
DEBUG  Schema validation passed for full_checkout_context
DEBUG  JSONLogic condition evaluated to: True
DEBUG Stored execution record: exec_1769097319_557c87f8
DEBUG  Schema validation passed for full_checkout_context
DEBUG  JSONLogic condition evaluated to: True
DEBUG Stored execution record: exec_1769097319_2feeb02c
DEBUG  Schema validation passed for full_checkout_context
DEBUG  JSONLogic condition evaluated to: True
DEBUG Stored execution record: exec_1769097319_ae535907
DEBUG  Schema validation passed for full_checkout_context
DEBUG  JSONLogic condition evaluated to: True
DEBUG Stored execution record: exec_1769097319_3dd59e44
DEBUG  Schema validation passed for full_checkout_context
DEBUG  JSONLogic condition evaluated to: True
DEBUG Stored execution record: exec_1769097319_3aeb9c27
DEBUG  Schema validation passed for full_checkout_context
DEBUG  JSONLogic condition evaluated to: True
DEBUG Stored execution record: exec_1769097319_d479a1aa
DEBUG  Schema validation passed for full_checkout_context
DEBUG  JSONLogic condition evaluated to: True
DEBUG Stored execution record: exec_1769097319_4e4ce761
DEBUG  Schema validation passed for full_checkout_context
DEBUG  JSONLogic condition evaluated to: True
DEBUG Stored execution record: exec_1769097319_008abb95
DEBUG  Schema validation passed for full_checkout_context
DEBUG  JSONLogic condition evaluated to: True
DEBUG Stored execution record: exec_1769097319_e12eb42f
DEBUG  Schema validation passed for full_checkout_context
DEBUG  JSONLogic condition evaluated to: True
DEBUG Stored execution record: exec_1769097319_33e19dcd
DEBUG Cache hit for rules:checkout_terms: 10 rules
DEBUG  Schema validation passed for full_checkout_context
DEBUG  JSONLogic condition evaluated to: True
DEBUG Stored execution record: exec_1769097319_00364c53
DEBUG  Schema validation passed for full_checkout_context
DEBUG  JSONLogic condition evaluated to: True
DEBUG Stored execution record: exec_1769097319_7375b344
DEBUG  Schema validation passed for full_checkout_context
DEBUG  JSONLogic condition evaluated to: True
DEBUG Stored execution record: exec_1769097319_f5d8bcb1
DEBUG  Schema validation passed for full_checkout_context
DEBUG  JSONLogic condition evaluated to: True
DEBUG Stored execution record: exec_1769097319_4596c81b
DEBUG  Schema validation passed for full_checkout_context
DEBUG  JSONLogic condition evaluated to: True
DEBUG Stored execution record: exec_1769097319_b5a61cd5
DEBUG  Schema validation passed for full_checkout_context
DEBUG  JSONLogic condition evaluated to: True
DEBUG Stored execution record: exec_1769097319_e8b4c5c3
DEBUG  Schema validation passed for full_checkout_context
DEBUG  JSONLogic condition evaluated to: True
DEBUG Stored execution record: exec_1769097319_8adc2af7
DEBUG  Schema validation passed for full_checkout_context
DEBUG  JSONLogic condition evaluated to: True
DEBUG Stored execution record: exec_1769097319_7969a9c5
DEBUG  Schema validation passed for full_checkout_context
DEBUG  JSONLogic condition evaluated to: True
DEBUG Stored execution record: exec_1769097319_4f503434
DEBUG  Schema validation passed for full_checkout_context
DEBUG  JSONLogic condition evaluated to: True
DEBUG Stored execution record: exec_1769097319_3166e620
DEBUG Cache hit for rules:checkout_terms: 10 rules
DEBUG  Schema validation passed for full_checkout_context
DEBUG  JSONLogic condition evaluated to: True
DEBUG Stored execution record: exec_1769097319_6f0600ce
DEBUG  Schema validation passed for full_checkout_context
DEBUG  JSONLogic condition evaluated to: True
DEBUG Stored execution record: exec_1769097319_52bb9e1b
DEBUG  Schema validation passed for full_checkout_context
DEBUG  JSONLogic condition evaluated to: True
DEBUG Stored execution record: exec_1769097319_37008096
DEBUG  Schema validation passed for full_checkout_context
DEBUG  JSONLogic condition evaluated to: True
DEBUG Stored execution record: exec_1769097319_15b08011
DEBUG  Schema validation passed for full_checkout_context
DEBUG  JSONLogic condition evaluated to: True
DEBUG Stored execution record: exec_1769097319_d842b652
DEBUG  Schema validation passed for full_checkout_context
DEBUG  JSONLogic condition evaluated to: True
DEBUG Stored execution record: exec_1769097319_dbb753a3
DEBUG  Schema validation passed for full_checkout_context
DEBUG  JSONLogic condition evaluated to: True
DEBUG Stored execution record: exec_1769097319_1dce8d99
DEBUG  Schema validation passed for full_checkout_context
DEBUG  JSONLogic condition evaluated to: True
DEBUG Stored execution record: exec_1769097319_f6b07124
DEBUG  Schema validation passed for full_checkout_context
DEBUG  JSONLogic condition evaluated to: True
DEBUG Stored execution record: exec_1769097319_88a86deb
DEBUG  Schema validation passed for full_checkout_context
DEBUG  JSONLogic condition evaluated to: True
DEBUG Stored execution record: exec_1769097319_82aa4d40
DEBUG Cache hit for rules:checkout_terms: 10 rules
DEBUG  Schema validation passed for full_checkout_context
DEBUG  JSONLogic condition evaluated to: True
DEBUG Stored execution record: exec_1769097319_2dbc3f4d
DEBUG  Schema validation passed for full_checkout_context
DEBUG  JSONLogic condition evaluated to: True
DEBUG Stored execution record: exec_1769097319_72ba8a1c
DEBUG  Schema validation passed for full_checkout_context
DEBUG  JSONLogic condition evaluated to: True
DEBUG Stored execution record: exec_1769097319_0f09d1aa
DEBUG  Schema validation passed for full_checkout_context
DEBUG  JSONLogic condition evaluated to: True
DEBUG Stored execution record: exec_1769097319_20b6de80
DEBUG  Schema validation passed for full_checkout_context
DEBUG  JSONLogic condition evaluated to: True
DEBUG Stored execution record: exec_1769097319_381a0930
DEBUG  Schema validation passed for full_checkout_context
DEBUG  JSONLogic condition evaluated to: True
DEBUG Stored execution record: exec_1769097319_24a34d8e
DEBUG  Schema validation passed for full_checkout_context
DEBUG  JSONLogic condition evaluated to: True
DEBUG Stored execution record: exec_1769097319_a8f89601
DEBUG  Schema validation passed for full_checkout_context
DEBUG  JSONLogic condition evaluated to: True
DEBUG Stored execution record: exec_1769097319_538bc1a5
DEBUG  Schema validation passed for full_checkout_context
DEBUG  JSONLogic condition evaluated to: True
DEBUG Stored execution record: exec_1769097319_3710544b
DEBUG  Schema validation passed for full_checkout_context
DEBUG  JSONLogic condition evaluated to: True
DEBUG Stored execution record: exec_1769097319_a957a5ea
DEBUG Cache hit for rules:checkout_terms: 10 rules
DEBUG  Schema validation passed for full_checkout_context
DEBUG  JSONLogic condition evaluated to: True
DEBUG Stored execution record: exec_1769097319_d9ff15fb
DEBUG  Schema validation passed for full_checkout_context
DEBUG  JSONLogic condition evaluated to: True
DEBUG Stored execution record: exec_1769097319_d1a70e39
DEBUG  Schema validation passed for full_checkout_context
DEBUG  JSONLogic condition evaluated to: True
DEBUG Stored execution record: exec_1769097319_b4bf03f6
DEBUG  Schema validation passed for full_checkout_context
DEBUG  JSONLogic condition evaluated to: True
DEBUG Stored execution record: exec_1769097319_cf558f3d
DEBUG  Schema validation passed for full_checkout_context
DEBUG  JSONLogic condition evaluated to: True
DEBUG Stored execution record: exec_1769097319_6fe101e2
DEBUG  Schema validation passed for full_checkout_context
DEBUG  JSONLogic condition evaluated to: True
DEBUG Stored execution record: exec_1769097319_07553771
DEBUG  Schema validation passed for full_checkout_context
DEBUG  JSONLogic condition evaluated to: True
DEBUG Stored execution record: exec_1769097319_1885b572
DEBUG  Schema validation passed for full_checkout_context
DEBUG  JSONLogic condition evaluated to: True
DEBUG Stored execution record: exec_1769097319_a2393904
DEBUG  Schema validation passed for full_checkout_context
DEBUG  JSONLogic condition evaluated to: True
DEBUG Stored execution record: exec_1769097319_d602b6ef
DEBUG  Schema validation passed for full_checkout_context
DEBUG  JSONLogic condition evaluated to: True
DEBUG Stored execution record: exec_1769097319_2e89f987
DEBUG Cache hit for rules:checkout_terms: 10 rules
DEBUG  Schema validation passed for full_checkout_context
DEBUG  JSONLogic condition evaluated to: True
DEBUG Stored execution record: exec_1769097319_214d25b5
DEBUG  Schema validation passed for full_checkout_context
DEBUG  JSONLogic condition evaluated to: True
DEBUG Stored execution record: exec_1769097319_85d6c1ef
DEBUG  Schema validation passed for full_checkout_context
DEBUG  JSONLogic condition evaluated to: True
DEBUG Stored execution record: exec_1769097319_27e32664
DEBUG  Schema validation passed for full_checkout_context
DEBUG  JSONLogic condition evaluated to: True
DEBUG Stored execution record: exec_1769097319_c10373d8
DEBUG  Schema validation passed for full_checkout_context
DEBUG  JSONLogic condition evaluated to: True
DEBUG Stored execution record: exec_1769097319_528eb5f2
DEBUG  Schema validation passed for full_checkout_context
DEBUG  JSONLogic condition evaluated to: True
DEBUG Stored execution record: exec_1769097319_36bd7b68
DEBUG  Schema validation passed for full_checkout_context
DEBUG  JSONLogic condition evaluated to: True
DEBUG Stored execution record: exec_1769097319_db688710
DEBUG  Schema validation passed for full_checkout_context
DEBUG  JSONLogic condition evaluated to: True
DEBUG Stored execution record: exec_1769097319_9cb31ac6
DEBUG  Schema validation passed for full_checkout_context
DEBUG  JSONLogic condition evaluated to: True
DEBUG Stored execution record: exec_1769097319_f0d11163
DEBUG  Schema validation passed for full_checkout_context
DEBUG  JSONLogic condition evaluated to: True
DEBUG Stored execution record: exec_1769097319_fa4a6aae
DEBUG Cache hit for rules:checkout_terms: 10 rules
DEBUG  Schema validation passed for full_checkout_context
DEBUG  JSONLogic condition evaluated to: True
DEBUG Stored execution record: exec_1769097319_e9b93564
DEBUG  Schema validation passed for full_checkout_context
DEBUG  JSONLogic condition evaluated to: True
DEBUG Stored execution record: exec_1769097319_4dd0ba5a
DEBUG  Schema validation passed for full_checkout_context
DEBUG  JSONLogic condition evaluated to: True
DEBUG Stored execution record: exec_1769097319_674cfaba
DEBUG  Schema validation passed for full_checkout_context
DEBUG  JSONLogic condition evaluated to: True
DEBUG Stored execution record: exec_1769097319_aeed17e5
DEBUG  Schema validation passed for full_checkout_context
DEBUG  JSONLogic condition evaluated to: True
DEBUG Stored execution record: exec_1769097319_3419428c
DEBUG  Schema validation passed for full_checkout_context
DEBUG  JSONLogic condition evaluated to: True
DEBUG Stored execution record: exec_1769097319_98236c1c
DEBUG  Schema validation passed for full_checkout_context
DEBUG  JSONLogic condition evaluated to: True
DEBUG Stored execution record: exec_1769097319_7bbef20b
DEBUG  Schema validation passed for full_checkout_context
DEBUG  JSONLogic condition evaluated to: True
DEBUG Stored execution record: exec_1769097319_54a6e35a
DEBUG  Schema validation passed for full_checkout_context
DEBUG  JSONLogic condition evaluated to: True
DEBUG Stored execution record: exec_1769097319_964b0233
DEBUG  Schema validation passed for full_checkout_context
DEBUG  JSONLogic condition evaluated to: True
DEBUG Stored execution record: exec_1769097319_d6934b75
DEBUG Cache hit for rules:checkout_terms: 10 rules
DEBUG  Schema validation passed for full_checkout_context
DEBUG  JSONLogic condition evaluated to: True
DEBUG Stored execution record: exec_1769097319_fafb4c3f
DEBUG  Schema validation passed for full_checkout_context
DEBUG  JSONLogic condition evaluated to: True
DEBUG Stored execution record: exec_1769097319_a7a248b4
DEBUG  Schema validation passed for full_checkout_context
DEBUG  JSONLogic condition evaluated to: True
DEBUG Stored execution record: exec_1769097319_ebde3c0a
DEBUG  Schema validation passed for full_checkout_context
DEBUG  JSONLogic condition evaluated to: True
DEBUG Stored execution record: exec_1769097319_96deeaf1
DEBUG  Schema validation passed for full_checkout_context
DEBUG  JSONLogic condition evaluated to: True
DEBUG Stored execution record: exec_1769097319_77ba5b88
DEBUG  Schema validation passed for full_checkout_context
DEBUG  JSONLogic condition evaluated to: True
DEBUG Stored execution record: exec_1769097319_b18adbbc
DEBUG  Schema validation passed for full_checkout_context
DEBUG  JSONLogic condition evaluated to: True
DEBUG Stored execution record: exec_1769097319_3ef8e5ac
DEBUG  Schema validation passed for full_checkout_context
DEBUG  JSONLogic condition evaluated to: True
DEBUG Stored execution record: exec_1769097319_e1ee9683
DEBUG  Schema validation passed for full_checkout_context
DEBUG  JSONLogic condition evaluated to: True
DEBUG Stored execution record: exec_1769097319_1544e261
DEBUG  Schema validation passed for full_checkout_context
DEBUG  JSONLogic condition evaluated to: True
DEBUG Stored execution record: exec_1769097319_e8b08cc2
DEBUG Cache hit for rules:checkout_terms: 10 rules
DEBUG  Schema validation passed for full_checkout_context
DEBUG  JSONLogic condition evaluated to: True
DEBUG Stored execution record: exec_1769097319_75cd1599
DEBUG  Schema validation passed for full_checkout_context
DEBUG  JSONLogic condition evaluated to: True
DEBUG Stored execution record: exec_1769097319_8128582d
DEBUG  Schema validation passed for full_checkout_context
DEBUG  JSONLogic condition evaluated to: True
DEBUG Stored execution record: exec_1769097319_debf610e
DEBUG  Schema validation passed for full_checkout_context
DEBUG  JSONLogic condition evaluated to: True
DEBUG Stored execution record: exec_1769097319_4139d7d5
DEBUG  Schema validation passed for full_checkout_context
DEBUG  JSONLogic condition evaluated to: True
DEBUG Stored execution record: exec_1769097319_b3ae7780
DEBUG  Schema validation passed for full_checkout_context
DEBUG  JSONLogic condition evaluated to: True
DEBUG Stored execution record: exec_1769097319_4e1b621a
DEBUG  Schema validation passed for full_checkout_context
DEBUG  JSONLogic condition evaluated to: True
DEBUG Stored execution record: exec_1769097319_467150e1
DEBUG  Schema validation passed for full_checkout_context
DEBUG  JSONLogic condition evaluated to: True
DEBUG Stored execution record: exec_1769097319_cab2de92
DEBUG  Schema validation passed for full_checkout_context
DEBUG  JSONLogic condition evaluated to: True
DEBUG Stored execution record: exec_1769097319_8f2be8f0
DEBUG  Schema validation passed for full_checkout_context
DEBUG  JSONLogic condition evaluated to: True
DEBUG Stored execution record: exec_1769097319_1f639d9a
DEBUG Cache hit for rules:checkout_terms: 10 rules
DEBUG  Schema validation passed for full_checkout_context
DEBUG  JSONLogic condition evaluated to: True
DEBUG Stored execution record: exec_1769097319_a2c59932
DEBUG  Schema validation passed for full_checkout_context
DEBUG  JSONLogic condition evaluated to: True
DEBUG Stored execution record: exec_1769097319_d957fce8
DEBUG  Schema validation passed for full_checkout_context
DEBUG  JSONLogic condition evaluated to: True
DEBUG Stored execution record: exec_1769097319_182191ca
DEBUG  Schema validation passed for full_checkout_context
DEBUG  JSONLogic condition evaluated to: True
DEBUG Stored execution record: exec_1769097319_f9949270
DEBUG  Schema validation passed for full_checkout_context
DEBUG  JSONLogic condition evaluated to: True
DEBUG Stored execution record: exec_1769097319_47e52d39
DEBUG  Schema validation passed for full_checkout_context
DEBUG  JSONLogic condition evaluated to: True
DEBUG Stored execution record: exec_1769097319_3accc75e
DEBUG  Schema validation passed for full_checkout_context
DEBUG  JSONLogic condition evaluated to: True
DEBUG Stored execution record: exec_1769097319_65943c74
DEBUG  Schema validation passed for full_checkout_context
DEBUG  JSONLogic condition evaluated to: True
DEBUG Stored execution record: exec_1769097319_6bfeba52
DEBUG  Schema validation passed for full_checkout_context
DEBUG  JSONLogic condition evaluated to: True
DEBUG Stored execution record: exec_1769097319_a217cd9f
DEBUG  Schema validation passed for full_checkout_context
DEBUG  JSONLogic condition evaluated to: True
DEBUG Stored execution record: exec_1769097319_8cef9b2f
DEBUG Cache hit for rules:checkout_terms: 10 rules
DEBUG  Schema validation passed for full_checkout_context
DEBUG  JSONLogic condition evaluated to: True
DEBUG Stored execution record: exec_1769097319_81add3f2
DEBUG  Schema validation passed for full_checkout_context
DEBUG  JSONLogic condition evaluated to: True
DEBUG Stored execution record: exec_1769097319_d8eb5c83
DEBUG  Schema validation passed for full_checkout_context
DEBUG  JSONLogic condition evaluated to: True
DEBUG Stored execution record: exec_1769097319_34c6ca74
DEBUG  Schema validation passed for full_checkout_context
DEBUG  JSONLogic condition evaluated to: True
DEBUG Stored execution record: exec_1769097319_7314fbdf
DEBUG  Schema validation passed for full_checkout_context
DEBUG  JSONLogic condition evaluated to: True
DEBUG Stored execution record: exec_1769097319_4b9d9444
DEBUG  Schema validation passed for full_checkout_context
DEBUG  JSONLogic condition evaluated to: True
DEBUG Stored execution record: exec_1769097319_c9ee930b
DEBUG  Schema validation passed for full_checkout_context
DEBUG  JSONLogic condition evaluated to: True
DEBUG Stored execution record: exec_1769097319_2afe275f
DEBUG  Schema validation passed for full_checkout_context
DEBUG  JSONLogic condition evaluated to: True
DEBUG Stored execution record: exec_1769097319_06a5274b
DEBUG  Schema validation passed for full_checkout_context
DEBUG  JSONLogic condition evaluated to: True
DEBUG Stored execution record: exec_1769097319_6153a2bf
DEBUG  Schema validation passed for full_checkout_context
DEBUG  JSONLogic condition evaluated to: True
DEBUG Stored execution record: exec_1769097319_56d9c004
DEBUG Cache hit for rules:checkout_terms: 10 rules
DEBUG  Schema validation passed for full_checkout_context
DEBUG  JSONLogic condition evaluated to: True
DEBUG Stored execution record: exec_1769097319_d314a015
DEBUG  Schema validation passed for full_checkout_context
DEBUG  JSONLogic condition evaluated to: True
DEBUG Stored execution record: exec_1769097319_2197b5e7
DEBUG  Schema validation passed for full_checkout_context
DEBUG  JSONLogic condition evaluated to: True
DEBUG Stored execution record: exec_1769097319_1b1ffc97
DEBUG  Schema validation passed for full_checkout_context
DEBUG  JSONLogic condition evaluated to: True
DEBUG Stored execution record: exec_1769097319_9da7d370
DEBUG  Schema validation passed for full_checkout_context
DEBUG  JSONLogic condition evaluated to: True
DEBUG Stored execution record: exec_1769097319_f3dec472
DEBUG  Schema validation passed for full_checkout_context
DEBUG  JSONLogic condition evaluated to: True
DEBUG Stored execution record: exec_1769097319_23ebbe61
DEBUG  Schema validation passed for full_checkout_context
DEBUG  JSONLogic condition evaluated to: True
DEBUG Stored execution record: exec_1769097319_52402c74
DEBUG  Schema validation passed for full_checkout_context
DEBUG  JSONLogic condition evaluated to: True
DEBUG Stored execution record: exec_1769097319_7d244a9f
DEBUG  Schema validation passed for full_checkout_context
DEBUG  JSONLogic condition evaluated to: True
DEBUG Stored execution record: exec_1769097319_857e3e70
DEBUG  Schema validation passed for full_checkout_context
DEBUG  JSONLogic condition evaluated to: True
DEBUG Stored execution record: exec_1769097319_2253b228
DEBUG Cache hit for rules:checkout_terms: 10 rules
DEBUG  Schema validation passed for full_checkout_context
DEBUG  JSONLogic condition evaluated to: True
DEBUG Stored execution record: exec_1769097319_a5d04119
DEBUG  Schema validation passed for full_checkout_context
DEBUG  JSONLogic condition evaluated to: True
DEBUG Stored execution record: exec_1769097319_f1ec122c
DEBUG  Schema validation passed for full_checkout_context
DEBUG  JSONLogic condition evaluated to: True
DEBUG Stored execution record: exec_1769097319_c02f98f6
DEBUG  Schema validation passed for full_checkout_context
DEBUG  JSONLogic condition evaluated to: True
DEBUG Stored execution record: exec_1769097319_7512fb40
DEBUG  Schema validation passed for full_checkout_context
DEBUG  JSONLogic condition evaluated to: True
DEBUG Stored execution record: exec_1769097319_4e6db947
DEBUG  Schema validation passed for full_checkout_context
DEBUG  JSONLogic condition evaluated to: True
DEBUG Stored execution record: exec_1769097319_912a632f
DEBUG  Schema validation passed for full_checkout_context
DEBUG  JSONLogic condition evaluated to: True
DEBUG Stored execution record: exec_1769097319_d54c4c2c
DEBUG  Schema validation passed for full_checkout_context
DEBUG  JSONLogic condition evaluated to: True
DEBUG Stored execution record: exec_1769097319_434fa434
DEBUG  Schema validation passed for full_checkout_context
DEBUG  JSONLogic condition evaluated to: True
DEBUG Stored execution record: exec_1769097319_ba032309
DEBUG  Schema validation passed for full_checkout_context
DEBUG  JSONLogic condition evaluated to: True
DEBUG Stored execution record: exec_1769097319_cd02943d
DEBUG Cache hit for rules:checkout_terms: 10 rules
DEBUG  Schema validation passed for full_checkout_context
DEBUG  JSONLogic condition evaluated to: True
DEBUG Stored execution record: exec_1769097319_c7b0e6df
DEBUG  Schema validation passed for full_checkout_context
DEBUG  JSONLogic condition evaluated to: True
DEBUG Stored execution record: exec_1769097319_f657c9b8
DEBUG  Schema validation passed for full_checkout_context
DEBUG  JSONLogic condition evaluated to: True
DEBUG Stored execution record: exec_1769097319_0eb5aaab
DEBUG  Schema validation passed for full_checkout_context
DEBUG  JSONLogic condition evaluated to: True
DEBUG Stored execution record: exec_1769097319_bc66080d
DEBUG  Schema validation passed for full_checkout_context
DEBUG  JSONLogic condition evaluated to: True
DEBUG Stored execution record: exec_1769097320_4d94e273
DEBUG  Schema validation passed for full_checkout_context
DEBUG  JSONLogic condition evaluated to: True
DEBUG Stored execution record: exec_1769097320_7ef066e2
DEBUG  Schema validation passed for full_checkout_context
DEBUG  JSONLogic condition evaluated to: True
DEBUG Stored execution record: exec_1769097320_d2b45731
DEBUG  Schema validation passed for full_checkout_context
DEBUG  JSONLogic condition evaluated to: True
DEBUG Stored execution record: exec_1769097320_908c2e3d
DEBUG  Schema validation passed for full_checkout_context
DEBUG  JSONLogic condition evaluated to: True
DEBUG Stored execution record: exec_1769097320_6894567b
DEBUG  Schema validation passed for full_checkout_context
DEBUG  JSONLogic condition evaluated to: True
DEBUG Stored execution record: exec_1769097320_197945fa
DEBUG Cache hit for rules:checkout_terms: 10 rules
DEBUG  Schema validation passed for full_checkout_context
DEBUG  JSONLogic condition evaluated to: True
DEBUG Stored execution record: exec_1769097320_282be6fd
DEBUG  Schema validation passed for full_checkout_context
DEBUG  JSONLogic condition evaluated to: True
DEBUG Stored execution record: exec_1769097320_9ffe49ca
DEBUG  Schema validation passed for full_checkout_context
DEBUG  JSONLogic condition evaluated to: True
DEBUG Stored execution record: exec_1769097320_b0b43bb2
DEBUG  Schema validation passed for full_checkout_context
DEBUG  JSONLogic condition evaluated to: True
DEBUG Stored execution record: exec_1769097320_1056958e
DEBUG  Schema validation passed for full_checkout_context
DEBUG  JSONLogic condition evaluated to: True
DEBUG Stored execution record: exec_1769097320_bbc01839
DEBUG  Schema validation passed for full_checkout_context
DEBUG  JSONLogic condition evaluated to: True
DEBUG Stored execution record: exec_1769097320_babe68fb
DEBUG  Schema validation passed for full_checkout_context
DEBUG  JSONLogic condition evaluated to: True
DEBUG Stored execution record: exec_1769097320_dba2bee9
DEBUG  Schema validation passed for full_checkout_context
DEBUG  JSONLogic condition evaluated to: True
DEBUG Stored execution record: exec_1769097320_08e6539e
DEBUG  Schema validation passed for full_checkout_context
DEBUG  JSONLogic condition evaluated to: True
DEBUG Stored execution record: exec_1769097320_63deed5f
DEBUG  Schema validation passed for full_checkout_context
DEBUG  JSONLogic condition evaluated to: True
DEBUG Stored execution record: exec_1769097320_35d7b197
DEBUG Cache hit for rules:checkout_terms: 10 rules
DEBUG  Schema validation passed for full_checkout_context
DEBUG  JSONLogic condition evaluated to: True
DEBUG Stored execution record: exec_1769097320_f6a63f62
DEBUG  Schema validation passed for full_checkout_context
DEBUG  JSONLogic condition evaluated to: True
DEBUG Stored execution record: exec_1769097320_4cea4724
DEBUG  Schema validation passed for full_checkout_context
DEBUG  JSONLogic condition evaluated to: True
DEBUG Stored execution record: exec_1769097320_893c7153
DEBUG  Schema validation passed for full_checkout_context
DEBUG  JSONLogic condition evaluated to: True
DEBUG Stored execution record: exec_1769097320_b02cf364
DEBUG  Schema validation passed for full_checkout_context
DEBUG  JSONLogic condition evaluated to: True
DEBUG Stored execution record: exec_1769097320_d252bd2d
DEBUG  Schema validation passed for full_checkout_context
DEBUG  JSONLogic condition evaluated to: True
DEBUG Stored execution record: exec_1769097320_fb081b67
DEBUG  Schema validation passed for full_checkout_context
DEBUG  JSONLogic condition evaluated to: True
DEBUG Stored execution record: exec_1769097320_5fb64703
DEBUG  Schema validation passed for full_checkout_context
DEBUG  JSONLogic condition evaluated to: True
DEBUG Stored execution record: exec_1769097320_69f6b23f
DEBUG  Schema validation passed for full_checkout_context
DEBUG  JSONLogic condition evaluated to: True
DEBUG Stored execution record: exec_1769097320_aa886f25
DEBUG  Schema validation passed for full_checkout_context
DEBUG  JSONLogic condition evaluated to: True
DEBUG Stored execution record: exec_1769097320_485bcaa0
DEBUG Cache hit for rules:checkout_terms: 10 rules
DEBUG  Schema validation passed for full_checkout_context
DEBUG  JSONLogic condition evaluated to: True
DEBUG Stored execution record: exec_1769097320_ce2013c0
DEBUG  Schema validation passed for full_checkout_context
DEBUG  JSONLogic condition evaluated to: True
DEBUG Stored execution record: exec_1769097320_689fd750
DEBUG  Schema validation passed for full_checkout_context
DEBUG  JSONLogic condition evaluated to: True
DEBUG Stored execution record: exec_1769097320_edb229d5
DEBUG  Schema validation passed for full_checkout_context
DEBUG  JSONLogic condition evaluated to: True
DEBUG Stored execution record: exec_1769097320_d3c6625a
DEBUG  Schema validation passed for full_checkout_context
DEBUG  JSONLogic condition evaluated to: True
DEBUG Stored execution record: exec_1769097320_492d8650
DEBUG  Schema validation passed for full_checkout_context
DEBUG  JSONLogic condition evaluated to: True
DEBUG Stored execution record: exec_1769097320_87bb299e
DEBUG  Schema validation passed for full_checkout_context
DEBUG  JSONLogic condition evaluated to: True
DEBUG Stored execution record: exec_1769097320_d0d7bd7f
DEBUG  Schema validation passed for full_checkout_context
DEBUG  JSONLogic condition evaluated to: True
DEBUG Stored execution record: exec_1769097320_b6673778
DEBUG  Schema validation passed for full_checkout_context
DEBUG  JSONLogic condition evaluated to: True
DEBUG Stored execution record: exec_1769097320_3c996462
DEBUG  Schema validation passed for full_checkout_context
DEBUG  JSONLogic condition evaluated to: True
DEBUG Stored execution record: exec_1769097320_64c05fa5
DEBUG Cache hit for rules:checkout_terms: 10 rules
DEBUG  Schema validation passed for full_checkout_context
DEBUG  JSONLogic condition evaluated to: True
DEBUG Stored execution record: exec_1769097320_8ecb5458
DEBUG  Schema validation passed for full_checkout_context
DEBUG  JSONLogic condition evaluated to: True
DEBUG Stored execution record: exec_1769097320_8112f88c
DEBUG  Schema validation passed for full_checkout_context
DEBUG  JSONLogic condition evaluated to: True
DEBUG Stored execution record: exec_1769097320_4e7e90b3
DEBUG  Schema validation passed for full_checkout_context
DEBUG  JSONLogic condition evaluated to: True
DEBUG Stored execution record: exec_1769097320_8e767ca0
DEBUG  Schema validation passed for full_checkout_context
DEBUG  JSONLogic condition evaluated to: True
DEBUG Stored execution record: exec_1769097320_ee843bbb
DEBUG  Schema validation passed for full_checkout_context
DEBUG  JSONLogic condition evaluated to: True
DEBUG Stored execution record: exec_1769097320_c795c9ce
DEBUG  Schema validation passed for full_checkout_context
DEBUG  JSONLogic condition evaluated to: True
DEBUG Stored execution record: exec_1769097320_52bb2788
DEBUG  Schema validation passed for full_checkout_context
DEBUG  JSONLogic condition evaluated to: True
DEBUG Stored execution record: exec_1769097320_8f9b2d1c
DEBUG  Schema validation passed for full_checkout_context
DEBUG  JSONLogic condition evaluated to: True
DEBUG Stored execution record: exec_1769097320_a3bfd947
DEBUG  Schema validation passed for full_checkout_context
DEBUG  JSONLogic condition evaluated to: True
DEBUG Stored execution record: exec_1769097320_6b4e4a5c
DEBUG Cache hit for rules:checkout_terms: 10 rules
DEBUG  Schema validation passed for full_checkout_context
DEBUG  JSONLogic condition evaluated to: True
DEBUG Stored execution record: exec_1769097320_dbf0bdce
DEBUG  Schema validation passed for full_checkout_context
DEBUG  JSONLogic condition evaluated to: True
DEBUG Stored execution record: exec_1769097320_a5c98803
DEBUG  Schema validation passed for full_checkout_context
DEBUG  JSONLogic condition evaluated to: True
DEBUG Stored execution record: exec_1769097320_69eb01b3
DEBUG  Schema validation passed for full_checkout_context
DEBUG  JSONLogic condition evaluated to: True
DEBUG Stored execution record: exec_1769097320_d834c0a6
DEBUG  Schema validation passed for full_checkout_context
DEBUG  JSONLogic condition evaluated to: True
DEBUG Stored execution record: exec_1769097320_62a7519c
DEBUG  Schema validation passed for full_checkout_context
DEBUG  JSONLogic condition evaluated to: True
DEBUG Stored execution record: exec_1769097320_2407276c
DEBUG  Schema validation passed for full_checkout_context
DEBUG  JSONLogic condition evaluated to: True
DEBUG Stored execution record: exec_1769097320_2793a022
DEBUG  Schema validation passed for full_checkout_context
DEBUG  JSONLogic condition evaluated to: True
DEBUG Stored execution record: exec_1769097320_730463be
DEBUG  Schema validation passed for full_checkout_context
DEBUG  JSONLogic condition evaluated to: True
DEBUG Stored execution record: exec_1769097320_8186099b
DEBUG  Schema validation passed for full_checkout_context
DEBUG  JSONLogic condition evaluated to: True
DEBUG Stored execution record: exec_1769097320_f9a822af
DEBUG Cache hit for rules:checkout_terms: 10 rules
DEBUG  Schema validation passed for full_checkout_context
DEBUG  JSONLogic condition evaluated to: True
DEBUG Stored execution record: exec_1769097320_82185a40
DEBUG  Schema validation passed for full_checkout_context
DEBUG  JSONLogic condition evaluated to: True
DEBUG Stored execution record: exec_1769097320_05744ec5
DEBUG  Schema validation passed for full_checkout_context
DEBUG  JSONLogic condition evaluated to: True
DEBUG Stored execution record: exec_1769097320_31766112
DEBUG  Schema validation passed for full_checkout_context
DEBUG  JSONLogic condition evaluated to: True
DEBUG Stored execution record: exec_1769097320_485c1f3a
DEBUG  Schema validation passed for full_checkout_context
DEBUG  JSONLogic condition evaluated to: True
DEBUG Stored execution record: exec_1769097320_0425bf7b
DEBUG  Schema validation passed for full_checkout_context
DEBUG  JSONLogic condition evaluated to: True
DEBUG Stored execution record: exec_1769097320_58b938f4
DEBUG  Schema validation passed for full_checkout_context
DEBUG  JSONLogic condition evaluated to: True
DEBUG Stored execution record: exec_1769097320_698ad338
DEBUG  Schema validation passed for full_checkout_context
DEBUG  JSONLogic condition evaluated to: True
DEBUG Stored execution record: exec_1769097320_a70c3c33
DEBUG  Schema validation passed for full_checkout_context
DEBUG  JSONLogic condition evaluated to: True
DEBUG Stored execution record: exec_1769097320_8acb7379
DEBUG  Schema validation passed for full_checkout_context
DEBUG  JSONLogic condition evaluated to: True
DEBUG Stored execution record: exec_1769097320_44aa9c0d
DEBUG Cache hit for rules:checkout_terms: 10 rules
DEBUG  Schema validation passed for full_checkout_context
DEBUG  JSONLogic condition evaluated to: True
DEBUG Stored execution record: exec_1769097320_239618e0
DEBUG  Schema validation passed for full_checkout_context
DEBUG  JSONLogic condition evaluated to: True
DEBUG Stored execution record: exec_1769097320_4c257745
DEBUG  Schema validation passed for full_checkout_context
DEBUG  JSONLogic condition evaluated to: True
DEBUG Stored execution record: exec_1769097320_b018bc7d
DEBUG  Schema validation passed for full_checkout_context
DEBUG  JSONLogic condition evaluated to: True
DEBUG Stored execution record: exec_1769097320_b6475e02
DEBUG  Schema validation passed for full_checkout_context
DEBUG  JSONLogic condition evaluated to: True
DEBUG Stored execution record: exec_1769097320_8a2fba08
DEBUG  Schema validation passed for full_checkout_context
DEBUG  JSONLogic condition evaluated to: True
DEBUG Stored execution record: exec_1769097320_bda9fd10
DEBUG  Schema validation passed for full_checkout_context
DEBUG  JSONLogic condition evaluated to: True
DEBUG Stored execution record: exec_1769097320_a96f3f7e
DEBUG  Schema validation passed for full_checkout_context
DEBUG  JSONLogic condition evaluated to: True
DEBUG Stored execution record: exec_1769097320_95c34267
DEBUG  Schema validation passed for full_checkout_context
DEBUG  JSONLogic condition evaluated to: True
DEBUG Stored execution record: exec_1769097320_3c55fcf4
DEBUG  Schema validation passed for full_checkout_context
DEBUG  JSONLogic condition evaluated to: True
DEBUG Stored execution record: exec_1769097320_cd7874f0
DEBUG Cache hit for rules:checkout_terms: 10 rules
DEBUG  Schema validation passed for full_checkout_context
DEBUG  JSONLogic condition evaluated to: True
DEBUG Stored execution record: exec_1769097320_06d6636e
DEBUG  Schema validation passed for full_checkout_context
DEBUG  JSONLogic condition evaluated to: True
DEBUG Stored execution record: exec_1769097320_06a72801
DEBUG  Schema validation passed for full_checkout_context
DEBUG  JSONLogic condition evaluated to: True
DEBUG Stored execution record: exec_1769097320_1bbfd031
DEBUG  Schema validation passed for full_checkout_context
DEBUG  JSONLogic condition evaluated to: True
DEBUG Stored execution record: exec_1769097320_1cfee88d
DEBUG  Schema validation passed for full_checkout_context
DEBUG  JSONLogic condition evaluated to: True
DEBUG Stored execution record: exec_1769097320_a80481be
DEBUG  Schema validation passed for full_checkout_context
DEBUG  JSONLogic condition evaluated to: True
DEBUG Stored execution record: exec_1769097320_9277affe
DEBUG  Schema validation passed for full_checkout_context
DEBUG  JSONLogic condition evaluated to: True
DEBUG Stored execution record: exec_1769097320_130c4276
DEBUG  Schema validation passed for full_checkout_context
DEBUG  JSONLogic condition evaluated to: True
DEBUG Stored execution record: exec_1769097320_01630de3
DEBUG  Schema validation passed for full_checkout_context
DEBUG  JSONLogic condition evaluated to: True
DEBUG Stored execution record: exec_1769097320_0a354998
DEBUG  Schema validation passed for full_checkout_context
DEBUG  JSONLogic condition evaluated to: True
DEBUG Stored execution record: exec_1769097320_1f380e3c
DEBUG Cache hit for rules:checkout_terms: 10 rules
DEBUG  Schema validation passed for full_checkout_context
DEBUG  JSONLogic condition evaluated to: True
DEBUG Stored execution record: exec_1769097320_e8cb9360
DEBUG  Schema validation passed for full_checkout_context
DEBUG  JSONLogic condition evaluated to: True
DEBUG Stored execution record: exec_1769097320_38f8df32
DEBUG  Schema validation passed for full_checkout_context
DEBUG  JSONLogic condition evaluated to: True
DEBUG Stored execution record: exec_1769097320_80e03201
DEBUG  Schema validation passed for full_checkout_context
DEBUG  JSONLogic condition evaluated to: True
DEBUG Stored execution record: exec_1769097320_d9f9e1a0
DEBUG  Schema validation passed for full_checkout_context
DEBUG  JSONLogic condition evaluated to: True
DEBUG Stored execution record: exec_1769097320_a51e84cf
DEBUG  Schema validation passed for full_checkout_context
DEBUG  JSONLogic condition evaluated to: True
DEBUG Stored execution record: exec_1769097320_8eb2848f
DEBUG  Schema validation passed for full_checkout_context
DEBUG  JSONLogic condition evaluated to: True
DEBUG Stored execution record: exec_1769097320_f57d064a
DEBUG  Schema validation passed for full_checkout_context
DEBUG  JSONLogic condition evaluated to: True
DEBUG Stored execution record: exec_1769097320_ea504912
DEBUG  Schema validation passed for full_checkout_context
DEBUG  JSONLogic condition evaluated to: True
DEBUG Stored execution record: exec_1769097320_940dc219
DEBUG  Schema validation passed for full_checkout_context
DEBUG  JSONLogic condition evaluated to: True
DEBUG Stored execution record: exec_1769097320_3b5b226f
DEBUG Cache hit for rules:checkout_terms: 10 rules
DEBUG  Schema validation passed for full_checkout_context
DEBUG  JSONLogic condition evaluated to: True
DEBUG Stored execution record: exec_1769097320_5d926873
DEBUG  Schema validation passed for full_checkout_context
DEBUG  JSONLogic condition evaluated to: True
DEBUG Stored execution record: exec_1769097320_d66f7585
DEBUG  Schema validation passed for full_checkout_context
DEBUG  JSONLogic condition evaluated to: True
DEBUG Stored execution record: exec_1769097320_107ed59e
DEBUG  Schema validation passed for full_checkout_context
DEBUG  JSONLogic condition evaluated to: True
DEBUG Stored execution record: exec_1769097320_820a4ea2
DEBUG  Schema validation passed for full_checkout_context
DEBUG  JSONLogic condition evaluated to: True
DEBUG Stored execution record: exec_1769097320_8732c802
DEBUG  Schema validation passed for full_checkout_context
DEBUG  JSONLogic condition evaluated to: True
DEBUG Stored execution record: exec_1769097320_c9c75021
DEBUG  Schema validation passed for full_checkout_context
DEBUG  JSONLogic condition evaluated to: True
DEBUG Stored execution record: exec_1769097320_a03425a5
DEBUG  Schema validation passed for full_checkout_context
DEBUG  JSONLogic condition evaluated to: True
DEBUG Stored execution record: exec_1769097320_72aad910
DEBUG  Schema validation passed for full_checkout_context
DEBUG  JSONLogic condition evaluated to: True
DEBUG Stored execution record: exec_1769097320_77ebea30
DEBUG  Schema validation passed for full_checkout_context
DEBUG  JSONLogic condition evaluated to: True
DEBUG Stored execution record: exec_1769097320_cc20b004
DEBUG Cache hit for rules:checkout_terms: 10 rules
DEBUG  Schema validation passed for full_checkout_context
DEBUG  JSONLogic condition evaluated to: True
DEBUG Stored execution record: exec_1769097320_94f29b0f
DEBUG  Schema validation passed for full_checkout_context
DEBUG  JSONLogic condition evaluated to: True
DEBUG Stored execution record: exec_1769097320_a3fda7c7
DEBUG  Schema validation passed for full_checkout_context
DEBUG  JSONLogic condition evaluated to: True
DEBUG Stored execution record: exec_1769097320_6838a2f7
DEBUG  Schema validation passed for full_checkout_context
DEBUG  JSONLogic condition evaluated to: True
DEBUG Stored execution record: exec_1769097320_a0611049
DEBUG  Schema validation passed for full_checkout_context
DEBUG  JSONLogic condition evaluated to: True
DEBUG Stored execution record: exec_1769097320_9cfabf9d
DEBUG  Schema validation passed for full_checkout_context
DEBUG  JSONLogic condition evaluated to: True
DEBUG Stored execution record: exec_1769097320_626a9d08
DEBUG  Schema validation passed for full_checkout_context
DEBUG  JSONLogic condition evaluated to: True
DEBUG Stored execution record: exec_1769097320_6121285b
DEBUG  Schema validation passed for full_checkout_context
DEBUG  JSONLogic condition evaluated to: True
DEBUG Stored execution record: exec_1769097320_1580b351
DEBUG  Schema validation passed for full_checkout_context
DEBUG  JSONLogic condition evaluated to: True
DEBUG Stored execution record: exec_1769097320_139fdfa3
DEBUG  Schema validation passed for full_checkout_context
DEBUG  JSONLogic condition evaluated to: True
DEBUG Stored execution record: exec_1769097320_2b1c8895
DEBUG Cache hit for rules:checkout_terms: 10 rules
DEBUG  Schema validation passed for full_checkout_context
DEBUG  JSONLogic condition evaluated to: True
DEBUG Stored execution record: exec_1769097320_e24b6bbb
DEBUG  Schema validation passed for full_checkout_context
DEBUG  JSONLogic condition evaluated to: True
DEBUG Stored execution record: exec_1769097320_a9567031
DEBUG  Schema validation passed for full_checkout_context
DEBUG  JSONLogic condition evaluated to: True
DEBUG Stored execution record: exec_1769097320_7ee7b1f4
DEBUG  Schema validation passed for full_checkout_context
DEBUG  JSONLogic condition evaluated to: True
DEBUG Stored execution record: exec_1769097320_df506728
DEBUG  Schema validation passed for full_checkout_context
DEBUG  JSONLogic condition evaluated to: True
DEBUG Stored execution record: exec_1769097320_f55fa4df
DEBUG  Schema validation passed for full_checkout_context
DEBUG  JSONLogic condition evaluated to: True
DEBUG Stored execution record: exec_1769097320_3cf57ac8
DEBUG  Schema validation passed for full_checkout_context
DEBUG  JSONLogic condition evaluated to: True
DEBUG Stored execution record: exec_1769097320_49cec639
DEBUG  Schema validation passed for full_checkout_context
DEBUG  JSONLogic condition evaluated to: True
DEBUG Stored execution record: exec_1769097320_3f1a438f
DEBUG  Schema validation passed for full_checkout_context
DEBUG  JSONLogic condition evaluated to: True
DEBUG Stored execution record: exec_1769097320_ac691294
DEBUG  Schema validation passed for full_checkout_context
DEBUG  JSONLogic condition evaluated to: True
DEBUG Stored execution record: exec_1769097320_bf165196
DEBUG Cache hit for rules:checkout_terms: 10 rules
DEBUG  Schema validation passed for full_checkout_context
DEBUG  JSONLogic condition evaluated to: True
DEBUG Stored execution record: exec_1769097320_289a7541
DEBUG  Schema validation passed for full_checkout_context
DEBUG  JSONLogic condition evaluated to: True
DEBUG Stored execution record: exec_1769097320_92f0b102
DEBUG  Schema validation passed for full_checkout_context
DEBUG  JSONLogic condition evaluated to: True
DEBUG Stored execution record: exec_1769097320_a3959723
DEBUG  Schema validation passed for full_checkout_context
DEBUG  JSONLogic condition evaluated to: True
DEBUG Stored execution record: exec_1769097320_00edec4f
DEBUG  Schema validation passed for full_checkout_context
DEBUG  JSONLogic condition evaluated to: True
DEBUG Stored execution record: exec_1769097320_6bdc6bd5
DEBUG  Schema validation passed for full_checkout_context
DEBUG  JSONLogic condition evaluated to: True
DEBUG Stored execution record: exec_1769097320_911ebf81
DEBUG  Schema validation passed for full_checkout_context
DEBUG  JSONLogic condition evaluated to: True
DEBUG Stored execution record: exec_1769097320_85dc83f4
DEBUG  Schema validation passed for full_checkout_context
DEBUG  JSONLogic condition evaluated to: True
DEBUG Stored execution record: exec_1769097320_7a050aa6
DEBUG  Schema validation passed for full_checkout_context
DEBUG  JSONLogic condition evaluated to: True
DEBUG Stored execution record: exec_1769097320_10dcceca
DEBUG  Schema validation passed for full_checkout_context
DEBUG  JSONLogic condition evaluated to: True
DEBUG Stored execution record: exec_1769097320_b09d26f1
DEBUG Cache hit for rules:checkout_terms: 10 rules
DEBUG  Schema validation passed for full_checkout_context
DEBUG  JSONLogic condition evaluated to: True
DEBUG Stored execution record: exec_1769097320_339b9f87
DEBUG  Schema validation passed for full_checkout_context
DEBUG  JSONLogic condition evaluated to: True
DEBUG Stored execution record: exec_1769097320_afe556e8
DEBUG  Schema validation passed for full_checkout_context
DEBUG  JSONLogic condition evaluated to: True
DEBUG Stored execution record: exec_1769097320_bfa30554
DEBUG  Schema validation passed for full_checkout_context
DEBUG  JSONLogic condition evaluated to: True
DEBUG Stored execution record: exec_1769097320_19fd0f46
DEBUG  Schema validation passed for full_checkout_context
DEBUG  JSONLogic condition evaluated to: True
DEBUG Stored execution record: exec_1769097320_b15f98c8
DEBUG  Schema validation passed for full_checkout_context
DEBUG  JSONLogic condition evaluated to: True
DEBUG Stored execution record: exec_1769097320_3c70a76d
DEBUG  Schema validation passed for full_checkout_context
DEBUG  JSONLogic condition evaluated to: True
DEBUG Stored execution record: exec_1769097320_835f125d
DEBUG  Schema validation passed for full_checkout_context
DEBUG  JSONLogic condition evaluated to: True
DEBUG Stored execution record: exec_1769097320_eec4c34f
DEBUG  Schema validation passed for full_checkout_context
DEBUG  JSONLogic condition evaluated to: True
DEBUG Stored execution record: exec_1769097320_dd2dca5f
DEBUG  Schema validation passed for full_checkout_context
DEBUG  JSONLogic condition evaluated to: True
DEBUG Stored execution record: exec_1769097320_747f860a
DEBUG Cache hit for rules:checkout_terms: 10 rules
DEBUG  Schema validation passed for full_checkout_context
DEBUG  JSONLogic condition evaluated to: True
DEBUG Stored execution record: exec_1769097320_544a2dc5
DEBUG  Schema validation passed for full_checkout_context
DEBUG  JSONLogic condition evaluated to: True
DEBUG Stored execution record: exec_1769097320_93751a96
DEBUG  Schema validation passed for full_checkout_context
DEBUG  JSONLogic condition evaluated to: True
DEBUG Stored execution record: exec_1769097320_9d17f4ef
DEBUG  Schema validation passed for full_checkout_context
DEBUG  JSONLogic condition evaluated to: True
DEBUG Stored execution record: exec_1769097320_448f7ff8
DEBUG  Schema validation passed for full_checkout_context
DEBUG  JSONLogic condition evaluated to: True
DEBUG Stored execution record: exec_1769097320_fb3cc248
DEBUG  Schema validation passed for full_checkout_context
DEBUG  JSONLogic condition evaluated to: True
DEBUG Stored execution record: exec_1769097320_95993a43
DEBUG  Schema validation passed for full_checkout_context
DEBUG  JSONLogic condition evaluated to: True
DEBUG Stored execution record: exec_1769097320_edac3cc0
DEBUG  Schema validation passed for full_checkout_context
DEBUG  JSONLogic condition evaluated to: True
DEBUG Stored execution record: exec_1769097320_5629cb94
DEBUG  Schema validation passed for full_checkout_context
DEBUG  JSONLogic condition evaluated to: True
DEBUG Stored execution record: exec_1769097320_8b9937cb
DEBUG  Schema validation passed for full_checkout_context
DEBUG  JSONLogic condition evaluated to: True
DEBUG Stored execution record: exec_1769097320_21792f8c
DEBUG Cache hit for rules:checkout_terms: 10 rules
DEBUG  Schema validation passed for full_checkout_context
DEBUG  JSONLogic condition evaluated to: True
DEBUG Stored execution record: exec_1769097320_41cb5655
DEBUG  Schema validation passed for full_checkout_context
DEBUG  JSONLogic condition evaluated to: True
DEBUG Stored execution record: exec_1769097320_64013de6
DEBUG  Schema validation passed for full_checkout_context
DEBUG  JSONLogic condition evaluated to: True
DEBUG Stored execution record: exec_1769097320_48a5ac90
DEBUG  Schema validation passed for full_checkout_context
DEBUG  JSONLogic condition evaluated to: True
DEBUG Stored execution record: exec_1769097320_8b5e2eca
DEBUG  Schema validation passed for full_checkout_context
DEBUG  JSONLogic condition evaluated to: True
DEBUG Stored execution record: exec_1769097320_0150d544
DEBUG  Schema validation passed for full_checkout_context
DEBUG  JSONLogic condition evaluated to: True
DEBUG Stored execution record: exec_1769097320_3ae75cbc
DEBUG  Schema validation passed for full_checkout_context
DEBUG  JSONLogic condition evaluated to: True
DEBUG Stored execution record: exec_1769097320_07637c62
DEBUG  Schema validation passed for full_checkout_context
DEBUG  JSONLogic condition evaluated to: True
DEBUG Stored execution record: exec_1769097320_46725f06
DEBUG  Schema validation passed for full_checkout_context
DEBUG  JSONLogic condition evaluated to: True
DEBUG Stored execution record: exec_1769097320_32159c8a
DEBUG  Schema validation passed for full_checkout_context
DEBUG  JSONLogic condition evaluated to: True
DEBUG Stored execution record: exec_1769097320_0f85f0a8
DEBUG Cache hit for rules:checkout_terms: 10 rules
DEBUG  Schema validation passed for full_checkout_context
DEBUG  JSONLogic condition evaluated to: True
DEBUG Stored execution record: exec_1769097320_63946a6e
DEBUG  Schema validation passed for full_checkout_context
DEBUG  JSONLogic condition evaluated to: True
DEBUG Stored execution record: exec_1769097320_b1639c53
DEBUG  Schema validation passed for full_checkout_context
DEBUG  JSONLogic condition evaluated to: True
DEBUG Stored execution record: exec_1769097320_16351c99
DEBUG  Schema validation passed for full_checkout_context
DEBUG  JSONLogic condition evaluated to: True
DEBUG Stored execution record: exec_1769097320_dbbfa884
DEBUG  Schema validation passed for full_checkout_context
DEBUG  JSONLogic condition evaluated to: True
DEBUG Stored execution record: exec_1769097320_d96599bd
DEBUG  Schema validation passed for full_checkout_context
DEBUG  JSONLogic condition evaluated to: True
DEBUG Stored execution record: exec_1769097320_9b0a9aa7
DEBUG  Schema validation passed for full_checkout_context
DEBUG  JSONLogic condition evaluated to: True
DEBUG Stored execution record: exec_1769097320_bf3deae4
DEBUG  Schema validation passed for full_checkout_context
DEBUG  JSONLogic condition evaluated to: True
DEBUG Stored execution record: exec_1769097320_fc356381
DEBUG  Schema validation passed for full_checkout_context
DEBUG  JSONLogic condition evaluated to: True
DEBUG Stored execution record: exec_1769097320_8718f1e5
DEBUG  Schema validation passed for full_checkout_context
DEBUG  JSONLogic condition evaluated to: True
DEBUG Stored execution record: exec_1769097320_93c6f24e
DEBUG Cache hit for rules:checkout_terms: 10 rules
DEBUG  Schema validation passed for full_checkout_context
DEBUG  JSONLogic condition evaluated to: True
DEBUG Stored execution record: exec_1769097320_062f4825
DEBUG  Schema validation passed for full_checkout_context
DEBUG  JSONLogic condition evaluated to: True
DEBUG Stored execution record: exec_1769097320_d1731334
DEBUG  Schema validation passed for full_checkout_context
DEBUG  JSONLogic condition evaluated to: True
DEBUG Stored execution record: exec_1769097320_d2f5b194
DEBUG  Schema validation passed for full_checkout_context
DEBUG  JSONLogic condition evaluated to: True
DEBUG Stored execution record: exec_1769097320_4d3cf0c8
DEBUG  Schema validation passed for full_checkout_context
DEBUG  JSONLogic condition evaluated to: True
DEBUG Stored execution record: exec_1769097320_4f9b054d
DEBUG  Schema validation passed for full_checkout_context
DEBUG  JSONLogic condition evaluated to: True
DEBUG Stored execution record: exec_1769097320_1d7e5b3e
DEBUG  Schema validation passed for full_checkout_context
DEBUG  JSONLogic condition evaluated to: True
DEBUG Stored execution record: exec_1769097320_9cbcd950
DEBUG  Schema validation passed for full_checkout_context
DEBUG  JSONLogic condition evaluated to: True
DEBUG Stored execution record: exec_1769097320_03651bc9
DEBUG  Schema validation passed for full_checkout_context
DEBUG  JSONLogic condition evaluated to: True
DEBUG Stored execution record: exec_1769097320_025f8dfa
DEBUG  Schema validation passed for full_checkout_context
DEBUG  JSONLogic condition evaluated to: True
DEBUG Stored execution record: exec_1769097320_7428d141
DEBUG Cache hit for rules:checkout_terms: 10 rules
DEBUG  Schema validation passed for full_checkout_context
DEBUG  JSONLogic condition evaluated to: True
DEBUG Stored execution record: exec_1769097320_62c8afc0
DEBUG  Schema validation passed for full_checkout_context
DEBUG  JSONLogic condition evaluated to: True
DEBUG Stored execution record: exec_1769097320_61c625be
DEBUG  Schema validation passed for full_checkout_context
DEBUG  JSONLogic condition evaluated to: True
DEBUG Stored execution record: exec_1769097320_316d12d7
DEBUG  Schema validation passed for full_checkout_context
DEBUG  JSONLogic condition evaluated to: True
DEBUG Stored execution record: exec_1769097320_2ced6762
DEBUG  Schema validation passed for full_checkout_context
DEBUG  JSONLogic condition evaluated to: True
DEBUG Stored execution record: exec_1769097320_0261e5a4
DEBUG  Schema validation passed for full_checkout_context
DEBUG  JSONLogic condition evaluated to: True
DEBUG Stored execution record: exec_1769097320_546fb447
DEBUG  Schema validation passed for full_checkout_context
DEBUG  JSONLogic condition evaluated to: True
DEBUG Stored execution record: exec_1769097320_7940226f
DEBUG  Schema validation passed for full_checkout_context
DEBUG  JSONLogic condition evaluated to: True
DEBUG Stored execution record: exec_1769097320_2a1cf2a6
DEBUG  Schema validation passed for full_checkout_context
DEBUG  JSONLogic condition evaluated to: True
DEBUG Stored execution record: exec_1769097320_662cd945
DEBUG  Schema validation passed for full_checkout_context
DEBUG  JSONLogic condition evaluated to: True
DEBUG Stored execution record: exec_1769097320_87743d51
DEBUG Cache hit for rules:checkout_terms: 10 rules
DEBUG  Schema validation passed for full_checkout_context
DEBUG  JSONLogic condition evaluated to: True
DEBUG Stored execution record: exec_1769097320_5a5838ca
DEBUG  Schema validation passed for full_checkout_context
DEBUG  JSONLogic condition evaluated to: True
DEBUG Stored execution record: exec_1769097320_20abcdf3
DEBUG  Schema validation passed for full_checkout_context
DEBUG  JSONLogic condition evaluated to: True
DEBUG Stored execution record: exec_1769097320_2902564b
DEBUG  Schema validation passed for full_checkout_context
DEBUG  JSONLogic condition evaluated to: True
DEBUG Stored execution record: exec_1769097320_962e01f3
DEBUG  Schema validation passed for full_checkout_context
DEBUG  JSONLogic condition evaluated to: True
DEBUG Stored execution record: exec_1769097320_3a74b210
DEBUG  Schema validation passed for full_checkout_context
DEBUG  JSONLogic condition evaluated to: True
DEBUG Stored execution record: exec_1769097320_a3f0462e
DEBUG  Schema validation passed for full_checkout_context
DEBUG  JSONLogic condition evaluated to: True
DEBUG Stored execution record: exec_1769097320_1440f04e
DEBUG  Schema validation passed for full_checkout_context
DEBUG  JSONLogic condition evaluated to: True
DEBUG Stored execution record: exec_1769097320_f2b5b111
DEBUG  Schema validation passed for full_checkout_context
DEBUG  JSONLogic condition evaluated to: True
DEBUG Stored execution record: exec_1769097320_d228252c
DEBUG  Schema validation passed for full_checkout_context
DEBUG  JSONLogic condition evaluated to: True
DEBUG Stored execution record: exec_1769097320_be4c11dc
DEBUG Cache hit for rules:checkout_terms: 10 rules
DEBUG  Schema validation passed for full_checkout_context
DEBUG  JSONLogic condition evaluated to: True
DEBUG Stored execution record: exec_1769097320_8ba1093f
DEBUG  Schema validation passed for full_checkout_context
DEBUG  JSONLogic condition evaluated to: True
DEBUG Stored execution record: exec_1769097320_503fd8a6
DEBUG  Schema validation passed for full_checkout_context
DEBUG  JSONLogic condition evaluated to: True
DEBUG Stored execution record: exec_1769097320_4f978032
DEBUG  Schema validation passed for full_checkout_context
DEBUG  JSONLogic condition evaluated to: True
DEBUG Stored execution record: exec_1769097320_7f152448
DEBUG  Schema validation passed for full_checkout_context
DEBUG  JSONLogic condition evaluated to: True
DEBUG Stored execution record: exec_1769097321_0d24653c
DEBUG  Schema validation passed for full_checkout_context
DEBUG  JSONLogic condition evaluated to: True
DEBUG Stored execution record: exec_1769097321_a2254944
DEBUG  Schema validation passed for full_checkout_context
DEBUG  JSONLogic condition evaluated to: True
DEBUG Stored execution record: exec_1769097321_83c935c2
DEBUG  Schema validation passed for full_checkout_context
DEBUG  JSONLogic condition evaluated to: True
DEBUG Stored execution record: exec_1769097321_5dd9539c
DEBUG  Schema validation passed for full_checkout_context
DEBUG  JSONLogic condition evaluated to: True
DEBUG Stored execution record: exec_1769097321_310cb3d8
DEBUG  Schema validation passed for full_checkout_context
DEBUG  JSONLogic condition evaluated to: True
DEBUG Stored execution record: exec_1769097321_acd2bb5c
.sDEBUG Rule bulk_rule_0 created, invalidating cache for home_page_mount
INFO Invalidated rules cache for entry point: home_page_mount (key: rules:home_page_mount)
DEBUG Rule bulk_rule_1 created, invalidating cache for home_page_mount
INFO Invalidated rules cache for entry point: home_page_mount (key: rules:home_page_mount)
DEBUG Rule bulk_rule_2 created, invalidating cache for home_page_mount
INFO Invalidated rules cache for entry point: home_page_mount (key: rules:home_page_mount)
DEBUG Rule bulk_rule_3 created, invalidating cache for home_page_mount
INFO Invalidated rules cache for entry point: home_page_mount (key: rules:home_page_mount)
DEBUG Rule bulk_rule_4 created, invalidating cache for home_page_mount
INFO Invalidated rules cache for entry point: home_page_mount (key: rules:home_page_mount)
DEBUG Rule bulk_rule_5 created, invalidating cache for home_page_mount
INFO Invalidated rules cache for entry point: home_page_mount (key: rules:home_page_mount)
DEBUG Rule bulk_rule_6 created, invalidating cache for home_page_mount
INFO Invalidated rules cache for entry point: home_page_mount (key: rules:home_page_mount)
DEBUG Rule bulk_rule_7 created, invalidating cache for home_page_mount
INFO Invalidated rules cache for entry point: home_page_mount (key: rules:home_page_mount)
DEBUG Rule bulk_rule_8 created, invalidating cache for home_page_mount
INFO Invalidated rules cache for entry point: home_page_mount (key: rules:home_page_mount)
DEBUG Rule bulk_rule_9 created, invalidating cache for home_page_mount
INFO Invalidated rules cache for entry point: home_page_mount (key: rules:home_page_mount)
....DEBUG Rule nested_test_rule created, invalidating cache for checkout_terms
INFO Invalidated rules cache for entry point: checkout_terms (key: rules:checkout_terms)
.sDEBUG Rule test_full_rule created, invalidating cache for checkout_terms
INFO Invalidated rules cache for entry point: checkout_terms (key: rules:checkout_terms)
.DEBUG Rule terms_ack_required created, invalidating cache for checkout_terms
INFO Invalidated rules cache for entry point: checkout_terms (key: rules:checkout_terms)
WARNING Bad Request: /api/rules/acknowledge/
DEBUG Cache miss for rules:checkout_terms
DEBUG Cached 1 rules for checkout_terms
DEBUG  Schema validation passed for checkout_context_v1
DEBUG  JSONLogic condition evaluated to: True
ERROR  Error processing rule 'terms_ack_required': 'bool' object has no attribute 'get'
DEBUG Stored execution record: exec_1769097321_5dfa88b0
.DEBUG Rule terms_ack_required created, invalidating cache for checkout_terms
INFO Invalidated rules cache for entry point: checkout_terms (key: rules:checkout_terms)
DEBUG Cache miss for rules:checkout_terms
DEBUG Cached 1 rules for checkout_terms
DEBUG  Schema validation passed for checkout_context_v1
DEBUG  JSONLogic condition evaluated to: True
DEBUG Stored execution record: exec_1769097321_1287d6c3
.DEBUG Rule delete_test_rule created, invalidating cache for checkout_terms
INFO Invalidated rules cache for entry point: checkout_terms (key: rules:checkout_terms)
DEBUG Rule delete_test_rule updated, invalidating cache for checkout_terms
INFO Invalidated rules cache for entry point: checkout_terms (key: rules:checkout_terms)
.DEBUG Rule marking_deadline_rule created, invalidating cache for checkout_terms
INFO Invalidated rules cache for entry point: checkout_terms (key: rules:checkout_terms)
DEBUG Cache miss for rules:checkout_terms
DEBUG Cached 1 rules for checkout_terms
DEBUG  Schema validation passed for checkout_context_v1
DEBUG  JSONLogic condition evaluated to: False
DEBUG   Rule 'marking_deadline_rule' condition not matched
.DEBUG Rule checkout_rule_1 created, invalidating cache for checkout_terms
INFO Invalidated rules cache for entry point: checkout_terms (key: rules:checkout_terms)
DEBUG Rule checkout_rule_2 created, invalidating cache for checkout_terms
INFO Invalidated rules cache for entry point: checkout_terms (key: rules:checkout_terms)
DEBUG Rule home_rule_1 created, invalidating cache for home_page_mount
INFO Invalidated rules cache for entry point: home_page_mount (key: rules:home_page_mount)
.DEBUG Rule pagination_rule_0 created, invalidating cache for checkout_terms
INFO Invalidated rules cache for entry point: checkout_terms (key: rules:checkout_terms)
DEBUG Rule pagination_rule_1 created, invalidating cache for checkout_terms
INFO Invalidated rules cache for entry point: checkout_terms (key: rules:checkout_terms)
DEBUG Rule pagination_rule_2 created, invalidating cache for checkout_terms
INFO Invalidated rules cache for entry point: checkout_terms (key: rules:checkout_terms)
DEBUG Rule pagination_rule_3 created, invalidating cache for checkout_terms
INFO Invalidated rules cache for entry point: checkout_terms (key: rules:checkout_terms)
DEBUG Rule pagination_rule_4 created, invalidating cache for checkout_terms
INFO Invalidated rules cache for entry point: checkout_terms (key: rules:checkout_terms)
DEBUG Rule pagination_rule_5 created, invalidating cache for checkout_terms
INFO Invalidated rules cache for entry point: checkout_terms (key: rules:checkout_terms)
DEBUG Rule pagination_rule_6 created, invalidating cache for checkout_terms
INFO Invalidated rules cache for entry point: checkout_terms (key: rules:checkout_terms)
DEBUG Rule pagination_rule_7 created, invalidating cache for checkout_terms
INFO Invalidated rules cache for entry point: checkout_terms (key: rules:checkout_terms)
DEBUG Rule pagination_rule_8 created, invalidating cache for checkout_terms
INFO Invalidated rules cache for entry point: checkout_terms (key: rules:checkout_terms)
DEBUG Rule pagination_rule_9 created, invalidating cache for checkout_terms
INFO Invalidated rules cache for entry point: checkout_terms (key: rules:checkout_terms)
DEBUG Rule pagination_rule_10 created, invalidating cache for checkout_terms
INFO Invalidated rules cache for entry point: checkout_terms (key: rules:checkout_terms)
DEBUG Rule pagination_rule_11 created, invalidating cache for checkout_terms
INFO Invalidated rules cache for entry point: checkout_terms (key: rules:checkout_terms)
DEBUG Rule pagination_rule_12 created, invalidating cache for checkout_terms
INFO Invalidated rules cache for entry point: checkout_terms (key: rules:checkout_terms)
DEBUG Rule pagination_rule_13 created, invalidating cache for checkout_terms
INFO Invalidated rules cache for entry point: checkout_terms (key: rules:checkout_terms)
DEBUG Rule pagination_rule_14 created, invalidating cache for checkout_terms
INFO Invalidated rules cache for entry point: checkout_terms (key: rules:checkout_terms)
DEBUG Rule pagination_rule_15 created, invalidating cache for checkout_terms
INFO Invalidated rules cache for entry point: checkout_terms (key: rules:checkout_terms)
DEBUG Rule pagination_rule_16 created, invalidating cache for checkout_terms
INFO Invalidated rules cache for entry point: checkout_terms (key: rules:checkout_terms)
DEBUG Rule pagination_rule_17 created, invalidating cache for checkout_terms
INFO Invalidated rules cache for entry point: checkout_terms (key: rules:checkout_terms)
DEBUG Rule pagination_rule_18 created, invalidating cache for checkout_terms
INFO Invalidated rules cache for entry point: checkout_terms (key: rules:checkout_terms)
DEBUG Rule pagination_rule_19 created, invalidating cache for checkout_terms
INFO Invalidated rules cache for entry point: checkout_terms (key: rules:checkout_terms)
DEBUG Rule pagination_rule_20 created, invalidating cache for checkout_terms
INFO Invalidated rules cache for entry point: checkout_terms (key: rules:checkout_terms)
DEBUG Rule pagination_rule_21 created, invalidating cache for checkout_terms
INFO Invalidated rules cache for entry point: checkout_terms (key: rules:checkout_terms)
DEBUG Rule pagination_rule_22 created, invalidating cache for checkout_terms
INFO Invalidated rules cache for entry point: checkout_terms (key: rules:checkout_terms)
DEBUG Rule pagination_rule_23 created, invalidating cache for checkout_terms
INFO Invalidated rules cache for entry point: checkout_terms (key: rules:checkout_terms)
DEBUG Rule pagination_rule_24 created, invalidating cache for checkout_terms
INFO Invalidated rules cache for entry point: checkout_terms (key: rules:checkout_terms)
.DEBUG Rule new_checkout_rule created, invalidating cache for checkout_terms
INFO Invalidated rules cache for entry point: checkout_terms (key: rules:checkout_terms)
.WARNING Bad Request: /api/rules/create/
WARNING Bad Request: /api/rules/create/
.DEBUG Rule logged_rule created, invalidating cache for checkout_terms
INFO Invalidated rules cache for entry point: checkout_terms (key: rules:checkout_terms)
DEBUG Cache miss for rules:checkout_terms
DEBUG Cached 1 rules for checkout_terms
DEBUG  Schema validation passed for checkout_context_v1
DEBUG  JSONLogic condition evaluated to: False
DEBUG   Rule 'logged_rule' condition not matched
.DEBUG Rule update_test_rule created, invalidating cache for checkout_terms
INFO Invalidated rules cache for entry point: checkout_terms (key: rules:checkout_terms)
DEBUG Rule update_test_rule updated, invalidating cache for checkout_terms
INFO Invalidated rules cache for entry point: checkout_terms (key: rules:checkout_terms)
.sDEBUG Cache miss for rules:checkout_start
DEBUG Cached 0 rules for checkout_start
.DEBUG Cache hit for rules:checkout_start: 0 rules
....WARNING Bad Request: /api/rules/engine/calculate-vat/
.WARNING Country not found: XX
.WARNING Method Not Allowed: /api/rules/engine/calculate-vat/
.WARNING Bad Request: /api/rules/engine/calculate-vat/
.WARNING Bad Request: /api/rules/engine/calculate-vat/
................WARNING No region mapping found for country: XX
....WARNING Country not found: UNKNOWN
.......WARNING Country not found: UNKNOWN
..ssssINFO VAT calculated for GB: 20.00
.WARNING Country not found: XX
INFO VAT calculated for XX: 0.00
..INFO VAT calculated for GB: 26.00
.INFO VAT calculated for US: 0.00
.INFO VAT calculated for GB: 20.00
..............................WARNING Not Found: /api/store/bundles/99999/products/
.......WARNING Not Found: /api/store/bundles/4/
./Users/work/Documents/Code/Admin3/.venv/lib/python3.13/site-packages/rest_framework/pagination.py:207: UnorderedObjectListWarning: Pagination may yield inconsistent results with an unordered object_list: <class 'store.models.price.Price'> QuerySet.
  paginator = self.django_paginator_class(queryset, page_size)
..WARNING Not Found: /api/store/prices/99999/
...WARNING Not Found: /api/store/products/29/
........WARNING Not Found: /api/store/products/28/
..WARNING Method Not Allowed: /api/store/bundles/
.WARNING Method Not Allowed: /api/store/prices/
.WARNING Method Not Allowed: /api/store/products/30/
.WARNING Method Not Allowed: /api/store/products/
.WARNING Method Not Allowed: /api/store/products/30/
...WARNING Unauthorized: /api/auth/login/
......................................................WARNING Bad Request: /api/tutorials/events/
.WARNING Bad Request: /api/tutorials/events/
......WARNING Not Found: /api/tutorials/events/999999/
..........WARNING Bad Request: /api/tutorials/products/
.WARNING Bad Request: /api/tutorials/products/
..............................................ERROR Error creating user: Database error
ERROR Internal Server Error: /api/users/
.ERROR Error sending activation email: Email service unavailable
.ERROR Error fetching user profile: 'UserProfile' instance needs to have a primary key value before this relationship can be used.
ERROR Internal Server Error: /api/users/profile/
.ERROR Error updating user profile: Database transaction failed
ERROR Internal Server Error: /api/users/update_profile/
..WARNING Unauthorized: /api/users/profile/
....WARNING Bad Request: /api/users/update_profile/
..WARNING Unauthorized: /api/users/update_profile/
.ERROR Error sending email verification: SMTP connection failed
.ERROR Failed to send email verification to newemail@example.com
....WARNING Bad Request: /api/users/
.WARNING Failed to send account activation email to emailfail@example.com
.WARNING Bad Request: /api/users/
..WARNING No template configuration found for account_activation, using defaults
ERROR Failed to queue email: null value in column "reply_to_email" of relation "utils_email_queue" violates not-null constraint
DETAIL:  Failing row contains (3, daf3b84d-a5b2-4190-aab7-1cd3d30646a6, ["anonymous@example.com"], [], [], "ActEd Sales" <eugene.lo1030@gmail.com>, null, Activate Your ActEd Account, {"user": {"id": 528, "email": "anonymous@example.com", "username..., , , high, pending, 2026-01-22 15:55:57.252978+00, 2026-01-22 15:55:57.253041+00, null, 0, 3, null, null, null, , {}, 2026-01-22 15:55:57.253152+00, 2026-01-22 15:55:57.253154+00, [], 528, null).

ERROR Failed to queue email: Failed to queue email: null value in column "reply_to_email" of relation "utils_email_queue" violates not-null constraint
DETAIL:  Failing row contains (3, daf3b84d-a5b2-4190-aab7-1cd3d30646a6, ["anonymous@example.com"], [], [], "ActEd Sales" <eugene.lo1030@gmail.com>, null, Activate Your ActEd Account, {"user": {"id": 528, "email": "anonymous@example.com", "username..., , , high, pending, 2026-01-22 15:55:57.252978+00, 2026-01-22 15:55:57.253041+00, null, 0, 3, null, null, null, , {}, 2026-01-22 15:55:57.253152+00, 2026-01-22 15:55:57.253154+00, [], 528, null).

WARNING Failed to get placeholders for template account_activation: EmailTemplate matching query does not exist.
INFO Email BCC monitoring enabled. BCC recipients: ['eugene.lo1030@gmail.com', 'eugenelo@bpp.com']
.WARNING Unauthorized: /api/users/529/
.WARNING Unauthorized: /api/users/
./Users/work/Documents/Code/Admin3/.venv/lib/python3.13/site-packages/rest_framework/pagination.py:207: UnorderedObjectListWarning: Pagination may yield inconsistent results with an unordered object_list: <class 'django.contrib.auth.models.User'> QuerySet.
  paginator = self.django_paginator_class(queryset, page_size)
.WARNING Unauthorized: /api/users/532/
.WARNING Unauthorized: /api/users/533/
..s.....sExported 1 orders to ORDERS.DBF
Exported 1 order items to ORDRITMS.DBF
Exported 1 users to USERS.DBF
Exported 1 profiles to PROFILES.DBF
Export completed
Exported 1 orders to ORDERS.DBF
Exported 1 order items to ORDRITMS.DBF
Exported 1 users to USERS.DBF
Exported 1 profiles to PROFILES.DBF
Export completed
Exported 1 orders to ORDERS.DBF
Exported 1 order items to ORDRITMS.DBF
Exported 1 users to USERS.DBF
Exported 1 profiles to PROFILES.DBF
Export completed
Exported 1 orders to ORDERS.DBF
Exported 1 order items to ORDRITMS.DBF
Exported 1 users to USERS.DBF
Exported 1 profiles to PROFILES.DBF
Export completed
Exported 1 orders to ORDERS.DBF
Exported 1 order items to ORDRITMS.DBF
Exported 1 users to USERS.DBF
Exported 1 profiles to PROFILES.DBF
Export completed
Exported 1 orders to ORDERS.DBF
Exported 1 order items to ORDRITMS.DBF
Exported 1 users to USERS.DBF
Exported 1 profiles to PROFILES.DBF
Export completed
Exported 1 orders to ORDERS.DBF
Exported 1 order items to ORDRITMS.DBF
Exported 2 users to USERS.DBF
Exported 2 profiles to PROFILES.DBF
Export completed
Exported 1 orders to ORDERS.DBF
Exported 1 order items to ORDRITMS.DBF
Exported 1 users to USERS.DBF
Exported 1 profiles to PROFILES.DBF
Export completed
INFO Cached addresses for postcode SW1A1AA (expires: 2026-02-05)
.ERROR Error caching addresses for postcode SW1A1AA: Database error
.INFO Cached addresses for postcode SW1A1AA (expires: 2026-01-29)
.INFO Cached addresses for postcode SW1A1AA (expires: 2026-01-29)
.INFO Cached addresses for postcode SW1A1AA (expires: 2026-01-29)
.INFO Cached addresses for postcode SW1A1AA (expires: 2026-01-29)
.INFO Cached addresses for postcode SW1A1AA (expires: 2026-01-29)
.INFO Cache MISS for postcode SW1A1AA
INFO Cached addresses for postcode SW1A1AA (expires: 2026-01-29)
INFO Cache HIT for postcode SW1A1AA (hits: 2)
INFO Cache MISS for postcode SW1A1AA
..INFO Cleaned up 2 expired cache entries
.INFO Cleaned up 0 expired cache entries
.ERROR Error cleaning up expired cache: Database error
.INFO Cleaned up 0 expired cache entries
..ERROR Error getting cache stats: Database error
..INFO Cache MISS for postcode SW1A1AA
.ERROR Error retrieving from cache for postcode SW1A1AA: Database error
.INFO Cache HIT for postcode SW1A1AA (hits: 2)
.INFO Cache HIT for postcode SW1A1AA (hits: 2)
.INFO Cache MISS for postcode SW1A1AA
.INFO Cache HIT for postcode SW1A1AA (hits: 2)
INFO Cache HIT for postcode SW1A1AA (hits: 3)
INFO Cache HIT for postcode SW1A1AA (hits: 4)
.INFO Cache HIT for postcode SW1A1AA (hits: 2)
.INFO Invalidated 1 cache entries for postcode SW1A1AA
.INFO Invalidated 3 cache entries for postcode SW1A1AA
.ERROR Error invalidating cache for postcode SW1A1AA: Database error
.INFO Invalidated 0 cache entries for postcode NONEXISTENT
.ERROR Error checking cache validity for postcode SW1A1AA: Database error
....INFO Cached addresses for postcode SW1A1AA (expires: 2026-01-29)
INFO Cached addresses for postcode OX449EL (expires: 2026-01-29)
INFO Cached addresses for postcode M13NQ (expires: 2026-01-29)
INFO Cache HIT for postcode SW1A1AA (hits: 2)
INFO Cache HIT for postcode OX449EL (hits: 2)
INFO Cache HIT for postcode M13NQ (hits: 2)
.INFO [POSTCODER] SUCCESS (API) SW1A1AA: 5 addresses in 300ms
INFO [POSTCODER] SUCCESS (cached) SW1A1AA: 5 addresses in 50ms
INFO [POSTCODER] FAILED (API) INVALID: 0 addresses in 5000ms
.......ERROR Error getting lookup stats: Database error
..INFO [POSTCODER] FAILED (API) SW1A1AA: 0 addresses in 5000ms
.INFO [POSTCODER] FAILED (API) SW1A1AA: 0 addresses in 5000ms
.INFO [POSTCODER] FAILED (API) SW1A1AA: 0 addresses in 5000ms
.INFO [POSTCODER] FAILED (API) SW1A1AA: 0 addresses in 5000ms
.INFO [POSTCODER] SUCCESS (cached) SW1A1AA: 3 addresses in 50ms
.INFO [POSTCODER] SUCCESS (API) SW1A1AA: 3 addresses in 300ms
.INFO [GETADDRESS] SUCCESS (API) SW1A1AA: 5 addresses in 250ms
.INFO [POSTCODER] SUCCESS (API) SW1A1AA: 5 addresses in 250ms
.INFO [POSTCODER] SUCCESS (API) SW1A1AA: 5 addresses in 250ms
.ERROR Failed to log address lookup for SW1A1AA: Database error
..INFO [POSTCODER] SUCCESS (API) SW1A1AA: 5 addresses in 250ms
.INFO [POSTCODER] FAILED (API) SW1A1AA: 0 addresses in 5000ms
.INFO [POSTCODER] SUCCESS (cached) SW1A1AA: 3 addresses in 100ms
.INFO [POSTCODER] SUCCESS (API) SW1A1AA: 5 addresses in 250ms
.INFO [POSTCODER] SUCCESS (API) SW1A1AA: 5 addresses in 250ms
.INFO [POSTCODER] SUCCESS (API) POST1: 5 addresses in 250ms
INFO [GETADDRESS] SUCCESS (API) GET1: 4 addresses in 350ms
.INFO Calling Postcoder API for GB postcode: SW1A1AA
ERROR Postcoder API request failed for GB postcode SW1A1AA: API error
ERROR Lookup failed: API error
.INFO Calling Postcoder API for GB postcode: OX449EL
INFO Successfully retrieved 1 addresses for GB
WARNING Country code GB not found in UtilsCountrys, using code as fallback
.INFO Calling Postcoder API for GB postcode: SW1A1AA
INFO Successfully retrieved 1 addresses for GB
WARNING Country code GB not found in UtilsCountrys, using code as fallback
.INFO Calling Postcoder API for GB postcode: SW1A1AA
ERROR Postcoder API HTTP error for GB postcode SW1A1AA: 
.INFO Calling Postcoder API for GB postcode: SW1A1AA
ERROR Postcoder API error for GB: Invalid API key
ERROR Postcoder API request failed for GB postcode SW1A1AA: Postcoder API error: Invalid API key
.INFO Calling Postcoder API for GB postcode: SW1A1AA
INFO Successfully retrieved 0 addresses for GB
..INFO Calling Postcoder API for GB postcode: SW1A1AA
ERROR Postcoder API HTTP error for GB postcode SW1A1AA: 
.WARNING POSTCODER_API_KEY not configured
..INFO Calling Postcoder API for GB postcode: SW1A1AA
INFO Successfully retrieved 1 addresses for GB
.INFO Calling Postcoder API for GB postcode: SW1A1AA
ERROR Postcoder API timeout for GB postcode SW1A1AA: Request timed out
.INFO Retrieving full address details for ID: invalid_id
ERROR Postcoder Retrieve API error for GB: Invalid ID
ERROR ❌ Postcoder Retrieve API error for ID invalid_id: Postcoder API error: Invalid ID
..INFO Retrieving full address details for ID: test_id
INFO ✅ Retrieved address data: {'id': 'test_id', 'postcode': '12345', 'street': 'Main Street', 'posttown': 'New York'}
INFO ✅ Successfully retrieved full address for ID: test_id
.WARNING POSTCODER_API_KEY not configured
..INFO Retrieving full address details for ID: test_id_123
INFO ✅ Retrieved address data: {'id': 'test_id_123', 'postcode': 'SW1A1AA', 'summaryline': '10 Downing Street, Westminster, London', 'organisation': '', 'buildingname': '', 'number': '10', 'premise': '10', 'street': 'Downing Street', 'dependentlocality': 'Westminster', 'posttown': 'LONDON', 'county': 'Greater London', 'latitude': 51.503396, 'longitude': -0.127784}
INFO ✅ Successfully retrieved full address for ID: test_id_123
.INFO Retrieving full address details for ID: test_id
ERROR ❌ Postcoder Retrieve API timeout for ID test_id
....WARNING Country code GB not found in UtilsCountrys, using code as fallback
.WARNING Country code GB not found in UtilsCountrys, using code as fallback
.WARNING Country code GB not found in UtilsCountrys, using code as fallback
ERROR Error transforming address item: 'NoneType' object has no attribute 'get'
.WARNING Country code GB not found in UtilsCountrys, using code as fallback
.WARNING Country code GB not found in UtilsCountrys, using code as fallback
.WARNING Country code GB not found in UtilsCountrys, using code as fallback
WARNING Postcoder response is not a list (type=<class 'dict'>), returning empty addresses
WARNING Country code GB not found in UtilsCountrys, using code as fallback
WARNING Postcoder response is not a list (type=<class 'NoneType'>), returning empty addresses
WARNING Country code GB not found in UtilsCountrys, using code as fallback
WARNING Postcoder response is not a list (type=<class 'str'>), returning empty addresses
.WARNING Country code GB not found in UtilsCountrys, using code as fallback
.WARNING Country code GB not found in UtilsCountrys, using code as fallback
.WARNING Country code GB not found in UtilsCountrys, using code as fallback
.WARNING Country code GB not found in UtilsCountrys, using code as fallback
.WARNING Country code GB not found in UtilsCountrys, using code as fallback
..................ssss.ss.ssss..............sINFO 🔍 Address lookup request: query='SW1A1AA', postcode='SW1A1AA', country=GB
INFO 🔍 Calling Postcoder Autocomplete API (no cache for suggestions)
INFO Calling Postcoder Autocomplete Find API for GB
INFO [POSTCODER] FAILED (API) SW1A1AA: 0 addresses in 0ms
.ssssssssINFO 🔍 Address lookup request: query='SW1A1AA', postcode='SW1A1AA', country=GB
INFO 🔍 Calling Postcoder Autocomplete API (no cache for suggestions)
INFO Calling Postcoder Autocomplete Find API for GB
INFO ✅ Successfully retrieved 2 address suggestions for GB
WARNING Country code GB not found in UtilsCountrys
INFO ✅ Transformed 2 autocomplete suggestions
INFO [POSTCODER] SUCCESS (API) SW1A1AA: 2 addresses in 108ms
..sssINFO 🔍 Address lookup request: query='SW1A1AA', postcode='SW1A1AA', country=GB
INFO 🔍 Calling Postcoder Autocomplete API (no cache for suggestions)
INFO Calling Postcoder Autocomplete Find API for GB
INFO ✅ Successfully retrieved 1 address suggestions for GB
WARNING Country code GB not found in UtilsCountrys
INFO ✅ Transformed 1 autocomplete suggestions
INFO [POSTCODER] SUCCESS (API) SW1A1AA: 1 addresses in 157ms
.
  [OK] Cache miss response time: 163.33ms (target: <500ms)
INFO 🔍 Address lookup request: query='SW1A1AA', postcode='SW1A1AA', country=GB
INFO 🔍 Address lookup request: query='SW1A1AA', postcode='SW1A1AA', country=GB
INFO 🔍 Calling Postcoder Autocomplete API (no cache for suggestions)
INFO 🔍 Address lookup request: query='SW1A1AA', postcode='SW1A1AA', country=GB
INFO 🔍 Address lookup request: query='SW1A1AA', postcode='SW1A1AA', country=GB
INFO 🔍 Address lookup request: query='SW1A1AA', postcode='SW1A1AA', country=GB
INFO Calling Postcoder Autocomplete Find API for GB
INFO 🔍 Address lookup request: query='SW1A1AA', postcode='SW1A1AA', country=GB
INFO 🔍 Calling Postcoder Autocomplete API (no cache for suggestions)
INFO 🔍 Calling Postcoder Autocomplete API (no cache for suggestions)
INFO 🔍 Address lookup request: query='SW1A1AA', postcode='SW1A1AA', country=GB
INFO 🔍 Address lookup request: query='SW1A1AA', postcode='SW1A1AA', country=GB
INFO 🔍 Calling Postcoder Autocomplete API (no cache for suggestions)
INFO 🔍 Address lookup request: query='SW1A1AA', postcode='SW1A1AA', country=GB
INFO 🔍 Calling Postcoder Autocomplete API (no cache for suggestions)
INFO 🔍 Address lookup request: query='SW1A1AA', postcode='SW1A1AA', country=GB
INFO ✅ Successfully retrieved 1 address suggestions for GB
INFO 🔍 Calling Postcoder Autocomplete API (no cache for suggestions)
INFO Calling Postcoder Autocomplete Find API for GB
INFO Calling Postcoder Autocomplete Find API for GB
INFO 🔍 Calling Postcoder Autocomplete API (no cache for suggestions)
INFO 🔍 Calling Postcoder Autocomplete API (no cache for suggestions)
INFO Calling Postcoder Autocomplete Find API for GB
INFO 🔍 Calling Postcoder Autocomplete API (no cache for suggestions)
INFO Calling Postcoder Autocomplete Find API for GB
INFO 🔍 Calling Postcoder Autocomplete API (no cache for suggestions)
INFO Calling Postcoder Autocomplete Find API for GB
INFO ✅ Successfully retrieved 1 address suggestions for GB
INFO ✅ Successfully retrieved 1 address suggestions for GB
INFO Calling Postcoder Autocomplete Find API for GB
INFO Calling Postcoder Autocomplete Find API for GB
INFO ✅ Successfully retrieved 1 address suggestions for GB
INFO Calling Postcoder Autocomplete Find API for GB
INFO ✅ Successfully retrieved 1 address suggestions for GB
INFO Calling Postcoder Autocomplete Find API for GB
INFO ✅ Successfully retrieved 1 address suggestions for GB
INFO ✅ Successfully retrieved 1 address suggestions for GB
INFO ✅ Successfully retrieved 1 address suggestions for GB
INFO ✅ Successfully retrieved 1 address suggestions for GB
INFO ✅ Successfully retrieved 1 address suggestions for GB
WARNING Country code GB not found in UtilsCountrys
INFO ✅ Transformed 1 autocomplete suggestions
WARNING Country code GB not found in UtilsCountrys
INFO [POSTCODER] SUCCESS (API) SW1A1AA: 1 addresses in 28ms
INFO ✅ Transformed 1 autocomplete suggestions
INFO [POSTCODER] SUCCESS (API) SW1A1AA: 1 addresses in 33ms
WARNING Country code GB not found in UtilsCountrys
INFO ✅ Transformed 1 autocomplete suggestions
INFO [POSTCODER] SUCCESS (API) SW1A1AA: 1 addresses in 38ms
WARNING Country code GB not found in UtilsCountrys
INFO ✅ Transformed 1 autocomplete suggestions
INFO [POSTCODER] SUCCESS (API) SW1A1AA: 1 addresses in 43ms
WARNING Country code GB not found in UtilsCountrys
INFO ✅ Transformed 1 autocomplete suggestions
INFO [POSTCODER] SUCCESS (API) SW1A1AA: 1 addresses in 47ms
WARNING Country code GB not found in UtilsCountrys
INFO ✅ Transformed 1 autocomplete suggestions
WARNING Country code GB not found in UtilsCountrys
INFO ✅ Transformed 1 autocomplete suggestions
INFO [POSTCODER] SUCCESS (API) SW1A1AA: 1 addresses in 53ms
WARNING Country code GB not found in UtilsCountrys
INFO [POSTCODER] SUCCESS (API) SW1A1AA: 1 addresses in 56ms
INFO ✅ Transformed 1 autocomplete suggestions
INFO [POSTCODER] SUCCESS (API) SW1A1AA: 1 addresses in 60ms
WARNING Country code GB not found in UtilsCountrys
INFO ✅ Transformed 1 autocomplete suggestions
INFO [POSTCODER] SUCCESS (API) SW1A1AA: 1 addresses in 64ms
WARNING Country code GB not found in UtilsCountrys
INFO ✅ Transformed 1 autocomplete suggestions
INFO [POSTCODER] SUCCESS (API) SW1A1AA: 1 addresses in 68ms
..
  [OK] Concurrent requests performance:
    - Average: 53.63ms
    - Min: 33.14ms
    - Max: 72.67ms
    - Requests: 10

  ✓ Database query performance:
    - Query time: 1.74ms
    - Queries executed: 1
    - Total cache entries: 101
INFO 🔍 Address lookup request: query='SW1A1AA', postcode='SW1A1AA', country=GB
INFO 🔍 Calling Postcoder Autocomplete API (no cache for suggestions)
INFO Calling Postcoder Autocomplete Find API for GB
INFO ✅ Successfully retrieved 1 address suggestions for GB
WARNING Country code GB not found in UtilsCountrys
INFO ✅ Transformed 1 autocomplete suggestions
INFO [POSTCODER] SUCCESS (API) SW1A1AA: 1 addresses in 0ms
INFO 🔍 Address lookup request: query='EC1A1BB', postcode='EC1A1BB', country=GB
INFO 🔍 Calling Postcoder Autocomplete API (no cache for suggestions)
INFO Calling Postcoder Autocomplete Find API for GB
INFO ✅ Successfully retrieved 1 address suggestions for GB
WARNING Country code GB not found in UtilsCountrys
INFO ✅ Transformed 1 autocomplete suggestions
INFO [POSTCODER] SUCCESS (API) EC1A1BB: 1 addresses in 0ms
INFO 🔍 Address lookup request: query='OX449EL', postcode='OX449EL', country=GB
INFO 🔍 Calling Postcoder Autocomplete API (no cache for suggestions)
INFO Calling Postcoder Autocomplete Find API for GB
INFO ✅ Successfully retrieved 1 address suggestions for GB
WARNING Country code GB not found in UtilsCountrys
INFO ✅ Transformed 1 autocomplete suggestions
INFO [POSTCODER] SUCCESS (API) OX449EL: 1 addresses in 0ms
INFO 🔍 Address lookup request: query='M13NQ', postcode='M13NQ', country=GB
INFO 🔍 Calling Postcoder Autocomplete API (no cache for suggestions)
INFO Calling Postcoder Autocomplete Find API for GB
INFO ✅ Successfully retrieved 1 address suggestions for GB
WARNING Country code GB not found in UtilsCountrys
INFO ✅ Transformed 1 autocomplete suggestions
INFO [POSTCODER] SUCCESS (API) M13NQ: 1 addresses in 0ms
INFO 🔍 Address lookup request: query='G28DN', postcode='G28DN', country=GB
INFO 🔍 Calling Postcoder Autocomplete API (no cache for suggestions)
INFO Calling Postcoder Autocomplete Find API for GB
INFO ✅ Successfully retrieved 1 address suggestions for GB
WARNING Country code GB not found in UtilsCountrys
INFO ✅ Transformed 1 autocomplete suggestions
INFO [POSTCODER] SUCCESS (API) G28DN: 1 addresses in 0ms
INFO 🔍 Address lookup request: query='EH11YZ', postcode='EH11YZ', country=GB
INFO 🔍 Calling Postcoder Autocomplete API (no cache for suggestions)
INFO Calling Postcoder Autocomplete Find API for GB
INFO ✅ Successfully retrieved 1 address suggestions for GB
WARNING Country code GB not found in UtilsCountrys
INFO ✅ Transformed 1 autocomplete suggestions
INFO [POSTCODER] SUCCESS (API) EH11YZ: 1 addresses in 0ms
INFO 🔍 Address lookup request: query='CF101AA', postcode='CF101AA', country=GB
INFO 🔍 Calling Postcoder Autocomplete API (no cache for suggestions)
INFO Calling Postcoder Autocomplete Find API for GB
INFO ✅ Successfully retrieved 1 address suggestions for GB
WARNING Country code GB not found in UtilsCountrys
INFO ✅ Transformed 1 autocomplete suggestions
INFO [POSTCODER] SUCCESS (API) CF101AA: 1 addresses in 0ms
INFO 🔍 Address lookup request: query='BT11AA', postcode='BT11AA', country=GB
INFO 🔍 Calling Postcoder Autocomplete API (no cache for suggestions)
INFO Calling Postcoder Autocomplete Find API for GB
INFO ✅ Successfully retrieved 1 address suggestions for GB
WARNING Country code GB not found in UtilsCountrys
INFO ✅ Transformed 1 autocomplete suggestions
INFO [POSTCODER] SUCCESS (API) BT11AA: 1 addresses in 0ms
INFO 🔍 Address lookup request: query='AB101AA', postcode='AB101AA', country=GB
INFO 🔍 Calling Postcoder Autocomplete API (no cache for suggestions)
INFO Calling Postcoder Autocomplete Find API for GB
INFO ✅ Successfully retrieved 1 address suggestions for GB
WARNING Country code GB not found in UtilsCountrys
INFO ✅ Transformed 1 autocomplete suggestions
INFO [POSTCODER] SUCCESS (API) AB101AA: 1 addresses in 0ms
INFO 🔍 Address lookup request: query='PL11AA', postcode='PL11AA', country=GB
INFO 🔍 Calling Postcoder Autocomplete API (no cache for suggestions)
INFO Calling Postcoder Autocomplete Find API for GB
INFO ✅ Successfully retrieved 1 address suggestions for GB
WARNING Country code GB not found in UtilsCountrys
INFO ✅ Transformed 1 autocomplete suggestions
INFO [POSTCODER] SUCCESS (API) PL11AA: 1 addresses in 0ms
.
  ✓ Different postcode performance:
    - Average: 0.84ms
    - Min: 0.73ms
    - Max: 1.09ms
    - Postcodes tested: 10
INFO 🔍 Address lookup request: query='SW00AA', postcode='SW00AA', country=GB
INFO 🔍 Calling Postcoder Autocomplete API (no cache for suggestions)
INFO Calling Postcoder Autocomplete Find API for GB
INFO ✅ Successfully retrieved 1 address suggestions for GB
WARNING Country code GB not found in UtilsCountrys
INFO ✅ Transformed 1 autocomplete suggestions
INFO [POSTCODER] SUCCESS (API) SW00AA: 1 addresses in 1ms
INFO 🔍 Address lookup request: query='SW01AA', postcode='SW01AA', country=GB
INFO 🔍 Calling Postcoder Autocomplete API (no cache for suggestions)
INFO Calling Postcoder Autocomplete Find API for GB
INFO ✅ Successfully retrieved 1 address suggestions for GB
WARNING Country code GB not found in UtilsCountrys
INFO ✅ Transformed 1 autocomplete suggestions
INFO [POSTCODER] SUCCESS (API) SW01AA: 1 addresses in 1ms
INFO 🔍 Address lookup request: query='SW02AA', postcode='SW02AA', country=GB
INFO 🔍 Calling Postcoder Autocomplete API (no cache for suggestions)
INFO Calling Postcoder Autocomplete Find API for GB
INFO ✅ Successfully retrieved 1 address suggestions for GB
WARNING Country code GB not found in UtilsCountrys
INFO ✅ Transformed 1 autocomplete suggestions
INFO [POSTCODER] SUCCESS (API) SW02AA: 1 addresses in 1ms
INFO 🔍 Address lookup request: query='SW03AA', postcode='SW03AA', country=GB
INFO 🔍 Calling Postcoder Autocomplete API (no cache for suggestions)
INFO Calling Postcoder Autocomplete Find API for GB
INFO ✅ Successfully retrieved 1 address suggestions for GB
WARNING Country code GB not found in UtilsCountrys
INFO ✅ Transformed 1 autocomplete suggestions
INFO [POSTCODER] SUCCESS (API) SW03AA: 1 addresses in 1ms
INFO 🔍 Address lookup request: query='SW04AA', postcode='SW04AA', country=GB
INFO 🔍 Calling Postcoder Autocomplete API (no cache for suggestions)
INFO Calling Postcoder Autocomplete Find API for GB
INFO ✅ Successfully retrieved 1 address suggestions for GB
WARNING Country code GB not found in UtilsCountrys
INFO ✅ Transformed 1 autocomplete suggestions
INFO [POSTCODER] SUCCESS (API) SW04AA: 1 addresses in 1ms
INFO 🔍 Address lookup request: query='SW05AA', postcode='SW05AA', country=GB
INFO 🔍 Calling Postcoder Autocomplete API (no cache for suggestions)
INFO Calling Postcoder Autocomplete Find API for GB
INFO ✅ Successfully retrieved 1 address suggestions for GB
WARNING Country code GB not found in UtilsCountrys
INFO ✅ Transformed 1 autocomplete suggestions
INFO [POSTCODER] SUCCESS (API) SW05AA: 1 addresses in 1ms
INFO 🔍 Address lookup request: query='SW06AA', postcode='SW06AA', country=GB
INFO 🔍 Calling Postcoder Autocomplete API (no cache for suggestions)
INFO Calling Postcoder Autocomplete Find API for GB
INFO ✅ Successfully retrieved 1 address suggestions for GB
WARNING Country code GB not found in UtilsCountrys
INFO ✅ Transformed 1 autocomplete suggestions
INFO [POSTCODER] SUCCESS (API) SW06AA: 1 addresses in 1ms
INFO 🔍 Address lookup request: query='SW07AA', postcode='SW07AA', country=GB
INFO 🔍 Calling Postcoder Autocomplete API (no cache for suggestions)
INFO Calling Postcoder Autocomplete Find API for GB
INFO ✅ Successfully retrieved 1 address suggestions for GB
WARNING Country code GB not found in UtilsCountrys
INFO ✅ Transformed 1 autocomplete suggestions
INFO [POSTCODER] SUCCESS (API) SW07AA: 1 addresses in 1ms
INFO 🔍 Address lookup request: query='SW08AA', postcode='SW08AA', country=GB
INFO 🔍 Calling Postcoder Autocomplete API (no cache for suggestions)
INFO Calling Postcoder Autocomplete Find API for GB
INFO ✅ Successfully retrieved 1 address suggestions for GB
WARNING Country code GB not found in UtilsCountrys
INFO ✅ Transformed 1 autocomplete suggestions
INFO [POSTCODER] SUCCESS (API) SW08AA: 1 addresses in 1ms
INFO 🔍 Address lookup request: query='SW09AA', postcode='SW09AA', country=GB
INFO 🔍 Calling Postcoder Autocomplete API (no cache for suggestions)
INFO Calling Postcoder Autocomplete Find API for GB
INFO ✅ Successfully retrieved 1 address suggestions for GB
WARNING Country code GB not found in UtilsCountrys
INFO ✅ Transformed 1 autocomplete suggestions
INFO [POSTCODER] SUCCESS (API) SW09AA: 1 addresses in 1ms
INFO 🔍 Address lookup request: query='SW10AA', postcode='SW10AA', country=GB
INFO 🔍 Calling Postcoder Autocomplete API (no cache for suggestions)
INFO Calling Postcoder Autocomplete Find API for GB
INFO ✅ Successfully retrieved 1 address suggestions for GB
WARNING Country code GB not found in UtilsCountrys
INFO ✅ Transformed 1 autocomplete suggestions
INFO [POSTCODER] SUCCESS (API) SW10AA: 1 addresses in 1ms
INFO 🔍 Address lookup request: query='SW11AA', postcode='SW11AA', country=GB
INFO 🔍 Calling Postcoder Autocomplete API (no cache for suggestions)
INFO Calling Postcoder Autocomplete Find API for GB
INFO ✅ Successfully retrieved 1 address suggestions for GB
WARNING Country code GB not found in UtilsCountrys
INFO ✅ Transformed 1 autocomplete suggestions
INFO [POSTCODER] SUCCESS (API) SW11AA: 1 addresses in 1ms
INFO 🔍 Address lookup request: query='SW12AA', postcode='SW12AA', country=GB
INFO 🔍 Calling Postcoder Autocomplete API (no cache for suggestions)
INFO Calling Postcoder Autocomplete Find API for GB
INFO ✅ Successfully retrieved 1 address suggestions for GB
WARNING Country code GB not found in UtilsCountrys
INFO ✅ Transformed 1 autocomplete suggestions
INFO [POSTCODER] SUCCESS (API) SW12AA: 1 addresses in 1ms
INFO 🔍 Address lookup request: query='SW13AA', postcode='SW13AA', country=GB
INFO 🔍 Calling Postcoder Autocomplete API (no cache for suggestions)
INFO Calling Postcoder Autocomplete Find API for GB
INFO ✅ Successfully retrieved 1 address suggestions for GB
WARNING Country code GB not found in UtilsCountrys
INFO ✅ Transformed 1 autocomplete suggestions
INFO [POSTCODER] SUCCESS (API) SW13AA: 1 addresses in 1ms
INFO 🔍 Address lookup request: query='SW14AA', postcode='SW14AA', country=GB
INFO 🔍 Calling Postcoder Autocomplete API (no cache for suggestions)
INFO Calling Postcoder Autocomplete Find API for GB
INFO ✅ Successfully retrieved 1 address suggestions for GB
WARNING Country code GB not found in UtilsCountrys
INFO ✅ Transformed 1 autocomplete suggestions
INFO [POSTCODER] SUCCESS (API) SW14AA: 1 addresses in 1ms
INFO 🔍 Address lookup request: query='SW15AA', postcode='SW15AA', country=GB
INFO 🔍 Calling Postcoder Autocomplete API (no cache for suggestions)
INFO Calling Postcoder Autocomplete Find API for GB
INFO ✅ Successfully retrieved 1 address suggestions for GB
WARNING Country code GB not found in UtilsCountrys
INFO ✅ Transformed 1 autocomplete suggestions
INFO [POSTCODER] SUCCESS (API) SW15AA: 1 addresses in 1ms
INFO 🔍 Address lookup request: query='SW16AA', postcode='SW16AA', country=GB
INFO 🔍 Calling Postcoder Autocomplete API (no cache for suggestions)
INFO Calling Postcoder Autocomplete Find API for GB
INFO ✅ Successfully retrieved 1 address suggestions for GB
WARNING Country code GB not found in UtilsCountrys
INFO ✅ Transformed 1 autocomplete suggestions
INFO [POSTCODER] SUCCESS (API) SW16AA: 1 addresses in 1ms
INFO 🔍 Address lookup request: query='SW17AA', postcode='SW17AA', country=GB
INFO 🔍 Calling Postcoder Autocomplete API (no cache for suggestions)
INFO Calling Postcoder Autocomplete Find API for GB
INFO ✅ Successfully retrieved 1 address suggestions for GB
WARNING Country code GB not found in UtilsCountrys
INFO ✅ Transformed 1 autocomplete suggestions
INFO [POSTCODER] SUCCESS (API) SW17AA: 1 addresses in 1ms
INFO 🔍 Address lookup request: query='SW18AA', postcode='SW18AA', country=GB
INFO 🔍 Calling Postcoder Autocomplete API (no cache for suggestions)
INFO Calling Postcoder Autocomplete Find API for GB
INFO ✅ Successfully retrieved 1 address suggestions for GB
WARNING Country code GB not found in UtilsCountrys
INFO ✅ Transformed 1 autocomplete suggestions
INFO [POSTCODER] SUCCESS (API) SW18AA: 1 addresses in 1ms
INFO 🔍 Address lookup request: query='SW19AA', postcode='SW19AA', country=GB
INFO 🔍 Calling Postcoder Autocomplete API (no cache for suggestions)
INFO Calling Postcoder Autocomplete Find API for GB
INFO ✅ Successfully retrieved 1 address suggestions for GB
WARNING Country code GB not found in UtilsCountrys
INFO ✅ Transformed 1 autocomplete suggestions
INFO [POSTCODER] SUCCESS (API) SW19AA: 1 addresses in 1ms
INFO 🔍 Address lookup request: query='SW20AA', postcode='SW20AA', country=GB
INFO 🔍 Calling Postcoder Autocomplete API (no cache for suggestions)
INFO Calling Postcoder Autocomplete Find API for GB
INFO ✅ Successfully retrieved 1 address suggestions for GB
WARNING Country code GB not found in UtilsCountrys
INFO ✅ Transformed 1 autocomplete suggestions
INFO [POSTCODER] SUCCESS (API) SW20AA: 1 addresses in 5ms
INFO 🔍 Address lookup request: query='SW21AA', postcode='SW21AA', country=GB
INFO 🔍 Calling Postcoder Autocomplete API (no cache for suggestions)
INFO Calling Postcoder Autocomplete Find API for GB
INFO ✅ Successfully retrieved 1 address suggestions for GB
WARNING Country code GB not found in UtilsCountrys
INFO ✅ Transformed 1 autocomplete suggestions
INFO [POSTCODER] SUCCESS (API) SW21AA: 1 addresses in 1ms
INFO 🔍 Address lookup request: query='SW22AA', postcode='SW22AA', country=GB
INFO 🔍 Calling Postcoder Autocomplete API (no cache for suggestions)
INFO Calling Postcoder Autocomplete Find API for GB
INFO ✅ Successfully retrieved 1 address suggestions for GB
WARNING Country code GB not found in UtilsCountrys
INFO ✅ Transformed 1 autocomplete suggestions
INFO [POSTCODER] SUCCESS (API) SW22AA: 1 addresses in 1ms
INFO 🔍 Address lookup request: query='SW23AA', postcode='SW23AA', country=GB
INFO 🔍 Calling Postcoder Autocomplete API (no cache for suggestions)
INFO Calling Postcoder Autocomplete Find API for GB
INFO ✅ Successfully retrieved 1 address suggestions for GB
WARNING Country code GB not found in UtilsCountrys
INFO ✅ Transformed 1 autocomplete suggestions
INFO [POSTCODER] SUCCESS (API) SW23AA: 1 addresses in 1ms
INFO 🔍 Address lookup request: query='SW24AA', postcode='SW24AA', country=GB
INFO 🔍 Calling Postcoder Autocomplete API (no cache for suggestions)
INFO Calling Postcoder Autocomplete Find API for GB
INFO ✅ Successfully retrieved 1 address suggestions for GB
WARNING Country code GB not found in UtilsCountrys
INFO ✅ Transformed 1 autocomplete suggestions
INFO [POSTCODER] SUCCESS (API) SW24AA: 1 addresses in 1ms
INFO 🔍 Address lookup request: query='SW25AA', postcode='SW25AA', country=GB
INFO 🔍 Calling Postcoder Autocomplete API (no cache for suggestions)
INFO Calling Postcoder Autocomplete Find API for GB
INFO ✅ Successfully retrieved 1 address suggestions for GB
WARNING Country code GB not found in UtilsCountrys
INFO ✅ Transformed 1 autocomplete suggestions
INFO [POSTCODER] SUCCESS (API) SW25AA: 1 addresses in 1ms
INFO 🔍 Address lookup request: query='SW26AA', postcode='SW26AA', country=GB
INFO 🔍 Calling Postcoder Autocomplete API (no cache for suggestions)
INFO Calling Postcoder Autocomplete Find API for GB
INFO ✅ Successfully retrieved 1 address suggestions for GB
WARNING Country code GB not found in UtilsCountrys
INFO ✅ Transformed 1 autocomplete suggestions
INFO [POSTCODER] SUCCESS (API) SW26AA: 1 addresses in 1ms
INFO 🔍 Address lookup request: query='SW27AA', postcode='SW27AA', country=GB
INFO 🔍 Calling Postcoder Autocomplete API (no cache for suggestions)
INFO Calling Postcoder Autocomplete Find API for GB
INFO ✅ Successfully retrieved 1 address suggestions for GB
WARNING Country code GB not found in UtilsCountrys
INFO ✅ Transformed 1 autocomplete suggestions
INFO [POSTCODER] SUCCESS (API) SW27AA: 1 addresses in 1ms
INFO 🔍 Address lookup request: query='SW28AA', postcode='SW28AA', country=GB
INFO 🔍 Calling Postcoder Autocomplete API (no cache for suggestions)
INFO Calling Postcoder Autocomplete Find API for GB
INFO ✅ Successfully retrieved 1 address suggestions for GB
WARNING Country code GB not found in UtilsCountrys
INFO ✅ Transformed 1 autocomplete suggestions
INFO [POSTCODER] SUCCESS (API) SW28AA: 1 addresses in 1ms
INFO 🔍 Address lookup request: query='SW29AA', postcode='SW29AA', country=GB
INFO 🔍 Calling Postcoder Autocomplete API (no cache for suggestions)
INFO Calling Postcoder Autocomplete Find API for GB
INFO ✅ Successfully retrieved 1 address suggestions for GB
WARNING Country code GB not found in UtilsCountrys
INFO ✅ Transformed 1 autocomplete suggestions
INFO [POSTCODER] SUCCESS (API) SW29AA: 1 addresses in 1ms
INFO 🔍 Address lookup request: query='SW30AA', postcode='SW30AA', country=GB
INFO 🔍 Calling Postcoder Autocomplete API (no cache for suggestions)
INFO Calling Postcoder Autocomplete Find API for GB
INFO ✅ Successfully retrieved 1 address suggestions for GB
WARNING Country code GB not found in UtilsCountrys
INFO ✅ Transformed 1 autocomplete suggestions
INFO [POSTCODER] SUCCESS (API) SW30AA: 1 addresses in 1ms
INFO 🔍 Address lookup request: query='SW31AA', postcode='SW31AA', country=GB
INFO 🔍 Calling Postcoder Autocomplete API (no cache for suggestions)
INFO Calling Postcoder Autocomplete Find API for GB
INFO ✅ Successfully retrieved 1 address suggestions for GB
WARNING Country code GB not found in UtilsCountrys
INFO ✅ Transformed 1 autocomplete suggestions
INFO [POSTCODER] SUCCESS (API) SW31AA: 1 addresses in 1ms
INFO 🔍 Address lookup request: query='SW32AA', postcode='SW32AA', country=GB
INFO 🔍 Calling Postcoder Autocomplete API (no cache for suggestions)
INFO Calling Postcoder Autocomplete Find API for GB
INFO ✅ Successfully retrieved 1 address suggestions for GB
WARNING Country code GB not found in UtilsCountrys
INFO ✅ Transformed 1 autocomplete suggestions
INFO [POSTCODER] SUCCESS (API) SW32AA: 1 addresses in 1ms
INFO 🔍 Address lookup request: query='SW33AA', postcode='SW33AA', country=GB
INFO 🔍 Calling Postcoder Autocomplete API (no cache for suggestions)
INFO Calling Postcoder Autocomplete Find API for GB
INFO ✅ Successfully retrieved 1 address suggestions for GB
WARNING Country code GB not found in UtilsCountrys
INFO ✅ Transformed 1 autocomplete suggestions
INFO [POSTCODER] SUCCESS (API) SW33AA: 1 addresses in 1ms
INFO 🔍 Address lookup request: query='SW34AA', postcode='SW34AA', country=GB
INFO 🔍 Calling Postcoder Autocomplete API (no cache for suggestions)
INFO Calling Postcoder Autocomplete Find API for GB
INFO ✅ Successfully retrieved 1 address suggestions for GB
WARNING Country code GB not found in UtilsCountrys
INFO ✅ Transformed 1 autocomplete suggestions
INFO [POSTCODER] SUCCESS (API) SW34AA: 1 addresses in 1ms
INFO 🔍 Address lookup request: query='SW35AA', postcode='SW35AA', country=GB
INFO 🔍 Calling Postcoder Autocomplete API (no cache for suggestions)
INFO Calling Postcoder Autocomplete Find API for GB
INFO ✅ Successfully retrieved 1 address suggestions for GB
WARNING Country code GB not found in UtilsCountrys
INFO ✅ Transformed 1 autocomplete suggestions
INFO [POSTCODER] SUCCESS (API) SW35AA: 1 addresses in 1ms
INFO 🔍 Address lookup request: query='SW36AA', postcode='SW36AA', country=GB
INFO 🔍 Calling Postcoder Autocomplete API (no cache for suggestions)
INFO Calling Postcoder Autocomplete Find API for GB
INFO ✅ Successfully retrieved 1 address suggestions for GB
WARNING Country code GB not found in UtilsCountrys
INFO ✅ Transformed 1 autocomplete suggestions
INFO [POSTCODER] SUCCESS (API) SW36AA: 1 addresses in 1ms
INFO 🔍 Address lookup request: query='SW37AA', postcode='SW37AA', country=GB
INFO 🔍 Calling Postcoder Autocomplete API (no cache for suggestions)
INFO Calling Postcoder Autocomplete Find API for GB
INFO ✅ Successfully retrieved 1 address suggestions for GB
WARNING Country code GB not found in UtilsCountrys
INFO ✅ Transformed 1 autocomplete suggestions
INFO [POSTCODER] SUCCESS (API) SW37AA: 1 addresses in 1ms
INFO 🔍 Address lookup request: query='SW38AA', postcode='SW38AA', country=GB
INFO 🔍 Calling Postcoder Autocomplete API (no cache for suggestions)
INFO Calling Postcoder Autocomplete Find API for GB
INFO ✅ Successfully retrieved 1 address suggestions for GB
WARNING Country code GB not found in UtilsCountrys
INFO ✅ Transformed 1 autocomplete suggestions
INFO [POSTCODER] SUCCESS (API) SW38AA: 1 addresses in 1ms
INFO 🔍 Address lookup request: query='SW39AA', postcode='SW39AA', country=GB
INFO 🔍 Calling Postcoder Autocomplete API (no cache for suggestions)
INFO Calling Postcoder Autocomplete Find API for GB
INFO ✅ Successfully retrieved 1 address suggestions for GB
WARNING Country code GB not found in UtilsCountrys
INFO ✅ Transformed 1 autocomplete suggestions
INFO [POSTCODER] SUCCESS (API) SW39AA: 1 addresses in 1ms
INFO 🔍 Address lookup request: query='SW40AA', postcode='SW40AA', country=GB
INFO 🔍 Calling Postcoder Autocomplete API (no cache for suggestions)
INFO Calling Postcoder Autocomplete Find API for GB
INFO ✅ Successfully retrieved 1 address suggestions for GB
WARNING Country code GB not found in UtilsCountrys
INFO ✅ Transformed 1 autocomplete suggestions
INFO [POSTCODER] SUCCESS (API) SW40AA: 1 addresses in 1ms
INFO 🔍 Address lookup request: query='SW41AA', postcode='SW41AA', country=GB
INFO 🔍 Calling Postcoder Autocomplete API (no cache for suggestions)
INFO Calling Postcoder Autocomplete Find API for GB
INFO ✅ Successfully retrieved 1 address suggestions for GB
WARNING Country code GB not found in UtilsCountrys
INFO ✅ Transformed 1 autocomplete suggestions
INFO [POSTCODER] SUCCESS (API) SW41AA: 1 addresses in 1ms
INFO 🔍 Address lookup request: query='SW42AA', postcode='SW42AA', country=GB
INFO 🔍 Calling Postcoder Autocomplete API (no cache for suggestions)
INFO Calling Postcoder Autocomplete Find API for GB
INFO ✅ Successfully retrieved 1 address suggestions for GB
WARNING Country code GB not found in UtilsCountrys
INFO ✅ Transformed 1 autocomplete suggestions
INFO [POSTCODER] SUCCESS (API) SW42AA: 1 addresses in 1ms
INFO 🔍 Address lookup request: query='SW43AA', postcode='SW43AA', country=GB
INFO 🔍 Calling Postcoder Autocomplete API (no cache for suggestions)
INFO Calling Postcoder Autocomplete Find API for GB
INFO ✅ Successfully retrieved 1 address suggestions for GB
WARNING Country code GB not found in UtilsCountrys
INFO ✅ Transformed 1 autocomplete suggestions
INFO [POSTCODER] SUCCESS (API) SW43AA: 1 addresses in 1ms
INFO 🔍 Address lookup request: query='SW44AA', postcode='SW44AA', country=GB
INFO 🔍 Calling Postcoder Autocomplete API (no cache for suggestions)
INFO Calling Postcoder Autocomplete Find API for GB
INFO ✅ Successfully retrieved 1 address suggestions for GB
WARNING Country code GB not found in UtilsCountrys
INFO ✅ Transformed 1 autocomplete suggestions
INFO [POSTCODER] SUCCESS (API) SW44AA: 1 addresses in 1ms
INFO 🔍 Address lookup request: query='SW45AA', postcode='SW45AA', country=GB
INFO 🔍 Calling Postcoder Autocomplete API (no cache for suggestions)
INFO Calling Postcoder Autocomplete Find API for GB
INFO ✅ Successfully retrieved 1 address suggestions for GB
WARNING Country code GB not found in UtilsCountrys
INFO ✅ Transformed 1 autocomplete suggestions
INFO [POSTCODER] SUCCESS (API) SW45AA: 1 addresses in 1ms
INFO 🔍 Address lookup request: query='SW46AA', postcode='SW46AA', country=GB
INFO 🔍 Calling Postcoder Autocomplete API (no cache for suggestions)
INFO Calling Postcoder Autocomplete Find API for GB
INFO ✅ Successfully retrieved 1 address suggestions for GB
WARNING Country code GB not found in UtilsCountrys
INFO ✅ Transformed 1 autocomplete suggestions
INFO [POSTCODER] SUCCESS (API) SW46AA: 1 addresses in 1ms
INFO 🔍 Address lookup request: query='SW47AA', postcode='SW47AA', country=GB
INFO 🔍 Calling Postcoder Autocomplete API (no cache for suggestions)
INFO Calling Postcoder Autocomplete Find API for GB
INFO ✅ Successfully retrieved 1 address suggestions for GB
WARNING Country code GB not found in UtilsCountrys
INFO ✅ Transformed 1 autocomplete suggestions
INFO [POSTCODER] SUCCESS (API) SW47AA: 1 addresses in 2ms
INFO 🔍 Address lookup request: query='SW48AA', postcode='SW48AA', country=GB
INFO 🔍 Calling Postcoder Autocomplete API (no cache for suggestions)
INFO Calling Postcoder Autocomplete Find API for GB
INFO ✅ Successfully retrieved 1 address suggestions for GB
WARNING Country code GB not found in UtilsCountrys
INFO ✅ Transformed 1 autocomplete suggestions
INFO [POSTCODER] SUCCESS (API) SW48AA: 1 addresses in 1ms
INFO 🔍 Address lookup request: query='SW49AA', postcode='SW49AA', country=GB
INFO 🔍 Calling Postcoder Autocomplete API (no cache for suggestions)
INFO Calling Postcoder Autocomplete Find API for GB
INFO ✅ Successfully retrieved 1 address suggestions for GB
WARNING Country code GB not found in UtilsCountrys
INFO ✅ Transformed 1 autocomplete suggestions
INFO [POSTCODER] SUCCESS (API) SW49AA: 1 addresses in 4ms
INFO 🔍 Address lookup request: query='SW50AA', postcode='SW50AA', country=GB
INFO 🔍 Calling Postcoder Autocomplete API (no cache for suggestions)
INFO Calling Postcoder Autocomplete Find API for GB
INFO ✅ Successfully retrieved 1 address suggestions for GB
WARNING Country code GB not found in UtilsCountrys
INFO ✅ Transformed 1 autocomplete suggestions
INFO [POSTCODER] SUCCESS (API) SW50AA: 1 addresses in 1ms
INFO 🔍 Address lookup request: query='SW51AA', postcode='SW51AA', country=GB
INFO 🔍 Calling Postcoder Autocomplete API (no cache for suggestions)
INFO Calling Postcoder Autocomplete Find API for GB
INFO ✅ Successfully retrieved 1 address suggestions for GB
WARNING Country code GB not found in UtilsCountrys
INFO ✅ Transformed 1 autocomplete suggestions
INFO [POSTCODER] SUCCESS (API) SW51AA: 1 addresses in 1ms
INFO 🔍 Address lookup request: query='SW52AA', postcode='SW52AA', country=GB
INFO 🔍 Calling Postcoder Autocomplete API (no cache for suggestions)
INFO Calling Postcoder Autocomplete Find API for GB
INFO ✅ Successfully retrieved 1 address suggestions for GB
WARNING Country code GB not found in UtilsCountrys
INFO ✅ Transformed 1 autocomplete suggestions
INFO [POSTCODER] SUCCESS (API) SW52AA: 1 addresses in 1ms
INFO 🔍 Address lookup request: query='SW53AA', postcode='SW53AA', country=GB
INFO 🔍 Calling Postcoder Autocomplete API (no cache for suggestions)
INFO Calling Postcoder Autocomplete Find API for GB
INFO ✅ Successfully retrieved 1 address suggestions for GB
WARNING Country code GB not found in UtilsCountrys
INFO ✅ Transformed 1 autocomplete suggestions
INFO [POSTCODER] SUCCESS (API) SW53AA: 1 addresses in 1ms
INFO 🔍 Address lookup request: query='SW54AA', postcode='SW54AA', country=GB
INFO 🔍 Calling Postcoder Autocomplete API (no cache for suggestions)
INFO Calling Postcoder Autocomplete Find API for GB
INFO ✅ Successfully retrieved 1 address suggestions for GB
WARNING Country code GB not found in UtilsCountrys
INFO ✅ Transformed 1 autocomplete suggestions
INFO [POSTCODER] SUCCESS (API) SW54AA: 1 addresses in 1ms
INFO 🔍 Address lookup request: query='SW55AA', postcode='SW55AA', country=GB
INFO 🔍 Calling Postcoder Autocomplete API (no cache for suggestions)
INFO Calling Postcoder Autocomplete Find API for GB
INFO ✅ Successfully retrieved 1 address suggestions for GB
WARNING Country code GB not found in UtilsCountrys
INFO ✅ Transformed 1 autocomplete suggestions
INFO [POSTCODER] SUCCESS (API) SW55AA: 1 addresses in 1ms
INFO 🔍 Address lookup request: query='SW56AA', postcode='SW56AA', country=GB
INFO 🔍 Calling Postcoder Autocomplete API (no cache for suggestions)
INFO Calling Postcoder Autocomplete Find API for GB
INFO ✅ Successfully retrieved 1 address suggestions for GB
WARNING Country code GB not found in UtilsCountrys
INFO ✅ Transformed 1 autocomplete suggestions
INFO [POSTCODER] SUCCESS (API) SW56AA: 1 addresses in 1ms
INFO 🔍 Address lookup request: query='SW57AA', postcode='SW57AA', country=GB
INFO 🔍 Calling Postcoder Autocomplete API (no cache for suggestions)
INFO Calling Postcoder Autocomplete Find API for GB
INFO ✅ Successfully retrieved 1 address suggestions for GB
WARNING Country code GB not found in UtilsCountrys
INFO ✅ Transformed 1 autocomplete suggestions
INFO [POSTCODER] SUCCESS (API) SW57AA: 1 addresses in 1ms
INFO 🔍 Address lookup request: query='SW58AA', postcode='SW58AA', country=GB
INFO 🔍 Calling Postcoder Autocomplete API (no cache for suggestions)
INFO Calling Postcoder Autocomplete Find API for GB
INFO ✅ Successfully retrieved 1 address suggestions for GB
WARNING Country code GB not found in UtilsCountrys
INFO ✅ Transformed 1 autocomplete suggestions
INFO [POSTCODER] SUCCESS (API) SW58AA: 1 addresses in 1ms
INFO 🔍 Address lookup request: query='SW59AA', postcode='SW59AA', country=GB
INFO 🔍 Calling Postcoder Autocomplete API (no cache for suggestions)
INFO Calling Postcoder Autocomplete Find API for GB
INFO ✅ Successfully retrieved 1 address suggestions for GB
WARNING Country code GB not found in UtilsCountrys
INFO ✅ Transformed 1 autocomplete suggestions
INFO [POSTCODER] SUCCESS (API) SW59AA: 1 addresses in 1ms
INFO 🔍 Address lookup request: query='SW60AA', postcode='SW60AA', country=GB
INFO 🔍 Calling Postcoder Autocomplete API (no cache for suggestions)
INFO Calling Postcoder Autocomplete Find API for GB
INFO ✅ Successfully retrieved 1 address suggestions for GB
WARNING Country code GB not found in UtilsCountrys
INFO ✅ Transformed 1 autocomplete suggestions
INFO [POSTCODER] SUCCESS (API) SW60AA: 1 addresses in 1ms
INFO 🔍 Address lookup request: query='SW61AA', postcode='SW61AA', country=GB
INFO 🔍 Calling Postcoder Autocomplete API (no cache for suggestions)
INFO Calling Postcoder Autocomplete Find API for GB
INFO ✅ Successfully retrieved 1 address suggestions for GB
WARNING Country code GB not found in UtilsCountrys
INFO ✅ Transformed 1 autocomplete suggestions
INFO [POSTCODER] SUCCESS (API) SW61AA: 1 addresses in 1ms
INFO 🔍 Address lookup request: query='SW62AA', postcode='SW62AA', country=GB
INFO 🔍 Calling Postcoder Autocomplete API (no cache for suggestions)
INFO Calling Postcoder Autocomplete Find API for GB
INFO ✅ Successfully retrieved 1 address suggestions for GB
WARNING Country code GB not found in UtilsCountrys
INFO ✅ Transformed 1 autocomplete suggestions
INFO [POSTCODER] SUCCESS (API) SW62AA: 1 addresses in 1ms
INFO 🔍 Address lookup request: query='SW63AA', postcode='SW63AA', country=GB
INFO 🔍 Calling Postcoder Autocomplete API (no cache for suggestions)
INFO Calling Postcoder Autocomplete Find API for GB
INFO ✅ Successfully retrieved 1 address suggestions for GB
WARNING Country code GB not found in UtilsCountrys
INFO ✅ Transformed 1 autocomplete suggestions
INFO [POSTCODER] SUCCESS (API) SW63AA: 1 addresses in 1ms
INFO 🔍 Address lookup request: query='SW64AA', postcode='SW64AA', country=GB
INFO 🔍 Calling Postcoder Autocomplete API (no cache for suggestions)
INFO Calling Postcoder Autocomplete Find API for GB
INFO ✅ Successfully retrieved 1 address suggestions for GB
WARNING Country code GB not found in UtilsCountrys
INFO ✅ Transformed 1 autocomplete suggestions
INFO [POSTCODER] SUCCESS (API) SW64AA: 1 addresses in 1ms
INFO 🔍 Address lookup request: query='SW65AA', postcode='SW65AA', country=GB
INFO 🔍 Calling Postcoder Autocomplete API (no cache for suggestions)
INFO Calling Postcoder Autocomplete Find API for GB
INFO ✅ Successfully retrieved 1 address suggestions for GB
WARNING Country code GB not found in UtilsCountrys
INFO ✅ Transformed 1 autocomplete suggestions
INFO [POSTCODER] SUCCESS (API) SW65AA: 1 addresses in 1ms
INFO 🔍 Address lookup request: query='SW66AA', postcode='SW66AA', country=GB
INFO 🔍 Calling Postcoder Autocomplete API (no cache for suggestions)
INFO Calling Postcoder Autocomplete Find API for GB
INFO ✅ Successfully retrieved 1 address suggestions for GB
WARNING Country code GB not found in UtilsCountrys
INFO ✅ Transformed 1 autocomplete suggestions
INFO [POSTCODER] SUCCESS (API) SW66AA: 1 addresses in 1ms
INFO 🔍 Address lookup request: query='SW67AA', postcode='SW67AA', country=GB
INFO 🔍 Calling Postcoder Autocomplete API (no cache for suggestions)
INFO Calling Postcoder Autocomplete Find API for GB
INFO ✅ Successfully retrieved 1 address suggestions for GB
WARNING Country code GB not found in UtilsCountrys
INFO ✅ Transformed 1 autocomplete suggestions
INFO [POSTCODER] SUCCESS (API) SW67AA: 1 addresses in 1ms
INFO 🔍 Address lookup request: query='SW68AA', postcode='SW68AA', country=GB
INFO 🔍 Calling Postcoder Autocomplete API (no cache for suggestions)
INFO Calling Postcoder Autocomplete Find API for GB
INFO ✅ Successfully retrieved 1 address suggestions for GB
WARNING Country code GB not found in UtilsCountrys
INFO ✅ Transformed 1 autocomplete suggestions
INFO [POSTCODER] SUCCESS (API) SW68AA: 1 addresses in 1ms
INFO 🔍 Address lookup request: query='SW69AA', postcode='SW69AA', country=GB
INFO 🔍 Calling Postcoder Autocomplete API (no cache for suggestions)
INFO Calling Postcoder Autocomplete Find API for GB
INFO ✅ Successfully retrieved 1 address suggestions for GB
WARNING Country code GB not found in UtilsCountrys
INFO ✅ Transformed 1 autocomplete suggestions
INFO [POSTCODER] SUCCESS (API) SW69AA: 1 addresses in 1ms
INFO 🔍 Address lookup request: query='SW70AA', postcode='SW70AA', country=GB
INFO 🔍 Calling Postcoder Autocomplete API (no cache for suggestions)
INFO Calling Postcoder Autocomplete Find API for GB
INFO ✅ Successfully retrieved 1 address suggestions for GB
WARNING Country code GB not found in UtilsCountrys
INFO ✅ Transformed 1 autocomplete suggestions
INFO [POSTCODER] SUCCESS (API) SW70AA: 1 addresses in 1ms
INFO 🔍 Address lookup request: query='SW71AA', postcode='SW71AA', country=GB
INFO 🔍 Calling Postcoder Autocomplete API (no cache for suggestions)
INFO Calling Postcoder Autocomplete Find API for GB
INFO ✅ Successfully retrieved 1 address suggestions for GB
WARNING Country code GB not found in UtilsCountrys
INFO ✅ Transformed 1 autocomplete suggestions
INFO [POSTCODER] SUCCESS (API) SW71AA: 1 addresses in 1ms
INFO 🔍 Address lookup request: query='SW72AA', postcode='SW72AA', country=GB
INFO 🔍 Calling Postcoder Autocomplete API (no cache for suggestions)
INFO Calling Postcoder Autocomplete Find API for GB
INFO ✅ Successfully retrieved 1 address suggestions for GB
WARNING Country code GB not found in UtilsCountrys
INFO ✅ Transformed 1 autocomplete suggestions
INFO [POSTCODER] SUCCESS (API) SW72AA: 1 addresses in 1ms
INFO 🔍 Address lookup request: query='SW73AA', postcode='SW73AA', country=GB
INFO 🔍 Calling Postcoder Autocomplete API (no cache for suggestions)
INFO Calling Postcoder Autocomplete Find API for GB
INFO ✅ Successfully retrieved 1 address suggestions for GB
WARNING Country code GB not found in UtilsCountrys
INFO ✅ Transformed 1 autocomplete suggestions
INFO [POSTCODER] SUCCESS (API) SW73AA: 1 addresses in 1ms
INFO 🔍 Address lookup request: query='SW74AA', postcode='SW74AA', country=GB
INFO 🔍 Calling Postcoder Autocomplete API (no cache for suggestions)
INFO Calling Postcoder Autocomplete Find API for GB
INFO ✅ Successfully retrieved 1 address suggestions for GB
WARNING Country code GB not found in UtilsCountrys
INFO ✅ Transformed 1 autocomplete suggestions
INFO [POSTCODER] SUCCESS (API) SW74AA: 1 addresses in 1ms
INFO 🔍 Address lookup request: query='SW75AA', postcode='SW75AA', country=GB
INFO 🔍 Calling Postcoder Autocomplete API (no cache for suggestions)
INFO Calling Postcoder Autocomplete Find API for GB
INFO ✅ Successfully retrieved 1 address suggestions for GB
WARNING Country code GB not found in UtilsCountrys
INFO ✅ Transformed 1 autocomplete suggestions
INFO [POSTCODER] SUCCESS (API) SW75AA: 1 addresses in 1ms
INFO 🔍 Address lookup request: query='SW76AA', postcode='SW76AA', country=GB
INFO 🔍 Calling Postcoder Autocomplete API (no cache for suggestions)
INFO Calling Postcoder Autocomplete Find API for GB
INFO ✅ Successfully retrieved 1 address suggestions for GB
WARNING Country code GB not found in UtilsCountrys
INFO ✅ Transformed 1 autocomplete suggestions
INFO [POSTCODER] SUCCESS (API) SW76AA: 1 addresses in 1ms
INFO 🔍 Address lookup request: query='SW77AA', postcode='SW77AA', country=GB
INFO 🔍 Calling Postcoder Autocomplete API (no cache for suggestions)
INFO Calling Postcoder Autocomplete Find API for GB
INFO ✅ Successfully retrieved 1 address suggestions for GB
WARNING Country code GB not found in UtilsCountrys
INFO ✅ Transformed 1 autocomplete suggestions
INFO [POSTCODER] SUCCESS (API) SW77AA: 1 addresses in 1ms
INFO 🔍 Address lookup request: query='SW78AA', postcode='SW78AA', country=GB
INFO 🔍 Calling Postcoder Autocomplete API (no cache for suggestions)
INFO Calling Postcoder Autocomplete Find API for GB
INFO ✅ Successfully retrieved 1 address suggestions for GB
WARNING Country code GB not found in UtilsCountrys
INFO ✅ Transformed 1 autocomplete suggestions
INFO [POSTCODER] SUCCESS (API) SW78AA: 1 addresses in 6ms
INFO 🔍 Address lookup request: query='SW79AA', postcode='SW79AA', country=GB
INFO 🔍 Calling Postcoder Autocomplete API (no cache for suggestions)
INFO Calling Postcoder Autocomplete Find API for GB
INFO ✅ Successfully retrieved 1 address suggestions for GB
WARNING Country code GB not found in UtilsCountrys
INFO ✅ Transformed 1 autocomplete suggestions
INFO [POSTCODER] SUCCESS (API) SW79AA: 1 addresses in 1ms
INFO 🔍 Address lookup request: query='SW80AA', postcode='SW80AA', country=GB
INFO 🔍 Calling Postcoder Autocomplete API (no cache for suggestions)
INFO Calling Postcoder Autocomplete Find API for GB
INFO ✅ Successfully retrieved 1 address suggestions for GB
WARNING Country code GB not found in UtilsCountrys
INFO ✅ Transformed 1 autocomplete suggestions
INFO [POSTCODER] SUCCESS (API) SW80AA: 1 addresses in 1ms
INFO 🔍 Address lookup request: query='SW81AA', postcode='SW81AA', country=GB
INFO 🔍 Calling Postcoder Autocomplete API (no cache for suggestions)
INFO Calling Postcoder Autocomplete Find API for GB
INFO ✅ Successfully retrieved 1 address suggestions for GB
WARNING Country code GB not found in UtilsCountrys
INFO ✅ Transformed 1 autocomplete suggestions
INFO [POSTCODER] SUCCESS (API) SW81AA: 1 addresses in 1ms
INFO 🔍 Address lookup request: query='SW82AA', postcode='SW82AA', country=GB
INFO 🔍 Calling Postcoder Autocomplete API (no cache for suggestions)
INFO Calling Postcoder Autocomplete Find API for GB
INFO ✅ Successfully retrieved 1 address suggestions for GB
WARNING Country code GB not found in UtilsCountrys
INFO ✅ Transformed 1 autocomplete suggestions
INFO [POSTCODER] SUCCESS (API) SW82AA: 1 addresses in 1ms
INFO 🔍 Address lookup request: query='SW83AA', postcode='SW83AA', country=GB
INFO 🔍 Calling Postcoder Autocomplete API (no cache for suggestions)
INFO Calling Postcoder Autocomplete Find API for GB
INFO ✅ Successfully retrieved 1 address suggestions for GB
WARNING Country code GB not found in UtilsCountrys
INFO ✅ Transformed 1 autocomplete suggestions
INFO [POSTCODER] SUCCESS (API) SW83AA: 1 addresses in 1ms
INFO 🔍 Address lookup request: query='SW84AA', postcode='SW84AA', country=GB
INFO 🔍 Calling Postcoder Autocomplete API (no cache for suggestions)
INFO Calling Postcoder Autocomplete Find API for GB
INFO ✅ Successfully retrieved 1 address suggestions for GB
WARNING Country code GB not found in UtilsCountrys
INFO ✅ Transformed 1 autocomplete suggestions
INFO [POSTCODER] SUCCESS (API) SW84AA: 1 addresses in 1ms
INFO 🔍 Address lookup request: query='SW85AA', postcode='SW85AA', country=GB
INFO 🔍 Calling Postcoder Autocomplete API (no cache for suggestions)
INFO Calling Postcoder Autocomplete Find API for GB
INFO ✅ Successfully retrieved 1 address suggestions for GB
WARNING Country code GB not found in UtilsCountrys
INFO ✅ Transformed 1 autocomplete suggestions
INFO [POSTCODER] SUCCESS (API) SW85AA: 1 addresses in 1ms
INFO 🔍 Address lookup request: query='SW86AA', postcode='SW86AA', country=GB
INFO 🔍 Calling Postcoder Autocomplete API (no cache for suggestions)
INFO Calling Postcoder Autocomplete Find API for GB
INFO ✅ Successfully retrieved 1 address suggestions for GB
WARNING Country code GB not found in UtilsCountrys
INFO ✅ Transformed 1 autocomplete suggestions
INFO [POSTCODER] SUCCESS (API) SW86AA: 1 addresses in 1ms
INFO 🔍 Address lookup request: query='SW87AA', postcode='SW87AA', country=GB
INFO 🔍 Calling Postcoder Autocomplete API (no cache for suggestions)
INFO Calling Postcoder Autocomplete Find API for GB
INFO ✅ Successfully retrieved 1 address suggestions for GB
WARNING Country code GB not found in UtilsCountrys
INFO ✅ Transformed 1 autocomplete suggestions
INFO [POSTCODER] SUCCESS (API) SW87AA: 1 addresses in 1ms
INFO 🔍 Address lookup request: query='SW88AA', postcode='SW88AA', country=GB
INFO 🔍 Calling Postcoder Autocomplete API (no cache for suggestions)
INFO Calling Postcoder Autocomplete Find API for GB
INFO ✅ Successfully retrieved 1 address suggestions for GB
WARNING Country code GB not found in UtilsCountrys
INFO ✅ Transformed 1 autocomplete suggestions
INFO [POSTCODER] SUCCESS (API) SW88AA: 1 addresses in 1ms
INFO 🔍 Address lookup request: query='SW89AA', postcode='SW89AA', country=GB
INFO 🔍 Calling Postcoder Autocomplete API (no cache for suggestions)
INFO Calling Postcoder Autocomplete Find API for GB
INFO ✅ Successfully retrieved 1 address suggestions for GB
WARNING Country code GB not found in UtilsCountrys
INFO ✅ Transformed 1 autocomplete suggestions
INFO [POSTCODER] SUCCESS (API) SW89AA: 1 addresses in 1ms
INFO 🔍 Address lookup request: query='SW90AA', postcode='SW90AA', country=GB
INFO 🔍 Calling Postcoder Autocomplete API (no cache for suggestions)
INFO Calling Postcoder Autocomplete Find API for GB
INFO ✅ Successfully retrieved 1 address suggestions for GB
WARNING Country code GB not found in UtilsCountrys
INFO ✅ Transformed 1 autocomplete suggestions
INFO [POSTCODER] SUCCESS (API) SW90AA: 1 addresses in 1ms
INFO 🔍 Address lookup request: query='SW91AA', postcode='SW91AA', country=GB
INFO 🔍 Calling Postcoder Autocomplete API (no cache for suggestions)
INFO Calling Postcoder Autocomplete Find API for GB
INFO ✅ Successfully retrieved 1 address suggestions for GB
WARNING Country code GB not found in UtilsCountrys
INFO ✅ Transformed 1 autocomplete suggestions
INFO [POSTCODER] SUCCESS (API) SW91AA: 1 addresses in 1ms
INFO 🔍 Address lookup request: query='SW92AA', postcode='SW92AA', country=GB
INFO 🔍 Calling Postcoder Autocomplete API (no cache for suggestions)
INFO Calling Postcoder Autocomplete Find API for GB
INFO ✅ Successfully retrieved 1 address suggestions for GB
WARNING Country code GB not found in UtilsCountrys
INFO ✅ Transformed 1 autocomplete suggestions
INFO [POSTCODER] SUCCESS (API) SW92AA: 1 addresses in 1ms
INFO 🔍 Address lookup request: query='SW93AA', postcode='SW93AA', country=GB
INFO 🔍 Calling Postcoder Autocomplete API (no cache for suggestions)
INFO Calling Postcoder Autocomplete Find API for GB
INFO ✅ Successfully retrieved 1 address suggestions for GB
WARNING Country code GB not found in UtilsCountrys
INFO ✅ Transformed 1 autocomplete suggestions
INFO [POSTCODER] SUCCESS (API) SW93AA: 1 addresses in 1ms
INFO 🔍 Address lookup request: query='SW94AA', postcode='SW94AA', country=GB
INFO 🔍 Calling Postcoder Autocomplete API (no cache for suggestions)
INFO Calling Postcoder Autocomplete Find API for GB
INFO ✅ Successfully retrieved 1 address suggestions for GB
WARNING Country code GB not found in UtilsCountrys
INFO ✅ Transformed 1 autocomplete suggestions
INFO [POSTCODER] SUCCESS (API) SW94AA: 1 addresses in 1ms
INFO 🔍 Address lookup request: query='SW95AA', postcode='SW95AA', country=GB
INFO 🔍 Calling Postcoder Autocomplete API (no cache for suggestions)
INFO Calling Postcoder Autocomplete Find API for GB
INFO ✅ Successfully retrieved 1 address suggestions for GB
WARNING Country code GB not found in UtilsCountrys
INFO ✅ Transformed 1 autocomplete suggestions
INFO [POSTCODER] SUCCESS (API) SW95AA: 1 addresses in 1ms
INFO 🔍 Address lookup request: query='SW96AA', postcode='SW96AA', country=GB
INFO 🔍 Calling Postcoder Autocomplete API (no cache for suggestions)
INFO Calling Postcoder Autocomplete Find API for GB
INFO ✅ Successfully retrieved 1 address suggestions for GB
WARNING Country code GB not found in UtilsCountrys
INFO ✅ Transformed 1 autocomplete suggestions
INFO [POSTCODER] SUCCESS (API) SW96AA: 1 addresses in 1ms
INFO 🔍 Address lookup request: query='SW97AA', postcode='SW97AA', country=GB
INFO 🔍 Calling Postcoder Autocomplete API (no cache for suggestions)
INFO Calling Postcoder Autocomplete Find API for GB
INFO ✅ Successfully retrieved 1 address suggestions for GB
WARNING Country code GB not found in UtilsCountrys
INFO ✅ Transformed 1 autocomplete suggestions
INFO [POSTCODER] SUCCESS (API) SW97AA: 1 addresses in 1ms
INFO 🔍 Address lookup request: query='SW98AA', postcode='SW98AA', country=GB
INFO 🔍 Calling Postcoder Autocomplete API (no cache for suggestions)
INFO Calling Postcoder Autocomplete Find API for GB
INFO ✅ Successfully retrieved 1 address suggestions for GB
WARNING Country code GB not found in UtilsCountrys
INFO ✅ Transformed 1 autocomplete suggestions
INFO [POSTCODER] SUCCESS (API) SW98AA: 1 addresses in 1ms
INFO 🔍 Address lookup request: query='SW99AA', postcode='SW99AA', country=GB
INFO 🔍 Calling Postcoder Autocomplete API (no cache for suggestions)
INFO Calling Postcoder Autocomplete Find API for GB
INFO ✅ Successfully retrieved 1 address suggestions for GB
WARNING Country code GB not found in UtilsCountrys
INFO ✅ Transformed 1 autocomplete suggestions
INFO [POSTCODER] SUCCESS (API) SW99AA: 1 addresses in 1ms
.
  ✓ Memory leak test:
    - Baseline: 0.00MB
    - Final: 0.72MB
    - Growth: 0.72MB
    - Requests: 100
INFO 🔍 Address lookup request: query='SW1A1AA', postcode='SW1A1AA', country=GB
INFO 🔍 Calling Postcoder Autocomplete API (no cache for suggestions)
INFO Calling Postcoder Autocomplete Find API for GB
INFO ✅ Successfully retrieved 1 address suggestions for GB
WARNING Country code GB not found in UtilsCountrys
INFO ✅ Transformed 1 autocomplete suggestions
INFO [POSTCODER] SUCCESS (API) SW1A1AA: 1 addresses in 0ms
INFO 🔍 Address lookup request: query='SW1A1AA', postcode='SW1A1AA', country=GB
INFO 🔍 Calling Postcoder Autocomplete API (no cache for suggestions)
INFO Calling Postcoder Autocomplete Find API for GB
INFO ✅ Successfully retrieved 1 address suggestions for GB
WARNING Country code GB not found in UtilsCountrys
INFO ✅ Transformed 1 autocomplete suggestions
INFO [POSTCODER] SUCCESS (API) SW1A1AA: 1 addresses in 0ms
INFO 🔍 Address lookup request: query='SW1A1AA', postcode='SW1A1AA', country=GB
INFO 🔍 Calling Postcoder Autocomplete API (no cache for suggestions)
INFO Calling Postcoder Autocomplete Find API for GB
INFO ✅ Successfully retrieved 1 address suggestions for GB
WARNING Country code GB not found in UtilsCountrys
INFO ✅ Transformed 1 autocomplete suggestions
INFO [POSTCODER] SUCCESS (API) SW1A1AA: 1 addresses in 0ms
INFO 🔍 Address lookup request: query='SW1A1AA', postcode='SW1A1AA', country=GB
INFO 🔍 Calling Postcoder Autocomplete API (no cache for suggestions)
INFO Calling Postcoder Autocomplete Find API for GB
INFO ✅ Successfully retrieved 1 address suggestions for GB
WARNING Country code GB not found in UtilsCountrys
INFO ✅ Transformed 1 autocomplete suggestions
INFO [POSTCODER] SUCCESS (API) SW1A1AA: 1 addresses in 0ms
INFO 🔍 Address lookup request: query='SW1A1AA', postcode='SW1A1AA', country=GB
INFO 🔍 Calling Postcoder Autocomplete API (no cache for suggestions)
INFO Calling Postcoder Autocomplete Find API for GB
INFO ✅ Successfully retrieved 1 address suggestions for GB
WARNING Country code GB not found in UtilsCountrys
INFO ✅ Transformed 1 autocomplete suggestions
INFO [POSTCODER] SUCCESS (API) SW1A1AA: 1 addresses in 0ms
INFO 🔍 Address lookup request: query='SW1A1AA', postcode='SW1A1AA', country=GB
INFO 🔍 Calling Postcoder Autocomplete API (no cache for suggestions)
INFO Calling Postcoder Autocomplete Find API for GB
INFO ✅ Successfully retrieved 1 address suggestions for GB
WARNING Country code GB not found in UtilsCountrys
INFO ✅ Transformed 1 autocomplete suggestions
INFO [POSTCODER] SUCCESS (API) SW1A1AA: 1 addresses in 0ms
INFO 🔍 Address lookup request: query='SW1A1AA', postcode='SW1A1AA', country=GB
INFO 🔍 Calling Postcoder Autocomplete API (no cache for suggestions)
INFO Calling Postcoder Autocomplete Find API for GB
INFO ✅ Successfully retrieved 1 address suggestions for GB
WARNING Country code GB not found in UtilsCountrys
INFO ✅ Transformed 1 autocomplete suggestions
INFO [POSTCODER] SUCCESS (API) SW1A1AA: 1 addresses in 0ms
INFO 🔍 Address lookup request: query='SW1A1AA', postcode='SW1A1AA', country=GB
INFO 🔍 Calling Postcoder Autocomplete API (no cache for suggestions)
INFO Calling Postcoder Autocomplete Find API for GB
INFO ✅ Successfully retrieved 1 address suggestions for GB
WARNING Country code GB not found in UtilsCountrys
INFO ✅ Transformed 1 autocomplete suggestions
INFO [POSTCODER] SUCCESS (API) SW1A1AA: 1 addresses in 0ms
INFO 🔍 Address lookup request: query='SW1A1AA', postcode='SW1A1AA', country=GB
INFO 🔍 Calling Postcoder Autocomplete API (no cache for suggestions)
INFO Calling Postcoder Autocomplete Find API for GB
INFO ✅ Successfully retrieved 1 address suggestions for GB
WARNING Country code GB not found in UtilsCountrys
INFO ✅ Transformed 1 autocomplete suggestions
INFO [POSTCODER] SUCCESS (API) SW1A1AA: 1 addresses in 0ms
INFO 🔍 Address lookup request: query='SW1A1AA', postcode='SW1A1AA', country=GB
INFO 🔍 Calling Postcoder Autocomplete API (no cache for suggestions)
INFO Calling Postcoder Autocomplete Find API for GB
INFO ✅ Successfully retrieved 1 address suggestions for GB
WARNING Country code GB not found in UtilsCountrys
INFO ✅ Transformed 1 autocomplete suggestions
INFO [POSTCODER] SUCCESS (API) SW1A1AA: 1 addresses in 0ms
INFO 🔍 Address lookup request: query='SW1A1AA', postcode='SW1A1AA', country=GB
INFO 🔍 Calling Postcoder Autocomplete API (no cache for suggestions)
INFO Calling Postcoder Autocomplete Find API for GB
INFO ✅ Successfully retrieved 1 address suggestions for GB
WARNING Country code GB not found in UtilsCountrys
INFO ✅ Transformed 1 autocomplete suggestions
INFO [POSTCODER] SUCCESS (API) SW1A1AA: 1 addresses in 0ms
INFO 🔍 Address lookup request: query='SW1A1AA', postcode='SW1A1AA', country=GB
INFO 🔍 Calling Postcoder Autocomplete API (no cache for suggestions)
INFO Calling Postcoder Autocomplete Find API for GB
INFO ✅ Successfully retrieved 1 address suggestions for GB
WARNING Country code GB not found in UtilsCountrys
INFO ✅ Transformed 1 autocomplete suggestions
INFO [POSTCODER] SUCCESS (API) SW1A1AA: 1 addresses in 0ms
INFO 🔍 Address lookup request: query='SW1A1AA', postcode='SW1A1AA', country=GB
INFO 🔍 Calling Postcoder Autocomplete API (no cache for suggestions)
INFO Calling Postcoder Autocomplete Find API for GB
INFO ✅ Successfully retrieved 1 address suggestions for GB
WARNING Country code GB not found in UtilsCountrys
INFO ✅ Transformed 1 autocomplete suggestions
INFO [POSTCODER] SUCCESS (API) SW1A1AA: 1 addresses in 0ms
INFO 🔍 Address lookup request: query='SW1A1AA', postcode='SW1A1AA', country=GB
INFO 🔍 Calling Postcoder Autocomplete API (no cache for suggestions)
INFO Calling Postcoder Autocomplete Find API for GB
INFO ✅ Successfully retrieved 1 address suggestions for GB
WARNING Country code GB not found in UtilsCountrys
INFO ✅ Transformed 1 autocomplete suggestions
INFO [POSTCODER] SUCCESS (API) SW1A1AA: 1 addresses in 0ms
INFO 🔍 Address lookup request: query='SW1A1AA', postcode='SW1A1AA', country=GB
INFO 🔍 Calling Postcoder Autocomplete API (no cache for suggestions)
INFO Calling Postcoder Autocomplete Find API for GB
INFO ✅ Successfully retrieved 1 address suggestions for GB
WARNING Country code GB not found in UtilsCountrys
INFO ✅ Transformed 1 autocomplete suggestions
INFO [POSTCODER] SUCCESS (API) SW1A1AA: 1 addresses in 0ms
INFO 🔍 Address lookup request: query='SW1A1AA', postcode='SW1A1AA', country=GB
INFO 🔍 Calling Postcoder Autocomplete API (no cache for suggestions)
INFO Calling Postcoder Autocomplete Find API for GB
INFO ✅ Successfully retrieved 1 address suggestions for GB
WARNING Country code GB not found in UtilsCountrys
INFO ✅ Transformed 1 autocomplete suggestions
INFO [POSTCODER] SUCCESS (API) SW1A1AA: 1 addresses in 0ms
INFO 🔍 Address lookup request: query='SW1A1AA', postcode='SW1A1AA', country=GB
INFO 🔍 Calling Postcoder Autocomplete API (no cache for suggestions)
INFO Calling Postcoder Autocomplete Find API for GB
INFO ✅ Successfully retrieved 1 address suggestions for GB
WARNING Country code GB not found in UtilsCountrys
INFO ✅ Transformed 1 autocomplete suggestions
INFO [POSTCODER] SUCCESS (API) SW1A1AA: 1 addresses in 0ms
INFO 🔍 Address lookup request: query='SW1A1AA', postcode='SW1A1AA', country=GB
INFO 🔍 Calling Postcoder Autocomplete API (no cache for suggestions)
INFO Calling Postcoder Autocomplete Find API for GB
INFO ✅ Successfully retrieved 1 address suggestions for GB
WARNING Country code GB not found in UtilsCountrys
INFO ✅ Transformed 1 autocomplete suggestions
INFO [POSTCODER] SUCCESS (API) SW1A1AA: 1 addresses in 0ms
INFO 🔍 Address lookup request: query='SW1A1AA', postcode='SW1A1AA', country=GB
INFO 🔍 Calling Postcoder Autocomplete API (no cache for suggestions)
INFO Calling Postcoder Autocomplete Find API for GB
INFO ✅ Successfully retrieved 1 address suggestions for GB
WARNING Country code GB not found in UtilsCountrys
INFO ✅ Transformed 1 autocomplete suggestions
INFO [POSTCODER] SUCCESS (API) SW1A1AA: 1 addresses in 0ms
INFO 🔍 Address lookup request: query='SW1A1AA', postcode='SW1A1AA', country=GB
INFO 🔍 Calling Postcoder Autocomplete API (no cache for suggestions)
INFO Calling Postcoder Autocomplete Find API for GB
INFO ✅ Successfully retrieved 1 address suggestions for GB
WARNING Country code GB not found in UtilsCountrys
INFO ✅ Transformed 1 autocomplete suggestions
INFO [POSTCODER] SUCCESS (API) SW1A1AA: 1 addresses in 0ms
.
  ✓ Sequential request consistency:
    - Average: 1.14ms
    - Std Dev: 0.20ms
    - Variation: 17.13%
    - Requests: 20
INFO 🔍 Address lookup request: query='SW1A1AA', postcode='SW1A1AA', country=GB
INFO 🔍 Calling Postcoder Autocomplete API (no cache for suggestions)
INFO Calling Postcoder Autocomplete Find API for GB
INFO ✅ Successfully retrieved 1 address suggestions for GB
WARNING Country code GB not found in UtilsCountrys
INFO ✅ Transformed 1 autocomplete suggestions
INFO [POSTCODER] SUCCESS (API) SW1A1AA: 1 addresses in 1ms
.sss
[OK] Analytics log created with correct metadata
INFO 🔍 Address lookup request: query='SW1A1AA', postcode='SW1A1AA', country=GB
INFO 🔍 Calling Postcoder Autocomplete API (no cache for suggestions)
INFO Calling Postcoder Autocomplete Find API for GB
INFO ✅ Successfully retrieved 1 address suggestions for GB
WARNING Country code GB not found in UtilsCountrys
INFO ✅ Transformed 1 autocomplete suggestions
INFO [POSTCODER] SUCCESS (API) SW1A1AA: 1 addresses in 0ms
.
[OK] Cache miss response time: 1.46ms (target: <500ms)
INFO 🔍 Address lookup request: query='TEST01', postcode='TEST01', country=GB
INFO 🔍 Calling Postcoder Autocomplete API (no cache for suggestions)
INFO Calling Postcoder Autocomplete Find API for GB
INFO ✅ Successfully retrieved 1 address suggestions for GB
WARNING Country code GB not found in UtilsCountrys
INFO ✅ Transformed 1 autocomplete suggestions
INFO [POSTCODER] SUCCESS (API) TEST01: 1 addresses in 54ms
INFO 🔍 Address lookup request: query='TEST01', postcode='TEST01', country=GB
INFO 🔍 Calling Postcoder Autocomplete API (no cache for suggestions)
INFO Calling Postcoder Autocomplete Find API for GB
INFO ✅ Successfully retrieved 1 address suggestions for GB
WARNING Country code GB not found in UtilsCountrys
INFO ✅ Transformed 1 autocomplete suggestions
INFO [POSTCODER] SUCCESS (API) TEST01: 1 addresses in 57ms
.
============================================================
PERFORMANCE TEST SUMMARY
============================================================
Cache Miss (API Call):  55.59ms
Cache Hit (Database):   58.32ms
Performance Gain:       0.95x faster
============================================================

[OK] All performance targets met

INFO 🔍 Address retrieve request: id='invalid', country=GB
ERROR ❌ Validation error: Invalid ID
...INFO 🔍 Address retrieve request: id='test_id_123', country=US
INFO ✅ Successfully retrieved address for ID: test_id_123
.INFO 🔍 Address retrieve request: id='test_id_123', country=GB
INFO ✅ Successfully retrieved address for ID: test_id_123
.INFO 🔍 Address lookup request: query='SW1A1AA', postcode='SW1A1AA', country=GB
INFO 🔍 Calling Postcoder Autocomplete API (no cache for suggestions)
.INFO 🔍 Address lookup request: query='SW1A1AA', postcode='SW1A1AA', country=GB
INFO 🔍 Calling Postcoder Autocomplete API (no cache for suggestions)
.INFO 🔍 Address lookup request: query='SW1A1AA', postcode='SW1A1AA', country=GB
INFO 🔍 Calling Postcoder Autocomplete API (no cache for suggestions)
.INFO 🔍 Address lookup request: query='SW1A1AA', postcode='SW1A1AA', country=GB
INFO 🔍 Calling Postcoder Autocomplete API (no cache for suggestions)
.INFO 🔍 Address lookup request: query='SW1A1AA', postcode='SW1A1AA', country=US
INFO 🔍 Calling Postcoder Autocomplete API (no cache for suggestions)
.INFO 🔍 Address lookup request: query='SW1A1AA', postcode='SW1A1AA', country=GB
INFO 🔍 Calling Postcoder Autocomplete API (no cache for suggestions)
..INFO 🔍 Address lookup request: query='SW1A1AA', postcode='SW1A1AA', country=GB
INFO 🔍 Calling Postcoder Autocomplete API (no cache for suggestions)
WARNING ⚠️ Failed to log address lookup: Logging failed
..INFO 🔍 Address lookup request: query='SW1A1AA', postcode='SW1A1AA', country=GB
INFO 🔍 Calling Postcoder Autocomplete API (no cache for suggestions)
..INFO 🔍 Address lookup request: query='SW1A1AA', postcode='SW1A1AA', country=GB
INFO 🔍 Calling Postcoder Autocomplete API (no cache for suggestions)
.INFO 🔍 Address lookup request: query='10 Downing Street', postcode='', country=GB
INFO 🔍 Calling Postcoder Autocomplete API (no cache for suggestions)
.INFO 🔍 Address lookup request: query='SW1A1AA', postcode='SW1A1AA', country=GB
INFO 🔍 Calling Postcoder Autocomplete API (no cache for suggestions)
.INFO 🔍 Address lookup request: query='SW1A1AA', postcode='SW1A1AA', country=GB
INFO 🔍 Calling Postcoder Autocomplete API (no cache for suggestions)
..INFO 🔍 Address lookup request: query='SW1A1AA', postcode='SW1A1AA', country=GB
INFO 🔍 Calling Postcoder Autocomplete API (no cache for suggestions)
..s
----------------------------------------------------------------------
Ran 1100 tests in 147.261s

OK (skipped=61)
Destroying test database for alias 'default'...
Traceback (most recent call last):
  File "/Users/work/Documents/Code/Admin3/.venv/lib/python3.13/site-packages/django/db/backends/utils.py", line 103, in _execute
    return self.cursor.execute(sql)
           ~~~~~~~~~~~~~~~~~~~^^^^^
psycopg2.errors.ObjectInUse: database "test_ACTEDDBDEV01" is being accessed by other users
DETAIL:  There are 10 other sessions using the database.


The above exception was the direct cause of the following exception:

Traceback (most recent call last):
  File "/Users/work/Documents/Code/Admin3/backend/django_Admin3/manage.py", line 24, in <module>
    main()
    ~~~~^^
  File "/Users/work/Documents/Code/Admin3/backend/django_Admin3/manage.py", line 20, in main
    execute_from_command_line(sys.argv)
    ~~~~~~~~~~~~~~~~~~~~~~~~~^^^^^^^^^^
  File "/Users/work/Documents/Code/Admin3/.venv/lib/python3.13/site-packages/django/core/management/__init__.py", line 442, in execute_from_command_line
    utility.execute()
    ~~~~~~~~~~~~~~~^^
  File "/Users/work/Documents/Code/Admin3/.venv/lib/python3.13/site-packages/django/core/management/__init__.py", line 436, in execute
    self.fetch_command(subcommand).run_from_argv(self.argv)
    ~~~~~~~~~~~~~~~~~~~~~~~~~~~~~~~~~~~~~~~~~~~~^^^^^^^^^^^
  File "/Users/work/Documents/Code/Admin3/.venv/lib/python3.13/site-packages/django/core/management/commands/test.py", line 24, in run_from_argv
    super().run_from_argv(argv)
    ~~~~~~~~~~~~~~~~~~~~~^^^^^^
  File "/Users/work/Documents/Code/Admin3/.venv/lib/python3.13/site-packages/django/core/management/base.py", line 416, in run_from_argv
    self.execute(*args, **cmd_options)
    ~~~~~~~~~~~~^^^^^^^^^^^^^^^^^^^^^^
  File "/Users/work/Documents/Code/Admin3/.venv/lib/python3.13/site-packages/django/core/management/base.py", line 460, in execute
    output = self.handle(*args, **options)
  File "/Users/work/Documents/Code/Admin3/.venv/lib/python3.13/site-packages/django/core/management/commands/test.py", line 63, in handle
    failures = test_runner.run_tests(test_labels)
  File "/Users/work/Documents/Code/Admin3/.venv/lib/python3.13/site-packages/django/test/runner.py", line 1106, in run_tests
    self.teardown_databases(old_config)
    ~~~~~~~~~~~~~~~~~~~~~~~^^^^^^^^^^^^
  File "/Users/work/Documents/Code/Admin3/.venv/lib/python3.13/site-packages/django/test/runner.py", line 1034, in teardown_databases
    _teardown_databases(
    ~~~~~~~~~~~~~~~~~~~^
        old_config,
        ^^^^^^^^^^^
    ...<2 lines>...
        keepdb=self.keepdb,
        ^^^^^^^^^^^^^^^^^^^
    )
    ^
  File "/Users/work/Documents/Code/Admin3/.venv/lib/python3.13/site-packages/django/test/utils.py", line 379, in teardown_databases
    connection.creation.destroy_test_db(old_name, verbosity, keepdb)
    ~~~~~~~~~~~~~~~~~~~~~~~~~~~~~~~~~~~^^^^^^^^^^^^^^^^^^^^^^^^^^^^^
  File "/Users/work/Documents/Code/Admin3/.venv/lib/python3.13/site-packages/django/db/backends/base/creation.py", line 311, in destroy_test_db
    self._destroy_test_db(test_database_name, verbosity)
    ~~~~~~~~~~~~~~~~~~~~~^^^^^^^^^^^^^^^^^^^^^^^^^^^^^^^
  File "/Users/work/Documents/Code/Admin3/.venv/lib/python3.13/site-packages/django/db/backends/postgresql/creation.py", line 91, in _destroy_test_db
    return super()._destroy_test_db(test_database_name, verbosity)
           ~~~~~~~~~~~~~~~~~~~~~~~~^^^^^^^^^^^^^^^^^^^^^^^^^^^^^^^
  File "/Users/work/Documents/Code/Admin3/.venv/lib/python3.13/site-packages/django/db/backends/base/creation.py", line 327, in _destroy_test_db
    cursor.execute(
    ~~~~~~~~~~~~~~^
        "DROP DATABASE %s" % self.connection.ops.quote_name(test_database_name)
        ^^^^^^^^^^^^^^^^^^^^^^^^^^^^^^^^^^^^^^^^^^^^^^^^^^^^^^^^^^^^^^^^^^^^^^^
    )
    ^
  File "/Users/work/Documents/Code/Admin3/.venv/lib/python3.13/site-packages/django/db/backends/utils.py", line 79, in execute
    return self._execute_with_wrappers(
           ~~~~~~~~~~~~~~~~~~~~~~~~~~~^
        sql, params, many=False, executor=self._execute
        ^^^^^^^^^^^^^^^^^^^^^^^^^^^^^^^^^^^^^^^^^^^^^^^
    )
    ^
  File "/Users/work/Documents/Code/Admin3/.venv/lib/python3.13/site-packages/django/db/backends/utils.py", line 92, in _execute_with_wrappers
    return executor(sql, params, many, context)
  File "/Users/work/Documents/Code/Admin3/.venv/lib/python3.13/site-packages/django/db/backends/utils.py", line 100, in _execute
    with self.db.wrap_database_errors:
         ^^^^^^^^^^^^^^^^^^^^^^^^^^^^
  File "/Users/work/Documents/Code/Admin3/.venv/lib/python3.13/site-packages/django/db/utils.py", line 91, in __exit__
    raise dj_exc_value.with_traceback(traceback) from exc_value
  File "/Users/work/Documents/Code/Admin3/.venv/lib/python3.13/site-packages/django/db/backends/utils.py", line 103, in _execute
    return self.cursor.execute(sql)
           ~~~~~~~~~~~~~~~~~~~^^^^^
django.db.utils.OperationalError: database "test_ACTEDDBDEV01" is being accessed by other users
DETAIL:  There are 10 other sessions using the database.

