DJANGO_ENV None
DJANGO_ENV development
DJANGO_SETTINGS_MODULE django_Admin3.settings.development
DJANGO_ENV FILE /Users/work/Documents/Code/Admin3/backend/django_Admin3/.env.development
Loading environment from: /Users/work/Documents/Code/Admin3/backend/django_Admin3/.env.development
Rows in test table: [(1, 'Test1'), (2, 'Test1'), (3, 'Test1'), (4, 'Test1'), (5, 'Test1'), (6, 'Test1'), (7, 'Test1'), (8, 'Test1'), (9, 'Test1'), (10, 'Test1'), (11, 'Test1'), (12, 'Test1'), (13, 'Test1'), (14, 'Test1'), (15, 'Test1'), (16, 'Test1'), (17, 'Test1'), (18, 'Test1'), (19, 'Test1'), (20, 'Test1'), (21, 'Test1'), (22, 'Test1'), (23, 'Test1'), (24, 'Test1'), (25, 'Test1'), (26, 'Test1'), (27, 'Test1'), (28, 'Test1'), (29, 'Test1'), (30, 'Test1'), (31, 'Test1'), (32, 'Test1'), (33, 'Test1'), (34, 'Test1'), (35, 'Test1'), (36, 'Test1'), (37, 'Test1'), (38, 'Test1'), (39, 'Test1'), (40, 'Test1'), (41, 'Test1'), (42, 'Test1'), (43, 'Test1'), (44, 'Test1'), (45, 'Test1'), (46, 'Test1'), (47, 'Test1'), (48, 'Test1'), (49, 'Test1'), (50, 'Test1'), (51, 'Test1'), (52, 'Test1'), (53, 'Test1'), (54, 'Test1'), (55, 'Test1'), (56, 'Test1'), (57, 'Test1'), (58, 'Test1'), (59, 'Test1'), (60, 'Test1'), (61, 'Test1'), (62, 'Test1'), (63, 'Test1'), (64, 'Test1'), (65, 'Test1'), (66, 'Test1'), (67, 'Test1'), (68, 'Test1'), (69, 'Test1'), (70, 'Test1'), (71, 'Test1'), (72, 'Test1'), (73, 'Test1'), (74, 'Test1'), (75, 'Test1'), (76, 'Test1'), (77, 'Test1'), (78, 'Test1'), (79, 'Test1'), (80, 'Test1'), (81, 'Test1'), (82, 'Test1'), (83, 'Test1'), (84, 'Test1'), (85, 'Test1'), (86, 'Test1'), (87, 'Test1'), (88, 'Test1'), (89, 'Test1'), (90, 'Test1'), (91, 'Test1'), (92, 'Test1'), (93, 'Test1'), (94, 'Test1'), (95, 'Test1'), (96, 'Test1'), (97, 'Test1'), (98, 'Test1'), (99, 'Test1'), (100, 'Test1'), (101, 'Test1'), (102, 'Test1')]
Database test completed successfully
DEBUG Read environment variables from: /Users/work/Documents/Code/Admin3/backend/django_Admin3/.env.development
=== Environment Variables from .env.development ===
DEBUG get 'DATABASE_URL' casted as 'None' with default 'Not set'
DATABASE_URL: postgres://actedadmin:Act3d@dm1n0EEoo@127.0.0.1:5432/ACTEDDBDEV01
DEBUG get 'DB_NAME' casted as 'None' with default 'Not set'
DB_NAME: ACTEDDBDEV01
DEBUG get 'DB_USER' casted as 'None' with default 'Not set'
DB_USER: actedadmin
DEBUG get 'DB_PASSWORD' casted as 'None' with default 'Not set'
DB_PASSWORD: Act3d@dm1n0EEoo
DEBUG get 'DB_HOST' casted as 'None' with default 'Not set'
DB_HOST: 127.0.0.1
DEBUG get 'DB_PORT' casted as 'None' with default 'Not set'
DB_PORT: 5432
DEBUG get 'SECRET_KEY' casted as 'None' with default 'Not set'
SECRET_KEY: Not set
DEBUG get 'DEBUG' casted as 'None' with default 'False'
DEBUG: False
DEBUG get 'DJANGO_ENVIRONMENT' casted as 'None' with default 'Not set'
DJANGO_ENVIRONMENT: Not set
DEBUG get 'ALLOWED_HOSTS' casted as 'None' with default 'Not set'
ALLOWED_HOSTS: 127.0.0.1,localhost
DEBUG get 'ADMINISTRATE_API_URL' casted as 'None' with default 'Not set'
ADMINISTRATE_API_URL: https://api.getadministrate.com/graphql
DEBUG get 'ADMINISTRATE_API_KEY' casted as 'None' with default 'Not set'
ADMINISTRATE_API_KEY: bJC4yEzW7dICQin2JbgwU0gsbN9kuaDC
DEBUG get 'DB_NAME' casted as 'None' with default '<NoValue>'

âœ… SUCCESS: Successfully read DB_NAME: ACTEDDBDEV01 from .env.development
Creating test database for alias 'default'...
Got an error creating the test database: database "test_ACTEDDBDEV01" already exists

Found 1028 test(s).
Type 'yes' if you would like to try deleting the test database 'test_ACTEDDBDEV01', or 'no' to cancel: Destroying old test database for alias 'default'...
Traceback (most recent call last):
  File "/Users/work/Documents/Code/Admin3/.venv/lib/python3.14/site-packages/django/db/backends/utils.py", line 103, in _execute
    return self.cursor.execute(sql)
           ~~~~~~~~~~~~~~~~~~~^^^^^
psycopg2.errors.UndefinedTable: relation "acted_marking_vouchers" does not exist


The above exception was the direct cause of the following exception:

Traceback (most recent call last):
  File "/Users/work/Documents/Code/Admin3/backend/django_Admin3/manage.py", line 24, in <module>
    main()
    ~~~~^^
  File "/Users/work/Documents/Code/Admin3/backend/django_Admin3/manage.py", line 20, in main
    execute_from_command_line(sys.argv)
    ~~~~~~~~~~~~~~~~~~~~~~~~~^^^^^^^^^^
  File "/Users/work/Documents/Code/Admin3/.venv/lib/python3.14/site-packages/django/core/management/__init__.py", line 443, in execute_from_command_line
    utility.execute()
    ~~~~~~~~~~~~~~~^^
  File "/Users/work/Documents/Code/Admin3/.venv/lib/python3.14/site-packages/django/core/management/__init__.py", line 437, in execute
    self.fetch_command(subcommand).run_from_argv(self.argv)
    ~~~~~~~~~~~~~~~~~~~~~~~~~~~~~~~~~~~~~~~~~~~~^^^^^^^^^^^
  File "/Users/work/Documents/Code/Admin3/.venv/lib/python3.14/site-packages/django/core/management/commands/test.py", line 24, in run_from_argv
    super().run_from_argv(argv)
    ~~~~~~~~~~~~~~~~~~~~~^^^^^^
  File "/Users/work/Documents/Code/Admin3/.venv/lib/python3.14/site-packages/django/core/management/base.py", line 420, in run_from_argv
    self.execute(*args, **cmd_options)
    ~~~~~~~~~~~~^^^^^^^^^^^^^^^^^^^^^^
  File "/Users/work/Documents/Code/Admin3/.venv/lib/python3.14/site-packages/django/core/management/base.py", line 464, in execute
    output = self.handle(*args, **options)
  File "/Users/work/Documents/Code/Admin3/.venv/lib/python3.14/site-packages/django/core/management/commands/test.py", line 63, in handle
    failures = test_runner.run_tests(test_labels)
  File "/Users/work/Documents/Code/Admin3/.venv/lib/python3.14/site-packages/django/test/runner.py", line 1139, in run_tests
    old_config = self.setup_databases(
        aliases=databases,
        serialized_aliases=suite.serialized_aliases,
    )
  File "/Users/work/Documents/Code/Admin3/.venv/lib/python3.14/site-packages/django/test/runner.py", line 1038, in setup_databases
    return _setup_databases(
        self.verbosity,
    ...<5 lines>...
        **kwargs,
    )
  File "/Users/work/Documents/Code/Admin3/.venv/lib/python3.14/site-packages/django/test/utils.py", line 207, in setup_databases
    connection.creation.create_test_db(
    ~~~~~~~~~~~~~~~~~~~~~~~~~~~~~~~~~~^
        verbosity=verbosity,
        ^^^^^^^^^^^^^^^^^^^^
        autoclobber=not interactive,
        ^^^^^^^^^^^^^^^^^^^^^^^^^^^^
        keepdb=keepdb,
        ^^^^^^^^^^^^^^
    )
    ^
  File "/Users/work/Documents/Code/Admin3/.venv/lib/python3.14/site-packages/django/db/backends/base/creation.py", line 85, in create_test_db
    call_command(
    ~~~~~~~~~~~~^
        "migrate",
        ^^^^^^^^^^
    ...<3 lines>...
        run_syncdb=True,
        ^^^^^^^^^^^^^^^^
    )
    ^
  File "/Users/work/Documents/Code/Admin3/.venv/lib/python3.14/site-packages/django/core/management/__init__.py", line 195, in call_command
    return command.execute(*args, **defaults)
           ~~~~~~~~~~~~~~~^^^^^^^^^^^^^^^^^^^
  File "/Users/work/Documents/Code/Admin3/.venv/lib/python3.14/site-packages/django/core/management/base.py", line 464, in execute
    output = self.handle(*args, **options)
  File "/Users/work/Documents/Code/Admin3/.venv/lib/python3.14/site-packages/django/core/management/base.py", line 111, in wrapper
    res = handle_func(*args, **kwargs)
  File "/Users/work/Documents/Code/Admin3/.venv/lib/python3.14/site-packages/django/core/management/commands/migrate.py", line 354, in handle
    post_migrate_state = executor.migrate(
        targets,
    ...<3 lines>...
        fake_initial=fake_initial,
    )
  File "/Users/work/Documents/Code/Admin3/.venv/lib/python3.14/site-packages/django/db/migrations/executor.py", line 137, in migrate
    state = self._migrate_all_forwards(
        state, plan, full_plan, fake=fake, fake_initial=fake_initial
    )
  File "/Users/work/Documents/Code/Admin3/.venv/lib/python3.14/site-packages/django/db/migrations/executor.py", line 169, in _migrate_all_forwards
    state = self.apply_migration(
        state, migration, fake=fake, fake_initial=fake_initial
    )
  File "/Users/work/Documents/Code/Admin3/.venv/lib/python3.14/site-packages/django/db/migrations/executor.py", line 257, in apply_migration
    state = migration.apply(state, schema_editor)
  File "/Users/work/Documents/Code/Admin3/.venv/lib/python3.14/site-packages/django/db/migrations/migration.py", line 132, in apply
    operation.database_forwards(
    ~~~~~~~~~~~~~~~~~~~~~~~~~~~^
        self.app_label, schema_editor, old_state, project_state
        ^^^^^^^^^^^^^^^^^^^^^^^^^^^^^^^^^^^^^^^^^^^^^^^^^^^^^^^
    )
    ^
  File "/Users/work/Documents/Code/Admin3/.venv/lib/python3.14/site-packages/django/db/migrations/operations/special.py", line 110, in database_forwards
    self._run_sql(schema_editor, self.sql)
    ~~~~~~~~~~~~~^^^^^^^^^^^^^^^^^^^^^^^^^
  File "/Users/work/Documents/Code/Admin3/.venv/lib/python3.14/site-packages/django/db/migrations/operations/special.py", line 133, in _run_sql
    schema_editor.execute(sql, params=params)
    ~~~~~~~~~~~~~~~~~~~~~^^^^^^^^^^^^^^^^^^^^
  File "/Users/work/Documents/Code/Admin3/.venv/lib/python3.14/site-packages/django/db/backends/postgresql/schema.py", line 45, in execute
    return super().execute(sql, params)
           ~~~~~~~~~~~~~~~^^^^^^^^^^^^^
  File "/Users/work/Documents/Code/Admin3/.venv/lib/python3.14/site-packages/django/db/backends/base/schema.py", line 205, in execute
    cursor.execute(sql, params)
    ~~~~~~~~~~~~~~^^^^^^^^^^^^^
  File "/Users/work/Documents/Code/Admin3/.venv/lib/python3.14/site-packages/django/db/backends/utils.py", line 79, in execute
    return self._execute_with_wrappers(
           ~~~~~~~~~~~~~~~~~~~~~~~~~~~^
        sql, params, many=False, executor=self._execute
        ^^^^^^^^^^^^^^^^^^^^^^^^^^^^^^^^^^^^^^^^^^^^^^^
    )
    ^
  File "/Users/work/Documents/Code/Admin3/.venv/lib/python3.14/site-packages/django/db/backends/utils.py", line 92, in _execute_with_wrappers
    return executor(sql, params, many, context)
  File "/Users/work/Documents/Code/Admin3/.venv/lib/python3.14/site-packages/django/db/backends/utils.py", line 100, in _execute
    with self.db.wrap_database_errors:
         ^^^^^^^^^^^^^^^^^^^^^^^^^^^^
  File "/Users/work/Documents/Code/Admin3/.venv/lib/python3.14/site-packages/django/db/utils.py", line 94, in __exit__
    raise dj_exc_value.with_traceback(traceback) from exc_value
  File "/Users/work/Documents/Code/Admin3/.venv/lib/python3.14/site-packages/django/db/backends/utils.py", line 103, in _execute
    return self.cursor.execute(sql)
           ~~~~~~~~~~~~~~~~~~~^^^^^
django.db.utils.ProgrammingError: relation "acted_marking_vouchers" does not exist

